{"obj": {"type": "AssignString", "path": ["sys", "name"], "value": "Untitled"}, "version": 1}
{"obj": {"type": "AssignString", "path": ["sys", "description"], "value": ""}, "version": 2}
{"obj": {"type": "AssignString", "path": ["sys", "hostname"], "value": "LAPTOP-U1IJGCL4"}, "version": 3}
{"obj": {"type": "AssignBool", "path": ["sys", "failed"], "value": false}, "version": 4}
{"obj": {"type": "ClearStringLog", "path": ["monitoring", "stdout"]}, "version": 5}
{"obj": {"type": "ClearStringLog", "path": ["monitoring", "stderr"]}, "version": 6}
{"obj": {"type": "AssignString", "path": ["source_code", "entrypoint"], "value": "sale_prices_predictor.py"}, "version": 7}
{"obj": {"type": "UploadFileSet", "path": ["source_code", "files"], "file_globs": ["C:\\AttentionIsOptimalBuildingBlockArticle\\FirstExperimentThirdTrial\\sale_prices_predictor.py"], "reset": "False"}, "version": 8}
{"obj": {"type": "ConfigFloatSeries", "path": ["monitoring", "cpu"], "min": 0.0, "max": 100.0, "unit": "%"}, "version": 9}
{"obj": {"type": "ClearFloatLog", "path": ["monitoring", "cpu"]}, "version": 10}
{"obj": {"type": "ConfigFloatSeries", "path": ["monitoring", "memory"], "min": 0.0, "max": 15.43682861328125, "unit": "GB"}, "version": 11}
{"obj": {"type": "ClearFloatLog", "path": ["monitoring", "memory"]}, "version": 12}
{"obj": {"type": "ConfigFloatSeries", "path": ["monitoring", "gpu"], "min": 0.0, "max": 100.0, "unit": "%"}, "version": 13}
{"obj": {"type": "ClearFloatLog", "path": ["monitoring", "gpu"]}, "version": 14}
{"obj": {"type": "ConfigFloatSeries", "path": ["monitoring", "gpu_memory"], "min": 0.0, "max": 6.0, "unit": "GB"}, "version": 15}
{"obj": {"type": "ClearFloatLog", "path": ["monitoring", "gpu_memory"]}, "version": 16}
{"obj": {"type": "LogStrings", "path": ["monitoring", "stdout"], "values": [{"value": "", "step": null, "ts": 1637570293.7672043}]}, "version": 17}
{"obj": {"type": "LogFloats", "path": ["monitoring", "cpu"], "values": [{"value": 11.2, "step": null, "ts": 1637570293.7582011}]}, "version": 18}
{"obj": {"type": "LogStrings", "path": ["monitoring", "stdout"], "values": [{"value": "https://app.neptune.ai/chaimchess/AttentionIsOptimalBuildingBlock/e/AT1-21\n", "step": null, "ts": 1637570293.7702029}]}, "version": 19}
{"obj": {"type": "LogFloats", "path": ["monitoring", "memory"], "values": [{"value": 7.030490875244141, "step": null, "ts": 1637570293.7582011}]}, "version": 20}
{"obj": {"type": "AssignFloat", "path": ["parameters", "learning_rate"], "value": 0.0001}, "version": 21}
{"obj": {"type": "AssignString", "path": ["parameters", "optimizer"], "value": "Adam"}, "version": 22}
{"obj": {"type": "LogFloats", "path": ["monitoring", "gpu_memory"], "values": [{"value": 0.33391571044921875, "step": null, "ts": 1637570293.7582011}]}, "version": 23}
{"obj": {"type": "LogStrings", "path": ["monitoring", "stderr"], "values": [{"value": "\r0it [00:00, ?it/s]", "step": null, "ts": 1637570294.8522336}]}, "version": 24}
{"obj": {"type": "LogFloats", "path": ["monitoring", "cpu"], "values": [{"value": 12.2, "step": null, "ts": 1637570303.7729437}]}, "version": 25}
{"obj": {"type": "LogFloats", "path": ["monitoring", "memory"], "values": [{"value": 8.42013168334961, "step": null, "ts": 1637570303.7729437}]}, "version": 26}
{"obj": {"type": "LogFloats", "path": ["monitoring", "gpu"], "values": [{"value": 3.0, "step": null, "ts": 1637570303.7729437}]}, "version": 27}
{"obj": {"type": "LogFloats", "path": ["monitoring", "gpu_memory"], "values": [{"value": 0.931304931640625, "step": null, "ts": 1637570303.7729437}]}, "version": 28}
{"obj": {"type": "LogFloats", "path": ["monitoring", "cpu"], "values": [{"value": 6.1, "step": null, "ts": 1637570313.7802694}]}, "version": 29}
{"obj": {"type": "LogFloats", "path": ["monitoring", "memory"], "values": [{"value": 8.411628723144531, "step": null, "ts": 1637570313.7802694}]}, "version": 30}
{"obj": {"type": "LogFloats", "path": ["monitoring", "gpu"], "values": [{"value": 2.0, "step": null, "ts": 1637570313.7802694}]}, "version": 31}
{"obj": {"type": "LogFloats", "path": ["monitoring", "gpu_memory"], "values": [{"value": 0.931304931640625, "step": null, "ts": 1637570313.7802694}]}, "version": 32}
{"obj": {"type": "LogFloats", "path": ["monitoring", "cpu"], "values": [{"value": 7.5, "step": null, "ts": 1637570323.7881117}]}, "version": 33}
{"obj": {"type": "LogFloats", "path": ["monitoring", "memory"], "values": [{"value": 8.401657104492188, "step": null, "ts": 1637570323.7881117}]}, "version": 34}
{"obj": {"type": "LogFloats", "path": ["monitoring", "gpu_memory"], "values": [{"value": 0.931304931640625, "step": null, "ts": 1637570323.7881117}]}, "version": 35}
{"obj": {"type": "LogFloats", "path": ["monitoring", "cpu"], "values": [{"value": 4.6, "step": null, "ts": 1637570333.7952287}]}, "version": 36}
{"obj": {"type": "LogFloats", "path": ["monitoring", "memory"], "values": [{"value": 8.399154663085938, "step": null, "ts": 1637570333.7952287}]}, "version": 37}
{"obj": {"type": "LogFloats", "path": ["monitoring", "gpu_memory"], "values": [{"value": 0.931304931640625, "step": null, "ts": 1637570333.7952287}]}, "version": 38}
{"obj": {"type": "LogFloats", "path": ["monitoring", "cpu"], "values": [{"value": 5.7, "step": null, "ts": 1637570343.803109}]}, "version": 39}
{"obj": {"type": "LogFloats", "path": ["monitoring", "memory"], "values": [{"value": 8.43832015991211, "step": null, "ts": 1637570343.803109}]}, "version": 40}
{"obj": {"type": "LogFloats", "path": ["monitoring", "gpu_memory"], "values": [{"value": 0.932830810546875, "step": null, "ts": 1637570343.803109}]}, "version": 41}
{"obj": {"type": "LogFloats", "path": ["monitoring", "cpu"], "values": [{"value": 8.7, "step": null, "ts": 1637570353.8101141}]}, "version": 42}
{"obj": {"type": "LogFloats", "path": ["monitoring", "memory"], "values": [{"value": 8.584686279296875, "step": null, "ts": 1637570353.8101141}]}, "version": 43}
{"obj": {"type": "LogFloats", "path": ["monitoring", "gpu"], "values": [{"value": 1.0, "step": null, "ts": 1637570353.8101141}]}, "version": 44}
{"obj": {"type": "LogFloats", "path": ["monitoring", "gpu_memory"], "values": [{"value": 1.001190185546875, "step": null, "ts": 1637570353.8101141}]}, "version": 45}
{"obj": {"type": "LogFloats", "path": ["monitoring", "cpu"], "values": [{"value": 4.7, "step": null, "ts": 1637570363.8174028}]}, "version": 46}
{"obj": {"type": "LogFloats", "path": ["monitoring", "memory"], "values": [{"value": 8.59946060180664, "step": null, "ts": 1637570363.8174028}]}, "version": 47}
{"obj": {"type": "LogFloats", "path": ["monitoring", "gpu"], "values": [{"value": 2.0, "step": null, "ts": 1637570363.8174028}]}, "version": 48}
{"obj": {"type": "LogFloats", "path": ["monitoring", "gpu_memory"], "values": [{"value": 0.999542236328125, "step": null, "ts": 1637570363.8174028}]}, "version": 49}
{"obj": {"type": "LogFloats", "path": ["monitoring", "cpu"], "values": [{"value": 5.2, "step": null, "ts": 1637570373.8243976}]}, "version": 50}
{"obj": {"type": "LogFloats", "path": ["monitoring", "memory"], "values": [{"value": 8.599563598632812, "step": null, "ts": 1637570373.8243976}]}, "version": 51}
{"obj": {"type": "LogFloats", "path": ["monitoring", "gpu"], "values": [{"value": 1.0, "step": null, "ts": 1637570373.8243976}]}, "version": 52}
{"obj": {"type": "LogFloats", "path": ["monitoring", "gpu_memory"], "values": [{"value": 1.001190185546875, "step": null, "ts": 1637570373.8243976}]}, "version": 53}
{"obj": {"type": "LogFloats", "path": ["monitoring", "cpu"], "values": [{"value": 8.4, "step": null, "ts": 1637570383.8314004}]}, "version": 54}
{"obj": {"type": "LogFloats", "path": ["monitoring", "memory"], "values": [{"value": 8.567707061767578, "step": null, "ts": 1637570383.8314004}]}, "version": 55}
{"obj": {"type": "LogFloats", "path": ["monitoring", "gpu_memory"], "values": [{"value": 0.999603271484375, "step": null, "ts": 1637570383.8314004}]}, "version": 56}
{"obj": {"type": "LogFloats", "path": ["monitoring", "cpu"], "values": [{"value": 7.0, "step": null, "ts": 1637570393.8384147}]}, "version": 57}
{"obj": {"type": "LogFloats", "path": ["monitoring", "memory"], "values": [{"value": 8.578926086425781, "step": null, "ts": 1637570393.8384147}]}, "version": 58}
{"obj": {"type": "LogFloats", "path": ["monitoring", "gpu_memory"], "values": [{"value": 1.001190185546875, "step": null, "ts": 1637570393.8384147}]}, "version": 59}
{"obj": {"type": "LogFloats", "path": ["monitoring", "cpu"], "values": [{"value": 5.9, "step": null, "ts": 1637570403.8457716}]}, "version": 60}
{"obj": {"type": "LogFloats", "path": ["monitoring", "memory"], "values": [{"value": 8.573905944824219, "step": null, "ts": 1637570403.8457716}]}, "version": 61}
{"obj": {"type": "LogFloats", "path": ["monitoring", "gpu_memory"], "values": [{"value": 1.002777099609375, "step": null, "ts": 1637570403.8457716}]}, "version": 62}
{"obj": {"type": "LogFloats", "path": ["monitoring", "cpu"], "values": [{"value": 4.7, "step": null, "ts": 1637570413.853156}]}, "version": 63}
{"obj": {"type": "LogFloats", "path": ["monitoring", "memory"], "values": [{"value": 8.616924285888672, "step": null, "ts": 1637570413.853156}]}, "version": 64}
{"obj": {"type": "LogFloats", "path": ["monitoring", "gpu"], "values": [{"value": 2.0, "step": null, "ts": 1637570413.853156}]}, "version": 65}
{"obj": {"type": "LogFloats", "path": ["monitoring", "gpu_memory"], "values": [{"value": 1.002777099609375, "step": null, "ts": 1637570413.853156}]}, "version": 66}
{"obj": {"type": "LogFloats", "path": ["monitoring", "cpu"], "values": [{"value": 6.3, "step": null, "ts": 1637570423.8610718}]}, "version": 67}
{"obj": {"type": "LogFloats", "path": ["monitoring", "memory"], "values": [{"value": 8.617790222167969, "step": null, "ts": 1637570423.8610718}]}, "version": 68}
{"obj": {"type": "LogFloats", "path": ["monitoring", "gpu_memory"], "values": [{"value": 1.002777099609375, "step": null, "ts": 1637570423.8610718}]}, "version": 69}
{"obj": {"type": "LogFloats", "path": ["monitoring", "cpu"], "values": [{"value": 7.6, "step": null, "ts": 1637570433.8670812}]}, "version": 70}
{"obj": {"type": "LogFloats", "path": ["monitoring", "memory"], "values": [{"value": 8.617698669433594, "step": null, "ts": 1637570433.8670812}]}, "version": 71}
{"obj": {"type": "LogFloats", "path": ["monitoring", "gpu"], "values": [{"value": 3.0, "step": null, "ts": 1637570433.8670812}]}, "version": 72}
{"obj": {"type": "LogFloats", "path": ["monitoring", "gpu_memory"], "values": [{"value": 1.002777099609375, "step": null, "ts": 1637570433.8670812}]}, "version": 73}
{"obj": {"type": "LogFloats", "path": ["monitoring", "cpu"], "values": [{"value": 4.7, "step": null, "ts": 1637570443.874209}]}, "version": 74}
{"obj": {"type": "LogFloats", "path": ["monitoring", "memory"], "values": [{"value": 8.603675842285156, "step": null, "ts": 1637570443.874209}]}, "version": 75}
{"obj": {"type": "LogFloats", "path": ["monitoring", "gpu_memory"], "values": [{"value": 1.004364013671875, "step": null, "ts": 1637570443.874209}]}, "version": 76}
{"obj": {"type": "LogFloats", "path": ["monitoring", "cpu"], "values": [{"value": 4.7, "step": null, "ts": 1637570453.8812778}]}, "version": 77}
{"obj": {"type": "LogFloats", "path": ["monitoring", "memory"], "values": [{"value": 8.574874877929688, "step": null, "ts": 1637570453.8812778}]}, "version": 78}
{"obj": {"type": "LogFloats", "path": ["monitoring", "gpu_memory"], "values": [{"value": 1.004364013671875, "step": null, "ts": 1637570453.8812778}]}, "version": 79}
{"obj": {"type": "LogFloats", "path": ["monitoring", "cpu"], "values": [{"value": 4.7, "step": null, "ts": 1637570463.8891032}]}, "version": 80}
{"obj": {"type": "LogFloats", "path": ["monitoring", "memory"], "values": [{"value": 8.587287902832031, "step": null, "ts": 1637570463.8891032}]}, "version": 81}
{"obj": {"type": "LogFloats", "path": ["monitoring", "gpu"], "values": [{"value": 1.0, "step": null, "ts": 1637570463.8891032}]}, "version": 82}
{"obj": {"type": "LogFloats", "path": ["monitoring", "gpu_memory"], "values": [{"value": 1.004364013671875, "step": null, "ts": 1637570463.8891032}]}, "version": 83}
{"obj": {"type": "LogFloats", "path": ["monitoring", "cpu"], "values": [{"value": 4.2, "step": null, "ts": 1637570473.8962336}]}, "version": 84}
{"obj": {"type": "LogFloats", "path": ["monitoring", "memory"], "values": [{"value": 8.588298797607422, "step": null, "ts": 1637570473.8962336}]}, "version": 85}
{"obj": {"type": "LogFloats", "path": ["monitoring", "gpu_memory"], "values": [{"value": 1.004364013671875, "step": null, "ts": 1637570473.8962336}]}, "version": 86}
{"obj": {"type": "LogFloats", "path": ["monitoring", "cpu"], "values": [{"value": 3.9, "step": null, "ts": 1637570483.9033804}]}, "version": 87}
{"obj": {"type": "LogFloats", "path": ["monitoring", "memory"], "values": [{"value": 8.605316162109375, "step": null, "ts": 1637570483.9033804}]}, "version": 88}
{"obj": {"type": "LogFloats", "path": ["monitoring", "gpu_memory"], "values": [{"value": 1.004364013671875, "step": null, "ts": 1637570483.9033804}]}, "version": 89}
{"obj": {"type": "LogFloats", "path": ["monitoring", "cpu"], "values": [{"value": 3.1, "step": null, "ts": 1637570493.9107277}]}, "version": 90}
{"obj": {"type": "LogFloats", "path": ["monitoring", "memory"], "values": [{"value": 8.605083465576172, "step": null, "ts": 1637570493.9107277}]}, "version": 91}
{"obj": {"type": "LogFloats", "path": ["monitoring", "gpu_memory"], "values": [{"value": 1.004364013671875, "step": null, "ts": 1637570493.9107277}]}, "version": 92}
{"obj": {"type": "LogFloats", "path": ["monitoring", "cpu"], "values": [{"value": 4.2, "step": null, "ts": 1637570503.9185188}]}, "version": 93}
{"obj": {"type": "LogFloats", "path": ["monitoring", "memory"], "values": [{"value": 8.547645568847656, "step": null, "ts": 1637570503.9185188}]}, "version": 94}
{"obj": {"type": "LogFloats", "path": ["monitoring", "gpu_memory"], "values": [{"value": 1.002777099609375, "step": null, "ts": 1637570503.9185188}]}, "version": 95}
{"obj": {"type": "LogFloats", "path": ["monitoring", "cpu"], "values": [{"value": 3.2, "step": null, "ts": 1637570513.9261463}]}, "version": 96}
{"obj": {"type": "LogFloats", "path": ["monitoring", "memory"], "values": [{"value": 8.552093505859375, "step": null, "ts": 1637570513.9261463}]}, "version": 97}
{"obj": {"type": "LogFloats", "path": ["monitoring", "gpu_memory"], "values": [{"value": 1.002777099609375, "step": null, "ts": 1637570513.9261463}]}, "version": 98}
{"obj": {"type": "LogFloats", "path": ["monitoring", "cpu"], "values": [{"value": 4.0, "step": null, "ts": 1637570523.9336524}]}, "version": 99}
{"obj": {"type": "LogFloats", "path": ["monitoring", "memory"], "values": [{"value": 8.55612564086914, "step": null, "ts": 1637570523.9336524}]}, "version": 100}
{"obj": {"type": "LogFloats", "path": ["monitoring", "gpu_memory"], "values": [{"value": 1.002777099609375, "step": null, "ts": 1637570523.9336524}]}, "version": 101}
{"obj": {"type": "LogFloats", "path": ["monitoring", "cpu"], "values": [{"value": 3.5, "step": null, "ts": 1637570533.9416075}]}, "version": 102}
{"obj": {"type": "LogFloats", "path": ["monitoring", "memory"], "values": [{"value": 8.587944030761719, "step": null, "ts": 1637570533.9416075}]}, "version": 103}
{"obj": {"type": "LogFloats", "path": ["monitoring", "gpu_memory"], "values": [{"value": 1.002777099609375, "step": null, "ts": 1637570533.9416075}]}, "version": 104}
{"obj": {"type": "LogFloats", "path": ["monitoring", "cpu"], "values": [{"value": 3.3, "step": null, "ts": 1637570543.9486165}]}, "version": 105}
{"obj": {"type": "LogFloats", "path": ["monitoring", "memory"], "values": [{"value": 8.564159393310547, "step": null, "ts": 1637570543.9486165}]}, "version": 106}
{"obj": {"type": "LogFloats", "path": ["monitoring", "gpu_memory"], "values": [{"value": 1.002777099609375, "step": null, "ts": 1637570543.9486165}]}, "version": 107}
{"obj": {"type": "LogFloats", "path": ["monitoring", "cpu"], "values": [{"value": 2.9, "step": null, "ts": 1637570553.9556336}]}, "version": 108}
{"obj": {"type": "LogFloats", "path": ["monitoring", "memory"], "values": [{"value": 8.566917419433594, "step": null, "ts": 1637570553.9556336}]}, "version": 109}
{"obj": {"type": "LogFloats", "path": ["monitoring", "gpu_memory"], "values": [{"value": 1.002777099609375, "step": null, "ts": 1637570553.9556336}]}, "version": 110}
{"obj": {"type": "LogFloats", "path": ["monitoring", "cpu"], "values": [{"value": 3.3, "step": null, "ts": 1637570563.9632206}]}, "version": 111}
{"obj": {"type": "LogFloats", "path": ["monitoring", "memory"], "values": [{"value": 8.549678802490234, "step": null, "ts": 1637570563.9632206}]}, "version": 112}
{"obj": {"type": "LogFloats", "path": ["monitoring", "gpu_memory"], "values": [{"value": 1.002777099609375, "step": null, "ts": 1637570563.9632206}]}, "version": 113}
{"obj": {"type": "LogFloats", "path": ["monitoring", "cpu"], "values": [{"value": 3.2, "step": null, "ts": 1637570573.9711938}]}, "version": 114}
{"obj": {"type": "LogFloats", "path": ["monitoring", "memory"], "values": [{"value": 8.531963348388672, "step": null, "ts": 1637570573.9711938}]}, "version": 115}
{"obj": {"type": "LogFloats", "path": ["monitoring", "gpu_memory"], "values": [{"value": 1.002777099609375, "step": null, "ts": 1637570573.9711938}]}, "version": 116}
{"obj": {"type": "LogFloats", "path": ["monitoring", "cpu"], "values": [{"value": 3.0, "step": null, "ts": 1637570583.9786613}]}, "version": 117}
{"obj": {"type": "LogFloats", "path": ["monitoring", "memory"], "values": [{"value": 8.53158950805664, "step": null, "ts": 1637570583.9786613}]}, "version": 118}
{"obj": {"type": "LogFloats", "path": ["monitoring", "gpu_memory"], "values": [{"value": 1.002777099609375, "step": null, "ts": 1637570583.9786613}]}, "version": 119}
{"obj": {"type": "LogFloats", "path": ["monitoring", "cpu"], "values": [{"value": 3.3, "step": null, "ts": 1637570593.986218}]}, "version": 120}
{"obj": {"type": "LogFloats", "path": ["monitoring", "memory"], "values": [{"value": 8.52902603149414, "step": null, "ts": 1637570593.986218}]}, "version": 121}
{"obj": {"type": "LogFloats", "path": ["monitoring", "gpu_memory"], "values": [{"value": 1.002777099609375, "step": null, "ts": 1637570593.986218}]}, "version": 122}
{"obj": {"type": "LogFloats", "path": ["monitoring", "cpu"], "values": [{"value": 2.9, "step": null, "ts": 1637570603.9942129}]}, "version": 123}
{"obj": {"type": "LogFloats", "path": ["monitoring", "memory"], "values": [{"value": 8.535408020019531, "step": null, "ts": 1637570603.9942129}]}, "version": 124}
{"obj": {"type": "LogFloats", "path": ["monitoring", "gpu"], "values": [{"value": 1.0, "step": null, "ts": 1637570603.9942129}]}, "version": 125}
{"obj": {"type": "LogFloats", "path": ["monitoring", "gpu_memory"], "values": [{"value": 1.002777099609375, "step": null, "ts": 1637570603.9942129}]}, "version": 126}
{"obj": {"type": "LogFloats", "path": ["monitoring", "cpu"], "values": [{"value": 3.2, "step": null, "ts": 1637570614.001209}]}, "version": 127}
{"obj": {"type": "LogFloats", "path": ["monitoring", "memory"], "values": [{"value": 8.531841278076172, "step": null, "ts": 1637570614.001209}]}, "version": 128}
{"obj": {"type": "LogFloats", "path": ["monitoring", "gpu_memory"], "values": [{"value": 1.002777099609375, "step": null, "ts": 1637570614.001209}]}, "version": 129}
{"obj": {"type": "LogFloats", "path": ["monitoring", "cpu"], "values": [{"value": 2.8, "step": null, "ts": 1637570624.0083392}]}, "version": 130}
{"obj": {"type": "LogFloats", "path": ["monitoring", "memory"], "values": [{"value": 8.53104019165039, "step": null, "ts": 1637570624.0083392}]}, "version": 131}
{"obj": {"type": "LogFloats", "path": ["monitoring", "gpu_memory"], "values": [{"value": 1.002777099609375, "step": null, "ts": 1637570624.0083392}]}, "version": 132}
{"obj": {"type": "LogFloats", "path": ["monitoring", "cpu"], "values": [{"value": 3.3, "step": null, "ts": 1637570634.0164278}]}, "version": 133}
{"obj": {"type": "LogFloats", "path": ["monitoring", "memory"], "values": [{"value": 8.533714294433594, "step": null, "ts": 1637570634.0164278}]}, "version": 134}
{"obj": {"type": "LogFloats", "path": ["monitoring", "gpu_memory"], "values": [{"value": 1.002777099609375, "step": null, "ts": 1637570634.0164278}]}, "version": 135}
{"obj": {"type": "LogFloats", "path": ["monitoring", "cpu"], "values": [{"value": 3.4, "step": null, "ts": 1637570644.0243678}]}, "version": 136}
{"obj": {"type": "LogFloats", "path": ["monitoring", "memory"], "values": [{"value": 8.536746978759766, "step": null, "ts": 1637570644.0243678}]}, "version": 137}
{"obj": {"type": "LogFloats", "path": ["monitoring", "gpu_memory"], "values": [{"value": 1.002777099609375, "step": null, "ts": 1637570644.0243678}]}, "version": 138}
{"obj": {"type": "LogFloats", "path": ["monitoring", "cpu"], "values": [{"value": 3.0, "step": null, "ts": 1637570654.032328}]}, "version": 139}
{"obj": {"type": "LogFloats", "path": ["monitoring", "memory"], "values": [{"value": 8.537578582763672, "step": null, "ts": 1637570654.032328}]}, "version": 140}
{"obj": {"type": "LogFloats", "path": ["monitoring", "gpu_memory"], "values": [{"value": 1.002777099609375, "step": null, "ts": 1637570654.032328}]}, "version": 141}
{"obj": {"type": "LogFloats", "path": ["monitoring", "cpu"], "values": [{"value": 2.8, "step": null, "ts": 1637570664.0401525}]}, "version": 142}
{"obj": {"type": "LogFloats", "path": ["monitoring", "memory"], "values": [{"value": 8.534381866455078, "step": null, "ts": 1637570664.0401525}]}, "version": 143}
{"obj": {"type": "LogFloats", "path": ["monitoring", "gpu_memory"], "values": [{"value": 1.002777099609375, "step": null, "ts": 1637570664.0401525}]}, "version": 144}
{"obj": {"type": "LogFloats", "path": ["monitoring", "cpu"], "values": [{"value": 5.6, "step": null, "ts": 1637570674.047186}]}, "version": 145}
{"obj": {"type": "LogFloats", "path": ["monitoring", "memory"], "values": [{"value": 8.585987091064453, "step": null, "ts": 1637570674.047186}]}, "version": 146}
{"obj": {"type": "LogFloats", "path": ["monitoring", "gpu_memory"], "values": [{"value": 1.002777099609375, "step": null, "ts": 1637570674.047186}]}, "version": 147}
{"obj": {"type": "LogFloats", "path": ["monitoring", "cpu"], "values": [{"value": 2.5, "step": null, "ts": 1637570684.055726}]}, "version": 148}
{"obj": {"type": "LogFloats", "path": ["monitoring", "memory"], "values": [{"value": 8.588630676269531, "step": null, "ts": 1637570684.055726}]}, "version": 149}
{"obj": {"type": "LogFloats", "path": ["monitoring", "gpu_memory"], "values": [{"value": 1.002777099609375, "step": null, "ts": 1637570684.055726}]}, "version": 150}
{"obj": {"type": "LogFloats", "path": ["monitoring", "cpu"], "values": [{"value": 3.7, "step": null, "ts": 1637570694.062745}]}, "version": 151}
{"obj": {"type": "LogFloats", "path": ["monitoring", "memory"], "values": [{"value": 8.59127426147461, "step": null, "ts": 1637570694.062745}]}, "version": 152}
{"obj": {"type": "LogFloats", "path": ["monitoring", "gpu_memory"], "values": [{"value": 1.002777099609375, "step": null, "ts": 1637570694.062745}]}, "version": 153}
{"obj": {"type": "LogFloats", "path": ["monitoring", "cpu"], "values": [{"value": 3.1, "step": null, "ts": 1637570704.0697634}]}, "version": 154}
{"obj": {"type": "LogFloats", "path": ["monitoring", "memory"], "values": [{"value": 8.579544067382812, "step": null, "ts": 1637570704.0697634}]}, "version": 155}
{"obj": {"type": "LogFloats", "path": ["monitoring", "gpu_memory"], "values": [{"value": 1.002777099609375, "step": null, "ts": 1637570704.0697634}]}, "version": 156}
{"obj": {"type": "LogFloats", "path": ["monitoring", "cpu"], "values": [{"value": 3.0, "step": null, "ts": 1637570714.076801}]}, "version": 157}
{"obj": {"type": "LogFloats", "path": ["monitoring", "memory"], "values": [{"value": 8.579273223876953, "step": null, "ts": 1637570714.076801}]}, "version": 158}
{"obj": {"type": "LogFloats", "path": ["monitoring", "gpu_memory"], "values": [{"value": 1.002777099609375, "step": null, "ts": 1637570714.076801}]}, "version": 159}
{"obj": {"type": "LogFloats", "path": ["monitoring", "cpu"], "values": [{"value": 3.4, "step": null, "ts": 1637570724.0838182}]}, "version": 160}
{"obj": {"type": "LogFloats", "path": ["monitoring", "memory"], "values": [{"value": 8.579780578613281, "step": null, "ts": 1637570724.0838182}]}, "version": 161}
{"obj": {"type": "LogFloats", "path": ["monitoring", "gpu_memory"], "values": [{"value": 1.002777099609375, "step": null, "ts": 1637570724.0838182}]}, "version": 162}
{"obj": {"type": "LogFloats", "path": ["monitoring", "cpu"], "values": [{"value": 3.9, "step": null, "ts": 1637570734.091173}]}, "version": 163}
{"obj": {"type": "LogFloats", "path": ["monitoring", "memory"], "values": [{"value": 8.573631286621094, "step": null, "ts": 1637570734.091173}]}, "version": 164}
{"obj": {"type": "LogFloats", "path": ["monitoring", "gpu_memory"], "values": [{"value": 1.002777099609375, "step": null, "ts": 1637570734.091173}]}, "version": 165}
{"obj": {"type": "LogFloats", "path": ["monitoring", "cpu"], "values": [{"value": 8.7, "step": null, "ts": 1637570744.098561}]}, "version": 166}
{"obj": {"type": "LogFloats", "path": ["monitoring", "memory"], "values": [{"value": 8.61090087890625, "step": null, "ts": 1637570744.098561}]}, "version": 167}
{"obj": {"type": "LogFloats", "path": ["monitoring", "gpu_memory"], "values": [{"value": 1.002777099609375, "step": null, "ts": 1637570744.098561}]}, "version": 168}
{"obj": {"type": "LogFloats", "path": ["monitoring", "cpu"], "values": [{"value": 13.2, "step": null, "ts": 1637570754.1059976}]}, "version": 169}
{"obj": {"type": "LogFloats", "path": ["monitoring", "memory"], "values": [{"value": 8.651847839355469, "step": null, "ts": 1637570754.1059976}]}, "version": 170}
{"obj": {"type": "LogFloats", "path": ["monitoring", "gpu_memory"], "values": [{"value": 1.002777099609375, "step": null, "ts": 1637570754.1059976}]}, "version": 171}
{"obj": {"type": "LogFloats", "path": ["monitoring", "cpu"], "values": [{"value": 3.1, "step": null, "ts": 1637570764.1133897}]}, "version": 172}
{"obj": {"type": "LogFloats", "path": ["monitoring", "memory"], "values": [{"value": 8.64169692993164, "step": null, "ts": 1637570764.1133897}]}, "version": 173}
{"obj": {"type": "LogFloats", "path": ["monitoring", "gpu_memory"], "values": [{"value": 1.002777099609375, "step": null, "ts": 1637570764.1133897}]}, "version": 174}
{"obj": {"type": "LogFloats", "path": ["monitoring", "cpu"], "values": [{"value": 9.2, "step": null, "ts": 1637570774.1213517}]}, "version": 175}
{"obj": {"type": "LogFloats", "path": ["monitoring", "memory"], "values": [{"value": 8.65047836303711, "step": null, "ts": 1637570774.1213517}]}, "version": 176}
{"obj": {"type": "LogFloats", "path": ["monitoring", "gpu_memory"], "values": [{"value": 1.002777099609375, "step": null, "ts": 1637570774.1213517}]}, "version": 177}
{"obj": {"type": "LogFloats", "path": ["monitoring", "cpu"], "values": [{"value": 6.0, "step": null, "ts": 1637570784.1283677}]}, "version": 178}
{"obj": {"type": "LogFloats", "path": ["monitoring", "memory"], "values": [{"value": 8.310443878173828, "step": null, "ts": 1637570784.1283677}]}, "version": 179}
{"obj": {"type": "LogFloats", "path": ["monitoring", "gpu"], "values": [{"value": 2.0, "step": null, "ts": 1637570784.1283677}]}, "version": 180}
{"obj": {"type": "LogFloats", "path": ["monitoring", "gpu_memory"], "values": [{"value": 1.002777099609375, "step": null, "ts": 1637570784.1283677}]}, "version": 181}
{"obj": {"type": "LogFloats", "path": ["monitoring", "cpu"], "values": [{"value": 8.8, "step": null, "ts": 1637570794.1359284}]}, "version": 182}
{"obj": {"type": "LogFloats", "path": ["monitoring", "memory"], "values": [{"value": 8.330032348632812, "step": null, "ts": 1637570794.1359284}]}, "version": 183}
{"obj": {"type": "LogFloats", "path": ["monitoring", "gpu"], "values": [{"value": 4.0, "step": null, "ts": 1637570794.1359284}]}, "version": 184}
{"obj": {"type": "LogFloats", "path": ["monitoring", "gpu_memory"], "values": [{"value": 1.002777099609375, "step": null, "ts": 1637570794.1359284}]}, "version": 185}
{"obj": {"type": "LogFloats", "path": ["monitoring", "cpu"], "values": [{"value": 15.5, "step": null, "ts": 1637570804.1431372}]}, "version": 186}
{"obj": {"type": "LogFloats", "path": ["monitoring", "memory"], "values": [{"value": 8.252452850341797, "step": null, "ts": 1637570804.1431372}]}, "version": 187}
{"obj": {"type": "LogFloats", "path": ["monitoring", "gpu"], "values": [{"value": 11.0, "step": null, "ts": 1637570804.1431372}]}, "version": 188}
{"obj": {"type": "LogFloats", "path": ["monitoring", "gpu_memory"], "values": [{"value": 1.002777099609375, "step": null, "ts": 1637570804.1431372}]}, "version": 189}
{"obj": {"type": "LogFloats", "path": ["monitoring", "cpu"], "values": [{"value": 28.5, "step": null, "ts": 1637570814.1510239}]}, "version": 190}
{"obj": {"type": "LogFloats", "path": ["monitoring", "memory"], "values": [{"value": 8.252971649169922, "step": null, "ts": 1637570814.1510239}]}, "version": 191}
{"obj": {"type": "LogFloats", "path": ["monitoring", "gpu"], "values": [{"value": 6.0, "step": null, "ts": 1637570814.1510239}]}, "version": 192}
{"obj": {"type": "LogFloats", "path": ["monitoring", "gpu_memory"], "values": [{"value": 1.002777099609375, "step": null, "ts": 1637570814.1510239}]}, "version": 193}
{"obj": {"type": "LogFloats", "path": ["monitoring", "cpu"], "values": [{"value": 14.4, "step": null, "ts": 1637570824.158438}]}, "version": 194}
{"obj": {"type": "LogFloats", "path": ["monitoring", "memory"], "values": [{"value": 8.26431655883789, "step": null, "ts": 1637570824.158438}]}, "version": 195}
{"obj": {"type": "LogFloats", "path": ["monitoring", "gpu"], "values": [{"value": 5.0, "step": null, "ts": 1637570824.158438}]}, "version": 196}
{"obj": {"type": "LogFloats", "path": ["monitoring", "gpu_memory"], "values": [{"value": 1.002777099609375, "step": null, "ts": 1637570824.158438}]}, "version": 197}
{"obj": {"type": "LogFloats", "path": ["monitoring", "cpu"], "values": [{"value": 11.4, "step": null, "ts": 1637570834.1659887}]}, "version": 198}
{"obj": {"type": "LogFloats", "path": ["monitoring", "memory"], "values": [{"value": 8.310714721679688, "step": null, "ts": 1637570834.1659887}]}, "version": 199}
{"obj": {"type": "LogFloats", "path": ["monitoring", "gpu"], "values": [{"value": 2.0, "step": null, "ts": 1637570834.1659887}]}, "version": 200}
{"obj": {"type": "LogFloats", "path": ["monitoring", "gpu_memory"], "values": [{"value": 1.002777099609375, "step": null, "ts": 1637570834.1659887}]}, "version": 201}
{"obj": {"type": "LogFloats", "path": ["monitoring", "cpu"], "values": [{"value": 7.2, "step": null, "ts": 1637570844.1737878}]}, "version": 202}
{"obj": {"type": "LogFloats", "path": ["monitoring", "memory"], "values": [{"value": 8.335403442382812, "step": null, "ts": 1637570844.1737878}]}, "version": 203}
{"obj": {"type": "LogFloats", "path": ["monitoring", "gpu_memory"], "values": [{"value": 1.002777099609375, "step": null, "ts": 1637570844.1737878}]}, "version": 204}
