{"obj": {"type": "AssignString", "path": ["sys", "name"], "value": "Untitled"}, "version": 1}
{"obj": {"type": "AssignString", "path": ["sys", "description"], "value": ""}, "version": 2}
{"obj": {"type": "AssignString", "path": ["sys", "hostname"], "value": "LAPTOP-U1IJGCL4"}, "version": 3}
{"obj": {"type": "AssignBool", "path": ["sys", "failed"], "value": false}, "version": 4}
{"obj": {"type": "ClearStringLog", "path": ["monitoring", "stdout"]}, "version": 5}
{"obj": {"type": "ClearStringLog", "path": ["monitoring", "stderr"]}, "version": 6}
{"obj": {"type": "AssignString", "path": ["source_code", "entrypoint"], "value": "sale_prices_predictor.py"}, "version": 7}
{"obj": {"type": "UploadFileSet", "path": ["source_code", "files"], "file_globs": ["C:\\Kaggles\\housePrices\\sale_prices_predictor.py"], "reset": "False"}, "version": 8}
{"obj": {"type": "ConfigFloatSeries", "path": ["monitoring", "cpu"], "min": 0.0, "max": 100.0, "unit": "%"}, "version": 9}
{"obj": {"type": "ClearFloatLog", "path": ["monitoring", "cpu"]}, "version": 10}
{"obj": {"type": "ConfigFloatSeries", "path": ["monitoring", "memory"], "min": 0.0, "max": 15.43682861328125, "unit": "GB"}, "version": 11}
{"obj": {"type": "ClearFloatLog", "path": ["monitoring", "memory"]}, "version": 12}
{"obj": {"type": "ConfigFloatSeries", "path": ["monitoring", "gpu"], "min": 0.0, "max": 100.0, "unit": "%"}, "version": 13}
{"obj": {"type": "ClearFloatLog", "path": ["monitoring", "gpu"]}, "version": 14}
{"obj": {"type": "ConfigFloatSeries", "path": ["monitoring", "gpu_memory"], "min": 0.0, "max": 6.0, "unit": "GB"}, "version": 15}
{"obj": {"type": "ClearFloatLog", "path": ["monitoring", "gpu_memory"]}, "version": 16}
{"obj": {"type": "LogStrings", "path": ["monitoring", "stdout"], "values": [{"value": "", "step": null, "ts": 1637156886.041599}]}, "version": 17}
{"obj": {"type": "LogStrings", "path": ["monitoring", "stdout"], "values": [{"value": "https://app.neptune.ai/chaimchess/KaggleHousePrices/e/KAG1-12\n", "step": null, "ts": 1637156886.0426004}]}, "version": 18}
{"obj": {"type": "LogFloats", "path": ["monitoring", "cpu"], "values": [{"value": 30.1, "step": null, "ts": 1637156886.0315988}]}, "version": 19}
{"obj": {"type": "AssignFloat", "path": ["parameters", "learning_rate"], "value": 0.001}, "version": 20}
{"obj": {"type": "AssignString", "path": ["parameters", "optimizer"], "value": "Adam"}, "version": 21}
{"obj": {"type": "LogFloats", "path": ["monitoring", "memory"], "values": [{"value": 9.405780792236328, "step": null, "ts": 1637156886.0315988}]}, "version": 22}
{"obj": {"type": "LogFloats", "path": ["monitoring", "gpu_memory"], "values": [{"value": 0.35321807861328125, "step": null, "ts": 1637156886.0315988}]}, "version": 23}
{"obj": {"type": "LogFloats", "path": ["monitoring", "cpu"], "values": [{"value": 20.5, "step": null, "ts": 1637156896.0479531}]}, "version": 24}
{"obj": {"type": "LogFloats", "path": ["monitoring", "memory"], "values": [{"value": 9.462055206298828, "step": null, "ts": 1637156896.0479531}]}, "version": 25}
{"obj": {"type": "LogFloats", "path": ["monitoring", "gpu"], "values": [{"value": 1.0, "step": null, "ts": 1637156896.0479531}]}, "version": 26}
{"obj": {"type": "LogFloats", "path": ["monitoring", "gpu_memory"], "values": [{"value": 0.35321807861328125, "step": null, "ts": 1637156896.0479531}]}, "version": 27}
{"obj": {"type": "LogFloats", "path": ["monitoring", "cpu"], "values": [{"value": 13.1, "step": null, "ts": 1637156906.0576005}]}, "version": 28}
{"obj": {"type": "LogFloats", "path": ["monitoring", "memory"], "values": [{"value": 9.389347076416016, "step": null, "ts": 1637156906.0576005}]}, "version": 29}
{"obj": {"type": "LogFloats", "path": ["monitoring", "gpu"], "values": [{"value": 3.0, "step": null, "ts": 1637156906.0576005}]}, "version": 30}
{"obj": {"type": "LogFloats", "path": ["monitoring", "gpu_memory"], "values": [{"value": 0.35749053955078125, "step": null, "ts": 1637156906.0576005}]}, "version": 31}
{"obj": {"type": "LogFloats", "path": ["monitoring", "cpu"], "values": [{"value": 16.5, "step": null, "ts": 1637156916.067209}]}, "version": 32}
{"obj": {"type": "LogFloats", "path": ["monitoring", "memory"], "values": [{"value": 9.42245101928711, "step": null, "ts": 1637156916.067209}]}, "version": 33}
{"obj": {"type": "LogFloats", "path": ["monitoring", "gpu"], "values": [{"value": 2.0, "step": null, "ts": 1637156916.067209}]}, "version": 34}
{"obj": {"type": "LogFloats", "path": ["monitoring", "gpu_memory"], "values": [{"value": 0.35474395751953125, "step": null, "ts": 1637156916.067209}]}, "version": 35}
{"obj": {"type": "LogFloats", "path": ["monitoring", "cpu"], "values": [{"value": 13.5, "step": null, "ts": 1637156926.0753324}]}, "version": 36}
{"obj": {"type": "LogFloats", "path": ["monitoring", "memory"], "values": [{"value": 9.389274597167969, "step": null, "ts": 1637156926.0753324}]}, "version": 37}
{"obj": {"type": "LogFloats", "path": ["monitoring", "gpu"], "values": [{"value": 1.0, "step": null, "ts": 1637156926.0753324}]}, "version": 38}
{"obj": {"type": "LogFloats", "path": ["monitoring", "gpu_memory"], "values": [{"value": 0.35468292236328125, "step": null, "ts": 1637156926.0753324}]}, "version": 39}
{"obj": {"type": "LogFloats", "path": ["monitoring", "cpu"], "values": [{"value": 24.3, "step": null, "ts": 1637156936.0856695}]}, "version": 40}
{"obj": {"type": "LogFloats", "path": ["monitoring", "memory"], "values": [{"value": 9.572551727294922, "step": null, "ts": 1637156936.0856695}]}, "version": 41}
{"obj": {"type": "LogFloats", "path": ["monitoring", "gpu"], "values": [{"value": 2.0, "step": null, "ts": 1637156936.0856695}]}, "version": 42}
{"obj": {"type": "LogFloats", "path": ["monitoring", "gpu_memory"], "values": [{"value": 0.35474395751953125, "step": null, "ts": 1637156936.0856695}]}, "version": 43}
{"obj": {"type": "LogFloats", "path": ["monitoring", "cpu"], "values": [{"value": 14.8, "step": null, "ts": 1637156946.0956757}]}, "version": 44}
{"obj": {"type": "LogFloats", "path": ["monitoring", "memory"], "values": [{"value": 9.500259399414062, "step": null, "ts": 1637156946.0956757}]}, "version": 45}
{"obj": {"type": "LogFloats", "path": ["monitoring", "gpu"], "values": [{"value": 2.0, "step": null, "ts": 1637156946.0956757}]}, "version": 46}
{"obj": {"type": "LogFloats", "path": ["monitoring", "gpu_memory"], "values": [{"value": 0.35474395751953125, "step": null, "ts": 1637156946.0956757}]}, "version": 47}
{"obj": {"type": "LogFloats", "path": ["monitoring", "cpu"], "values": [{"value": 12.0, "step": null, "ts": 1637156956.1048625}]}, "version": 48}
{"obj": {"type": "LogFloats", "path": ["monitoring", "memory"], "values": [{"value": 9.516193389892578, "step": null, "ts": 1637156956.1048625}]}, "version": 49}
{"obj": {"type": "LogFloats", "path": ["monitoring", "gpu"], "values": [{"value": 1.0, "step": null, "ts": 1637156956.1048625}]}, "version": 50}
{"obj": {"type": "LogFloats", "path": ["monitoring", "gpu_memory"], "values": [{"value": 0.35474395751953125, "step": null, "ts": 1637156956.1048625}]}, "version": 51}
{"obj": {"type": "LogFloats", "path": ["monitoring", "cpu"], "values": [{"value": 11.6, "step": null, "ts": 1637156966.1138494}]}, "version": 52}
{"obj": {"type": "LogFloats", "path": ["monitoring", "memory"], "values": [{"value": 9.497993469238281, "step": null, "ts": 1637156966.1138494}]}, "version": 53}
{"obj": {"type": "LogFloats", "path": ["monitoring", "gpu"], "values": [{"value": 1.0, "step": null, "ts": 1637156966.1138494}]}, "version": 54}
{"obj": {"type": "LogFloats", "path": ["monitoring", "gpu_memory"], "values": [{"value": 0.35468292236328125, "step": null, "ts": 1637156966.1138494}]}, "version": 55}
{"obj": {"type": "LogFloats", "path": ["monitoring", "cpu"], "values": [{"value": 14.3, "step": null, "ts": 1637156976.1244998}]}, "version": 56}
{"obj": {"type": "LogFloats", "path": ["monitoring", "memory"], "values": [{"value": 9.494529724121094, "step": null, "ts": 1637156976.1244998}]}, "version": 57}
{"obj": {"type": "LogFloats", "path": ["monitoring", "gpu"], "values": [{"value": 1.0, "step": null, "ts": 1637156976.1244998}]}, "version": 58}
{"obj": {"type": "LogFloats", "path": ["monitoring", "gpu_memory"], "values": [{"value": 0.35498809814453125, "step": null, "ts": 1637156976.1244998}]}, "version": 59}
{"obj": {"type": "LogFloats", "path": ["monitoring", "cpu"], "values": [{"value": 21.4, "step": null, "ts": 1637156986.1347122}]}, "version": 60}
{"obj": {"type": "LogFloats", "path": ["monitoring", "memory"], "values": [{"value": 9.631950378417969, "step": null, "ts": 1637156986.1347122}]}, "version": 61}
{"obj": {"type": "LogFloats", "path": ["monitoring", "gpu"], "values": [{"value": 12.0, "step": null, "ts": 1637156986.1347122}]}, "version": 62}
{"obj": {"type": "LogFloats", "path": ["monitoring", "gpu_memory"], "values": [{"value": 0.38434600830078125, "step": null, "ts": 1637156986.1347122}]}, "version": 63}
{"obj": {"type": "LogFloats", "path": ["monitoring", "cpu"], "values": [{"value": 17.5, "step": null, "ts": 1637156996.1461887}]}, "version": 64}
{"obj": {"type": "LogFloats", "path": ["monitoring", "memory"], "values": [{"value": 9.689361572265625, "step": null, "ts": 1637156996.1461887}]}, "version": 65}
{"obj": {"type": "LogFloats", "path": ["monitoring", "gpu"], "values": [{"value": 7.0, "step": null, "ts": 1637156996.1461887}]}, "version": 66}
{"obj": {"type": "LogFloats", "path": ["monitoring", "gpu_memory"], "values": [{"value": 0.43970489501953125, "step": null, "ts": 1637156996.1461887}]}, "version": 67}
{"obj": {"type": "LogFloats", "path": ["monitoring", "cpu"], "values": [{"value": 13.6, "step": null, "ts": 1637157006.162705}]}, "version": 68}
{"obj": {"type": "LogFloats", "path": ["monitoring", "memory"], "values": [{"value": 9.523216247558594, "step": null, "ts": 1637157006.162705}]}, "version": 69}
{"obj": {"type": "LogFloats", "path": ["monitoring", "gpu"], "values": [{"value": 5.0, "step": null, "ts": 1637157006.162705}]}, "version": 70}
{"obj": {"type": "LogFloats", "path": ["monitoring", "gpu_memory"], "values": [{"value": 0.44019317626953125, "step": null, "ts": 1637157006.162705}]}, "version": 71}
{"obj": {"type": "LogFloats", "path": ["monitoring", "cpu"], "values": [{"value": 15.1, "step": null, "ts": 1637157016.1707132}]}, "version": 72}
{"obj": {"type": "LogFloats", "path": ["monitoring", "memory"], "values": [{"value": 9.536121368408203, "step": null, "ts": 1637157016.1707132}]}, "version": 73}
{"obj": {"type": "LogFloats", "path": ["monitoring", "gpu"], "values": [{"value": 18.0, "step": null, "ts": 1637157016.1707132}]}, "version": 74}
{"obj": {"type": "LogFloats", "path": ["monitoring", "gpu_memory"], "values": [{"value": 0.44104766845703125, "step": null, "ts": 1637157016.1707132}]}, "version": 75}
{"obj": {"type": "LogFloats", "path": ["monitoring", "cpu"], "values": [{"value": 10.1, "step": null, "ts": 1637157026.1787257}]}, "version": 76}
{"obj": {"type": "LogFloats", "path": ["monitoring", "memory"], "values": [{"value": 9.515697479248047, "step": null, "ts": 1637157026.1787257}]}, "version": 77}
{"obj": {"type": "LogFloats", "path": ["monitoring", "gpu"], "values": [{"value": 11.0, "step": null, "ts": 1637157026.1787257}]}, "version": 78}
{"obj": {"type": "LogFloats", "path": ["monitoring", "gpu_memory"], "values": [{"value": 0.44116973876953125, "step": null, "ts": 1637157026.1787257}]}, "version": 79}
{"obj": {"type": "LogFloats", "path": ["monitoring", "cpu"], "values": [{"value": 6.5, "step": null, "ts": 1637157036.191712}]}, "version": 80}
{"obj": {"type": "LogFloats", "path": ["monitoring", "memory"], "values": [{"value": 9.527156829833984, "step": null, "ts": 1637157036.191712}]}, "version": 81}
{"obj": {"type": "LogFloats", "path": ["monitoring", "gpu"], "values": [{"value": 19.0, "step": null, "ts": 1637157036.191712}]}, "version": 82}
{"obj": {"type": "LogFloats", "path": ["monitoring", "gpu_memory"], "values": [{"value": 0.44116973876953125, "step": null, "ts": 1637157036.191712}]}, "version": 83}
{"obj": {"type": "LogFloats", "path": ["monitoring", "cpu"], "values": [{"value": 11.6, "step": null, "ts": 1637157046.2012131}]}, "version": 84}
{"obj": {"type": "LogFloats", "path": ["monitoring", "memory"], "values": [{"value": 9.534332275390625, "step": null, "ts": 1637157046.2012131}]}, "version": 85}
{"obj": {"type": "LogFloats", "path": ["monitoring", "gpu"], "values": [{"value": 15.0, "step": null, "ts": 1637157046.2012131}]}, "version": 86}
{"obj": {"type": "LogFloats", "path": ["monitoring", "gpu_memory"], "values": [{"value": 0.44116973876953125, "step": null, "ts": 1637157046.2012131}]}, "version": 87}
{"obj": {"type": "LogFloats", "path": ["monitoring", "cpu"], "values": [{"value": 7.4, "step": null, "ts": 1637157056.2092466}]}, "version": 88}
{"obj": {"type": "LogFloats", "path": ["monitoring", "memory"], "values": [{"value": 9.517498016357422, "step": null, "ts": 1637157056.2092466}]}, "version": 89}
{"obj": {"type": "LogFloats", "path": ["monitoring", "gpu_memory"], "values": [{"value": 0.44129180908203125, "step": null, "ts": 1637157056.2092466}]}, "version": 90}
{"obj": {"type": "LogFloats", "path": ["monitoring", "cpu"], "values": [{"value": 6.4, "step": null, "ts": 1637157066.2177181}]}, "version": 91}
{"obj": {"type": "LogFloats", "path": ["monitoring", "memory"], "values": [{"value": 9.487396240234375, "step": null, "ts": 1637157066.2177181}]}, "version": 92}
{"obj": {"type": "LogFloats", "path": ["monitoring", "gpu_memory"], "values": [{"value": 0.44116973876953125, "step": null, "ts": 1637157066.2177181}]}, "version": 93}
{"obj": {"type": "LogFloats", "path": ["monitoring", "cpu"], "values": [{"value": 4.9, "step": null, "ts": 1637157076.2258446}]}, "version": 94}
{"obj": {"type": "LogFloats", "path": ["monitoring", "memory"], "values": [{"value": 9.484737396240234, "step": null, "ts": 1637157076.2258446}]}, "version": 95}
{"obj": {"type": "LogFloats", "path": ["monitoring", "gpu"], "values": [{"value": 17.0, "step": null, "ts": 1637157076.2258446}]}, "version": 96}
{"obj": {"type": "LogFloats", "path": ["monitoring", "gpu_memory"], "values": [{"value": 0.44116973876953125, "step": null, "ts": 1637157076.2258446}]}, "version": 97}
{"obj": {"type": "LogFloats", "path": ["monitoring", "cpu"], "values": [{"value": 7.1, "step": null, "ts": 1637157086.2347698}]}, "version": 98}
{"obj": {"type": "LogFloats", "path": ["monitoring", "memory"], "values": [{"value": 9.47552490234375, "step": null, "ts": 1637157086.2347698}]}, "version": 99}
{"obj": {"type": "LogFloats", "path": ["monitoring", "gpu"], "values": [{"value": 28.0, "step": null, "ts": 1637157086.2347698}]}, "version": 100}
{"obj": {"type": "LogFloats", "path": ["monitoring", "gpu_memory"], "values": [{"value": 0.44116973876953125, "step": null, "ts": 1637157086.2347698}]}, "version": 101}
{"obj": {"type": "LogFloats", "path": ["monitoring", "cpu"], "values": [{"value": 6.8, "step": null, "ts": 1637157096.243739}]}, "version": 102}
{"obj": {"type": "LogFloats", "path": ["monitoring", "memory"], "values": [{"value": 9.484638214111328, "step": null, "ts": 1637157096.243739}]}, "version": 103}
{"obj": {"type": "LogFloats", "path": ["monitoring", "gpu"], "values": [{"value": 7.0, "step": null, "ts": 1637157096.243739}]}, "version": 104}
{"obj": {"type": "LogFloats", "path": ["monitoring", "gpu_memory"], "values": [{"value": 0.44116973876953125, "step": null, "ts": 1637157096.243739}]}, "version": 105}
{"obj": {"type": "LogFloats", "path": ["monitoring", "cpu"], "values": [{"value": 6.7, "step": null, "ts": 1637157106.2517426}]}, "version": 106}
{"obj": {"type": "LogFloats", "path": ["monitoring", "memory"], "values": [{"value": 9.488533020019531, "step": null, "ts": 1637157106.2517426}]}, "version": 107}
{"obj": {"type": "LogFloats", "path": ["monitoring", "gpu_memory"], "values": [{"value": 0.44116973876953125, "step": null, "ts": 1637157106.2517426}]}, "version": 108}
{"obj": {"type": "LogFloats", "path": ["monitoring", "cpu"], "values": [{"value": 6.3, "step": null, "ts": 1637157116.2601063}]}, "version": 109}
{"obj": {"type": "LogFloats", "path": ["monitoring", "memory"], "values": [{"value": 9.487556457519531, "step": null, "ts": 1637157116.2601063}]}, "version": 110}
{"obj": {"type": "LogFloats", "path": ["monitoring", "gpu"], "values": [{"value": 12.0, "step": null, "ts": 1637157116.2601063}]}, "version": 111}
{"obj": {"type": "LogFloats", "path": ["monitoring", "gpu_memory"], "values": [{"value": 0.44116973876953125, "step": null, "ts": 1637157116.2601063}]}, "version": 112}
{"obj": {"type": "LogFloats", "path": ["monitoring", "cpu"], "values": [{"value": 6.6, "step": null, "ts": 1637157126.2706795}]}, "version": 113}
{"obj": {"type": "LogFloats", "path": ["monitoring", "memory"], "values": [{"value": 9.4932861328125, "step": null, "ts": 1637157126.2706795}]}, "version": 114}
{"obj": {"type": "LogFloats", "path": ["monitoring", "gpu"], "values": [{"value": 23.0, "step": null, "ts": 1637157126.2706795}]}, "version": 115}
{"obj": {"type": "LogFloats", "path": ["monitoring", "gpu_memory"], "values": [{"value": 0.44116973876953125, "step": null, "ts": 1637157126.2706795}]}, "version": 116}
{"obj": {"type": "LogFloats", "path": ["monitoring", "cpu"], "values": [{"value": 8.8, "step": null, "ts": 1637157136.2795286}]}, "version": 117}
{"obj": {"type": "LogFloats", "path": ["monitoring", "memory"], "values": [{"value": 9.52224349975586, "step": null, "ts": 1637157136.2795286}]}, "version": 118}
{"obj": {"type": "LogFloats", "path": ["monitoring", "gpu"], "values": [{"value": 26.0, "step": null, "ts": 1637157136.2795286}]}, "version": 119}
{"obj": {"type": "LogFloats", "path": ["monitoring", "gpu_memory"], "values": [{"value": 0.44116973876953125, "step": null, "ts": 1637157136.2795286}]}, "version": 120}
{"obj": {"type": "LogFloats", "path": ["monitoring", "cpu"], "values": [{"value": 4.4, "step": null, "ts": 1637157146.2880285}]}, "version": 121}
{"obj": {"type": "LogFloats", "path": ["monitoring", "memory"], "values": [{"value": 9.514198303222656, "step": null, "ts": 1637157146.2880285}]}, "version": 122}
{"obj": {"type": "LogFloats", "path": ["monitoring", "gpu_memory"], "values": [{"value": 0.44116973876953125, "step": null, "ts": 1637157146.2880285}]}, "version": 123}
{"obj": {"type": "LogFloats", "path": ["monitoring", "cpu"], "values": [{"value": 4.4, "step": null, "ts": 1637157156.2969167}]}, "version": 124}
{"obj": {"type": "LogFloats", "path": ["monitoring", "memory"], "values": [{"value": 9.509075164794922, "step": null, "ts": 1637157156.2969167}]}, "version": 125}
{"obj": {"type": "LogFloats", "path": ["monitoring", "gpu_memory"], "values": [{"value": 0.44116973876953125, "step": null, "ts": 1637157156.2969167}]}, "version": 126}
{"obj": {"type": "LogFloats", "path": ["monitoring", "cpu"], "values": [{"value": 3.3, "step": null, "ts": 1637157166.305847}]}, "version": 127}
{"obj": {"type": "LogFloats", "path": ["monitoring", "memory"], "values": [{"value": 9.456687927246094, "step": null, "ts": 1637157166.305847}]}, "version": 128}
{"obj": {"type": "LogFloats", "path": ["monitoring", "gpu_memory"], "values": [{"value": 0.44116973876953125, "step": null, "ts": 1637157166.305847}]}, "version": 129}
{"obj": {"type": "LogFloats", "path": ["monitoring", "cpu"], "values": [{"value": 4.7, "step": null, "ts": 1637157176.3143516}]}, "version": 130}
{"obj": {"type": "LogFloats", "path": ["monitoring", "memory"], "values": [{"value": 9.442508697509766, "step": null, "ts": 1637157176.3143516}]}, "version": 131}
{"obj": {"type": "LogFloats", "path": ["monitoring", "gpu_memory"], "values": [{"value": 0.44116973876953125, "step": null, "ts": 1637157176.3143516}]}, "version": 132}
{"obj": {"type": "LogFloats", "path": ["monitoring", "cpu"], "values": [{"value": 3.8, "step": null, "ts": 1637157186.3228216}]}, "version": 133}
{"obj": {"type": "LogFloats", "path": ["monitoring", "memory"], "values": [{"value": 9.442508697509766, "step": null, "ts": 1637157186.3228216}]}, "version": 134}
{"obj": {"type": "LogFloats", "path": ["monitoring", "gpu_memory"], "values": [{"value": 0.44116973876953125, "step": null, "ts": 1637157186.3228216}]}, "version": 135}
{"obj": {"type": "LogFloats", "path": ["monitoring", "cpu"], "values": [{"value": 3.1, "step": null, "ts": 1637157196.3311036}]}, "version": 136}
{"obj": {"type": "LogFloats", "path": ["monitoring", "memory"], "values": [{"value": 9.442497253417969, "step": null, "ts": 1637157196.3311036}]}, "version": 137}
{"obj": {"type": "LogFloats", "path": ["monitoring", "gpu_memory"], "values": [{"value": 0.44116973876953125, "step": null, "ts": 1637157196.3311036}]}, "version": 138}
{"obj": {"type": "LogFloats", "path": ["monitoring", "cpu"], "values": [{"value": 3.0, "step": null, "ts": 1637157206.339812}]}, "version": 139}
{"obj": {"type": "LogFloats", "path": ["monitoring", "memory"], "values": [{"value": 9.437564849853516, "step": null, "ts": 1637157206.339812}]}, "version": 140}
{"obj": {"type": "LogFloats", "path": ["monitoring", "gpu_memory"], "values": [{"value": 0.44116973876953125, "step": null, "ts": 1637157206.339812}]}, "version": 141}
{"obj": {"type": "LogFloats", "path": ["monitoring", "cpu"], "values": [{"value": 3.0, "step": null, "ts": 1637157216.348737}]}, "version": 142}
{"obj": {"type": "LogFloats", "path": ["monitoring", "memory"], "values": [{"value": 9.440177917480469, "step": null, "ts": 1637157216.348737}]}, "version": 143}
{"obj": {"type": "LogFloats", "path": ["monitoring", "gpu_memory"], "values": [{"value": 0.44116973876953125, "step": null, "ts": 1637157216.348737}]}, "version": 144}
{"obj": {"type": "LogFloats", "path": ["monitoring", "cpu"], "values": [{"value": 3.4, "step": null, "ts": 1637157226.3574746}]}, "version": 145}
{"obj": {"type": "LogFloats", "path": ["monitoring", "memory"], "values": [{"value": 9.435062408447266, "step": null, "ts": 1637157226.3574746}]}, "version": 146}
{"obj": {"type": "LogFloats", "path": ["monitoring", "gpu_memory"], "values": [{"value": 0.44116973876953125, "step": null, "ts": 1637157226.3574746}]}, "version": 147}
{"obj": {"type": "LogFloats", "path": ["monitoring", "cpu"], "values": [{"value": 3.0, "step": null, "ts": 1637157236.365805}]}, "version": 148}
{"obj": {"type": "LogFloats", "path": ["monitoring", "memory"], "values": [{"value": 9.438026428222656, "step": null, "ts": 1637157236.365805}]}, "version": 149}
{"obj": {"type": "LogFloats", "path": ["monitoring", "gpu_memory"], "values": [{"value": 0.44116973876953125, "step": null, "ts": 1637157236.365805}]}, "version": 150}
{"obj": {"type": "LogFloats", "path": ["monitoring", "cpu"], "values": [{"value": 4.0, "step": null, "ts": 1637157246.3738074}]}, "version": 151}
{"obj": {"type": "LogFloats", "path": ["monitoring", "memory"], "values": [{"value": 9.446266174316406, "step": null, "ts": 1637157246.3738074}]}, "version": 152}
{"obj": {"type": "LogFloats", "path": ["monitoring", "gpu_memory"], "values": [{"value": 0.44116973876953125, "step": null, "ts": 1637157246.3738074}]}, "version": 153}
{"obj": {"type": "LogFloats", "path": ["monitoring", "cpu"], "values": [{"value": 3.8, "step": null, "ts": 1637157256.382585}]}, "version": 154}
{"obj": {"type": "LogFloats", "path": ["monitoring", "memory"], "values": [{"value": 9.458507537841797, "step": null, "ts": 1637157256.382585}]}, "version": 155}
{"obj": {"type": "LogFloats", "path": ["monitoring", "gpu_memory"], "values": [{"value": 0.44116973876953125, "step": null, "ts": 1637157256.382585}]}, "version": 156}
{"obj": {"type": "LogFloats", "path": ["monitoring", "cpu"], "values": [{"value": 8.9, "step": null, "ts": 1637157266.39151}]}, "version": 157}
{"obj": {"type": "LogFloats", "path": ["monitoring", "memory"], "values": [{"value": 9.573719024658203, "step": null, "ts": 1637157266.39151}]}, "version": 158}
{"obj": {"type": "LogFloats", "path": ["monitoring", "gpu_memory"], "values": [{"value": 0.41876983642578125, "step": null, "ts": 1637157266.39151}]}, "version": 159}
{"obj": {"type": "LogFloats", "path": ["monitoring", "cpu"], "values": [{"value": 5.6, "step": null, "ts": 1637157276.3995743}]}, "version": 160}
{"obj": {"type": "LogFloats", "path": ["monitoring", "memory"], "values": [{"value": 9.488208770751953, "step": null, "ts": 1637157276.3995743}]}, "version": 161}
{"obj": {"type": "LogFloats", "path": ["monitoring", "gpu"], "values": [{"value": 2.0, "step": null, "ts": 1637157276.3995743}]}, "version": 162}
{"obj": {"type": "LogFloats", "path": ["monitoring", "gpu_memory"], "values": [{"value": 0.41883087158203125, "step": null, "ts": 1637157276.3995743}]}, "version": 163}
{"obj": {"type": "LogFloats", "path": ["monitoring", "cpu"], "values": [{"value": 3.4, "step": null, "ts": 1637157286.4085827}]}, "version": 164}
{"obj": {"type": "LogFloats", "path": ["monitoring", "memory"], "values": [{"value": 9.495121002197266, "step": null, "ts": 1637157286.4085827}]}, "version": 165}
{"obj": {"type": "LogFloats", "path": ["monitoring", "gpu_memory"], "values": [{"value": 0.41883087158203125, "step": null, "ts": 1637157286.4085827}]}, "version": 166}
{"obj": {"type": "LogFloats", "path": ["monitoring", "cpu"], "values": [{"value": 5.5, "step": null, "ts": 1637157296.416944}]}, "version": 167}
{"obj": {"type": "LogFloats", "path": ["monitoring", "memory"], "values": [{"value": 9.497318267822266, "step": null, "ts": 1637157296.416944}]}, "version": 168}
{"obj": {"type": "LogFloats", "path": ["monitoring", "gpu"], "values": [{"value": 1.0, "step": null, "ts": 1637157296.416944}]}, "version": 169}
{"obj": {"type": "LogFloats", "path": ["monitoring", "gpu_memory"], "values": [{"value": 0.41883087158203125, "step": null, "ts": 1637157296.416944}]}, "version": 170}
{"obj": {"type": "LogFloats", "path": ["monitoring", "cpu"], "values": [{"value": 5.3, "step": null, "ts": 1637157306.4265406}]}, "version": 171}
{"obj": {"type": "LogFloats", "path": ["monitoring", "memory"], "values": [{"value": 9.488815307617188, "step": null, "ts": 1637157306.4265406}]}, "version": 172}
{"obj": {"type": "LogFloats", "path": ["monitoring", "gpu"], "values": [{"value": 2.0, "step": null, "ts": 1637157306.4265406}]}, "version": 173}
{"obj": {"type": "LogFloats", "path": ["monitoring", "gpu_memory"], "values": [{"value": 0.41889190673828125, "step": null, "ts": 1637157306.4265406}]}, "version": 174}
{"obj": {"type": "LogFloats", "path": ["monitoring", "cpu"], "values": [{"value": 6.3, "step": null, "ts": 1637157316.435585}]}, "version": 175}
{"obj": {"type": "LogFloats", "path": ["monitoring", "memory"], "values": [{"value": 9.488029479980469, "step": null, "ts": 1637157316.435585}]}, "version": 176}
{"obj": {"type": "LogFloats", "path": ["monitoring", "gpu_memory"], "values": [{"value": 0.41938018798828125, "step": null, "ts": 1637157316.435585}]}, "version": 177}
{"obj": {"type": "LogFloats", "path": ["monitoring", "cpu"], "values": [{"value": 4.7, "step": null, "ts": 1637157326.4441466}]}, "version": 178}
{"obj": {"type": "LogFloats", "path": ["monitoring", "memory"], "values": [{"value": 9.477222442626953, "step": null, "ts": 1637157326.4441466}]}, "version": 179}
{"obj": {"type": "LogFloats", "path": ["monitoring", "gpu"], "values": [{"value": 3.0, "step": null, "ts": 1637157326.4441466}]}, "version": 180}
{"obj": {"type": "LogFloats", "path": ["monitoring", "gpu_memory"], "values": [{"value": 0.41889190673828125, "step": null, "ts": 1637157326.4441466}]}, "version": 181}
{"obj": {"type": "LogFloats", "path": ["monitoring", "cpu"], "values": [{"value": 4.6, "step": null, "ts": 1637157336.4531417}]}, "version": 182}
{"obj": {"type": "LogFloats", "path": ["monitoring", "memory"], "values": [{"value": 9.471031188964844, "step": null, "ts": 1637157336.4531417}]}, "version": 183}
{"obj": {"type": "LogFloats", "path": ["monitoring", "gpu"], "values": [{"value": 1.0, "step": null, "ts": 1637157336.4531417}]}, "version": 184}
{"obj": {"type": "LogFloats", "path": ["monitoring", "gpu_memory"], "values": [{"value": 0.41889190673828125, "step": null, "ts": 1637157336.4531417}]}, "version": 185}
{"obj": {"type": "LogFloats", "path": ["monitoring", "cpu"], "values": [{"value": 7.1, "step": null, "ts": 1637157346.462147}]}, "version": 186}
{"obj": {"type": "LogFloats", "path": ["monitoring", "memory"], "values": [{"value": 9.4715576171875, "step": null, "ts": 1637157346.462147}]}, "version": 187}
{"obj": {"type": "LogFloats", "path": ["monitoring", "gpu"], "values": [{"value": 1.0, "step": null, "ts": 1637157346.462147}]}, "version": 188}
{"obj": {"type": "LogFloats", "path": ["monitoring", "gpu_memory"], "values": [{"value": 0.41974639892578125, "step": null, "ts": 1637157346.462147}]}, "version": 189}
{"obj": {"type": "LogStrings", "path": ["monitoring", "stdout"], "values": [{"value": "Python 3.7.10 (default, Feb 26 2021, 13:06:18) [MSC v.1916 64 bit (AMD64)]\nType 'copyright', 'credits' or 'license' for more information\nIPython 7.25.0 -- An enhanced Interactive Python. Type '?' for help.\n", "step": null, "ts": 1637157347.1658974}]}, "version": 190}
{"obj": {"type": "LogStrings", "path": ["monitoring", "stdout"], "values": [{"value": "PyDev console: using IPython 7.25.0\n", "step": null, "ts": 1637157347.1668973}]}, "version": 191}
{"obj": {"type": "LogStrings", "path": ["monitoring", "stdout"], "values": [{"value": "\n", "step": null, "ts": 1637157347.1668973}]}, "version": 192}
{"obj": {"type": "LogFloats", "path": ["monitoring", "cpu"], "values": [{"value": 4.5, "step": null, "ts": 1637157356.4708312}]}, "version": 193}
{"obj": {"type": "LogFloats", "path": ["monitoring", "memory"], "values": [{"value": 9.479549407958984, "step": null, "ts": 1637157356.4708312}]}, "version": 194}
{"obj": {"type": "LogFloats", "path": ["monitoring", "gpu"], "values": [{"value": 2.0, "step": null, "ts": 1637157356.4708312}]}, "version": 195}
{"obj": {"type": "LogFloats", "path": ["monitoring", "gpu_memory"], "values": [{"value": 0.42023468017578125, "step": null, "ts": 1637157356.4708312}]}, "version": 196}
{"obj": {"type": "LogStrings", "path": ["monitoring", "stdout"], "values": [{"value": "Out[2]: ", "step": null, "ts": 1637157356.9200547}]}, "version": 197}
{"obj": {"type": "LogStrings", "path": ["monitoring", "stderr"], "values": [{"value": "Warning: string series 'monitoring/stdout' value was longer than 1000 characters and was truncated. This warning is printed only once per series.\n", "step": null, "ts": 1637157356.929053}]}, "version": 198}
{"obj": {"type": "LogStrings", "path": ["monitoring", "stdout"], "values": [{"value": "\nParameter containing:\ntensor([[-1.1242e+00,  4.7249e-01,  3.7412e-01,  2.4970e+00,  1.1653e-01,\n         -2.7380e-01,  9.5671e-01,  1.0713e+00, -1.3065e-01,  2.7399e-02,\n         -3.9779e-01,  5.1892e-01, -2.4861e+00, -1.4902e+00, -6.9291e-01,\n         -2.2187e-01, -1.5412e-01, -1.5500e-01, -5.2400e-01, -8.6113e-01,\n          7.4276e-01,  1.4502e+00,  4.7243e-01,  1.4806e+00, -1.8699e+00,\n          2.7190e-02,  1.1817e+00,  1.6196e-01,  2.0028e+00,  9.9128e-01,\n          1.3449e+00,  1.0013e+00,  7.1911e-01,  7.2462e-01, -2.7074e-02,\n         -1.1933e+00, -5.1696e-01,  1.3586e+00,  2.3653e+00, -1.4428e+00,\n          5.9651e-02, -3.6297e-01,  5.1496e-01, -2.2809e+00,  2.4118e-01,\n          1.6948e-01,  4.8018e-01, -1.7641e+00,  4.5847e-01, -5.5548e-01,\n          2.1324e-01,  2.1935e-01,  1.0564e+00, -2.9058e-01, -3.8492e-01,\n         -3.3814e-01,  7.5336e-01, -1.2739e+00, -6.9549e-01, -3.7083e-02,\n          5.9195e-01, -9.6486e-01, -2.2842e-01, -7.3375e-01,  4.2241e-01,\n          6.226", "step": null, "ts": 1637157356.929053}]}, "version": 199}
{"obj": {"type": "LogStrings", "path": ["monitoring", "stdout"], "values": [{"value": "\n", "step": null, "ts": 1637157356.929053}]}, "version": 200}
{"obj": {"type": "LogFloats", "path": ["monitoring", "cpu"], "values": [{"value": 10.1, "step": null, "ts": 1637157366.4796298}]}, "version": 201}
{"obj": {"type": "LogFloats", "path": ["monitoring", "memory"], "values": [{"value": 9.480159759521484, "step": null, "ts": 1637157366.4796298}]}, "version": 202}
{"obj": {"type": "LogFloats", "path": ["monitoring", "gpu"], "values": [{"value": 1.0, "step": null, "ts": 1637157366.4796298}]}, "version": 203}
{"obj": {"type": "LogFloats", "path": ["monitoring", "gpu_memory"], "values": [{"value": 0.41980743408203125, "step": null, "ts": 1637157366.4796298}]}, "version": 204}
{"obj": {"type": "LogFloats", "path": ["monitoring", "cpu"], "values": [{"value": 8.6, "step": null, "ts": 1637157376.4896555}]}, "version": 205}
{"obj": {"type": "LogFloats", "path": ["monitoring", "memory"], "values": [{"value": 9.479408264160156, "step": null, "ts": 1637157376.4896555}]}, "version": 206}
{"obj": {"type": "LogFloats", "path": ["monitoring", "gpu"], "values": [{"value": 2.0, "step": null, "ts": 1637157376.4896555}]}, "version": 207}
{"obj": {"type": "LogFloats", "path": ["monitoring", "gpu_memory"], "values": [{"value": 0.41980743408203125, "step": null, "ts": 1637157376.4896555}]}, "version": 208}
{"obj": {"type": "LogStrings", "path": ["monitoring", "stdout"], "values": [{"value": "Out[4]: ", "step": null, "ts": 1637157380.2279704}]}, "version": 209}
{"obj": {"type": "LogStrings", "path": ["monitoring", "stdout"], "values": [{"value": "\nParameter containing:\ntensor([[-1.4582e-03, -7.7379e-04, -2.3734e-03,  1.5809e-03,  4.1623e-04,\n          3.3821e-04,  5.3790e-04, -1.6847e-03,  4.6985e-04,  9.4057e-04,\n          2.0552e-03, -8.1588e-04,  1.3446e-04,  9.2226e-04, -7.2967e-04,\n         -1.3667e-03, -1.7440e-03, -2.2727e-04, -3.1497e-04, -1.2522e-04,\n         -8.8506e-04,  1.1043e-03, -1.5826e-03,  9.3527e-04,  1.9118e-03,\n         -1.1424e-03, -1.1470e-04,  7.6558e-04, -1.0322e-03,  1.2854e-03,\n         -7.9231e-04, -5.3822e-04, -7.8009e-04, -7.1527e-04, -8.5199e-04,\n          1.1533e-03, -6.8510e-04, -1.1385e-03, -3.8221e-04,  9.8906e-04,\n         -7.0064e-04,  9.6483e-04, -8.1682e-05,  7.6297e-04, -5.0448e-04,\n         -1.0064e-04,  5.0944e-04,  8.7018e-04,  9.3785e-04,  2.5297e-04,\n          1.3528e-03,  9.7573e-04, -1.8877e-03,  1.0278e-03, -1.7009e-04,\n          1.2517e-03,  1.0238e-03, -8.0856e-04,  8.9844e-04,  4.3003e-05,\n         -8.5341e-04,  2.2017e-05,  4.3804e-04, -1.6300e-03, -2.4270e-03,\n          6.426", "step": null, "ts": 1637157380.236971}]}, "version": 210}
{"obj": {"type": "LogStrings", "path": ["monitoring", "stdout"], "values": [{"value": "\n", "step": null, "ts": 1637157380.236971}]}, "version": 211}
{"obj": {"type": "LogFloats", "path": ["monitoring", "cpu"], "values": [{"value": 7.6, "step": null, "ts": 1637157386.498439}]}, "version": 212}
{"obj": {"type": "LogFloats", "path": ["monitoring", "memory"], "values": [{"value": 9.480792999267578, "step": null, "ts": 1637157386.498439}]}, "version": 213}
{"obj": {"type": "LogFloats", "path": ["monitoring", "gpu"], "values": [{"value": 1.0, "step": null, "ts": 1637157386.498439}]}, "version": 214}
{"obj": {"type": "LogFloats", "path": ["monitoring", "gpu_memory"], "values": [{"value": 0.41980743408203125, "step": null, "ts": 1637157386.498439}]}, "version": 215}
{"obj": {"type": "LogFloats", "path": ["monitoring", "cpu"], "values": [{"value": 6.9, "step": null, "ts": 1637157396.5079613}]}, "version": 216}
{"obj": {"type": "LogFloats", "path": ["monitoring", "memory"], "values": [{"value": 9.480487823486328, "step": null, "ts": 1637157396.5079613}]}, "version": 217}
{"obj": {"type": "LogFloats", "path": ["monitoring", "gpu"], "values": [{"value": 4.0, "step": null, "ts": 1637157396.5079613}]}, "version": 218}
{"obj": {"type": "LogFloats", "path": ["monitoring", "gpu_memory"], "values": [{"value": 0.41980743408203125, "step": null, "ts": 1637157396.5079613}]}, "version": 219}
