{"obj": {"type": "AssignString", "path": ["sys", "name"], "value": "Untitled"}, "version": 1}
{"obj": {"type": "AssignString", "path": ["sys", "description"], "value": ""}, "version": 2}
{"obj": {"type": "AssignString", "path": ["sys", "hostname"], "value": "LAPTOP-U1IJGCL4"}, "version": 3}
{"obj": {"type": "AssignBool", "path": ["sys", "failed"], "value": false}, "version": 4}
{"obj": {"type": "ClearStringLog", "path": ["monitoring", "stdout"]}, "version": 5}
{"obj": {"type": "ClearStringLog", "path": ["monitoring", "stderr"]}, "version": 6}
{"obj": {"type": "AssignString", "path": ["source_code", "entrypoint"], "value": "main.py"}, "version": 7}
{"obj": {"type": "UploadFileSet", "path": ["source_code", "files"], "file_globs": ["C:\\AttentionIsOptimalBuildingBlockArticle\\First_Experiment_Second_Trial\\main.py"], "reset": "False"}, "version": 8}
{"obj": {"type": "ConfigFloatSeries", "path": ["monitoring", "cpu"], "min": 0.0, "max": 100.0, "unit": "%"}, "version": 9}
{"obj": {"type": "ClearFloatLog", "path": ["monitoring", "cpu"]}, "version": 10}
{"obj": {"type": "ConfigFloatSeries", "path": ["monitoring", "memory"], "min": 0.0, "max": 15.43682861328125, "unit": "GB"}, "version": 11}
{"obj": {"type": "ClearFloatLog", "path": ["monitoring", "memory"]}, "version": 12}
{"obj": {"type": "ConfigFloatSeries", "path": ["monitoring", "gpu"], "min": 0.0, "max": 100.0, "unit": "%"}, "version": 13}
{"obj": {"type": "ClearFloatLog", "path": ["monitoring", "gpu"]}, "version": 14}
{"obj": {"type": "ConfigFloatSeries", "path": ["monitoring", "gpu_memory"], "min": 0.0, "max": 6.0, "unit": "GB"}, "version": 15}
{"obj": {"type": "ClearFloatLog", "path": ["monitoring", "gpu_memory"]}, "version": 16}
{"obj": {"type": "LogStrings", "path": ["monitoring", "stdout"], "values": [{"value": "", "step": null, "ts": 1637416271.4234073}]}, "version": 17}
{"obj": {"type": "LogStrings", "path": ["monitoring", "stdout"], "values": [{"value": "https://app.neptune.ai/chaimchess/AttentionIsOptimalBuildingBlockArticle/e/AT-1\n", "step": null, "ts": 1637416271.4254086}]}, "version": 18}
{"obj": {"type": "AssignString", "path": ["parameters", "learning_rate"], "value": "None"}, "version": 19}
{"obj": {"type": "AssignString", "path": ["parameters", "optimizer"], "value": "Adam"}, "version": 20}
{"obj": {"type": "LogFloats", "path": ["monitoring", "cpu"], "values": [{"value": 25.0, "step": null, "ts": 1637416271.4134076}]}, "version": 21}
{"obj": {"type": "LogFloats", "path": ["monitoring", "memory"], "values": [{"value": 8.717445373535156, "step": null, "ts": 1637416271.4134076}]}, "version": 22}
{"obj": {"type": "LogFloats", "path": ["monitoring", "gpu"], "values": [{"value": 9.0, "step": null, "ts": 1637416271.4134076}]}, "version": 23}
{"obj": {"type": "LogFloats", "path": ["monitoring", "gpu_memory"], "values": [{"value": 0.33324432373046875, "step": null, "ts": 1637416271.4134076}]}, "version": 24}
{"obj": {"type": "LogFloats", "path": ["monitoring", "cpu"], "values": [{"value": 37.8, "step": null, "ts": 1637416281.4379516}]}, "version": 25}
{"obj": {"type": "LogFloats", "path": ["monitoring", "memory"], "values": [{"value": 10.381584167480469, "step": null, "ts": 1637416281.4379516}]}, "version": 26}
{"obj": {"type": "LogFloats", "path": ["monitoring", "gpu"], "values": [{"value": 6.0, "step": null, "ts": 1637416281.4379516}]}, "version": 27}
{"obj": {"type": "LogFloats", "path": ["monitoring", "gpu_memory"], "values": [{"value": 1.537628173828125, "step": null, "ts": 1637416281.4379516}]}, "version": 28}
{"obj": {"type": "LogStrings", "path": ["monitoring", "stdout"], "values": [{"value": "| epoch   1 |   200/ 2983 batches | lr 5.00 | ms/batch 32.52 | loss  7.57 | ppl  1932.95", "step": null, "ts": 1637416285.0652268}]}, "version": 29}
{"obj": {"type": "LogStrings", "path": ["monitoring", "stdout"], "values": [{"value": "\n", "step": null, "ts": 1637416285.0662296}]}, "version": 30}
{"obj": {"type": "LogFloats", "path": ["loss"], "values": [{"value": 7.566803154945373, "step": null, "ts": 1637416285.0662296}]}, "version": 31}
{"obj": {"type": "LogFloats", "path": ["ppl"], "values": [{"value": 1932.9510488195315, "step": null, "ts": 1637416285.0672283}]}, "version": 32}
{"obj": {"type": "LogStrings", "path": ["monitoring", "stdout"], "values": [{"value": "| epoch   1 |   400/ 2983 batches | lr 5.00 | ms/batch 20.67 | loss  6.79 | ppl   891.40", "step": null, "ts": 1637416289.2005816}]}, "version": 33}
{"obj": {"type": "LogStrings", "path": ["monitoring", "stdout"], "values": [{"value": "\n", "step": null, "ts": 1637416289.2005816}]}, "version": 34}
{"obj": {"type": "LogFloats", "path": ["loss"], "values": [{"value": 6.792787752151489, "step": null, "ts": 1637416289.201581}]}, "version": 35}
{"obj": {"type": "LogFloats", "path": ["ppl"], "values": [{"value": 891.3950898605582, "step": null, "ts": 1637416289.201581}]}, "version": 36}
{"obj": {"type": "LogFloats", "path": ["monitoring", "cpu"], "values": [{"value": 37.2, "step": null, "ts": 1637416291.4449937}]}, "version": 37}
{"obj": {"type": "LogFloats", "path": ["monitoring", "memory"], "values": [{"value": 10.375133514404297, "step": null, "ts": 1637416291.4449937}]}, "version": 38}
{"obj": {"type": "LogFloats", "path": ["monitoring", "gpu"], "values": [{"value": 71.0, "step": null, "ts": 1637416291.4449937}]}, "version": 39}
{"obj": {"type": "LogFloats", "path": ["monitoring", "gpu_memory"], "values": [{"value": 1.534637451171875, "step": null, "ts": 1637416291.4449937}]}, "version": 40}
{"obj": {"type": "LogStrings", "path": ["monitoring", "stdout"], "values": [{"value": "| epoch   1 |   600/ 2983 batches | lr 5.00 | ms/batch 23.63 | loss  6.50 | ppl   662.74", "step": null, "ts": 1637416293.9292698}]}, "version": 41}
{"obj": {"type": "LogStrings", "path": ["monitoring", "stdout"], "values": [{"value": "\n", "step": null, "ts": 1637416293.9292698}]}, "version": 42}
{"obj": {"type": "LogFloats", "path": ["loss"], "values": [{"value": 6.496380937099457, "step": null, "ts": 1637416293.9292698}]}, "version": 43}
{"obj": {"type": "LogFloats", "path": ["ppl"], "values": [{"value": 662.7387942715549, "step": null, "ts": 1637416293.9302747}]}, "version": 44}
{"obj": {"type": "LogStrings", "path": ["monitoring", "stdout"], "values": [{"value": "| epoch   1 |   800/ 2983 batches | lr 5.00 | ms/batch 24.75 | loss  6.36 | ppl   579.55", "step": null, "ts": 1637416298.8809423}]}, "version": 45}
{"obj": {"type": "LogStrings", "path": ["monitoring", "stdout"], "values": [{"value": "\n", "step": null, "ts": 1637416298.8819416}]}, "version": 46}
{"obj": {"type": "LogFloats", "path": ["loss"], "values": [{"value": 6.362258021831512, "step": null, "ts": 1637416298.8819416}]}, "version": 47}
{"obj": {"type": "LogFloats", "path": ["ppl"], "values": [{"value": 579.5535245421635, "step": null, "ts": 1637416298.8819416}]}, "version": 48}
{"obj": {"type": "LogFloats", "path": ["monitoring", "cpu"], "values": [{"value": 41.9, "step": null, "ts": 1637416301.4533644}]}, "version": 49}
{"obj": {"type": "LogFloats", "path": ["monitoring", "memory"], "values": [{"value": 10.38775634765625, "step": null, "ts": 1637416301.4533644}]}, "version": 50}
{"obj": {"type": "LogFloats", "path": ["monitoring", "gpu"], "values": [{"value": 83.0, "step": null, "ts": 1637416301.4533644}]}, "version": 51}
{"obj": {"type": "LogFloats", "path": ["monitoring", "gpu_memory"], "values": [{"value": 1.537139892578125, "step": null, "ts": 1637416301.4533644}]}, "version": 52}
{"obj": {"type": "LogStrings", "path": ["monitoring", "stdout"], "values": [{"value": "| epoch   1 |  1000/ 2983 batches | lr 5.00 | ms/batch 25.24 | loss  6.26 | ppl   524.31", "step": null, "ts": 1637416303.9290707}]}, "version": 53}
{"obj": {"type": "LogStrings", "path": ["monitoring", "stdout"], "values": [{"value": "\n", "step": null, "ts": 1637416303.9290707}]}, "version": 54}
{"obj": {"type": "LogFloats", "path": ["loss"], "values": [{"value": 6.262085235118866, "step": null, "ts": 1637416303.9290707}]}, "version": 55}
{"obj": {"type": "LogFloats", "path": ["ppl"], "values": [{"value": 524.3111129395924, "step": null, "ts": 1637416303.9300718}]}, "version": 56}
{"obj": {"type": "LogStrings", "path": ["monitoring", "stdout"], "values": [{"value": "| epoch   1 |  1200/ 2983 batches | lr 5.00 | ms/batch 25.49 | loss  6.22 | ppl   503.82", "step": null, "ts": 1637416309.0284584}]}, "version": 57}
{"obj": {"type": "LogStrings", "path": ["monitoring", "stdout"], "values": [{"value": "\n", "step": null, "ts": 1637416309.0294583}]}, "version": 58}
{"obj": {"type": "LogFloats", "path": ["loss"], "values": [{"value": 6.222228679656983, "step": null, "ts": 1637416309.0294583}]}, "version": 59}
{"obj": {"type": "LogFloats", "path": ["ppl"], "values": [{"value": 503.82484588168404, "step": null, "ts": 1637416309.0294583}]}, "version": 60}
{"obj": {"type": "LogFloats", "path": ["monitoring", "cpu"], "values": [{"value": 40.0, "step": null, "ts": 1637416311.4616418}]}, "version": 61}
{"obj": {"type": "LogFloats", "path": ["monitoring", "memory"], "values": [{"value": 10.320014953613281, "step": null, "ts": 1637416311.4616418}]}, "version": 62}
{"obj": {"type": "LogFloats", "path": ["monitoring", "gpu"], "values": [{"value": 82.0, "step": null, "ts": 1637416311.4616418}]}, "version": 63}
{"obj": {"type": "LogFloats", "path": ["monitoring", "gpu_memory"], "values": [{"value": 1.537139892578125, "step": null, "ts": 1637416311.4616418}]}, "version": 64}
{"obj": {"type": "LogStrings", "path": ["monitoring", "stdout"], "values": [{"value": "| epoch   1 |  1400/ 2983 batches | lr 5.00 | ms/batch 25.55 | loss  6.14 | ppl   466.06", "step": null, "ts": 1637416314.142087}]}, "version": 65}
{"obj": {"type": "LogStrings", "path": ["monitoring", "stdout"], "values": [{"value": "\n", "step": null, "ts": 1637416314.142087}]}, "version": 66}
{"obj": {"type": "LogFloats", "path": ["loss"], "values": [{"value": 6.144309089183808, "step": null, "ts": 1637416314.14309}]}, "version": 67}
{"obj": {"type": "LogFloats", "path": ["ppl"], "values": [{"value": 466.05753360843784, "step": null, "ts": 1637416314.14309}]}, "version": 68}
{"obj": {"type": "LogStrings", "path": ["monitoring", "stdout"], "values": [{"value": "| epoch   1 |  1600/ 2983 batches | lr 5.00 | ms/batch 25.79 | loss  6.15 | ppl   470.86", "step": null, "ts": 1637416319.3024774}]}, "version": 69}
{"obj": {"type": "LogStrings", "path": ["monitoring", "stdout"], "values": [{"value": "\n", "step": null, "ts": 1637416319.3024774}]}, "version": 70}
{"obj": {"type": "LogFloats", "path": ["loss"], "values": [{"value": 6.154553360939026, "step": null, "ts": 1637416319.3024774}]}, "version": 71}
{"obj": {"type": "LogFloats", "path": ["ppl"], "values": [{"value": 470.8564925873868, "step": null, "ts": 1637416319.3024774}]}, "version": 72}
{"obj": {"type": "LogFloats", "path": ["monitoring", "cpu"], "values": [{"value": 41.7, "step": null, "ts": 1637416321.4696424}]}, "version": 73}
{"obj": {"type": "LogFloats", "path": ["monitoring", "memory"], "values": [{"value": 10.314334869384766, "step": null, "ts": 1637416321.4696424}]}, "version": 74}
{"obj": {"type": "LogFloats", "path": ["monitoring", "gpu"], "values": [{"value": 83.0, "step": null, "ts": 1637416321.4696424}]}, "version": 75}
{"obj": {"type": "LogFloats", "path": ["monitoring", "gpu_memory"], "values": [{"value": 1.537139892578125, "step": null, "ts": 1637416321.4696424}]}, "version": 76}
{"obj": {"type": "LogStrings", "path": ["monitoring", "stdout"], "values": [{"value": "| epoch   1 |  1800/ 2983 batches | lr 5.00 | ms/batch 25.41 | loss  6.03 | ppl   413.91", "step": null, "ts": 1637416324.3863726}]}, "version": 77}
{"obj": {"type": "LogStrings", "path": ["monitoring", "stdout"], "values": [{"value": "\n", "step": null, "ts": 1637416324.3863726}]}, "version": 78}
{"obj": {"type": "LogFloats", "path": ["loss"], "values": [{"value": 6.025637516975403, "step": null, "ts": 1637416324.3863726}]}, "version": 79}
{"obj": {"type": "LogFloats", "path": ["ppl"], "values": [{"value": 413.905429667168, "step": null, "ts": 1637416324.3873746}]}, "version": 80}
{"obj": {"type": "LogStrings", "path": ["monitoring", "stdout"], "values": [{"value": "| epoch   1 |  2000/ 2983 batches | lr 5.00 | ms/batch 24.45 | loss  6.02 | ppl   410.91", "step": null, "ts": 1637416329.276748}]}, "version": 81}
{"obj": {"type": "LogStrings", "path": ["monitoring", "stdout"], "values": [{"value": "\n", "step": null, "ts": 1637416329.276748}]}, "version": 82}
{"obj": {"type": "LogFloats", "path": ["loss"], "values": [{"value": 6.018381175994873, "step": null, "ts": 1637416329.276748}]}, "version": 83}
{"obj": {"type": "LogFloats", "path": ["ppl"], "values": [{"value": 410.9128614146342, "step": null, "ts": 1637416329.2777493}]}, "version": 84}
{"obj": {"type": "LogFloats", "path": ["monitoring", "cpu"], "values": [{"value": 40.1, "step": null, "ts": 1637416331.4769175}]}, "version": 85}
{"obj": {"type": "LogFloats", "path": ["monitoring", "memory"], "values": [{"value": 10.377159118652344, "step": null, "ts": 1637416331.4769175}]}, "version": 86}
{"obj": {"type": "LogFloats", "path": ["monitoring", "gpu"], "values": [{"value": 83.0, "step": null, "ts": 1637416331.4769175}]}, "version": 87}
{"obj": {"type": "LogFloats", "path": ["monitoring", "gpu_memory"], "values": [{"value": 1.521514892578125, "step": null, "ts": 1637416331.4769175}]}, "version": 88}
{"obj": {"type": "LogStrings", "path": ["monitoring", "stdout"], "values": [{"value": "| epoch   1 |  2200/ 2983 batches | lr 5.00 | ms/batch 23.67 | loss  5.93 | ppl   374.78", "step": null, "ts": 1637416334.0111082}]}, "version": 89}
{"obj": {"type": "LogStrings", "path": ["monitoring", "stdout"], "values": [{"value": "\n", "step": null, "ts": 1637416334.0121078}]}, "version": 90}
{"obj": {"type": "LogFloats", "path": ["loss"], "values": [{"value": 5.9263495397567745, "step": null, "ts": 1637416334.0121078}]}, "version": 91}
{"obj": {"type": "LogFloats", "path": ["ppl"], "values": [{"value": 374.78387997098037, "step": null, "ts": 1637416334.0121078}]}, "version": 92}
{"obj": {"type": "LogStrings", "path": ["monitoring", "stdout"], "values": [{"value": "| epoch   1 |  2400/ 2983 batches | lr 5.00 | ms/batch 21.00 | loss  5.93 | ppl   376.86", "step": null, "ts": 1637416338.2113519}]}, "version": 93}
{"obj": {"type": "LogStrings", "path": ["monitoring", "stdout"], "values": [{"value": "\n", "step": null, "ts": 1637416338.2123516}]}, "version": 94}
{"obj": {"type": "LogFloats", "path": ["loss"], "values": [{"value": 5.93187251329422, "step": null, "ts": 1637416338.2123516}]}, "version": 95}
{"obj": {"type": "LogFloats", "path": ["ppl"], "values": [{"value": 376.85952802078464, "step": null, "ts": 1637416338.2123516}]}, "version": 96}
{"obj": {"type": "LogFloats", "path": ["monitoring", "cpu"], "values": [{"value": 34.1, "step": null, "ts": 1637416341.4886003}]}, "version": 97}
{"obj": {"type": "LogFloats", "path": ["monitoring", "memory"], "values": [{"value": 10.399486541748047, "step": null, "ts": 1637416341.4886003}]}, "version": 98}
{"obj": {"type": "LogFloats", "path": ["monitoring", "gpu"], "values": [{"value": 80.0, "step": null, "ts": 1637416341.4886003}]}, "version": 99}
{"obj": {"type": "LogFloats", "path": ["monitoring", "gpu_memory"], "values": [{"value": 1.522369384765625, "step": null, "ts": 1637416341.4886003}]}, "version": 100}
{"obj": {"type": "LogStrings", "path": ["monitoring", "stdout"], "values": [{"value": "| epoch   1 |  2600/ 2983 batches | lr 5.00 | ms/batch 20.58 | loss  5.93 | ppl   376.23", "step": null, "ts": 1637416342.3286633}]}, "version": 101}
{"obj": {"type": "LogStrings", "path": ["monitoring", "stdout"], "values": [{"value": "\n", "step": null, "ts": 1637416342.3286633}]}, "version": 102}
{"obj": {"type": "LogFloats", "path": ["loss"], "values": [{"value": 5.930204465389251, "step": null, "ts": 1637416342.329665}]}, "version": 103}
{"obj": {"type": "LogFloats", "path": ["ppl"], "values": [{"value": 376.23143226713876, "step": null, "ts": 1637416342.329665}]}, "version": 104}
{"obj": {"type": "LogStrings", "path": ["monitoring", "stdout"], "values": [{"value": "| epoch   1 |  2800/ 2983 batches | lr 5.00 | ms/batch 20.40 | loss  5.84 | ppl   343.32", "step": null, "ts": 1637416346.411531}]}, "version": 105}
{"obj": {"type": "LogStrings", "path": ["monitoring", "stdout"], "values": [{"value": "\n", "step": null, "ts": 1637416346.411531}]}, "version": 106}
{"obj": {"type": "LogFloats", "path": ["loss"], "values": [{"value": 5.8386672234535215, "step": null, "ts": 1637416346.411531}]}, "version": 107}
{"obj": {"type": "LogFloats", "path": ["ppl"], "values": [{"value": 343.3214648134393, "step": null, "ts": 1637416346.411531}]}, "version": 108}
{"obj": {"type": "LogStrings", "path": ["monitoring", "stdout"], "values": [{"value": "Shutting down background jobs, please wait a moment...\n", "step": null, "ts": 1637416350.1018112}]}, "version": 109}
