{"obj": {"type": "AssignString", "path": ["sys", "name"], "value": "Untitled"}, "version": 1}
{"obj": {"type": "AssignString", "path": ["sys", "description"], "value": ""}, "version": 2}
{"obj": {"type": "AssignString", "path": ["sys", "hostname"], "value": "LAPTOP-U1IJGCL4"}, "version": 3}
{"obj": {"type": "AssignBool", "path": ["sys", "failed"], "value": false}, "version": 4}
{"obj": {"type": "ClearStringLog", "path": ["monitoring", "stdout"]}, "version": 5}
{"obj": {"type": "ClearStringLog", "path": ["monitoring", "stderr"]}, "version": 6}
{"obj": {"type": "AssignString", "path": ["source_code", "entrypoint"], "value": "sale_prices_predictor.py"}, "version": 7}
{"obj": {"type": "UploadFileSet", "path": ["source_code", "files"], "file_globs": ["C:\\AttentionIsOptimalBuildingBlockArticle\\FirstExperimentThirdTrial\\sale_prices_predictor.py"], "reset": "False"}, "version": 8}
{"obj": {"type": "ConfigFloatSeries", "path": ["monitoring", "cpu"], "min": 0.0, "max": 100.0, "unit": "%"}, "version": 9}
{"obj": {"type": "ClearFloatLog", "path": ["monitoring", "cpu"]}, "version": 10}
{"obj": {"type": "ConfigFloatSeries", "path": ["monitoring", "memory"], "min": 0.0, "max": 15.43682861328125, "unit": "GB"}, "version": 11}
{"obj": {"type": "ClearFloatLog", "path": ["monitoring", "memory"]}, "version": 12}
{"obj": {"type": "ConfigFloatSeries", "path": ["monitoring", "gpu"], "min": 0.0, "max": 100.0, "unit": "%"}, "version": 13}
{"obj": {"type": "ClearFloatLog", "path": ["monitoring", "gpu"]}, "version": 14}
{"obj": {"type": "ConfigFloatSeries", "path": ["monitoring", "gpu_memory"], "min": 0.0, "max": 6.0, "unit": "GB"}, "version": 15}
{"obj": {"type": "ClearFloatLog", "path": ["monitoring", "gpu_memory"]}, "version": 16}
{"obj": {"type": "LogStrings", "path": ["monitoring", "stdout"], "values": [{"value": "", "step": null, "ts": 1637568607.4747825}]}, "version": 17}
{"obj": {"type": "LogStrings", "path": ["monitoring", "stdout"], "values": [{"value": "https://app.neptune.ai/chaimchess/AttentionIsOptimalBuildingBlock/e/AT1-15\n", "step": null, "ts": 1637568607.4747825}]}, "version": 18}
{"obj": {"type": "AssignFloat", "path": ["parameters", "learning_rate"], "value": 0.0001}, "version": 19}
{"obj": {"type": "AssignString", "path": ["parameters", "optimizer"], "value": "Adam"}, "version": 20}
{"obj": {"type": "LogFloats", "path": ["monitoring", "cpu"], "values": [{"value": 14.0, "step": null, "ts": 1637568607.459161}]}, "version": 21}
{"obj": {"type": "LogFloats", "path": ["monitoring", "memory"], "values": [{"value": 6.813850402832031, "step": null, "ts": 1637568607.459161}]}, "version": 22}
{"obj": {"type": "LogFloats", "path": ["monitoring", "gpu"], "values": [{"value": 2.0, "step": null, "ts": 1637568607.459161}]}, "version": 23}
{"obj": {"type": "LogFloats", "path": ["monitoring", "gpu_memory"], "values": [{"value": 0.33818817138671875, "step": null, "ts": 1637568607.459161}]}, "version": 24}
{"obj": {"type": "LogStrings", "path": ["monitoring", "stderr"], "values": [{"value": "\r0it [00:00, ?it/s]", "step": null, "ts": 1637568608.7403789}]}, "version": 25}
{"obj": {"type": "LogStrings", "path": ["monitoring", "stderr"], "values": [{"value": "", "step": null, "ts": 1637568609.209116}]}, "version": 26}
{"obj": {"type": "LogStrings", "path": ["monitoring", "stderr"], "values": [{"value": "\r0it [00:00, ?it/s]", "step": null, "ts": 1637568609.209116}]}, "version": 27}
{"obj": {"type": "LogStrings", "path": ["monitoring", "stderr"], "values": [{"value": "\n", "step": null, "ts": 1637568609.209116}]}, "version": 28}
{"obj": {"type": "LogStrings", "path": ["monitoring", "stderr"], "values": [{"value": "Traceback (most recent call last):\n", "step": null, "ts": 1637568609.209116}]}, "version": 29}
{"obj": {"type": "LogStrings", "path": ["monitoring", "stderr"], "values": [{"value": "  File \"C:\\Program Files\\JetBrains\\PyCharm 2020.3.5\\plugins\\python\\helpers\\pydev\\pydevd.py\", line 1477, in _exec\n", "step": null, "ts": 1637568609.209116}]}, "version": 30}
{"obj": {"type": "LogStrings", "path": ["monitoring", "stderr"], "values": [{"value": "    ", "step": null, "ts": 1637568609.2247446}]}, "version": 31}
{"obj": {"type": "LogStrings", "path": ["monitoring", "stderr"], "values": [{"value": "pydev_imports.execfile(file, globals, locals)  # execute the script", "step": null, "ts": 1637568609.2247446}]}, "version": 32}
{"obj": {"type": "LogStrings", "path": ["monitoring", "stderr"], "values": [{"value": "\n", "step": null, "ts": 1637568609.2247446}]}, "version": 33}
{"obj": {"type": "LogStrings", "path": ["monitoring", "stderr"], "values": [{"value": "  File \"C:\\Program Files\\JetBrains\\PyCharm 2020.3.5\\plugins\\python\\helpers\\pydev\\_pydev_imps\\_pydev_execfile.py\", line 18, in execfile\n", "step": null, "ts": 1637568609.2247446}]}, "version": 34}
{"obj": {"type": "LogStrings", "path": ["monitoring", "stderr"], "values": [{"value": "    ", "step": null, "ts": 1637568609.2247446}]}, "version": 35}
{"obj": {"type": "LogStrings", "path": ["monitoring", "stderr"], "values": [{"value": "exec(compile(contents+\"\\n\", file, 'exec'), glob, loc)", "step": null, "ts": 1637568609.2247446}]}, "version": 36}
{"obj": {"type": "LogStrings", "path": ["monitoring", "stderr"], "values": [{"value": "\n", "step": null, "ts": 1637568609.2247446}]}, "version": 37}
{"obj": {"type": "LogStrings", "path": ["monitoring", "stderr"], "values": [{"value": "  File \"C:/AttentionIsOptimalBuildingBlockArticle/FirstExperimentThirdTrial/sale_prices_predictor.py\", line 227, in <module>\n", "step": null, "ts": 1637568609.2247446}]}, "version": 38}
{"obj": {"type": "LogStrings", "path": ["monitoring", "stderr"], "values": [{"value": "    ", "step": null, "ts": 1637568609.2247446}]}, "version": 39}
{"obj": {"type": "LogStrings", "path": ["monitoring", "stderr"], "values": [{"value": "runner_obj.runner()", "step": null, "ts": 1637568609.2247446}]}, "version": 40}
{"obj": {"type": "LogStrings", "path": ["monitoring", "stderr"], "values": [{"value": "\n", "step": null, "ts": 1637568609.2247446}]}, "version": 41}
{"obj": {"type": "LogStrings", "path": ["monitoring", "stderr"], "values": [{"value": "  File \"C:/AttentionIsOptimalBuildingBlockArticle/FirstExperimentThirdTrial/sale_prices_predictor.py\", line 150, in runner\n", "step": null, "ts": 1637568609.2247446}]}, "version": 42}
{"obj": {"type": "LogStrings", "path": ["monitoring", "stderr"], "values": [{"value": "    ", "step": null, "ts": 1637568609.2247446}]}, "version": 43}
{"obj": {"type": "LogStrings", "path": ["monitoring", "stderr"], "values": [{"value": "self.trainer(model, self.train_data, epochs_=1)", "step": null, "ts": 1637568609.2247446}]}, "version": 44}
{"obj": {"type": "LogStrings", "path": ["monitoring", "stderr"], "values": [{"value": "\n", "step": null, "ts": 1637568609.2247446}]}, "version": 45}
{"obj": {"type": "LogStrings", "path": ["monitoring", "stderr"], "values": [{"value": "  File \"C:/AttentionIsOptimalBuildingBlockArticle/FirstExperimentThirdTrial/sale_prices_predictor.py\", line 162, in trainer\n", "step": null, "ts": 1637568609.2247446}]}, "version": 46}
{"obj": {"type": "LogStrings", "path": ["monitoring", "stderr"], "values": [{"value": "    ", "step": null, "ts": 1637568609.2247446}]}, "version": 47}
{"obj": {"type": "LogStrings", "path": ["monitoring", "stderr"], "values": [{"value": "self.one_batch_er(model, inputs_ten, gold_labels_ten, data_kind)", "step": null, "ts": 1637568609.2247446}]}, "version": 48}
{"obj": {"type": "LogStrings", "path": ["monitoring", "stderr"], "values": [{"value": "\n", "step": null, "ts": 1637568609.2247446}]}, "version": 49}
{"obj": {"type": "LogStrings", "path": ["monitoring", "stderr"], "values": [{"value": "  File \"C:/AttentionIsOptimalBuildingBlockArticle/FirstExperimentThirdTrial/sale_prices_predictor.py\", line 167, in one_batch_er\n", "step": null, "ts": 1637568609.2247446}]}, "version": 50}
{"obj": {"type": "LogStrings", "path": ["monitoring", "stderr"], "values": [{"value": "    ", "step": null, "ts": 1637568609.2247446}]}, "version": 51}
{"obj": {"type": "LogStrings", "path": ["monitoring", "stderr"], "values": [{"value": "pred_labels = model(inputs_ten_)", "step": null, "ts": 1637568609.2247446}]}, "version": 52}
{"obj": {"type": "LogStrings", "path": ["monitoring", "stderr"], "values": [{"value": "\n", "step": null, "ts": 1637568609.2247446}]}, "version": 53}
{"obj": {"type": "LogStrings", "path": ["monitoring", "stderr"], "values": [{"value": "  File \"C:\\Users\\chaim\\anaconda3\\envs\\PROJ_PLACE\\lib\\site-packages\\torch\\nn\\modules\\module.py\", line 1102, in _call_impl\n", "step": null, "ts": 1637568609.2247446}]}, "version": 54}
{"obj": {"type": "LogStrings", "path": ["monitoring", "stderr"], "values": [{"value": "    ", "step": null, "ts": 1637568609.2247446}]}, "version": 55}
{"obj": {"type": "LogStrings", "path": ["monitoring", "stderr"], "values": [{"value": "return forward_call(*input, **kwargs)", "step": null, "ts": 1637568609.2247446}]}, "version": 56}
{"obj": {"type": "LogStrings", "path": ["monitoring", "stderr"], "values": [{"value": "\n", "step": null, "ts": 1637568609.2247446}]}, "version": 57}
{"obj": {"type": "LogStrings", "path": ["monitoring", "stderr"], "values": [{"value": "  File \"C:\\AttentionIsOptimalBuildingBlockArticle\\FirstExperimentThirdTrial\\transformer_model.py\", line 54, in forward\n", "step": null, "ts": 1637568609.2247446}]}, "version": 58}
{"obj": {"type": "LogStrings", "path": ["monitoring", "stderr"], "values": [{"value": "    ", "step": null, "ts": 1637568609.2247446}]}, "version": 59}
{"obj": {"type": "LogStrings", "path": ["monitoring", "stderr"], "values": [{"value": "value = self.network(batch)", "step": null, "ts": 1637568609.2247446}]}, "version": 60}
{"obj": {"type": "LogStrings", "path": ["monitoring", "stderr"], "values": [{"value": "\n", "step": null, "ts": 1637568609.2247446}]}, "version": 61}
{"obj": {"type": "LogStrings", "path": ["monitoring", "stderr"], "values": [{"value": "  File \"C:\\Users\\chaim\\anaconda3\\envs\\PROJ_PLACE\\lib\\site-packages\\torch\\nn\\modules\\module.py\", line 1102, in _call_impl\n", "step": null, "ts": 1637568609.2247446}]}, "version": 62}
{"obj": {"type": "LogStrings", "path": ["monitoring", "stderr"], "values": [{"value": "    ", "step": null, "ts": 1637568609.2247446}]}, "version": 63}
{"obj": {"type": "LogStrings", "path": ["monitoring", "stderr"], "values": [{"value": "return forward_call(*input, **kwargs)", "step": null, "ts": 1637568609.2247446}]}, "version": 64}
{"obj": {"type": "LogStrings", "path": ["monitoring", "stderr"], "values": [{"value": "\n", "step": null, "ts": 1637568609.2247446}]}, "version": 65}
{"obj": {"type": "LogStrings", "path": ["monitoring", "stderr"], "values": [{"value": "  File \"C:\\Users\\chaim\\anaconda3\\envs\\PROJ_PLACE\\lib\\site-packages\\torch\\nn\\modules\\container.py\", line 141, in forward\n", "step": null, "ts": 1637568609.2247446}]}, "version": 66}
{"obj": {"type": "LogStrings", "path": ["monitoring", "stderr"], "values": [{"value": "    ", "step": null, "ts": 1637568609.2247446}]}, "version": 67}
{"obj": {"type": "LogStrings", "path": ["monitoring", "stderr"], "values": [{"value": "input = module(input)", "step": null, "ts": 1637568609.2247446}]}, "version": 68}
{"obj": {"type": "LogStrings", "path": ["monitoring", "stderr"], "values": [{"value": "\n", "step": null, "ts": 1637568609.2247446}]}, "version": 69}
{"obj": {"type": "LogStrings", "path": ["monitoring", "stderr"], "values": [{"value": "  File \"C:\\Users\\chaim\\anaconda3\\envs\\PROJ_PLACE\\lib\\site-packages\\torch\\nn\\modules\\module.py\", line 1102, in _call_impl\n", "step": null, "ts": 1637568609.2247446}]}, "version": 70}
{"obj": {"type": "LogStrings", "path": ["monitoring", "stderr"], "values": [{"value": "    ", "step": null, "ts": 1637568609.2247446}]}, "version": 71}
{"obj": {"type": "LogStrings", "path": ["monitoring", "stderr"], "values": [{"value": "return forward_call(*input, **kwargs)", "step": null, "ts": 1637568609.2247446}]}, "version": 72}
{"obj": {"type": "LogStrings", "path": ["monitoring", "stderr"], "values": [{"value": "\n", "step": null, "ts": 1637568609.2247446}]}, "version": 73}
{"obj": {"type": "LogStrings", "path": ["monitoring", "stderr"], "values": [{"value": "  File \"C:\\AttentionIsOptimalBuildingBlockArticle\\FirstExperimentThirdTrial\\transformer_model.py\", line 120, in forward\n", "step": null, "ts": 1637568609.2247446}]}, "version": 74}
{"obj": {"type": "LogStrings", "path": ["monitoring", "stderr"], "values": [{"value": "    ", "step": null, "ts": 1637568609.2247446}]}, "version": 75}
{"obj": {"type": "LogStrings", "path": ["monitoring", "stderr"], "values": [{"value": "embed_1,  embed_2, embed_3 = self.W_1(x), self.W_2(x), self.W_3(x)", "step": null, "ts": 1637568609.2247446}]}, "version": 76}
{"obj": {"type": "LogStrings", "path": ["monitoring", "stderr"], "values": [{"value": "\n", "step": null, "ts": 1637568609.2247446}]}, "version": 77}
{"obj": {"type": "LogStrings", "path": ["monitoring", "stderr"], "values": [{"value": "  File \"C:\\Users\\chaim\\anaconda3\\envs\\PROJ_PLACE\\lib\\site-packages\\torch\\nn\\modules\\module.py\", line 1102, in _call_impl\n", "step": null, "ts": 1637568609.2247446}]}, "version": 78}
{"obj": {"type": "LogStrings", "path": ["monitoring", "stderr"], "values": [{"value": "    ", "step": null, "ts": 1637568609.2247446}]}, "version": 79}
{"obj": {"type": "LogStrings", "path": ["monitoring", "stderr"], "values": [{"value": "return forward_call(*input, **kwargs)", "step": null, "ts": 1637568609.2247446}]}, "version": 80}
{"obj": {"type": "LogStrings", "path": ["monitoring", "stderr"], "values": [{"value": "\n", "step": null, "ts": 1637568609.2247446}]}, "version": 81}
{"obj": {"type": "LogStrings", "path": ["monitoring", "stderr"], "values": [{"value": "  File \"C:\\Users\\chaim\\anaconda3\\envs\\PROJ_PLACE\\lib\\site-packages\\torch\\nn\\modules\\linear.py\", line 103, in forward\n", "step": null, "ts": 1637568609.2247446}]}, "version": 82}
{"obj": {"type": "LogStrings", "path": ["monitoring", "stderr"], "values": [{"value": "    ", "step": null, "ts": 1637568609.2247446}]}, "version": 83}
{"obj": {"type": "LogStrings", "path": ["monitoring", "stderr"], "values": [{"value": "return F.linear(input, self.weight, self.bias)", "step": null, "ts": 1637568609.2247446}]}, "version": 84}
{"obj": {"type": "LogStrings", "path": ["monitoring", "stderr"], "values": [{"value": "\n", "step": null, "ts": 1637568609.2247446}]}, "version": 85}
{"obj": {"type": "LogStrings", "path": ["monitoring", "stderr"], "values": [{"value": "  File \"C:\\Users\\chaim\\anaconda3\\envs\\PROJ_PLACE\\lib\\site-packages\\torch\\nn\\functional.py\", line 1848, in linear\n", "step": null, "ts": 1637568609.2247446}]}, "version": 86}
{"obj": {"type": "LogStrings", "path": ["monitoring", "stderr"], "values": [{"value": "    ", "step": null, "ts": 1637568609.2403677}]}, "version": 87}
{"obj": {"type": "LogStrings", "path": ["monitoring", "stderr"], "values": [{"value": "return torch._C._nn.linear(input, weight, bias)", "step": null, "ts": 1637568609.2403677}]}, "version": 88}
{"obj": {"type": "LogStrings", "path": ["monitoring", "stderr"], "values": [{"value": "\n", "step": null, "ts": 1637568609.2403677}]}, "version": 89}
{"obj": {"type": "LogStrings", "path": ["monitoring", "stderr"], "values": [{"value": "RuntimeError", "step": null, "ts": 1637568609.2403677}]}, "version": 90}
{"obj": {"type": "LogStrings", "path": ["monitoring", "stderr"], "values": [{"value": ": ", "step": null, "ts": 1637568609.2403677}]}, "version": 91}
{"obj": {"type": "LogStrings", "path": ["monitoring", "stderr"], "values": [{"value": "mat1 and mat2 shapes cannot be multiplied (19x80 and 100x15)", "step": null, "ts": 1637568609.2403677}]}, "version": 92}
{"obj": {"type": "LogStrings", "path": ["monitoring", "stderr"], "values": [{"value": "\n", "step": null, "ts": 1637568609.2403677}]}, "version": 93}
{"obj": {"type": "LogFloats", "path": ["monitoring", "cpu"], "values": [{"value": 17.5, "step": null, "ts": 1637568617.4774325}]}, "version": 94}
{"obj": {"type": "LogFloats", "path": ["monitoring", "memory"], "values": [{"value": 8.238868713378906, "step": null, "ts": 1637568617.4774325}]}, "version": 95}
{"obj": {"type": "LogFloats", "path": ["monitoring", "gpu"], "values": [{"value": 1.0, "step": null, "ts": 1637568617.4774325}]}, "version": 96}
{"obj": {"type": "LogFloats", "path": ["monitoring", "gpu_memory"], "values": [{"value": 0.935516357421875, "step": null, "ts": 1637568617.4774325}]}, "version": 97}
{"obj": {"type": "LogFloats", "path": ["monitoring", "cpu"], "values": [{"value": 6.5, "step": null, "ts": 1637568627.492814}]}, "version": 98}
{"obj": {"type": "LogFloats", "path": ["monitoring", "memory"], "values": [{"value": 8.264854431152344, "step": null, "ts": 1637568627.492814}]}, "version": 99}
{"obj": {"type": "LogFloats", "path": ["monitoring", "gpu_memory"], "values": [{"value": 0.935516357421875, "step": null, "ts": 1637568627.492814}]}, "version": 100}
{"obj": {"type": "LogFloats", "path": ["monitoring", "cpu"], "values": [{"value": 4.2, "step": null, "ts": 1637568637.508193}]}, "version": 101}
{"obj": {"type": "LogFloats", "path": ["monitoring", "memory"], "values": [{"value": 8.288776397705078, "step": null, "ts": 1637568637.508193}]}, "version": 102}
{"obj": {"type": "LogFloats", "path": ["monitoring", "gpu_memory"], "values": [{"value": 0.935455322265625, "step": null, "ts": 1637568637.508193}]}, "version": 103}
{"obj": {"type": "LogFloats", "path": ["monitoring", "cpu"], "values": [{"value": 4.2, "step": null, "ts": 1637568647.5141382}]}, "version": 104}
{"obj": {"type": "LogFloats", "path": ["monitoring", "memory"], "values": [{"value": 8.293014526367188, "step": null, "ts": 1637568647.5141382}]}, "version": 105}
{"obj": {"type": "LogFloats", "path": ["monitoring", "gpu"], "values": [{"value": 2.0, "step": null, "ts": 1637568647.5141382}]}, "version": 106}
{"obj": {"type": "LogFloats", "path": ["monitoring", "gpu_memory"], "values": [{"value": 0.937347412109375, "step": null, "ts": 1637568647.5141382}]}, "version": 107}
{"obj": {"type": "LogFloats", "path": ["monitoring", "cpu"], "values": [{"value": 4.8, "step": null, "ts": 1637568657.5195792}]}, "version": 108}
{"obj": {"type": "LogFloats", "path": ["monitoring", "memory"], "values": [{"value": 8.356552124023438, "step": null, "ts": 1637568657.5195792}]}, "version": 109}
{"obj": {"type": "LogFloats", "path": ["monitoring", "gpu_memory"], "values": [{"value": 0.938323974609375, "step": null, "ts": 1637568657.5195792}]}, "version": 110}
{"obj": {"type": "LogFloats", "path": ["monitoring", "cpu"], "values": [{"value": 7.0, "step": null, "ts": 1637568667.529998}]}, "version": 111}
{"obj": {"type": "LogFloats", "path": ["monitoring", "memory"], "values": [{"value": 8.307064056396484, "step": null, "ts": 1637568667.529998}]}, "version": 112}
{"obj": {"type": "LogFloats", "path": ["monitoring", "gpu_memory"], "values": [{"value": 0.935272216796875, "step": null, "ts": 1637568667.529998}]}, "version": 113}
{"obj": {"type": "LogFloats", "path": ["monitoring", "cpu"], "values": [{"value": 4.9, "step": null, "ts": 1637568677.5431008}]}, "version": 114}
{"obj": {"type": "LogFloats", "path": ["monitoring", "memory"], "values": [{"value": 8.311935424804688, "step": null, "ts": 1637568677.5431008}]}, "version": 115}
{"obj": {"type": "LogFloats", "path": ["monitoring", "gpu"], "values": [{"value": 1.0, "step": null, "ts": 1637568677.5431008}]}, "version": 116}
{"obj": {"type": "LogFloats", "path": ["monitoring", "gpu_memory"], "values": [{"value": 0.936981201171875, "step": null, "ts": 1637568677.5431008}]}, "version": 117}
{"obj": {"type": "LogFloats", "path": ["monitoring", "cpu"], "values": [{"value": 4.6, "step": null, "ts": 1637568687.555027}]}, "version": 118}
{"obj": {"type": "LogFloats", "path": ["monitoring", "memory"], "values": [{"value": 8.304496765136719, "step": null, "ts": 1637568687.555027}]}, "version": 119}
{"obj": {"type": "LogFloats", "path": ["monitoring", "gpu_memory"], "values": [{"value": 0.936981201171875, "step": null, "ts": 1637568687.555027}]}, "version": 120}
{"obj": {"type": "LogFloats", "path": ["monitoring", "cpu"], "values": [{"value": 1.7, "step": null, "ts": 1637568697.5703804}]}, "version": 121}
{"obj": {"type": "LogFloats", "path": ["monitoring", "memory"], "values": [{"value": 8.302448272705078, "step": null, "ts": 1637568697.5703804}]}, "version": 122}
{"obj": {"type": "LogFloats", "path": ["monitoring", "gpu_memory"], "values": [{"value": 0.936981201171875, "step": null, "ts": 1637568697.5703804}]}, "version": 123}
{"obj": {"type": "LogFloats", "path": ["monitoring", "cpu"], "values": [{"value": 2.1, "step": null, "ts": 1637568707.5857344}]}, "version": 124}
{"obj": {"type": "LogFloats", "path": ["monitoring", "memory"], "values": [{"value": 8.206218719482422, "step": null, "ts": 1637568707.5857344}]}, "version": 125}
{"obj": {"type": "LogFloats", "path": ["monitoring", "gpu"], "values": [{"value": 1.0, "step": null, "ts": 1637568707.5857344}]}, "version": 126}
{"obj": {"type": "LogFloats", "path": ["monitoring", "gpu_memory"], "values": [{"value": 0.936981201171875, "step": null, "ts": 1637568707.5857344}]}, "version": 127}
{"obj": {"type": "LogFloats", "path": ["monitoring", "cpu"], "values": [{"value": 1.5, "step": null, "ts": 1637568717.6010485}]}, "version": 128}
{"obj": {"type": "LogFloats", "path": ["monitoring", "memory"], "values": [{"value": 8.206993103027344, "step": null, "ts": 1637568717.6010485}]}, "version": 129}
{"obj": {"type": "LogFloats", "path": ["monitoring", "gpu_memory"], "values": [{"value": 0.936981201171875, "step": null, "ts": 1637568717.6010485}]}, "version": 130}
{"obj": {"type": "LogFloats", "path": ["monitoring", "cpu"], "values": [{"value": 1.8, "step": null, "ts": 1637568727.6011758}]}, "version": 131}
{"obj": {"type": "LogFloats", "path": ["monitoring", "memory"], "values": [{"value": 8.204315185546875, "step": null, "ts": 1637568727.6011758}]}, "version": 132}
{"obj": {"type": "LogFloats", "path": ["monitoring", "gpu_memory"], "values": [{"value": 0.937042236328125, "step": null, "ts": 1637568727.6011758}]}, "version": 133}
{"obj": {"type": "LogFloats", "path": ["monitoring", "cpu"], "values": [{"value": 2.6, "step": null, "ts": 1637568737.6028087}]}, "version": 134}
{"obj": {"type": "LogFloats", "path": ["monitoring", "memory"], "values": [{"value": 8.208274841308594, "step": null, "ts": 1637568737.6028087}]}, "version": 135}
{"obj": {"type": "LogFloats", "path": ["monitoring", "gpu_memory"], "values": [{"value": 0.937042236328125, "step": null, "ts": 1637568737.6028087}]}, "version": 136}
{"obj": {"type": "LogFloats", "path": ["monitoring", "cpu"], "values": [{"value": 1.7, "step": null, "ts": 1637568747.6177077}]}, "version": 137}
{"obj": {"type": "LogFloats", "path": ["monitoring", "memory"], "values": [{"value": 8.201133728027344, "step": null, "ts": 1637568747.6177077}]}, "version": 138}
{"obj": {"type": "LogFloats", "path": ["monitoring", "gpu_memory"], "values": [{"value": 0.937042236328125, "step": null, "ts": 1637568747.6177077}]}, "version": 139}
{"obj": {"type": "LogFloats", "path": ["monitoring", "cpu"], "values": [{"value": 1.8, "step": null, "ts": 1637568757.6330633}]}, "version": 140}
{"obj": {"type": "LogFloats", "path": ["monitoring", "memory"], "values": [{"value": 8.201061248779297, "step": null, "ts": 1637568757.6330633}]}, "version": 141}
{"obj": {"type": "LogFloats", "path": ["monitoring", "gpu_memory"], "values": [{"value": 0.937042236328125, "step": null, "ts": 1637568757.6330633}]}, "version": 142}
{"obj": {"type": "LogFloats", "path": ["monitoring", "cpu"], "values": [{"value": 1.5, "step": null, "ts": 1637568767.633348}]}, "version": 143}
{"obj": {"type": "LogFloats", "path": ["monitoring", "memory"], "values": [{"value": 8.17508316040039, "step": null, "ts": 1637568767.633348}]}, "version": 144}
{"obj": {"type": "LogFloats", "path": ["monitoring", "gpu_memory"], "values": [{"value": 0.937042236328125, "step": null, "ts": 1637568767.633348}]}, "version": 145}
{"obj": {"type": "LogFloats", "path": ["monitoring", "cpu"], "values": [{"value": 1.8, "step": null, "ts": 1637568777.648147}]}, "version": 146}
{"obj": {"type": "LogFloats", "path": ["monitoring", "memory"], "values": [{"value": 8.174297332763672, "step": null, "ts": 1637568777.648147}]}, "version": 147}
{"obj": {"type": "LogFloats", "path": ["monitoring", "gpu_memory"], "values": [{"value": 0.937042236328125, "step": null, "ts": 1637568777.648147}]}, "version": 148}
{"obj": {"type": "LogFloats", "path": ["monitoring", "cpu"], "values": [{"value": 1.8, "step": null, "ts": 1637568787.6635044}]}, "version": 149}
{"obj": {"type": "LogFloats", "path": ["monitoring", "memory"], "values": [{"value": 8.169853210449219, "step": null, "ts": 1637568787.6635044}]}, "version": 150}
{"obj": {"type": "LogFloats", "path": ["monitoring", "gpu_memory"], "values": [{"value": 0.937042236328125, "step": null, "ts": 1637568787.6635044}]}, "version": 151}
{"obj": {"type": "LogFloats", "path": ["monitoring", "cpu"], "values": [{"value": 2.0, "step": null, "ts": 1637568797.6636474}]}, "version": 152}
{"obj": {"type": "LogFloats", "path": ["monitoring", "memory"], "values": [{"value": 8.161033630371094, "step": null, "ts": 1637568797.6636474}]}, "version": 153}
{"obj": {"type": "LogFloats", "path": ["monitoring", "gpu_memory"], "values": [{"value": 0.937042236328125, "step": null, "ts": 1637568797.6636474}]}, "version": 154}
{"obj": {"type": "LogFloats", "path": ["monitoring", "cpu"], "values": [{"value": 2.1, "step": null, "ts": 1637568807.6786048}]}, "version": 155}
{"obj": {"type": "LogFloats", "path": ["monitoring", "memory"], "values": [{"value": 8.156360626220703, "step": null, "ts": 1637568807.6786048}]}, "version": 156}
{"obj": {"type": "LogFloats", "path": ["monitoring", "gpu_memory"], "values": [{"value": 0.937042236328125, "step": null, "ts": 1637568807.6786048}]}, "version": 157}
{"obj": {"type": "LogFloats", "path": ["monitoring", "cpu"], "values": [{"value": 2.3, "step": null, "ts": 1637568817.693947}]}, "version": 158}
{"obj": {"type": "LogFloats", "path": ["monitoring", "memory"], "values": [{"value": 8.156936645507812, "step": null, "ts": 1637568817.693947}]}, "version": 159}
{"obj": {"type": "LogFloats", "path": ["monitoring", "gpu_memory"], "values": [{"value": 0.937042236328125, "step": null, "ts": 1637568817.693947}]}, "version": 160}
{"obj": {"type": "LogFloats", "path": ["monitoring", "cpu"], "values": [{"value": 1.7, "step": null, "ts": 1637568827.7073016}]}, "version": 161}
{"obj": {"type": "LogFloats", "path": ["monitoring", "memory"], "values": [{"value": 8.159534454345703, "step": null, "ts": 1637568827.7073016}]}, "version": 162}
{"obj": {"type": "LogFloats", "path": ["monitoring", "gpu_memory"], "values": [{"value": 0.937042236328125, "step": null, "ts": 1637568827.7073016}]}, "version": 163}
{"obj": {"type": "LogFloats", "path": ["monitoring", "cpu"], "values": [{"value": 2.2, "step": null, "ts": 1637568837.7128842}]}, "version": 164}
{"obj": {"type": "LogFloats", "path": ["monitoring", "memory"], "values": [{"value": 8.159530639648438, "step": null, "ts": 1637568837.7128842}]}, "version": 165}
{"obj": {"type": "LogFloats", "path": ["monitoring", "gpu_memory"], "values": [{"value": 0.937042236328125, "step": null, "ts": 1637568837.7128842}]}, "version": 166}
{"obj": {"type": "LogFloats", "path": ["monitoring", "cpu"], "values": [{"value": 15.3, "step": null, "ts": 1637568847.7279549}]}, "version": 167}
{"obj": {"type": "LogFloats", "path": ["monitoring", "memory"], "values": [{"value": 8.358192443847656, "step": null, "ts": 1637568847.7279549}]}, "version": 168}
{"obj": {"type": "LogFloats", "path": ["monitoring", "gpu"], "values": [{"value": 1.0, "step": null, "ts": 1637568847.7279549}]}, "version": 169}
{"obj": {"type": "LogFloats", "path": ["monitoring", "gpu_memory"], "values": [{"value": 0.954315185546875, "step": null, "ts": 1637568847.7279549}]}, "version": 170}
{"obj": {"type": "LogFloats", "path": ["monitoring", "cpu"], "values": [{"value": 7.9, "step": null, "ts": 1637568857.7373233}]}, "version": 171}
{"obj": {"type": "LogFloats", "path": ["monitoring", "memory"], "values": [{"value": 8.40109634399414, "step": null, "ts": 1637568857.7373233}]}, "version": 172}
{"obj": {"type": "LogFloats", "path": ["monitoring", "gpu_memory"], "values": [{"value": 0.954315185546875, "step": null, "ts": 1637568857.7373233}]}, "version": 173}
{"obj": {"type": "LogFloats", "path": ["monitoring", "cpu"], "values": [{"value": 3.3, "step": null, "ts": 1637568867.747819}]}, "version": 174}
{"obj": {"type": "LogFloats", "path": ["monitoring", "memory"], "values": [{"value": 8.388301849365234, "step": null, "ts": 1637568867.747819}]}, "version": 175}
{"obj": {"type": "LogFloats", "path": ["monitoring", "gpu_memory"], "values": [{"value": 0.954315185546875, "step": null, "ts": 1637568867.747819}]}, "version": 176}
{"obj": {"type": "LogFloats", "path": ["monitoring", "cpu"], "values": [{"value": 4.0, "step": null, "ts": 1637568877.7632878}]}, "version": 177}
{"obj": {"type": "LogFloats", "path": ["monitoring", "memory"], "values": [{"value": 8.384353637695312, "step": null, "ts": 1637568877.7632878}]}, "version": 178}
{"obj": {"type": "LogFloats", "path": ["monitoring", "gpu_memory"], "values": [{"value": 0.954437255859375, "step": null, "ts": 1637568877.7632878}]}, "version": 179}
{"obj": {"type": "LogFloats", "path": ["monitoring", "cpu"], "values": [{"value": 8.9, "step": null, "ts": 1637568887.7849238}]}, "version": 180}
{"obj": {"type": "LogFloats", "path": ["monitoring", "memory"], "values": [{"value": 8.412776947021484, "step": null, "ts": 1637568887.7849238}]}, "version": 181}
{"obj": {"type": "LogFloats", "path": ["monitoring", "gpu"], "values": [{"value": 1.0, "step": null, "ts": 1637568887.7849238}]}, "version": 182}
{"obj": {"type": "LogFloats", "path": ["monitoring", "gpu_memory"], "values": [{"value": 0.954437255859375, "step": null, "ts": 1637568887.7849238}]}, "version": 183}
{"obj": {"type": "LogFloats", "path": ["monitoring", "cpu"], "values": [{"value": 3.8, "step": null, "ts": 1637568897.800051}]}, "version": 184}
{"obj": {"type": "LogFloats", "path": ["monitoring", "memory"], "values": [{"value": 8.39992904663086, "step": null, "ts": 1637568897.800051}]}, "version": 185}
{"obj": {"type": "LogFloats", "path": ["monitoring", "gpu_memory"], "values": [{"value": 0.954437255859375, "step": null, "ts": 1637568897.800051}]}, "version": 186}
{"obj": {"type": "LogFloats", "path": ["monitoring", "cpu"], "values": [{"value": 6.6, "step": null, "ts": 1637568907.819599}]}, "version": 187}
{"obj": {"type": "LogFloats", "path": ["monitoring", "memory"], "values": [{"value": 8.412677764892578, "step": null, "ts": 1637568907.819599}]}, "version": 188}
{"obj": {"type": "LogFloats", "path": ["monitoring", "gpu_memory"], "values": [{"value": 0.954620361328125, "step": null, "ts": 1637568907.819599}]}, "version": 189}
{"obj": {"type": "LogFloats", "path": ["monitoring", "cpu"], "values": [{"value": 7.4, "step": null, "ts": 1637568917.8384826}]}, "version": 190}
{"obj": {"type": "LogFloats", "path": ["monitoring", "memory"], "values": [{"value": 8.445247650146484, "step": null, "ts": 1637568917.8384826}]}, "version": 191}
{"obj": {"type": "LogFloats", "path": ["monitoring", "gpu_memory"], "values": [{"value": 0.954620361328125, "step": null, "ts": 1637568917.8384826}]}, "version": 192}
{"obj": {"type": "LogFloats", "path": ["monitoring", "cpu"], "values": [{"value": 7.8, "step": null, "ts": 1637568927.8602905}]}, "version": 193}
{"obj": {"type": "LogFloats", "path": ["monitoring", "memory"], "values": [{"value": 8.436172485351562, "step": null, "ts": 1637568927.8602905}]}, "version": 194}
{"obj": {"type": "LogFloats", "path": ["monitoring", "gpu_memory"], "values": [{"value": 0.954498291015625, "step": null, "ts": 1637568927.8602905}]}, "version": 195}
{"obj": {"type": "LogFloats", "path": ["monitoring", "cpu"], "values": [{"value": 13.3, "step": null, "ts": 1637568937.867302}]}, "version": 196}
{"obj": {"type": "LogFloats", "path": ["monitoring", "memory"], "values": [{"value": 8.548091888427734, "step": null, "ts": 1637568937.867302}]}, "version": 197}
{"obj": {"type": "LogFloats", "path": ["monitoring", "gpu_memory"], "values": [{"value": 0.934051513671875, "step": null, "ts": 1637568937.867302}]}, "version": 198}
{"obj": {"type": "LogFloats", "path": ["monitoring", "cpu"], "values": [{"value": 14.8, "step": null, "ts": 1637568947.8815515}]}, "version": 199}
{"obj": {"type": "LogFloats", "path": ["monitoring", "memory"], "values": [{"value": 8.556900024414062, "step": null, "ts": 1637568947.8815515}]}, "version": 200}
{"obj": {"type": "LogFloats", "path": ["monitoring", "gpu"], "values": [{"value": 3.0, "step": null, "ts": 1637568947.8815515}]}, "version": 201}
{"obj": {"type": "LogFloats", "path": ["monitoring", "gpu_memory"], "values": [{"value": 0.932647705078125, "step": null, "ts": 1637568947.8815515}]}, "version": 202}
{"obj": {"type": "LogFloats", "path": ["monitoring", "cpu"], "values": [{"value": 16.2, "step": null, "ts": 1637568957.8973062}]}, "version": 203}
{"obj": {"type": "LogFloats", "path": ["monitoring", "memory"], "values": [{"value": 8.555511474609375, "step": null, "ts": 1637568957.8973062}]}, "version": 204}
{"obj": {"type": "LogFloats", "path": ["monitoring", "gpu"], "values": [{"value": 4.0, "step": null, "ts": 1637568957.8973062}]}, "version": 205}
{"obj": {"type": "LogFloats", "path": ["monitoring", "gpu_memory"], "values": [{"value": 0.932708740234375, "step": null, "ts": 1637568957.8973062}]}, "version": 206}
{"obj": {"type": "LogFloats", "path": ["monitoring", "cpu"], "values": [{"value": 14.0, "step": null, "ts": 1637568967.9132211}]}, "version": 207}
{"obj": {"type": "LogFloats", "path": ["monitoring", "memory"], "values": [{"value": 8.561840057373047, "step": null, "ts": 1637568967.9132211}]}, "version": 208}
{"obj": {"type": "LogFloats", "path": ["monitoring", "gpu"], "values": [{"value": 6.0, "step": null, "ts": 1637568967.9132211}]}, "version": 209}
{"obj": {"type": "LogFloats", "path": ["monitoring", "gpu_memory"], "values": [{"value": 0.932586669921875, "step": null, "ts": 1637568967.9132211}]}, "version": 210}
{"obj": {"type": "LogFloats", "path": ["monitoring", "cpu"], "values": [{"value": 12.2, "step": null, "ts": 1637568977.9259083}]}, "version": 211}
{"obj": {"type": "LogFloats", "path": ["monitoring", "memory"], "values": [{"value": 8.541816711425781, "step": null, "ts": 1637568977.9259083}]}, "version": 212}
{"obj": {"type": "LogFloats", "path": ["monitoring", "gpu"], "values": [{"value": 5.0, "step": null, "ts": 1637568977.9259083}]}, "version": 213}
{"obj": {"type": "LogFloats", "path": ["monitoring", "gpu_memory"], "values": [{"value": 0.932586669921875, "step": null, "ts": 1637568977.9259083}]}, "version": 214}
{"obj": {"type": "LogFloats", "path": ["monitoring", "cpu"], "values": [{"value": 7.3, "step": null, "ts": 1637568987.9409199}]}, "version": 215}
{"obj": {"type": "LogFloats", "path": ["monitoring", "memory"], "values": [{"value": 8.522533416748047, "step": null, "ts": 1637568987.9409199}]}, "version": 216}
{"obj": {"type": "LogFloats", "path": ["monitoring", "gpu_memory"], "values": [{"value": 0.932586669921875, "step": null, "ts": 1637568987.9409199}]}, "version": 217}
{"obj": {"type": "LogFloats", "path": ["monitoring", "cpu"], "values": [{"value": 14.6, "step": null, "ts": 1637568997.9563758}]}, "version": 218}
{"obj": {"type": "LogFloats", "path": ["monitoring", "memory"], "values": [{"value": 8.545639038085938, "step": null, "ts": 1637568997.9563758}]}, "version": 219}
{"obj": {"type": "LogFloats", "path": ["monitoring", "gpu_memory"], "values": [{"value": 0.931182861328125, "step": null, "ts": 1637568997.9563758}]}, "version": 220}
{"obj": {"type": "LogFloats", "path": ["monitoring", "cpu"], "values": [{"value": 18.7, "step": null, "ts": 1637569007.9652915}]}, "version": 221}
{"obj": {"type": "LogFloats", "path": ["monitoring", "memory"], "values": [{"value": 8.557273864746094, "step": null, "ts": 1637569007.9652915}]}, "version": 222}
{"obj": {"type": "LogFloats", "path": ["monitoring", "gpu_memory"], "values": [{"value": 0.931427001953125, "step": null, "ts": 1637569007.9652915}]}, "version": 223}
{"obj": {"type": "LogFloats", "path": ["monitoring", "cpu"], "values": [{"value": 16.7, "step": null, "ts": 1637569017.980223}]}, "version": 224}
{"obj": {"type": "LogFloats", "path": ["monitoring", "memory"], "values": [{"value": 8.621932983398438, "step": null, "ts": 1637569017.980223}]}, "version": 225}
{"obj": {"type": "LogFloats", "path": ["monitoring", "gpu"], "values": [{"value": 1.0, "step": null, "ts": 1637569017.980223}]}, "version": 226}
{"obj": {"type": "LogFloats", "path": ["monitoring", "gpu_memory"], "values": [{"value": 0.931976318359375, "step": null, "ts": 1637569017.980223}]}, "version": 227}
{"obj": {"type": "LogFloats", "path": ["monitoring", "cpu"], "values": [{"value": 11.6, "step": null, "ts": 1637569027.994233}]}, "version": 228}
{"obj": {"type": "LogFloats", "path": ["monitoring", "memory"], "values": [{"value": 8.53042984008789, "step": null, "ts": 1637569027.994233}]}, "version": 229}
{"obj": {"type": "LogFloats", "path": ["monitoring", "gpu_memory"], "values": [{"value": 0.932159423828125, "step": null, "ts": 1637569027.994233}]}, "version": 230}
{"obj": {"type": "LogFloats", "path": ["monitoring", "cpu"], "values": [{"value": 27.7, "step": null, "ts": 1637569038.002262}]}, "version": 231}
{"obj": {"type": "LogFloats", "path": ["monitoring", "memory"], "values": [{"value": 8.758201599121094, "step": null, "ts": 1637569038.002262}]}, "version": 232}
{"obj": {"type": "LogFloats", "path": ["monitoring", "gpu"], "values": [{"value": 2.0, "step": null, "ts": 1637569038.002262}]}, "version": 233}
{"obj": {"type": "LogFloats", "path": ["monitoring", "gpu_memory"], "values": [{"value": 0.932220458984375, "step": null, "ts": 1637569038.002262}]}, "version": 234}
{"obj": {"type": "LogFloats", "path": ["monitoring", "cpu"], "values": [{"value": 10.3, "step": null, "ts": 1637569048.0092707}]}, "version": 235}
{"obj": {"type": "LogFloats", "path": ["monitoring", "memory"], "values": [{"value": 8.635860443115234, "step": null, "ts": 1637569048.0092707}]}, "version": 236}
{"obj": {"type": "LogFloats", "path": ["monitoring", "gpu"], "values": [{"value": 1.0, "step": null, "ts": 1637569048.0092707}]}, "version": 237}
{"obj": {"type": "LogFloats", "path": ["monitoring", "gpu_memory"], "values": [{"value": 0.932220458984375, "step": null, "ts": 1637569048.0092707}]}, "version": 238}
{"obj": {"type": "LogFloats", "path": ["monitoring", "cpu"], "values": [{"value": 5.1, "step": null, "ts": 1637569058.0171456}]}, "version": 239}
{"obj": {"type": "LogFloats", "path": ["monitoring", "memory"], "values": [{"value": 8.604801177978516, "step": null, "ts": 1637569058.0171456}]}, "version": 240}
{"obj": {"type": "LogFloats", "path": ["monitoring", "gpu"], "values": [{"value": 1.0, "step": null, "ts": 1637569058.0171456}]}, "version": 241}
{"obj": {"type": "LogFloats", "path": ["monitoring", "gpu_memory"], "values": [{"value": 0.932098388671875, "step": null, "ts": 1637569058.0171456}]}, "version": 242}
{"obj": {"type": "LogFloats", "path": ["monitoring", "cpu"], "values": [{"value": 12.4, "step": null, "ts": 1637569068.0249836}]}, "version": 243}
{"obj": {"type": "LogFloats", "path": ["monitoring", "memory"], "values": [{"value": 8.23983383178711, "step": null, "ts": 1637569068.0249836}]}, "version": 244}
{"obj": {"type": "LogFloats", "path": ["monitoring", "gpu"], "values": [{"value": 2.0, "step": null, "ts": 1637569068.0249836}]}, "version": 245}
{"obj": {"type": "LogFloats", "path": ["monitoring", "gpu_memory"], "values": [{"value": 0.932098388671875, "step": null, "ts": 1637569068.0249836}]}, "version": 246}
{"obj": {"type": "LogFloats", "path": ["monitoring", "cpu"], "values": [{"value": 10.1, "step": null, "ts": 1637569078.0319898}]}, "version": 247}
{"obj": {"type": "LogFloats", "path": ["monitoring", "memory"], "values": [{"value": 8.23431396484375, "step": null, "ts": 1637569078.0319898}]}, "version": 248}
{"obj": {"type": "LogFloats", "path": ["monitoring", "gpu_memory"], "values": [{"value": 0.932098388671875, "step": null, "ts": 1637569078.0319898}]}, "version": 249}
{"obj": {"type": "LogFloats", "path": ["monitoring", "cpu"], "values": [{"value": 6.1, "step": null, "ts": 1637569088.0393572}]}, "version": 250}
{"obj": {"type": "LogFloats", "path": ["monitoring", "memory"], "values": [{"value": 8.234638214111328, "step": null, "ts": 1637569088.0393572}]}, "version": 251}
{"obj": {"type": "LogFloats", "path": ["monitoring", "gpu"], "values": [{"value": 9.0, "step": null, "ts": 1637569088.0393572}]}, "version": 252}
{"obj": {"type": "LogFloats", "path": ["monitoring", "gpu_memory"], "values": [{"value": 0.931610107421875, "step": null, "ts": 1637569088.0393572}]}, "version": 253}
{"obj": {"type": "LogFloats", "path": ["monitoring", "cpu"], "values": [{"value": 7.3, "step": null, "ts": 1637569098.0460703}]}, "version": 254}
{"obj": {"type": "LogFloats", "path": ["monitoring", "memory"], "values": [{"value": 8.22158432006836, "step": null, "ts": 1637569098.0460703}]}, "version": 255}
{"obj": {"type": "LogFloats", "path": ["monitoring", "gpu"], "values": [{"value": 2.0, "step": null, "ts": 1637569098.0460703}]}, "version": 256}
{"obj": {"type": "LogFloats", "path": ["monitoring", "gpu_memory"], "values": [{"value": 0.931121826171875, "step": null, "ts": 1637569098.0460703}]}, "version": 257}
{"obj": {"type": "LogFloats", "path": ["monitoring", "cpu"], "values": [{"value": 5.3, "step": null, "ts": 1637569108.053422}]}, "version": 258}
{"obj": {"type": "LogFloats", "path": ["monitoring", "memory"], "values": [{"value": 8.201560974121094, "step": null, "ts": 1637569108.053422}]}, "version": 259}
{"obj": {"type": "LogFloats", "path": ["monitoring", "gpu"], "values": [{"value": 18.0, "step": null, "ts": 1637569108.053422}]}, "version": 260}
{"obj": {"type": "LogFloats", "path": ["monitoring", "gpu_memory"], "values": [{"value": 0.931121826171875, "step": null, "ts": 1637569108.053422}]}, "version": 261}
{"obj": {"type": "LogFloats", "path": ["monitoring", "cpu"], "values": [{"value": 10.4, "step": null, "ts": 1637569118.0622802}]}, "version": 262}
{"obj": {"type": "LogFloats", "path": ["monitoring", "memory"], "values": [{"value": 8.204177856445312, "step": null, "ts": 1637569118.0622802}]}, "version": 263}
{"obj": {"type": "LogFloats", "path": ["monitoring", "gpu"], "values": [{"value": 5.0, "step": null, "ts": 1637569118.0622802}]}, "version": 264}
{"obj": {"type": "LogFloats", "path": ["monitoring", "gpu_memory"], "values": [{"value": 0.931365966796875, "step": null, "ts": 1637569118.0622802}]}, "version": 265}
{"obj": {"type": "LogFloats", "path": ["monitoring", "cpu"], "values": [{"value": 10.6, "step": null, "ts": 1637569128.0711052}]}, "version": 266}
{"obj": {"type": "LogFloats", "path": ["monitoring", "memory"], "values": [{"value": 8.21478271484375, "step": null, "ts": 1637569128.0711052}]}, "version": 267}
{"obj": {"type": "LogFloats", "path": ["monitoring", "gpu"], "values": [{"value": 19.0, "step": null, "ts": 1637569128.0711052}]}, "version": 268}
{"obj": {"type": "LogFloats", "path": ["monitoring", "gpu_memory"], "values": [{"value": 0.931243896484375, "step": null, "ts": 1637569128.0711052}]}, "version": 269}
{"obj": {"type": "LogFloats", "path": ["monitoring", "cpu"], "values": [{"value": 10.1, "step": null, "ts": 1637569138.0788696}]}, "version": 270}
{"obj": {"type": "LogFloats", "path": ["monitoring", "memory"], "values": [{"value": 8.270042419433594, "step": null, "ts": 1637569138.0788696}]}, "version": 271}
{"obj": {"type": "LogFloats", "path": ["monitoring", "gpu"], "values": [{"value": 6.0, "step": null, "ts": 1637569138.0788696}]}, "version": 272}
{"obj": {"type": "LogFloats", "path": ["monitoring", "gpu_memory"], "values": [{"value": 0.931304931640625, "step": null, "ts": 1637569138.0788696}]}, "version": 273}
{"obj": {"type": "LogFloats", "path": ["monitoring", "cpu"], "values": [{"value": 26.9, "step": null, "ts": 1637569148.0864944}]}, "version": 274}
{"obj": {"type": "LogFloats", "path": ["monitoring", "memory"], "values": [{"value": 8.59341049194336, "step": null, "ts": 1637569148.0864944}]}, "version": 275}
{"obj": {"type": "LogFloats", "path": ["monitoring", "gpu_memory"], "values": [{"value": 0.932403564453125, "step": null, "ts": 1637569148.0864944}]}, "version": 276}
{"obj": {"type": "LogFloats", "path": ["monitoring", "cpu"], "values": [{"value": 14.1, "step": null, "ts": 1637569158.0948853}]}, "version": 277}
{"obj": {"type": "LogFloats", "path": ["monitoring", "memory"], "values": [{"value": 8.56097412109375, "step": null, "ts": 1637569158.0948853}]}, "version": 278}
{"obj": {"type": "LogFloats", "path": ["monitoring", "gpu_memory"], "values": [{"value": 0.932525634765625, "step": null, "ts": 1637569158.0948853}]}, "version": 279}
{"obj": {"type": "LogFloats", "path": ["monitoring", "cpu"], "values": [{"value": 13.7, "step": null, "ts": 1637569168.1027734}]}, "version": 280}
{"obj": {"type": "LogFloats", "path": ["monitoring", "memory"], "values": [{"value": 8.604129791259766, "step": null, "ts": 1637569168.1027734}]}, "version": 281}
{"obj": {"type": "LogFloats", "path": ["monitoring", "gpu"], "values": [{"value": 2.0, "step": null, "ts": 1637569168.1027734}]}, "version": 282}
{"obj": {"type": "LogFloats", "path": ["monitoring", "gpu_memory"], "values": [{"value": 0.932647705078125, "step": null, "ts": 1637569168.1027734}]}, "version": 283}
{"obj": {"type": "LogFloats", "path": ["monitoring", "cpu"], "values": [{"value": 7.5, "step": null, "ts": 1637569178.1115358}]}, "version": 284}
{"obj": {"type": "LogFloats", "path": ["monitoring", "memory"], "values": [{"value": 8.369709014892578, "step": null, "ts": 1637569178.1115358}]}, "version": 285}
{"obj": {"type": "LogFloats", "path": ["monitoring", "gpu"], "values": [{"value": 29.0, "step": null, "ts": 1637569178.1115358}]}, "version": 286}
{"obj": {"type": "LogFloats", "path": ["monitoring", "gpu_memory"], "values": [{"value": 0.931427001953125, "step": null, "ts": 1637569178.1115358}]}, "version": 287}
{"obj": {"type": "LogFloats", "path": ["monitoring", "cpu"], "values": [{"value": 6.3, "step": null, "ts": 1637569188.1213489}]}, "version": 288}
{"obj": {"type": "LogFloats", "path": ["monitoring", "memory"], "values": [{"value": 8.356884002685547, "step": null, "ts": 1637569188.1213489}]}, "version": 289}
{"obj": {"type": "LogFloats", "path": ["monitoring", "gpu"], "values": [{"value": 5.0, "step": null, "ts": 1637569188.1213489}]}, "version": 290}
{"obj": {"type": "LogFloats", "path": ["monitoring", "gpu_memory"], "values": [{"value": 0.931488037109375, "step": null, "ts": 1637569188.1213489}]}, "version": 291}
{"obj": {"type": "LogFloats", "path": ["monitoring", "cpu"], "values": [{"value": 7.6, "step": null, "ts": 1637569198.133024}]}, "version": 292}
{"obj": {"type": "LogFloats", "path": ["monitoring", "memory"], "values": [{"value": 8.285831451416016, "step": null, "ts": 1637569198.133024}]}, "version": 293}
{"obj": {"type": "LogFloats", "path": ["monitoring", "gpu"], "values": [{"value": 7.0, "step": null, "ts": 1637569198.133024}]}, "version": 294}
{"obj": {"type": "LogFloats", "path": ["monitoring", "gpu_memory"], "values": [{"value": 0.931488037109375, "step": null, "ts": 1637569198.133024}]}, "version": 295}
{"obj": {"type": "LogFloats", "path": ["monitoring", "cpu"], "values": [{"value": 8.8, "step": null, "ts": 1637569208.1417036}]}, "version": 296}
{"obj": {"type": "LogFloats", "path": ["monitoring", "memory"], "values": [{"value": 8.279354095458984, "step": null, "ts": 1637569208.1417036}]}, "version": 297}
{"obj": {"type": "LogFloats", "path": ["monitoring", "gpu"], "values": [{"value": 2.0, "step": null, "ts": 1637569208.1417036}]}, "version": 298}
{"obj": {"type": "LogFloats", "path": ["monitoring", "gpu_memory"], "values": [{"value": 0.931610107421875, "step": null, "ts": 1637569208.1417036}]}, "version": 299}
{"obj": {"type": "LogFloats", "path": ["monitoring", "cpu"], "values": [{"value": 6.5, "step": null, "ts": 1637569218.1490614}]}, "version": 300}
{"obj": {"type": "LogFloats", "path": ["monitoring", "memory"], "values": [{"value": 8.279808044433594, "step": null, "ts": 1637569218.1490614}]}, "version": 301}
{"obj": {"type": "LogFloats", "path": ["monitoring", "gpu"], "values": [{"value": 6.0, "step": null, "ts": 1637569218.1490614}]}, "version": 302}
{"obj": {"type": "LogFloats", "path": ["monitoring", "gpu_memory"], "values": [{"value": 0.931610107421875, "step": null, "ts": 1637569218.1490614}]}, "version": 303}
{"obj": {"type": "LogFloats", "path": ["monitoring", "cpu"], "values": [{"value": 9.0, "step": null, "ts": 1637569228.1571572}]}, "version": 304}
{"obj": {"type": "LogFloats", "path": ["monitoring", "memory"], "values": [{"value": 8.287395477294922, "step": null, "ts": 1637569228.1571572}]}, "version": 305}
{"obj": {"type": "LogFloats", "path": ["monitoring", "gpu"], "values": [{"value": 4.0, "step": null, "ts": 1637569228.1571572}]}, "version": 306}
{"obj": {"type": "LogFloats", "path": ["monitoring", "gpu_memory"], "values": [{"value": 0.931610107421875, "step": null, "ts": 1637569228.1571572}]}, "version": 307}
{"obj": {"type": "LogFloats", "path": ["monitoring", "cpu"], "values": [{"value": 11.1, "step": null, "ts": 1637569238.1669178}]}, "version": 308}
{"obj": {"type": "LogFloats", "path": ["monitoring", "memory"], "values": [{"value": 8.28714370727539, "step": null, "ts": 1637569238.1669178}]}, "version": 309}
{"obj": {"type": "LogFloats", "path": ["monitoring", "gpu"], "values": [{"value": 6.0, "step": null, "ts": 1637569238.1669178}]}, "version": 310}
{"obj": {"type": "LogFloats", "path": ["monitoring", "gpu_memory"], "values": [{"value": 0.931610107421875, "step": null, "ts": 1637569238.1669178}]}, "version": 311}
{"obj": {"type": "LogFloats", "path": ["monitoring", "cpu"], "values": [{"value": 8.0, "step": null, "ts": 1637569248.1742785}]}, "version": 312}
{"obj": {"type": "LogFloats", "path": ["monitoring", "memory"], "values": [{"value": 8.288516998291016, "step": null, "ts": 1637569248.1742785}]}, "version": 313}
{"obj": {"type": "LogFloats", "path": ["monitoring", "gpu"], "values": [{"value": 2.0, "step": null, "ts": 1637569248.1742785}]}, "version": 314}
{"obj": {"type": "LogFloats", "path": ["monitoring", "gpu_memory"], "values": [{"value": 0.931610107421875, "step": null, "ts": 1637569248.1742785}]}, "version": 315}
{"obj": {"type": "LogFloats", "path": ["monitoring", "cpu"], "values": [{"value": 8.8, "step": null, "ts": 1637569258.1818724}]}, "version": 316}
{"obj": {"type": "LogFloats", "path": ["monitoring", "memory"], "values": [{"value": 8.286800384521484, "step": null, "ts": 1637569258.1818724}]}, "version": 317}
{"obj": {"type": "LogFloats", "path": ["monitoring", "gpu"], "values": [{"value": 5.0, "step": null, "ts": 1637569258.1818724}]}, "version": 318}
{"obj": {"type": "LogFloats", "path": ["monitoring", "gpu_memory"], "values": [{"value": 0.931610107421875, "step": null, "ts": 1637569258.1818724}]}, "version": 319}
{"obj": {"type": "LogFloats", "path": ["monitoring", "cpu"], "values": [{"value": 7.3, "step": null, "ts": 1637569268.1913977}]}, "version": 320}
{"obj": {"type": "LogFloats", "path": ["monitoring", "memory"], "values": [{"value": 8.285507202148438, "step": null, "ts": 1637569268.1913977}]}, "version": 321}
{"obj": {"type": "LogFloats", "path": ["monitoring", "gpu"], "values": [{"value": 5.0, "step": null, "ts": 1637569268.1913977}]}, "version": 322}
{"obj": {"type": "LogFloats", "path": ["monitoring", "gpu_memory"], "values": [{"value": 0.931610107421875, "step": null, "ts": 1637569268.1913977}]}, "version": 323}
{"obj": {"type": "LogFloats", "path": ["monitoring", "cpu"], "values": [{"value": 7.6, "step": null, "ts": 1637569278.1992261}]}, "version": 324}
{"obj": {"type": "LogFloats", "path": ["monitoring", "memory"], "values": [{"value": 8.287544250488281, "step": null, "ts": 1637569278.1992261}]}, "version": 325}
{"obj": {"type": "LogFloats", "path": ["monitoring", "gpu"], "values": [{"value": 1.0, "step": null, "ts": 1637569278.1992261}]}, "version": 326}
{"obj": {"type": "LogFloats", "path": ["monitoring", "gpu_memory"], "values": [{"value": 0.931671142578125, "step": null, "ts": 1637569278.1992261}]}, "version": 327}
{"obj": {"type": "LogFloats", "path": ["monitoring", "cpu"], "values": [{"value": 10.2, "step": null, "ts": 1637569288.206302}]}, "version": 328}
{"obj": {"type": "LogFloats", "path": ["monitoring", "memory"], "values": [{"value": 8.327079772949219, "step": null, "ts": 1637569288.206302}]}, "version": 329}
{"obj": {"type": "LogFloats", "path": ["monitoring", "gpu"], "values": [{"value": 35.0, "step": null, "ts": 1637569288.206302}]}, "version": 330}
{"obj": {"type": "LogFloats", "path": ["monitoring", "gpu_memory"], "values": [{"value": 0.931671142578125, "step": null, "ts": 1637569288.206302}]}, "version": 331}
{"obj": {"type": "LogFloats", "path": ["monitoring", "cpu"], "values": [{"value": 5.3, "step": null, "ts": 1637569298.2143626}]}, "version": 332}
{"obj": {"type": "LogFloats", "path": ["monitoring", "memory"], "values": [{"value": 8.324836730957031, "step": null, "ts": 1637569298.2143626}]}, "version": 333}
{"obj": {"type": "LogFloats", "path": ["monitoring", "gpu_memory"], "values": [{"value": 0.931671142578125, "step": null, "ts": 1637569298.2143626}]}, "version": 334}
{"obj": {"type": "LogFloats", "path": ["monitoring", "cpu"], "values": [{"value": 3.2, "step": null, "ts": 1637569308.2214365}]}, "version": 335}
{"obj": {"type": "LogFloats", "path": ["monitoring", "memory"], "values": [{"value": 8.309837341308594, "step": null, "ts": 1637569308.2214365}]}, "version": 336}
{"obj": {"type": "LogFloats", "path": ["monitoring", "gpu_memory"], "values": [{"value": 0.931671142578125, "step": null, "ts": 1637569308.2214365}]}, "version": 337}
{"obj": {"type": "LogFloats", "path": ["monitoring", "cpu"], "values": [{"value": 4.0, "step": null, "ts": 1637569318.228481}]}, "version": 338}
{"obj": {"type": "LogFloats", "path": ["monitoring", "memory"], "values": [{"value": 8.30636215209961, "step": null, "ts": 1637569318.228481}]}, "version": 339}
{"obj": {"type": "LogFloats", "path": ["monitoring", "gpu_memory"], "values": [{"value": 0.931671142578125, "step": null, "ts": 1637569318.228481}]}, "version": 340}
{"obj": {"type": "LogFloats", "path": ["monitoring", "cpu"], "values": [{"value": 6.8, "step": null, "ts": 1637569328.2354844}]}, "version": 341}
{"obj": {"type": "LogFloats", "path": ["monitoring", "memory"], "values": [{"value": 8.3468017578125, "step": null, "ts": 1637569328.2354844}]}, "version": 342}
{"obj": {"type": "LogFloats", "path": ["monitoring", "gpu"], "values": [{"value": 4.0, "step": null, "ts": 1637569328.2354844}]}, "version": 343}
{"obj": {"type": "LogFloats", "path": ["monitoring", "gpu_memory"], "values": [{"value": 0.931671142578125, "step": null, "ts": 1637569328.2354844}]}, "version": 344}
{"obj": {"type": "LogFloats", "path": ["monitoring", "cpu"], "values": [{"value": 5.0, "step": null, "ts": 1637569338.2434459}]}, "version": 345}
{"obj": {"type": "LogFloats", "path": ["monitoring", "memory"], "values": [{"value": 8.34853744506836, "step": null, "ts": 1637569338.2434459}]}, "version": 346}
{"obj": {"type": "LogFloats", "path": ["monitoring", "gpu"], "values": [{"value": 3.0, "step": null, "ts": 1637569338.2434459}]}, "version": 347}
{"obj": {"type": "LogFloats", "path": ["monitoring", "gpu_memory"], "values": [{"value": 0.932037353515625, "step": null, "ts": 1637569338.2434459}]}, "version": 348}
{"obj": {"type": "LogFloats", "path": ["monitoring", "cpu"], "values": [{"value": 8.6, "step": null, "ts": 1637569348.2519767}]}, "version": 349}
{"obj": {"type": "LogFloats", "path": ["monitoring", "memory"], "values": [{"value": 8.331275939941406, "step": null, "ts": 1637569348.2519767}]}, "version": 350}
{"obj": {"type": "LogFloats", "path": ["monitoring", "gpu"], "values": [{"value": 1.0, "step": null, "ts": 1637569348.2519767}]}, "version": 351}
{"obj": {"type": "LogFloats", "path": ["monitoring", "gpu_memory"], "values": [{"value": 0.931671142578125, "step": null, "ts": 1637569348.2519767}]}, "version": 352}
{"obj": {"type": "LogFloats", "path": ["monitoring", "cpu"], "values": [{"value": 6.7, "step": null, "ts": 1637569358.2594051}]}, "version": 353}
{"obj": {"type": "LogFloats", "path": ["monitoring", "memory"], "values": [{"value": 8.313072204589844, "step": null, "ts": 1637569358.2594051}]}, "version": 354}
{"obj": {"type": "LogFloats", "path": ["monitoring", "gpu"], "values": [{"value": 4.0, "step": null, "ts": 1637569358.2594051}]}, "version": 355}
{"obj": {"type": "LogFloats", "path": ["monitoring", "gpu_memory"], "values": [{"value": 0.931671142578125, "step": null, "ts": 1637569358.2594051}]}, "version": 356}
{"obj": {"type": "LogFloats", "path": ["monitoring", "cpu"], "values": [{"value": 11.1, "step": null, "ts": 1637569368.2672982}]}, "version": 357}
{"obj": {"type": "LogFloats", "path": ["monitoring", "memory"], "values": [{"value": 8.318161010742188, "step": null, "ts": 1637569368.2672982}]}, "version": 358}
{"obj": {"type": "LogFloats", "path": ["monitoring", "gpu"], "values": [{"value": 9.0, "step": null, "ts": 1637569368.2672982}]}, "version": 359}
{"obj": {"type": "LogFloats", "path": ["monitoring", "gpu_memory"], "values": [{"value": 0.931671142578125, "step": null, "ts": 1637569368.2672982}]}, "version": 360}
{"obj": {"type": "LogFloats", "path": ["monitoring", "cpu"], "values": [{"value": 5.9, "step": null, "ts": 1637569378.274749}]}, "version": 361}
{"obj": {"type": "LogFloats", "path": ["monitoring", "memory"], "values": [{"value": 8.318416595458984, "step": null, "ts": 1637569378.274749}]}, "version": 362}
{"obj": {"type": "LogFloats", "path": ["monitoring", "gpu_memory"], "values": [{"value": 0.931671142578125, "step": null, "ts": 1637569378.274749}]}, "version": 363}
{"obj": {"type": "LogFloats", "path": ["monitoring", "cpu"], "values": [{"value": 2.9, "step": null, "ts": 1637569388.2819173}]}, "version": 364}
{"obj": {"type": "LogFloats", "path": ["monitoring", "memory"], "values": [{"value": 8.319873809814453, "step": null, "ts": 1637569388.2819173}]}, "version": 365}
{"obj": {"type": "LogFloats", "path": ["monitoring", "gpu_memory"], "values": [{"value": 0.931671142578125, "step": null, "ts": 1637569388.2819173}]}, "version": 366}
{"obj": {"type": "LogFloats", "path": ["monitoring", "cpu"], "values": [{"value": 3.7, "step": null, "ts": 1637569398.2894177}]}, "version": 367}
{"obj": {"type": "LogFloats", "path": ["monitoring", "memory"], "values": [{"value": 8.314159393310547, "step": null, "ts": 1637569398.2894177}]}, "version": 368}
{"obj": {"type": "LogFloats", "path": ["monitoring", "gpu_memory"], "values": [{"value": 0.931671142578125, "step": null, "ts": 1637569398.2894177}]}, "version": 369}
{"obj": {"type": "LogFloats", "path": ["monitoring", "cpu"], "values": [{"value": 9.4, "step": null, "ts": 1637569408.2974944}]}, "version": 370}
{"obj": {"type": "LogFloats", "path": ["monitoring", "memory"], "values": [{"value": 8.323356628417969, "step": null, "ts": 1637569408.2974944}]}, "version": 371}
{"obj": {"type": "LogFloats", "path": ["monitoring", "gpu"], "values": [{"value": 9.0, "step": null, "ts": 1637569408.2974944}]}, "version": 372}
{"obj": {"type": "LogFloats", "path": ["monitoring", "gpu_memory"], "values": [{"value": 0.931793212890625, "step": null, "ts": 1637569408.2974944}]}, "version": 373}
{"obj": {"type": "LogFloats", "path": ["monitoring", "cpu"], "values": [{"value": 8.7, "step": null, "ts": 1637569418.3044972}]}, "version": 374}
{"obj": {"type": "LogFloats", "path": ["monitoring", "memory"], "values": [{"value": 8.32501220703125, "step": null, "ts": 1637569418.3044972}]}, "version": 375}
{"obj": {"type": "LogFloats", "path": ["monitoring", "gpu"], "values": [{"value": 8.0, "step": null, "ts": 1637569418.3044972}]}, "version": 376}
{"obj": {"type": "LogFloats", "path": ["monitoring", "gpu_memory"], "values": [{"value": 0.931671142578125, "step": null, "ts": 1637569418.3044972}]}, "version": 377}
{"obj": {"type": "LogFloats", "path": ["monitoring", "cpu"], "values": [{"value": 7.3, "step": null, "ts": 1637569428.3124921}]}, "version": 378}
{"obj": {"type": "LogFloats", "path": ["monitoring", "memory"], "values": [{"value": 8.321361541748047, "step": null, "ts": 1637569428.3124921}]}, "version": 379}
{"obj": {"type": "LogFloats", "path": ["monitoring", "gpu"], "values": [{"value": 1.0, "step": null, "ts": 1637569428.3124921}]}, "version": 380}
{"obj": {"type": "LogFloats", "path": ["monitoring", "gpu_memory"], "values": [{"value": 0.931671142578125, "step": null, "ts": 1637569428.3124921}]}, "version": 381}
{"obj": {"type": "LogFloats", "path": ["monitoring", "cpu"], "values": [{"value": 6.5, "step": null, "ts": 1637569438.3204339}]}, "version": 382}
{"obj": {"type": "LogFloats", "path": ["monitoring", "memory"], "values": [{"value": 8.325286865234375, "step": null, "ts": 1637569438.3204339}]}, "version": 383}
{"obj": {"type": "LogFloats", "path": ["monitoring", "gpu"], "values": [{"value": 1.0, "step": null, "ts": 1637569438.3204339}]}, "version": 384}
{"obj": {"type": "LogFloats", "path": ["monitoring", "gpu_memory"], "values": [{"value": 0.931671142578125, "step": null, "ts": 1637569438.3204339}]}, "version": 385}
{"obj": {"type": "LogFloats", "path": ["monitoring", "cpu"], "values": [{"value": 3.6, "step": null, "ts": 1637569448.3264441}]}, "version": 386}
{"obj": {"type": "LogFloats", "path": ["monitoring", "memory"], "values": [{"value": 8.345962524414062, "step": null, "ts": 1637569448.3264441}]}, "version": 387}
{"obj": {"type": "LogFloats", "path": ["monitoring", "gpu_memory"], "values": [{"value": 0.931671142578125, "step": null, "ts": 1637569448.3264441}]}, "version": 388}
{"obj": {"type": "LogFloats", "path": ["monitoring", "cpu"], "values": [{"value": 5.8, "step": null, "ts": 1637569458.3335285}]}, "version": 389}
{"obj": {"type": "LogFloats", "path": ["monitoring", "memory"], "values": [{"value": 8.333946228027344, "step": null, "ts": 1637569458.3335285}]}, "version": 390}
{"obj": {"type": "LogFloats", "path": ["monitoring", "gpu_memory"], "values": [{"value": 0.931671142578125, "step": null, "ts": 1637569458.3335285}]}, "version": 391}
{"obj": {"type": "LogFloats", "path": ["monitoring", "cpu"], "values": [{"value": 7.4, "step": null, "ts": 1637569468.3413887}]}, "version": 392}
{"obj": {"type": "LogFloats", "path": ["monitoring", "memory"], "values": [{"value": 8.337642669677734, "step": null, "ts": 1637569468.3413887}]}, "version": 393}
{"obj": {"type": "LogFloats", "path": ["monitoring", "gpu"], "values": [{"value": 2.0, "step": null, "ts": 1637569468.3413887}]}, "version": 394}
{"obj": {"type": "LogFloats", "path": ["monitoring", "gpu_memory"], "values": [{"value": 0.931671142578125, "step": null, "ts": 1637569468.3413887}]}, "version": 395}
{"obj": {"type": "LogFloats", "path": ["monitoring", "cpu"], "values": [{"value": 9.4, "step": null, "ts": 1637569478.3486006}]}, "version": 396}
{"obj": {"type": "LogFloats", "path": ["monitoring", "memory"], "values": [{"value": 8.339424133300781, "step": null, "ts": 1637569478.3486006}]}, "version": 397}
{"obj": {"type": "LogFloats", "path": ["monitoring", "gpu_memory"], "values": [{"value": 0.931671142578125, "step": null, "ts": 1637569478.3486006}]}, "version": 398}
{"obj": {"type": "LogFloats", "path": ["monitoring", "cpu"], "values": [{"value": 10.7, "step": null, "ts": 1637569488.3565593}]}, "version": 399}
{"obj": {"type": "LogFloats", "path": ["monitoring", "memory"], "values": [{"value": 8.360908508300781, "step": null, "ts": 1637569488.3565593}]}, "version": 400}
{"obj": {"type": "LogFloats", "path": ["monitoring", "gpu"], "values": [{"value": 8.0, "step": null, "ts": 1637569488.3565593}]}, "version": 401}
{"obj": {"type": "LogFloats", "path": ["monitoring", "gpu_memory"], "values": [{"value": 0.931671142578125, "step": null, "ts": 1637569488.3565593}]}, "version": 402}
{"obj": {"type": "LogFloats", "path": ["monitoring", "cpu"], "values": [{"value": 9.2, "step": null, "ts": 1637569498.364806}]}, "version": 403}
{"obj": {"type": "LogFloats", "path": ["monitoring", "memory"], "values": [{"value": 8.346271514892578, "step": null, "ts": 1637569498.364806}]}, "version": 404}
{"obj": {"type": "LogFloats", "path": ["monitoring", "gpu"], "values": [{"value": 1.0, "step": null, "ts": 1637569498.364806}]}, "version": 405}
{"obj": {"type": "LogFloats", "path": ["monitoring", "gpu_memory"], "values": [{"value": 0.931671142578125, "step": null, "ts": 1637569498.364806}]}, "version": 406}
{"obj": {"type": "LogFloats", "path": ["monitoring", "cpu"], "values": [{"value": 8.3, "step": null, "ts": 1637569508.3724828}]}, "version": 407}
{"obj": {"type": "LogFloats", "path": ["monitoring", "memory"], "values": [{"value": 8.335491180419922, "step": null, "ts": 1637569508.3724828}]}, "version": 408}
{"obj": {"type": "LogFloats", "path": ["monitoring", "gpu"], "values": [{"value": 3.0, "step": null, "ts": 1637569508.3724828}]}, "version": 409}
{"obj": {"type": "LogFloats", "path": ["monitoring", "gpu_memory"], "values": [{"value": 0.931671142578125, "step": null, "ts": 1637569508.3724828}]}, "version": 410}
{"obj": {"type": "LogFloats", "path": ["monitoring", "cpu"], "values": [{"value": 12.1, "step": null, "ts": 1637569518.3795288}]}, "version": 411}
{"obj": {"type": "LogFloats", "path": ["monitoring", "memory"], "values": [{"value": 8.336071014404297, "step": null, "ts": 1637569518.3795288}]}, "version": 412}
{"obj": {"type": "LogFloats", "path": ["monitoring", "gpu"], "values": [{"value": 4.0, "step": null, "ts": 1637569518.3795288}]}, "version": 413}
{"obj": {"type": "LogFloats", "path": ["monitoring", "gpu_memory"], "values": [{"value": 0.931671142578125, "step": null, "ts": 1637569518.3795288}]}, "version": 414}
{"obj": {"type": "LogFloats", "path": ["monitoring", "cpu"], "values": [{"value": 9.7, "step": null, "ts": 1637569528.4202845}]}, "version": 415}
{"obj": {"type": "LogFloats", "path": ["monitoring", "memory"], "values": [{"value": 8.335716247558594, "step": null, "ts": 1637569528.4202845}]}, "version": 416}
{"obj": {"type": "LogFloats", "path": ["monitoring", "gpu"], "values": [{"value": 6.0, "step": null, "ts": 1637569528.4202845}]}, "version": 417}
{"obj": {"type": "LogFloats", "path": ["monitoring", "gpu_memory"], "values": [{"value": 0.931671142578125, "step": null, "ts": 1637569528.4202845}]}, "version": 418}
{"obj": {"type": "LogFloats", "path": ["monitoring", "cpu"], "values": [{"value": 11.7, "step": null, "ts": 1637569538.4265876}]}, "version": 419}
{"obj": {"type": "LogFloats", "path": ["monitoring", "memory"], "values": [{"value": 8.343761444091797, "step": null, "ts": 1637569538.4265876}]}, "version": 420}
{"obj": {"type": "LogFloats", "path": ["monitoring", "gpu"], "values": [{"value": 3.0, "step": null, "ts": 1637569538.4265876}]}, "version": 421}
{"obj": {"type": "LogFloats", "path": ["monitoring", "gpu_memory"], "values": [{"value": 0.932037353515625, "step": null, "ts": 1637569538.4265876}]}, "version": 422}
{"obj": {"type": "LogFloats", "path": ["monitoring", "cpu"], "values": [{"value": 8.4, "step": null, "ts": 1637569548.435454}]}, "version": 423}
{"obj": {"type": "LogFloats", "path": ["monitoring", "memory"], "values": [{"value": 8.340309143066406, "step": null, "ts": 1637569548.435454}]}, "version": 424}
{"obj": {"type": "LogFloats", "path": ["monitoring", "gpu"], "values": [{"value": 7.0, "step": null, "ts": 1637569548.435454}]}, "version": 425}
{"obj": {"type": "LogFloats", "path": ["monitoring", "gpu_memory"], "values": [{"value": 0.931671142578125, "step": null, "ts": 1637569548.435454}]}, "version": 426}
{"obj": {"type": "LogFloats", "path": ["monitoring", "cpu"], "values": [{"value": 9.4, "step": null, "ts": 1637569558.442691}]}, "version": 427}
{"obj": {"type": "LogFloats", "path": ["monitoring", "memory"], "values": [{"value": 8.376670837402344, "step": null, "ts": 1637569558.442691}]}, "version": 428}
{"obj": {"type": "LogFloats", "path": ["monitoring", "gpu"], "values": [{"value": 2.0, "step": null, "ts": 1637569558.442691}]}, "version": 429}
{"obj": {"type": "LogFloats", "path": ["monitoring", "gpu_memory"], "values": [{"value": 0.931427001953125, "step": null, "ts": 1637569558.442691}]}, "version": 430}
{"obj": {"type": "LogFloats", "path": ["monitoring", "cpu"], "values": [{"value": 25.1, "step": null, "ts": 1637569568.4526293}]}, "version": 431}
{"obj": {"type": "LogFloats", "path": ["monitoring", "memory"], "values": [{"value": 8.547985076904297, "step": null, "ts": 1637569568.4526293}]}, "version": 432}
{"obj": {"type": "LogFloats", "path": ["monitoring", "gpu_memory"], "values": [{"value": 0.932159423828125, "step": null, "ts": 1637569568.4526293}]}, "version": 433}
{"obj": {"type": "LogFloats", "path": ["monitoring", "cpu"], "values": [{"value": 10.4, "step": null, "ts": 1637569578.4606113}]}, "version": 434}
{"obj": {"type": "LogFloats", "path": ["monitoring", "memory"], "values": [{"value": 8.464996337890625, "step": null, "ts": 1637569578.4606113}]}, "version": 435}
{"obj": {"type": "LogFloats", "path": ["monitoring", "gpu"], "values": [{"value": 5.0, "step": null, "ts": 1637569578.4606113}]}, "version": 436}
{"obj": {"type": "LogFloats", "path": ["monitoring", "gpu_memory"], "values": [{"value": 0.931304931640625, "step": null, "ts": 1637569578.4606113}]}, "version": 437}
{"obj": {"type": "LogFloats", "path": ["monitoring", "cpu"], "values": [{"value": 4.0, "step": null, "ts": 1637569588.4684281}]}, "version": 438}
{"obj": {"type": "LogFloats", "path": ["monitoring", "memory"], "values": [{"value": 8.417457580566406, "step": null, "ts": 1637569588.4684281}]}, "version": 439}
{"obj": {"type": "LogFloats", "path": ["monitoring", "gpu"], "values": [{"value": 2.0, "step": null, "ts": 1637569588.4684281}]}, "version": 440}
{"obj": {"type": "LogFloats", "path": ["monitoring", "gpu_memory"], "values": [{"value": 0.931304931640625, "step": null, "ts": 1637569588.4684281}]}, "version": 441}
{"obj": {"type": "LogFloats", "path": ["monitoring", "cpu"], "values": [{"value": 5.5, "step": null, "ts": 1637569598.4756494}]}, "version": 442}
{"obj": {"type": "LogFloats", "path": ["monitoring", "memory"], "values": [{"value": 8.366798400878906, "step": null, "ts": 1637569598.4756494}]}, "version": 443}
{"obj": {"type": "LogFloats", "path": ["monitoring", "gpu"], "values": [{"value": 5.0, "step": null, "ts": 1637569598.4756494}]}, "version": 444}
{"obj": {"type": "LogFloats", "path": ["monitoring", "gpu_memory"], "values": [{"value": 0.931304931640625, "step": null, "ts": 1637569598.4756494}]}, "version": 445}
{"obj": {"type": "LogFloats", "path": ["monitoring", "cpu"], "values": [{"value": 5.9, "step": null, "ts": 1637569608.4836342}]}, "version": 446}
{"obj": {"type": "LogFloats", "path": ["monitoring", "memory"], "values": [{"value": 8.363506317138672, "step": null, "ts": 1637569608.4836342}]}, "version": 447}
{"obj": {"type": "LogFloats", "path": ["monitoring", "gpu"], "values": [{"value": 22.0, "step": null, "ts": 1637569608.4836342}]}, "version": 448}
{"obj": {"type": "LogFloats", "path": ["monitoring", "gpu_memory"], "values": [{"value": 0.931304931640625, "step": null, "ts": 1637569608.4836342}]}, "version": 449}
{"obj": {"type": "LogFloats", "path": ["monitoring", "cpu"], "values": [{"value": 8.0, "step": null, "ts": 1637569618.490876}]}, "version": 450}
{"obj": {"type": "LogFloats", "path": ["monitoring", "memory"], "values": [{"value": 8.373455047607422, "step": null, "ts": 1637569618.490876}]}, "version": 451}
{"obj": {"type": "LogFloats", "path": ["monitoring", "gpu"], "values": [{"value": 6.0, "step": null, "ts": 1637569618.490876}]}, "version": 452}
{"obj": {"type": "LogFloats", "path": ["monitoring", "gpu_memory"], "values": [{"value": 0.931365966796875, "step": null, "ts": 1637569618.490876}]}, "version": 453}
{"obj": {"type": "LogFloats", "path": ["monitoring", "cpu"], "values": [{"value": 5.9, "step": null, "ts": 1637569628.4985068}]}, "version": 454}
{"obj": {"type": "LogFloats", "path": ["monitoring", "memory"], "values": [{"value": 8.406497955322266, "step": null, "ts": 1637569628.4985068}]}, "version": 455}
{"obj": {"type": "LogFloats", "path": ["monitoring", "gpu"], "values": [{"value": 3.0, "step": null, "ts": 1637569628.4985068}]}, "version": 456}
{"obj": {"type": "LogFloats", "path": ["monitoring", "gpu_memory"], "values": [{"value": 0.931427001953125, "step": null, "ts": 1637569628.4985068}]}, "version": 457}
{"obj": {"type": "LogFloats", "path": ["monitoring", "cpu"], "values": [{"value": 7.8, "step": null, "ts": 1637569638.5045362}]}, "version": 458}
{"obj": {"type": "LogFloats", "path": ["monitoring", "memory"], "values": [{"value": 8.394691467285156, "step": null, "ts": 1637569638.5045362}]}, "version": 459}
{"obj": {"type": "LogFloats", "path": ["monitoring", "gpu"], "values": [{"value": 12.0, "step": null, "ts": 1637569638.5045362}]}, "version": 460}
{"obj": {"type": "LogFloats", "path": ["monitoring", "gpu_memory"], "values": [{"value": 0.931488037109375, "step": null, "ts": 1637569638.5045362}]}, "version": 461}
{"obj": {"type": "LogFloats", "path": ["monitoring", "cpu"], "values": [{"value": 4.7, "step": null, "ts": 1637569648.512487}]}, "version": 462}
{"obj": {"type": "LogFloats", "path": ["monitoring", "memory"], "values": [{"value": 8.384342193603516, "step": null, "ts": 1637569648.512487}]}, "version": 463}
{"obj": {"type": "LogFloats", "path": ["monitoring", "gpu"], "values": [{"value": 3.0, "step": null, "ts": 1637569648.512487}]}, "version": 464}
{"obj": {"type": "LogFloats", "path": ["monitoring", "gpu_memory"], "values": [{"value": 0.931488037109375, "step": null, "ts": 1637569648.512487}]}, "version": 465}
{"obj": {"type": "LogFloats", "path": ["monitoring", "cpu"], "values": [{"value": 7.5, "step": null, "ts": 1637569658.5212493}]}, "version": 466}
{"obj": {"type": "LogFloats", "path": ["monitoring", "memory"], "values": [{"value": 8.363231658935547, "step": null, "ts": 1637569658.5212493}]}, "version": 467}
{"obj": {"type": "LogFloats", "path": ["monitoring", "gpu"], "values": [{"value": 13.0, "step": null, "ts": 1637569658.5212493}]}, "version": 468}
{"obj": {"type": "LogFloats", "path": ["monitoring", "gpu_memory"], "values": [{"value": 0.931488037109375, "step": null, "ts": 1637569658.5212493}]}, "version": 469}
{"obj": {"type": "LogFloats", "path": ["monitoring", "cpu"], "values": [{"value": 7.2, "step": null, "ts": 1637569668.5292568}]}, "version": 470}
{"obj": {"type": "LogFloats", "path": ["monitoring", "memory"], "values": [{"value": 8.358928680419922, "step": null, "ts": 1637569668.5292568}]}, "version": 471}
{"obj": {"type": "LogFloats", "path": ["monitoring", "gpu"], "values": [{"value": 7.0, "step": null, "ts": 1637569668.5292568}]}, "version": 472}
{"obj": {"type": "LogFloats", "path": ["monitoring", "gpu_memory"], "values": [{"value": 0.931488037109375, "step": null, "ts": 1637569668.5292568}]}, "version": 473}
{"obj": {"type": "LogFloats", "path": ["monitoring", "cpu"], "values": [{"value": 6.0, "step": null, "ts": 1637569678.5365164}]}, "version": 474}
{"obj": {"type": "LogFloats", "path": ["monitoring", "memory"], "values": [{"value": 8.369415283203125, "step": null, "ts": 1637569678.5365164}]}, "version": 475}
{"obj": {"type": "LogFloats", "path": ["monitoring", "gpu"], "values": [{"value": 4.0, "step": null, "ts": 1637569678.5365164}]}, "version": 476}
{"obj": {"type": "LogFloats", "path": ["monitoring", "gpu_memory"], "values": [{"value": 0.931488037109375, "step": null, "ts": 1637569678.5365164}]}, "version": 477}
{"obj": {"type": "LogFloats", "path": ["monitoring", "cpu"], "values": [{"value": 7.9, "step": null, "ts": 1637569688.543584}]}, "version": 478}
{"obj": {"type": "LogFloats", "path": ["monitoring", "memory"], "values": [{"value": 8.364818572998047, "step": null, "ts": 1637569688.543584}]}, "version": 479}
{"obj": {"type": "LogFloats", "path": ["monitoring", "gpu"], "values": [{"value": 3.0, "step": null, "ts": 1637569688.543584}]}, "version": 480}
{"obj": {"type": "LogFloats", "path": ["monitoring", "gpu_memory"], "values": [{"value": 0.931488037109375, "step": null, "ts": 1637569688.543584}]}, "version": 481}
{"obj": {"type": "LogFloats", "path": ["monitoring", "cpu"], "values": [{"value": 6.1, "step": null, "ts": 1637569698.5749483}]}, "version": 482}
{"obj": {"type": "LogFloats", "path": ["monitoring", "memory"], "values": [{"value": 8.360427856445312, "step": null, "ts": 1637569698.5749483}]}, "version": 483}
{"obj": {"type": "LogFloats", "path": ["monitoring", "gpu"], "values": [{"value": 2.0, "step": null, "ts": 1637569698.5749483}]}, "version": 484}
{"obj": {"type": "LogFloats", "path": ["monitoring", "gpu_memory"], "values": [{"value": 0.931488037109375, "step": null, "ts": 1637569698.5749483}]}, "version": 485}
{"obj": {"type": "LogFloats", "path": ["monitoring", "cpu"], "values": [{"value": 8.0, "step": null, "ts": 1637569708.5820103}]}, "version": 486}
{"obj": {"type": "LogFloats", "path": ["monitoring", "memory"], "values": [{"value": 8.377700805664062, "step": null, "ts": 1637569708.5820103}]}, "version": 487}
{"obj": {"type": "LogFloats", "path": ["monitoring", "gpu"], "values": [{"value": 3.0, "step": null, "ts": 1637569708.5820103}]}, "version": 488}
{"obj": {"type": "LogFloats", "path": ["monitoring", "gpu_memory"], "values": [{"value": 0.931488037109375, "step": null, "ts": 1637569708.5820103}]}, "version": 489}
{"obj": {"type": "LogFloats", "path": ["monitoring", "cpu"], "values": [{"value": 7.2, "step": null, "ts": 1637569718.589621}]}, "version": 490}
{"obj": {"type": "LogFloats", "path": ["monitoring", "memory"], "values": [{"value": 8.368755340576172, "step": null, "ts": 1637569718.589621}]}, "version": 491}
{"obj": {"type": "LogFloats", "path": ["monitoring", "gpu"], "values": [{"value": 21.0, "step": null, "ts": 1637569718.589621}]}, "version": 492}
{"obj": {"type": "LogFloats", "path": ["monitoring", "gpu_memory"], "values": [{"value": 0.931488037109375, "step": null, "ts": 1637569718.589621}]}, "version": 493}
{"obj": {"type": "LogFloats", "path": ["monitoring", "cpu"], "values": [{"value": 8.8, "step": null, "ts": 1637569728.5966773}]}, "version": 494}
{"obj": {"type": "LogFloats", "path": ["monitoring", "memory"], "values": [{"value": 8.247615814208984, "step": null, "ts": 1637569728.5966773}]}, "version": 495}
{"obj": {"type": "LogFloats", "path": ["monitoring", "gpu_memory"], "values": [{"value": 0.931488037109375, "step": null, "ts": 1637569728.5966773}]}, "version": 496}
{"obj": {"type": "LogFloats", "path": ["monitoring", "cpu"], "values": [{"value": 13.3, "step": null, "ts": 1637569738.6043963}]}, "version": 497}
{"obj": {"type": "LogFloats", "path": ["monitoring", "memory"], "values": [{"value": 8.41958999633789, "step": null, "ts": 1637569738.6043963}]}, "version": 498}
{"obj": {"type": "LogFloats", "path": ["monitoring", "gpu"], "values": [{"value": 5.0, "step": null, "ts": 1637569738.6043963}]}, "version": 499}
{"obj": {"type": "LogFloats", "path": ["monitoring", "gpu_memory"], "values": [{"value": 0.931549072265625, "step": null, "ts": 1637569738.6043963}]}, "version": 500}
