{"obj": {"type": "AssignString", "path": ["sys", "name"], "value": "Untitled"}, "version": 1}
{"obj": {"type": "AssignString", "path": ["sys", "description"], "value": ""}, "version": 2}
{"obj": {"type": "AssignString", "path": ["sys", "hostname"], "value": "LAPTOP-U1IJGCL4"}, "version": 3}
{"obj": {"type": "AssignBool", "path": ["sys", "failed"], "value": false}, "version": 4}
{"obj": {"type": "ClearStringLog", "path": ["monitoring", "stdout"]}, "version": 5}
{"obj": {"type": "ClearStringLog", "path": ["monitoring", "stderr"]}, "version": 6}
{"obj": {"type": "AssignString", "path": ["source_code", "entrypoint"], "value": "sale_prices_predictor.py"}, "version": 7}
{"obj": {"type": "UploadFileSet", "path": ["source_code", "files"], "file_globs": ["C:\\Kaggles\\housePrices\\sale_prices_predictor.py"], "reset": "False"}, "version": 8}
{"obj": {"type": "ConfigFloatSeries", "path": ["monitoring", "cpu"], "min": 0.0, "max": 100.0, "unit": "%"}, "version": 9}
{"obj": {"type": "ClearFloatLog", "path": ["monitoring", "cpu"]}, "version": 10}
{"obj": {"type": "ConfigFloatSeries", "path": ["monitoring", "memory"], "min": 0.0, "max": 15.43682861328125, "unit": "GB"}, "version": 11}
{"obj": {"type": "ClearFloatLog", "path": ["monitoring", "memory"]}, "version": 12}
{"obj": {"type": "ConfigFloatSeries", "path": ["monitoring", "gpu"], "min": 0.0, "max": 100.0, "unit": "%"}, "version": 13}
{"obj": {"type": "ClearFloatLog", "path": ["monitoring", "gpu"]}, "version": 14}
{"obj": {"type": "ConfigFloatSeries", "path": ["monitoring", "gpu_memory"], "min": 0.0, "max": 6.0, "unit": "GB"}, "version": 15}
{"obj": {"type": "ClearFloatLog", "path": ["monitoring", "gpu_memory"]}, "version": 16}
{"obj": {"type": "LogStrings", "path": ["monitoring", "stdout"], "values": [{"value": "", "step": null, "ts": 1637346499.7730155}]}, "version": 17}
{"obj": {"type": "LogStrings", "path": ["monitoring", "stdout"], "values": [{"value": "https://app.neptune.ai/chaimchess/KaggleHousePrices/e/KAG1-43\n", "step": null, "ts": 1637346499.7730155}]}, "version": 18}
{"obj": {"type": "LogFloats", "path": ["monitoring", "cpu"], "values": [{"value": 8.5, "step": null, "ts": 1637346499.757392}]}, "version": 19}
{"obj": {"type": "AssignFloat", "path": ["parameters", "learning_rate"], "value": 0.0001}, "version": 20}
{"obj": {"type": "AssignString", "path": ["parameters", "optimizer"], "value": "Adam"}, "version": 21}
{"obj": {"type": "LogFloats", "path": ["monitoring", "memory"], "values": [{"value": 8.907028198242188, "step": null, "ts": 1637346499.757392}]}, "version": 22}
{"obj": {"type": "LogFloats", "path": ["monitoring", "gpu_memory"], "values": [{"value": 0.2965583801269531, "step": null, "ts": 1637346499.757392}]}, "version": 23}
{"obj": {"type": "LogStrings", "path": ["monitoring", "stderr"], "values": [{"value": "\r0it [00:00, ?it/s]", "step": null, "ts": 1637346502.8354416}]}, "version": 24}
{"obj": {"type": "LogFloats", "path": ["ErrorPercentTrain"], "values": [{"value": 0.9381311535835266, "step": null, "ts": 1637346509.7061787}]}, "version": 25}
{"obj": {"type": "LogFloats", "path": ["monitoring", "cpu"], "values": [{"value": 7.6, "step": null, "ts": 1637346509.7843003}]}, "version": 26}
{"obj": {"type": "LogFloats", "path": ["monitoring", "memory"], "values": [{"value": 11.171749114990234, "step": null, "ts": 1637346509.7843003}]}, "version": 27}
{"obj": {"type": "LogFloats", "path": ["monitoring", "gpu"], "values": [{"value": 2.0, "step": null, "ts": 1637346509.7843003}]}, "version": 28}
{"obj": {"type": "LogFloats", "path": ["monitoring", "gpu_memory"], "values": [{"value": 1.2942771911621094, "step": null, "ts": 1637346509.7843003}]}, "version": 29}
{"obj": {"type": "LogFloats", "path": ["ErrorPercentTrain"], "values": [{"value": 0.9381311535835266, "step": null, "ts": 1637346512.8442583}]}, "version": 30}
{"obj": {"type": "LogFloats", "path": ["ErrorPercentTrain"], "values": [{"value": 0.9381311535835266, "step": null, "ts": 1637346513.078629}]}, "version": 31}
{"obj": {"type": "LogFloats", "path": ["ErrorPercentTrain"], "values": [{"value": 0.9381311535835266, "step": null, "ts": 1637346513.310793}]}, "version": 32}
{"obj": {"type": "LogFloats", "path": ["ErrorPercentTrain"], "values": [{"value": 0.9381311535835266, "step": null, "ts": 1637346513.5139153}]}, "version": 33}
{"obj": {"type": "LogFloats", "path": ["ErrorPercentTrain"], "values": [{"value": 0.9381311535835266, "step": null, "ts": 1637346513.732658}]}, "version": 34}
{"obj": {"type": "LogFloats", "path": ["ErrorPercentTrain"], "values": [{"value": 0.9381311535835266, "step": null, "ts": 1637346513.9826531}]}, "version": 35}
{"obj": {"type": "LogFloats", "path": ["monitoring", "cpu"], "values": [{"value": 4.0, "step": null, "ts": 1637346519.7958243}]}, "version": 36}
{"obj": {"type": "LogFloats", "path": ["monitoring", "memory"], "values": [{"value": 11.176685333251953, "step": null, "ts": 1637346519.7958243}]}, "version": 37}
{"obj": {"type": "LogFloats", "path": ["monitoring", "gpu_memory"], "values": [{"value": 1.2947654724121094, "step": null, "ts": 1637346519.7958243}]}, "version": 38}
{"obj": {"type": "LogFloats", "path": ["ErrorPercentTrain"], "values": [{"value": 0.9381311535835266, "step": null, "ts": 1637346522.139519}]}, "version": 39}
{"obj": {"type": "LogFloats", "path": ["gold"], "values": [{"value": 139400.0, "step": null, "ts": 1637346524.8269558}]}, "version": 40}
{"obj": {"type": "LogFloats", "path": ["pred"], "values": [{"value": 141745.625, "step": null, "ts": 1637346525.24882}]}, "version": 41}
{"obj": {"type": "LogFloats", "path": ["AbsDiff"], "values": [{"value": 2345.625, "step": null, "ts": 1637346526.1863136}]}, "version": 42}
{"obj": {"type": "LogFloats", "path": ["monitoring", "cpu"], "values": [{"value": 4.1, "step": null, "ts": 1637346529.8112187}]}, "version": 43}
{"obj": {"type": "LogFloats", "path": ["monitoring", "memory"], "values": [{"value": 11.099456787109375, "step": null, "ts": 1637346529.8112187}]}, "version": 44}
{"obj": {"type": "LogFloats", "path": ["monitoring", "gpu"], "values": [{"value": 1.0, "step": null, "ts": 1637346529.8112187}]}, "version": 45}
{"obj": {"type": "LogFloats", "path": ["monitoring", "gpu_memory"], "values": [{"value": 1.2923851013183594, "step": null, "ts": 1637346529.8112187}]}, "version": 46}
{"obj": {"type": "LogStrings", "path": ["monitoring", "stderr"], "values": [{"value": "\r1it [00:29, 29.62s/it]", "step": null, "ts": 1637346532.4517684}]}, "version": 47}
{"obj": {"type": "LogFloats", "path": ["monitoring", "cpu"], "values": [{"value": 3.2, "step": null, "ts": 1637346539.8122263}]}, "version": 48}
{"obj": {"type": "LogFloats", "path": ["monitoring", "memory"], "values": [{"value": 11.103015899658203, "step": null, "ts": 1637346539.8122263}]}, "version": 49}
{"obj": {"type": "LogFloats", "path": ["monitoring", "gpu"], "values": [{"value": 1.0, "step": null, "ts": 1637346539.8122263}]}, "version": 50}
{"obj": {"type": "LogFloats", "path": ["monitoring", "gpu_memory"], "values": [{"value": 1.2923851013183594, "step": null, "ts": 1637346539.8122263}]}, "version": 51}
{"obj": {"type": "LogFloats", "path": ["ErrorPercentTrain"], "values": [{"value": 0.7367579936981201, "step": null, "ts": 1637346541.4215517}]}, "version": 52}
{"obj": {"type": "LogFloats", "path": ["ErrorPercentTrain"], "values": [{"value": 0.7367579936981201, "step": null, "ts": 1637346547.9411235}]}, "version": 53}
{"obj": {"type": "LogFloats", "path": ["monitoring", "cpu"], "values": [{"value": 6.9, "step": null, "ts": 1637346549.8160691}]}, "version": 54}
{"obj": {"type": "LogFloats", "path": ["monitoring", "memory"], "values": [{"value": 11.109474182128906, "step": null, "ts": 1637346549.8160691}]}, "version": 55}
{"obj": {"type": "LogFloats", "path": ["monitoring", "gpu"], "values": [{"value": 1.0, "step": null, "ts": 1637346549.8160691}]}, "version": 56}
{"obj": {"type": "LogFloats", "path": ["monitoring", "gpu_memory"], "values": [{"value": 1.2923240661621094, "step": null, "ts": 1637346549.8160691}]}, "version": 57}
{"obj": {"type": "LogFloats", "path": ["gold"], "values": [{"value": 170000.0, "step": null, "ts": 1637346550.8160357}]}, "version": 58}
{"obj": {"type": "LogFloats", "path": ["pred"], "values": [{"value": 141476.3125, "step": null, "ts": 1637346551.987904}]}, "version": 59}
{"obj": {"type": "LogFloats", "path": ["AbsDiff"], "values": [{"value": 28523.6875, "step": null, "ts": 1637346552.534746}]}, "version": 60}
{"obj": {"type": "LogFloats", "path": ["monitoring", "cpu"], "values": [{"value": 5.1, "step": null, "ts": 1637346559.8258312}]}, "version": 61}
{"obj": {"type": "LogFloats", "path": ["monitoring", "memory"], "values": [{"value": 11.107345581054688, "step": null, "ts": 1637346559.8258312}]}, "version": 62}
{"obj": {"type": "LogFloats", "path": ["monitoring", "gpu"], "values": [{"value": 1.0, "step": null, "ts": 1637346559.8258312}]}, "version": 63}
{"obj": {"type": "LogFloats", "path": ["monitoring", "gpu_memory"], "values": [{"value": 1.2923240661621094, "step": null, "ts": 1637346559.8258312}]}, "version": 64}
{"obj": {"type": "LogStrings", "path": ["monitoring", "stderr"], "values": [{"value": "\r2it [01:06, 33.77s/it]", "step": null, "ts": 1637346569.1353183}]}, "version": 65}
{"obj": {"type": "LogFloats", "path": ["monitoring", "cpu"], "values": [{"value": 4.8, "step": null, "ts": 1637346569.838421}]}, "version": 66}
{"obj": {"type": "LogFloats", "path": ["monitoring", "memory"], "values": [{"value": 11.106197357177734, "step": null, "ts": 1637346569.838421}]}, "version": 67}
{"obj": {"type": "LogFloats", "path": ["monitoring", "gpu_memory"], "values": [{"value": 1.2923851013183594, "step": null, "ts": 1637346569.838421}]}, "version": 68}
{"obj": {"type": "LogFloats", "path": ["ErrorPercentTrain"], "values": [{"value": 0.6823529005050659, "step": null, "ts": 1637346572.4946117}]}, "version": 69}
{"obj": {"type": "LogFloats", "path": ["gold"], "values": [{"value": 101000.0, "step": null, "ts": 1637346572.4946117}]}, "version": 70}
{"obj": {"type": "LogFloats", "path": ["pred"], "values": [{"value": 141499.0625, "step": null, "ts": 1637346572.4946117}]}, "version": 71}
{"obj": {"type": "LogFloats", "path": ["AbsDiff"], "values": [{"value": 40499.0625, "step": null, "ts": 1637346572.4946117}]}, "version": 72}
{"obj": {"type": "LogStrings", "path": ["monitoring", "stderr"], "values": [{"value": "\r3it [01:09, 19.89s/it]", "step": null, "ts": 1637346572.4946117}]}, "version": 73}
{"obj": {"type": "LogFloats", "path": ["ErrorPercentTrain"], "values": [{"value": 0.8626047372817993, "step": null, "ts": 1637346572.5571043}]}, "version": 74}
{"obj": {"type": "LogFloats", "path": ["gold"], "values": [{"value": 153500.0, "step": null, "ts": 1637346572.5571043}]}, "version": 75}
{"obj": {"type": "LogFloats", "path": ["pred"], "values": [{"value": 141303.75, "step": null, "ts": 1637346572.5571043}]}, "version": 76}
{"obj": {"type": "LogFloats", "path": ["AbsDiff"], "values": [{"value": 12196.25, "step": null, "ts": 1637346572.5571043}]}, "version": 77}
{"obj": {"type": "LogFloats", "path": ["ErrorPercentTrain"], "values": [{"value": 0.46779051423072815, "step": null, "ts": 1637346572.6352282}]}, "version": 78}
{"obj": {"type": "LogFloats", "path": ["gold"], "values": [{"value": 178000.0, "step": null, "ts": 1637346572.6352282}]}, "version": 79}
{"obj": {"type": "LogFloats", "path": ["pred"], "values": [{"value": 141261.25, "step": null, "ts": 1637346572.6352282}]}, "version": 80}
{"obj": {"type": "LogFloats", "path": ["AbsDiff"], "values": [{"value": 36738.75, "step": null, "ts": 1637346572.6352282}]}, "version": 81}
{"obj": {"type": "LogStrings", "path": ["monitoring", "stderr"], "values": [{"value": "\r5it [01:09,  8.67s/it]", "step": null, "ts": 1637346572.6352282}]}, "version": 82}
{"obj": {"type": "LogFloats", "path": ["ErrorPercentTrain"], "values": [{"value": 0.6555961966514587, "step": null, "ts": 1637346572.7133515}]}, "version": 83}
{"obj": {"type": "LogFloats", "path": ["gold"], "values": [{"value": 100000.0, "step": null, "ts": 1637346572.7133515}]}, "version": 84}
{"obj": {"type": "LogFloats", "path": ["pred"], "values": [{"value": 141321.875, "step": null, "ts": 1637346572.7133515}]}, "version": 85}
{"obj": {"type": "LogFloats", "path": ["AbsDiff"], "values": [{"value": 41321.875, "step": null, "ts": 1637346572.7133515}]}, "version": 86}
{"obj": {"type": "LogFloats", "path": ["ErrorPercentTrain"], "values": [{"value": 0.7420859336853027, "step": null, "ts": 1637346572.7914746}]}, "version": 87}
{"obj": {"type": "LogFloats", "path": ["gold"], "values": [{"value": 260000.0, "step": null, "ts": 1637346572.7914746}]}, "version": 88}
{"obj": {"type": "LogFloats", "path": ["pred"], "values": [{"value": 141269.5625, "step": null, "ts": 1637346572.7914746}]}, "version": 89}
{"obj": {"type": "LogFloats", "path": ["AbsDiff"], "values": [{"value": 118730.4375, "step": null, "ts": 1637346572.7914746}]}, "version": 90}
{"obj": {"type": "LogStrings", "path": ["monitoring", "stderr"], "values": [{"value": "\r7it [01:09,  4.83s/it]", "step": null, "ts": 1637346572.7914746}]}, "version": 91}
{"obj": {"type": "LogFloats", "path": ["ErrorPercentTrain"], "values": [{"value": 0.5684990286827087, "step": null, "ts": 1637346572.8539722}]}, "version": 92}
{"obj": {"type": "LogFloats", "path": ["gold"], "values": [{"value": 412500.0, "step": null, "ts": 1637346572.8539722}]}, "version": 93}
{"obj": {"type": "LogFloats", "path": ["pred"], "values": [{"value": 141254.5625, "step": null, "ts": 1637346572.8539722}]}, "version": 94}
{"obj": {"type": "LogFloats", "path": ["AbsDiff"], "values": [{"value": 271245.4375, "step": null, "ts": 1637346572.8539722}]}, "version": 95}
{"obj": {"type": "LogFloats", "path": ["ErrorPercentTrain"], "values": [{"value": 0.6550494432449341, "step": null, "ts": 1637346572.932096}]}, "version": 96}
{"obj": {"type": "LogFloats", "path": ["gold"], "values": [{"value": 200100.0, "step": null, "ts": 1637346572.932096}]}, "version": 97}
{"obj": {"type": "LogFloats", "path": ["pred"], "values": [{"value": 141267.875, "step": null, "ts": 1637346572.932096}]}, "version": 98}
{"obj": {"type": "LogFloats", "path": ["AbsDiff"], "values": [{"value": 58832.125, "step": null, "ts": 1637346572.932096}]}, "version": 99}
{"obj": {"type": "LogStrings", "path": ["monitoring", "stderr"], "values": [{"value": "\r9it [01:10,  2.97s/it]", "step": null, "ts": 1637346572.932096}]}, "version": 100}
{"obj": {"type": "LogFloats", "path": ["ErrorPercentTrain"], "values": [{"value": 0.530148446559906, "step": null, "ts": 1637346572.9945939}]}, "version": 101}
{"obj": {"type": "LogFloats", "path": ["gold"], "values": [{"value": 171500.0, "step": null, "ts": 1637346572.9945939}]}, "version": 102}
{"obj": {"type": "LogFloats", "path": ["pred"], "values": [{"value": 141341.5, "step": null, "ts": 1637346572.9945939}]}, "version": 103}
{"obj": {"type": "LogFloats", "path": ["AbsDiff"], "values": [{"value": 30158.5, "step": null, "ts": 1637346572.9945939}]}, "version": 104}
{"obj": {"type": "LogFloats", "path": ["ErrorPercentTrain"], "values": [{"value": 0.589834451675415, "step": null, "ts": 1637346573.072717}]}, "version": 105}
{"obj": {"type": "LogFloats", "path": ["gold"], "values": [{"value": 200000.0, "step": null, "ts": 1637346573.072717}]}, "version": 106}
{"obj": {"type": "LogFloats", "path": ["pred"], "values": [{"value": 141464.375, "step": null, "ts": 1637346573.072717}]}, "version": 107}
{"obj": {"type": "LogFloats", "path": ["AbsDiff"], "values": [{"value": 58535.625, "step": null, "ts": 1637346573.072717}]}, "version": 108}
{"obj": {"type": "LogStrings", "path": ["monitoring", "stderr"], "values": [{"value": "\r11it [01:10,  1.93s/it]", "step": null, "ts": 1637346573.072717}]}, "version": 109}
{"obj": {"type": "LogFloats", "path": ["ErrorPercentTrain"], "values": [{"value": 0.5136170983314514, "step": null, "ts": 1637346573.1352155}]}, "version": 110}
{"obj": {"type": "LogFloats", "path": ["gold"], "values": [{"value": 110500.0, "step": null, "ts": 1637346573.1508431}]}, "version": 111}
{"obj": {"type": "LogFloats", "path": ["pred"], "values": [{"value": 141618.75, "step": null, "ts": 1637346573.1508431}]}, "version": 112}
{"obj": {"type": "LogFloats", "path": ["AbsDiff"], "values": [{"value": 31118.75, "step": null, "ts": 1637346573.1508431}]}, "version": 113}
{"obj": {"type": "LogFloats", "path": ["ErrorPercentTrain"], "values": [{"value": 0.6188268661499023, "step": null, "ts": 1637346573.2445886}]}, "version": 114}
{"obj": {"type": "LogFloats", "path": ["gold"], "values": [{"value": 276000.0, "step": null, "ts": 1637346573.2445886}]}, "version": 115}
{"obj": {"type": "LogFloats", "path": ["pred"], "values": [{"value": 141660.375, "step": null, "ts": 1637346573.2445886}]}, "version": 116}
{"obj": {"type": "LogFloats", "path": ["AbsDiff"], "values": [{"value": 134339.625, "step": null, "ts": 1637346573.2445886}]}, "version": 117}
{"obj": {"type": "LogStrings", "path": ["monitoring", "stderr"], "values": [{"value": "\r13it [01:10,  1.31s/it]", "step": null, "ts": 1637346573.2445886}]}, "version": 118}
{"obj": {"type": "LogFloats", "path": ["ErrorPercentTrain"], "values": [{"value": 0.5741600394248962, "step": null, "ts": 1637346573.3227117}]}, "version": 119}
{"obj": {"type": "LogFloats", "path": ["gold"], "values": [{"value": 185000.0, "step": null, "ts": 1637346573.3227117}]}, "version": 120}
{"obj": {"type": "LogFloats", "path": ["pred"], "values": [{"value": 141722.8125, "step": null, "ts": 1637346573.3227117}]}, "version": 121}
{"obj": {"type": "LogFloats", "path": ["AbsDiff"], "values": [{"value": 43277.1875, "step": null, "ts": 1637346573.3227117}]}, "version": 122}
{"obj": {"type": "LogFloats", "path": ["ErrorPercentTrain"], "values": [{"value": 0.5679585933685303, "step": null, "ts": 1637346573.3852098}]}, "version": 123}
{"obj": {"type": "LogFloats", "path": ["gold"], "values": [{"value": 267000.0, "step": null, "ts": 1637346573.3852098}]}, "version": 124}
{"obj": {"type": "LogFloats", "path": ["pred"], "values": [{"value": 141824.875, "step": null, "ts": 1637346573.3852098}]}, "version": 125}
{"obj": {"type": "LogFloats", "path": ["AbsDiff"], "values": [{"value": 125175.125, "step": null, "ts": 1637346573.3852098}]}, "version": 126}
{"obj": {"type": "LogStrings", "path": ["monitoring", "stderr"], "values": [{"value": "\r15it [01:10,  1.10it/s]", "step": null, "ts": 1637346573.3852098}]}, "version": 127}
{"obj": {"type": "LogFloats", "path": ["ErrorPercentTrain"], "values": [{"value": 0.6203292608261108, "step": null, "ts": 1637346573.4633331}]}, "version": 128}
{"obj": {"type": "LogFloats", "path": ["gold"], "values": [{"value": 354000.0, "step": null, "ts": 1637346573.4633331}]}, "version": 129}
{"obj": {"type": "LogFloats", "path": ["pred"], "values": [{"value": 141941.4375, "step": null, "ts": 1637346573.4633331}]}, "version": 130}
{"obj": {"type": "LogFloats", "path": ["AbsDiff"], "values": [{"value": 212058.5625, "step": null, "ts": 1637346573.4633331}]}, "version": 131}
{"obj": {"type": "LogFloats", "path": ["ErrorPercentTrain"], "values": [{"value": 0.7440484762191772, "step": null, "ts": 1637346573.5414562}]}, "version": 132}
{"obj": {"type": "LogFloats", "path": ["gold"], "values": [{"value": 82000.0, "step": null, "ts": 1637346573.5414562}]}, "version": 133}
{"obj": {"type": "LogFloats", "path": ["pred"], "values": [{"value": 142055.8125, "step": null, "ts": 1637346573.5414562}]}, "version": 134}
{"obj": {"type": "LogFloats", "path": ["AbsDiff"], "values": [{"value": 60055.8125, "step": null, "ts": 1637346573.5414562}]}, "version": 135}
{"obj": {"type": "LogStrings", "path": ["monitoring", "stderr"], "values": [{"value": "\r17it [01:10,  1.55it/s]", "step": null, "ts": 1637346573.5414562}]}, "version": 136}
{"obj": {"type": "LogFloats", "path": ["ErrorPercentTrain"], "values": [{"value": 0.5052351355552673, "step": null, "ts": 1637346573.6195788}]}, "version": 137}
{"obj": {"type": "LogFloats", "path": ["gold"], "values": [{"value": 145000.0, "step": null, "ts": 1637346573.6195788}]}, "version": 138}
{"obj": {"type": "LogFloats", "path": ["pred"], "values": [{"value": 142062.3125, "step": null, "ts": 1637346573.6195788}]}, "version": 139}
{"obj": {"type": "LogFloats", "path": ["AbsDiff"], "values": [{"value": 2937.6875, "step": null, "ts": 1637346573.6195788}]}, "version": 140}
{"obj": {"type": "LogFloats", "path": ["ErrorPercentTrain"], "values": [{"value": 0.7150923013687134, "step": null, "ts": 1637346573.7081513}]}, "version": 141}
{"obj": {"type": "LogFloats", "path": ["gold"], "values": [{"value": 187750.0, "step": null, "ts": 1637346573.7081513}]}, "version": 142}
{"obj": {"type": "LogFloats", "path": ["pred"], "values": [{"value": 142137.75, "step": null, "ts": 1637346573.7081513}]}, "version": 143}
{"obj": {"type": "LogFloats", "path": ["AbsDiff"], "values": [{"value": 45612.25, "step": null, "ts": 1637346573.7081513}]}, "version": 144}
{"obj": {"type": "LogStrings", "path": ["monitoring", "stderr"], "values": [{"value": "\r19it [01:10,  2.13it/s]", "step": null, "ts": 1637346573.7081513}]}, "version": 145}
{"obj": {"type": "LogFloats", "path": ["ErrorPercentTrain"], "values": [{"value": 0.5431742668151855, "step": null, "ts": 1637346573.8175237}]}, "version": 146}
{"obj": {"type": "LogFloats", "path": ["gold"], "values": [{"value": 164990.0, "step": null, "ts": 1637346573.8175237}]}, "version": 147}
{"obj": {"type": "LogFloats", "path": ["pred"], "values": [{"value": 142220.5625, "step": null, "ts": 1637346573.8175237}]}, "version": 148}
{"obj": {"type": "LogFloats", "path": ["AbsDiff"], "values": [{"value": 22769.4375, "step": null, "ts": 1637346573.8175237}]}, "version": 149}
{"obj": {"type": "LogFloats", "path": ["ErrorPercentTrain"], "values": [{"value": 0.8097603917121887, "step": null, "ts": 1637346573.8956494}]}, "version": 150}
{"obj": {"type": "LogFloats", "path": ["gold"], "values": [{"value": 215000.0, "step": null, "ts": 1637346573.8956494}]}, "version": 151}
{"obj": {"type": "LogFloats", "path": ["pred"], "values": [{"value": 142355.4375, "step": null, "ts": 1637346573.8956494}]}, "version": 152}
{"obj": {"type": "LogFloats", "path": ["AbsDiff"], "values": [{"value": 72644.5625, "step": null, "ts": 1637346573.8956494}]}, "version": 153}
{"obj": {"type": "LogStrings", "path": ["monitoring", "stderr"], "values": [{"value": "\r21it [01:11,  2.83it/s]", "step": null, "ts": 1637346573.8956494}]}, "version": 154}
{"obj": {"type": "LogFloats", "path": ["ErrorPercentTrain"], "values": [{"value": 0.5453662276268005, "step": null, "ts": 1637346574.005019}]}, "version": 155}
{"obj": {"type": "LogFloats", "path": ["gold"], "values": [{"value": 118000.0, "step": null, "ts": 1637346574.005019}]}, "version": 156}
{"obj": {"type": "LogFloats", "path": ["pred"], "values": [{"value": 142480.25, "step": null, "ts": 1637346574.005019}]}, "version": 157}
{"obj": {"type": "LogFloats", "path": ["AbsDiff"], "values": [{"value": 24480.25, "step": null, "ts": 1637346574.005019}]}, "version": 158}
{"obj": {"type": "LogFloats", "path": ["ErrorPercentTrain"], "values": [{"value": 0.4329867959022522, "step": null, "ts": 1637346574.0831418}]}, "version": 159}
{"obj": {"type": "LogFloats", "path": ["gold"], "values": [{"value": 155000.0, "step": null, "ts": 1637346574.0831418}]}, "version": 160}
{"obj": {"type": "LogFloats", "path": ["pred"], "values": [{"value": 142542.9375, "step": null, "ts": 1637346574.0831418}]}, "version": 161}
{"obj": {"type": "LogFloats", "path": ["AbsDiff"], "values": [{"value": 12457.0625, "step": null, "ts": 1637346574.0831418}]}, "version": 162}
{"obj": {"type": "LogStrings", "path": ["monitoring", "stderr"], "values": [{"value": "\r23it [01:11,  3.65it/s]", "step": null, "ts": 1637346574.0831418}]}, "version": 163}
{"obj": {"type": "LogFloats", "path": ["ErrorPercentTrain"], "values": [{"value": 0.6606404185295105, "step": null, "ts": 1637346574.1456409}]}, "version": 164}
{"obj": {"type": "LogFloats", "path": ["gold"], "values": [{"value": 374000.0, "step": null, "ts": 1637346574.1456409}]}, "version": 165}
{"obj": {"type": "LogFloats", "path": ["pred"], "values": [{"value": 142660.9375, "step": null, "ts": 1637346574.1456409}]}, "version": 166}
{"obj": {"type": "LogFloats", "path": ["AbsDiff"], "values": [{"value": 231339.0625, "step": null, "ts": 1637346574.1456409}]}, "version": 167}
{"obj": {"type": "LogFloats", "path": ["ErrorPercentTrain"], "values": [{"value": 0.6119572520256042, "step": null, "ts": 1637346574.2237632}]}, "version": 168}
{"obj": {"type": "LogFloats", "path": ["gold"], "values": [{"value": 226700.0, "step": null, "ts": 1637346574.2237632}]}, "version": 169}
{"obj": {"type": "LogFloats", "path": ["pred"], "values": [{"value": 142779.1875, "step": null, "ts": 1637346574.2237632}]}, "version": 170}
{"obj": {"type": "LogFloats", "path": ["AbsDiff"], "values": [{"value": 83920.8125, "step": null, "ts": 1637346574.2237632}]}, "version": 171}
{"obj": {"type": "LogStrings", "path": ["monitoring", "stderr"], "values": [{"value": "\r25it [01:11,  4.72it/s]", "step": null, "ts": 1637346574.2237632}]}, "version": 172}
{"obj": {"type": "LogFloats", "path": ["ErrorPercentTrain"], "values": [{"value": 0.5970513224601746, "step": null, "ts": 1637346574.3018868}]}, "version": 173}
{"obj": {"type": "LogFloats", "path": ["gold"], "values": [{"value": 150000.0, "step": null, "ts": 1637346574.3018868}]}, "version": 174}
{"obj": {"type": "LogFloats", "path": ["pred"], "values": [{"value": 142900.0625, "step": null, "ts": 1637346574.3018868}]}, "version": 175}
{"obj": {"type": "LogFloats", "path": ["AbsDiff"], "values": [{"value": 7099.9375, "step": null, "ts": 1637346574.3018868}]}, "version": 176}
{"obj": {"type": "LogFloats", "path": ["ErrorPercentTrain"], "values": [{"value": 0.47247639298439026, "step": null, "ts": 1637346574.4112592}]}, "version": 177}
{"obj": {"type": "LogFloats", "path": ["gold"], "values": [{"value": 248000.0, "step": null, "ts": 1637346574.4112592}]}, "version": 178}
{"obj": {"type": "LogFloats", "path": ["pred"], "values": [{"value": 143053.1875, "step": null, "ts": 1637346574.4112592}]}, "version": 179}
{"obj": {"type": "LogFloats", "path": ["AbsDiff"], "values": [{"value": 104946.8125, "step": null, "ts": 1637346574.4112592}]}, "version": 180}
{"obj": {"type": "LogStrings", "path": ["monitoring", "stderr"], "values": [{"value": "\r27it [01:11,  5.68it/s]", "step": null, "ts": 1637346574.4112592}]}, "version": 181}
{"obj": {"type": "LogFloats", "path": ["ErrorPercentTrain"], "values": [{"value": 0.4064495265483856, "step": null, "ts": 1637346574.4737577}]}, "version": 182}
{"obj": {"type": "LogFloats", "path": ["gold"], "values": [{"value": 170000.0, "step": null, "ts": 1637346574.4737577}]}, "version": 183}
{"obj": {"type": "LogFloats", "path": ["pred"], "values": [{"value": 143209.625, "step": null, "ts": 1637346574.4737577}]}, "version": 184}
{"obj": {"type": "LogFloats", "path": ["AbsDiff"], "values": [{"value": 26790.375, "step": null, "ts": 1637346574.4737577}]}, "version": 185}
{"obj": {"type": "LogFloats", "path": ["ErrorPercentTrain"], "values": [{"value": 0.5319372415542603, "step": null, "ts": 1637346574.551882}]}, "version": 186}
{"obj": {"type": "LogFloats", "path": ["gold"], "values": [{"value": 253293.0, "step": null, "ts": 1637346574.551882}]}, "version": 187}
{"obj": {"type": "LogFloats", "path": ["pred"], "values": [{"value": 143377.75, "step": null, "ts": 1637346574.551882}]}, "version": 188}
{"obj": {"type": "LogFloats", "path": ["AbsDiff"], "values": [{"value": 109915.25, "step": null, "ts": 1637346574.551882}]}, "version": 189}
{"obj": {"type": "LogStrings", "path": ["monitoring", "stderr"], "values": [{"value": "\r29it [01:11,  6.94it/s]", "step": null, "ts": 1637346574.551882}]}, "version": 190}
{"obj": {"type": "LogFloats", "path": ["ErrorPercentTrain"], "values": [{"value": 0.5094394087791443, "step": null, "ts": 1637346574.6300042}]}, "version": 191}
{"obj": {"type": "LogFloats", "path": ["gold"], "values": [{"value": 141000.0, "step": null, "ts": 1637346574.6300042}]}, "version": 192}
{"obj": {"type": "LogFloats", "path": ["pred"], "values": [{"value": 143540.1875, "step": null, "ts": 1637346574.6300042}]}, "version": 193}
{"obj": {"type": "LogFloats", "path": ["AbsDiff"], "values": [{"value": 2540.1875, "step": null, "ts": 1637346574.6300042}]}, "version": 194}
{"obj": {"type": "LogFloats", "path": ["ErrorPercentTrain"], "values": [{"value": 0.695617139339447, "step": null, "ts": 1637346574.7237523}]}, "version": 195}
{"obj": {"type": "LogFloats", "path": ["gold"], "values": [{"value": 240000.0, "step": null, "ts": 1637346574.7237523}]}, "version": 196}
{"obj": {"type": "LogFloats", "path": ["pred"], "values": [{"value": 143632.75, "step": null, "ts": 1637346574.7237523}]}, "version": 197}
{"obj": {"type": "LogFloats", "path": ["AbsDiff"], "values": [{"value": 96367.25, "step": null, "ts": 1637346574.7237523}]}, "version": 198}
{"obj": {"type": "LogStrings", "path": ["monitoring", "stderr"], "values": [{"value": "\r31it [01:11,  7.90it/s]", "step": null, "ts": 1637346574.7237523}]}, "version": 199}
{"obj": {"type": "LogFloats", "path": ["ErrorPercentTrain"], "values": [{"value": 0.5436291098594666, "step": null, "ts": 1637346574.8018773}]}, "version": 200}
{"obj": {"type": "LogFloats", "path": ["gold"], "values": [{"value": 226000.0, "step": null, "ts": 1637346574.8018773}]}, "version": 201}
{"obj": {"type": "LogFloats", "path": ["pred"], "values": [{"value": 143719.9375, "step": null, "ts": 1637346574.8018773}]}, "version": 202}
{"obj": {"type": "LogFloats", "path": ["AbsDiff"], "values": [{"value": 82280.0625, "step": null, "ts": 1637346574.8018773}]}, "version": 203}
{"obj": {"type": "LogFloats", "path": ["ErrorPercentTrain"], "values": [{"value": 0.4154728055000305, "step": null, "ts": 1637346574.8956227}]}, "version": 204}
{"obj": {"type": "LogFloats", "path": ["gold"], "values": [{"value": 402000.0, "step": null, "ts": 1637346574.8956227}]}, "version": 205}
{"obj": {"type": "LogFloats", "path": ["pred"], "values": [{"value": 143847.25, "step": null, "ts": 1637346574.8956227}]}, "version": 206}
{"obj": {"type": "LogFloats", "path": ["AbsDiff"], "values": [{"value": 258152.75, "step": null, "ts": 1637346574.8956227}]}, "version": 207}
{"obj": {"type": "LogStrings", "path": ["monitoring", "stderr"], "values": [{"value": "\r33it [01:12,  8.74it/s]", "step": null, "ts": 1637346574.8956227}]}, "version": 208}
{"obj": {"type": "LogFloats", "path": ["ErrorPercentTrain"], "values": [{"value": 0.40374070405960083, "step": null, "ts": 1637346574.9581215}]}, "version": 209}
{"obj": {"type": "LogFloats", "path": ["gold"], "values": [{"value": 159434.0, "step": null, "ts": 1637346574.9581215}]}, "version": 210}
{"obj": {"type": "LogFloats", "path": ["pred"], "values": [{"value": 143977.3125, "step": null, "ts": 1637346574.9581215}]}, "version": 211}
{"obj": {"type": "LogFloats", "path": ["AbsDiff"], "values": [{"value": 15456.6875, "step": null, "ts": 1637346574.9581215}]}, "version": 212}
{"obj": {"type": "LogFloats", "path": ["ErrorPercentTrain"], "values": [{"value": 0.6049627661705017, "step": null, "ts": 1637346575.0362444}]}, "version": 213}
{"obj": {"type": "LogFloats", "path": ["gold"], "values": [{"value": 140000.0, "step": null, "ts": 1637346575.0362444}]}, "version": 214}
{"obj": {"type": "LogFloats", "path": ["pred"], "values": [{"value": 144146.4375, "step": null, "ts": 1637346575.0362444}]}, "version": 215}
{"obj": {"type": "LogFloats", "path": ["AbsDiff"], "values": [{"value": 4146.4375, "step": null, "ts": 1637346575.0362444}]}, "version": 216}
{"obj": {"type": "LogStrings", "path": ["monitoring", "stderr"], "values": [{"value": "\r35it [01:12,  9.89it/s]", "step": null, "ts": 1637346575.0362444}]}, "version": 217}
{"obj": {"type": "LogFloats", "path": ["ErrorPercentTrain"], "values": [{"value": 0.44479838013648987, "step": null, "ts": 1637346575.1143684}]}, "version": 218}
{"obj": {"type": "LogFloats", "path": ["gold"], "values": [{"value": 143000.0, "step": null, "ts": 1637346575.1143684}]}, "version": 219}
{"obj": {"type": "LogFloats", "path": ["pred"], "values": [{"value": 144235.3125, "step": null, "ts": 1637346575.1143684}]}, "version": 220}
{"obj": {"type": "LogFloats", "path": ["AbsDiff"], "values": [{"value": 1235.3125, "step": null, "ts": 1637346575.1143684}]}, "version": 221}
{"obj": {"type": "LogFloats", "path": ["ErrorPercentTrain"], "values": [{"value": 0.4467369019985199, "step": null, "ts": 1637346575.1924903}]}, "version": 222}
{"obj": {"type": "LogFloats", "path": ["gold"], "values": [{"value": 142000.0, "step": null, "ts": 1637346575.1924903}]}, "version": 223}
{"obj": {"type": "LogFloats", "path": ["pred"], "values": [{"value": 144265.4375, "step": null, "ts": 1637346575.2081153}]}, "version": 224}
{"obj": {"type": "LogFloats", "path": ["AbsDiff"], "values": [{"value": 2265.4375, "step": null, "ts": 1637346575.2081153}]}, "version": 225}
{"obj": {"type": "LogStrings", "path": ["monitoring", "stderr"], "values": [{"value": "\r37it [01:12, 10.36it/s]", "step": null, "ts": 1637346575.2081153}]}, "version": 226}
{"obj": {"type": "LogFloats", "path": ["ErrorPercentTrain"], "values": [{"value": 0.46942487359046936, "step": null, "ts": 1637346575.2706144}]}, "version": 227}
{"obj": {"type": "LogFloats", "path": ["gold"], "values": [{"value": 100000.0, "step": null, "ts": 1637346575.2706144}]}, "version": 228}
{"obj": {"type": "LogFloats", "path": ["pred"], "values": [{"value": 144276.0625, "step": null, "ts": 1637346575.2706144}]}, "version": 229}
{"obj": {"type": "LogFloats", "path": ["AbsDiff"], "values": [{"value": 44276.0625, "step": null, "ts": 1637346575.2706144}]}, "version": 230}
{"obj": {"type": "LogFloats", "path": ["ErrorPercentTrain"], "values": [{"value": 0.3901337683200836, "step": null, "ts": 1637346575.3487365}]}, "version": 231}
{"obj": {"type": "LogFloats", "path": ["gold"], "values": [{"value": 175900.0, "step": null, "ts": 1637346575.3487365}]}, "version": 232}
{"obj": {"type": "LogFloats", "path": ["pred"], "values": [{"value": 144235.4375, "step": null, "ts": 1637346575.3487365}]}, "version": 233}
{"obj": {"type": "LogFloats", "path": ["AbsDiff"], "values": [{"value": 31664.5625, "step": null, "ts": 1637346575.3487365}]}, "version": 234}
{"obj": {"type": "LogStrings", "path": ["monitoring", "stderr"], "values": [{"value": "\r39it [01:12, 11.28it/s]", "step": null, "ts": 1637346575.3487365}]}, "version": 235}
{"obj": {"type": "LogFloats", "path": ["ErrorPercentTrain"], "values": [{"value": 0.608306884765625, "step": null, "ts": 1637346575.4268603}]}, "version": 236}
{"obj": {"type": "LogFloats", "path": ["gold"], "values": [{"value": 109900.0, "step": null, "ts": 1637346575.4268603}]}, "version": 237}
{"obj": {"type": "LogFloats", "path": ["pred"], "values": [{"value": 144261.5, "step": null, "ts": 1637346575.4268603}]}, "version": 238}
{"obj": {"type": "LogFloats", "path": ["AbsDiff"], "values": [{"value": 34361.5, "step": null, "ts": 1637346575.4268603}]}, "version": 239}
{"obj": {"type": "LogFloats", "path": ["ErrorPercentTrain"], "values": [{"value": 0.367599755525589, "step": null, "ts": 1637346575.4893582}]}, "version": 240}
{"obj": {"type": "LogFloats", "path": ["gold"], "values": [{"value": 93000.0, "step": null, "ts": 1637346575.4893582}]}, "version": 241}
{"obj": {"type": "LogFloats", "path": ["pred"], "values": [{"value": 144220.125, "step": null, "ts": 1637346575.4893582}]}, "version": 242}
{"obj": {"type": "LogFloats", "path": ["AbsDiff"], "values": [{"value": 51220.125, "step": null, "ts": 1637346575.4893582}]}, "version": 243}
{"obj": {"type": "LogStrings", "path": ["monitoring", "stderr"], "values": [{"value": "\r41it [01:12, 12.03it/s]", "step": null, "ts": 1637346575.4893582}]}, "version": 244}
{"obj": {"type": "LogFloats", "path": ["ErrorPercentTrain"], "values": [{"value": 0.3150678277015686, "step": null, "ts": 1637346575.5674827}]}, "version": 245}
{"obj": {"type": "LogFloats", "path": ["gold"], "values": [{"value": 157500.0, "step": null, "ts": 1637346575.5674827}]}, "version": 246}
{"obj": {"type": "LogFloats", "path": ["pred"], "values": [{"value": 144165.9375, "step": null, "ts": 1637346575.5674827}]}, "version": 247}
{"obj": {"type": "LogFloats", "path": ["AbsDiff"], "values": [{"value": 13334.0625, "step": null, "ts": 1637346575.5674827}]}, "version": 248}
{"obj": {"type": "LogFloats", "path": ["ErrorPercentTrain"], "values": [{"value": 0.40646591782569885, "step": null, "ts": 1637346575.6456046}]}, "version": 249}
{"obj": {"type": "LogFloats", "path": ["gold"], "values": [{"value": 131500.0, "step": null, "ts": 1637346575.6456046}]}, "version": 250}
{"obj": {"type": "LogFloats", "path": ["pred"], "values": [{"value": 144189.3125, "step": null, "ts": 1637346575.6456046}]}, "version": 251}
{"obj": {"type": "LogFloats", "path": ["AbsDiff"], "values": [{"value": 12689.3125, "step": null, "ts": 1637346575.6456046}]}, "version": 252}
{"obj": {"type": "LogStrings", "path": ["monitoring", "stderr"], "values": [{"value": "\r43it [01:12, 12.25it/s]", "step": null, "ts": 1637346575.6456046}]}, "version": 253}
{"obj": {"type": "LogFloats", "path": ["ErrorPercentTrain"], "values": [{"value": 0.40572497248649597, "step": null, "ts": 1637346575.754978}]}, "version": 254}
{"obj": {"type": "LogFloats", "path": ["gold"], "values": [{"value": 187500.0, "step": null, "ts": 1637346575.754978}]}, "version": 255}
{"obj": {"type": "LogFloats", "path": ["pred"], "values": [{"value": 144144.5, "step": null, "ts": 1637346575.754978}]}, "version": 256}
{"obj": {"type": "LogFloats", "path": ["AbsDiff"], "values": [{"value": 43355.5, "step": null, "ts": 1637346575.754978}]}, "version": 257}
{"obj": {"type": "LogFloats", "path": ["ErrorPercentTrain"], "values": [{"value": 0.5655986070632935, "step": null, "ts": 1637346575.833101}]}, "version": 258}
{"obj": {"type": "LogFloats", "path": ["gold"], "values": [{"value": 153000.0, "step": null, "ts": 1637346575.833101}]}, "version": 259}
{"obj": {"type": "LogFloats", "path": ["pred"], "values": [{"value": 144156.25, "step": null, "ts": 1637346575.833101}]}, "version": 260}
{"obj": {"type": "LogFloats", "path": ["AbsDiff"], "values": [{"value": 8843.75, "step": null, "ts": 1637346575.833101}]}, "version": 261}
{"obj": {"type": "LogStrings", "path": ["monitoring", "stderr"], "values": [{"value": "\r45it [01:12, 11.73it/s]", "step": null, "ts": 1637346575.833101}]}, "version": 262}
{"obj": {"type": "LogFloats", "path": ["ErrorPercentTrain"], "values": [{"value": 0.30198192596435547, "step": null, "ts": 1637346575.9112253}]}, "version": 263}
{"obj": {"type": "LogFloats", "path": ["gold"], "values": [{"value": 145900.0, "step": null, "ts": 1637346575.9112253}]}, "version": 264}
{"obj": {"type": "LogFloats", "path": ["pred"], "values": [{"value": 144179.1875, "step": null, "ts": 1637346575.9112253}]}, "version": 265}
{"obj": {"type": "LogFloats", "path": ["AbsDiff"], "values": [{"value": 1720.8125, "step": null, "ts": 1637346575.9112253}]}, "version": 266}
{"obj": {"type": "LogFloats", "path": ["ErrorPercentTrain"], "values": [{"value": 0.3681069612503052, "step": null, "ts": 1637346575.9893465}]}, "version": 267}
{"obj": {"type": "LogFloats", "path": ["gold"], "values": [{"value": 214000.0, "step": null, "ts": 1637346575.9893465}]}, "version": 268}
{"obj": {"type": "LogFloats", "path": ["pred"], "values": [{"value": 144267.0, "step": null, "ts": 1637346575.9893465}]}, "version": 269}
{"obj": {"type": "LogFloats", "path": ["AbsDiff"], "values": [{"value": 69733.0, "step": null, "ts": 1637346575.9893465}]}, "version": 270}
{"obj": {"type": "LogStrings", "path": ["monitoring", "stderr"], "values": [{"value": "\r47it [01:13, 12.03it/s]", "step": null, "ts": 1637346575.9893465}]}, "version": 271}
{"obj": {"type": "LogFloats", "path": ["ErrorPercentTrain"], "values": [{"value": 0.6308699250221252, "step": null, "ts": 1637346576.0518458}]}, "version": 272}
{"obj": {"type": "LogFloats", "path": ["gold"], "values": [{"value": 272000.0, "step": null, "ts": 1637346576.0518458}]}, "version": 273}
{"obj": {"type": "LogFloats", "path": ["pred"], "values": [{"value": 144379.1875, "step": null, "ts": 1637346576.0518458}]}, "version": 274}
{"obj": {"type": "LogFloats", "path": ["AbsDiff"], "values": [{"value": 127620.8125, "step": null, "ts": 1637346576.0518458}]}, "version": 275}
{"obj": {"type": "LogFloats", "path": ["ErrorPercentTrain"], "values": [{"value": 0.5288959741592407, "step": null, "ts": 1637346576.1299684}]}, "version": 276}
{"obj": {"type": "LogFloats", "path": ["gold"], "values": [{"value": 336000.0, "step": null, "ts": 1637346576.1299684}]}, "version": 277}
{"obj": {"type": "LogFloats", "path": ["pred"], "values": [{"value": 144509.875, "step": null, "ts": 1637346576.1299684}]}, "version": 278}
{"obj": {"type": "LogFloats", "path": ["AbsDiff"], "values": [{"value": 191490.125, "step": null, "ts": 1637346576.1299684}]}, "version": 279}
{"obj": {"type": "LogStrings", "path": ["monitoring", "stderr"], "values": [{"value": "\r49it [01:13, 12.61it/s]", "step": null, "ts": 1637346576.1299684}]}, "version": 280}
{"obj": {"type": "LogFloats", "path": ["ErrorPercentTrain"], "values": [{"value": 0.35932454466819763, "step": null, "ts": 1637346576.1924667}]}, "version": 281}
{"obj": {"type": "LogFloats", "path": ["gold"], "values": [{"value": 86000.0, "step": null, "ts": 1637346576.1924667}]}, "version": 282}
{"obj": {"type": "LogFloats", "path": ["pred"], "values": [{"value": 144675.3125, "step": null, "ts": 1637346576.1924667}]}, "version": 283}
{"obj": {"type": "LogFloats", "path": ["AbsDiff"], "values": [{"value": 58675.3125, "step": null, "ts": 1637346576.1924667}]}, "version": 284}
{"obj": {"type": "LogFloats", "path": ["ErrorPercentTrain"], "values": [{"value": 0.42454561591148376, "step": null, "ts": 1637346576.270591}]}, "version": 285}
{"obj": {"type": "LogFloats", "path": ["gold"], "values": [{"value": 194000.0, "step": null, "ts": 1637346576.270591}]}, "version": 286}
{"obj": {"type": "LogFloats", "path": ["pred"], "values": [{"value": 144795.375, "step": null, "ts": 1637346576.270591}]}, "version": 287}
{"obj": {"type": "LogFloats", "path": ["AbsDiff"], "values": [{"value": 49204.625, "step": null, "ts": 1637346576.270591}]}, "version": 288}
{"obj": {"type": "LogStrings", "path": ["monitoring", "stderr"], "values": [{"value": "\r51it [01:13, 13.06it/s]", "step": null, "ts": 1637346576.270591}]}, "version": 289}
{"obj": {"type": "LogFloats", "path": ["ErrorPercentTrain"], "values": [{"value": 0.4122277796268463, "step": null, "ts": 1637346576.333088}]}, "version": 290}
{"obj": {"type": "LogFloats", "path": ["gold"], "values": [{"value": 173000.0, "step": null, "ts": 1637346576.333088}]}, "version": 291}
{"obj": {"type": "LogFloats", "path": ["pred"], "values": [{"value": 144958.75, "step": null, "ts": 1637346576.333088}]}, "version": 292}
{"obj": {"type": "LogFloats", "path": ["AbsDiff"], "values": [{"value": 28041.25, "step": null, "ts": 1637346576.333088}]}, "version": 293}
{"obj": {"type": "LogFloats", "path": ["ErrorPercentTrain"], "values": [{"value": 0.4073766767978668, "step": null, "ts": 1637346576.4112115}]}, "version": 294}
{"obj": {"type": "LogFloats", "path": ["gold"], "values": [{"value": 81000.0, "step": null, "ts": 1637346576.4112115}]}, "version": 295}
{"obj": {"type": "LogFloats", "path": ["pred"], "values": [{"value": 145210.75, "step": null, "ts": 1637346576.4112115}]}, "version": 296}
{"obj": {"type": "LogFloats", "path": ["AbsDiff"], "values": [{"value": 64210.75, "step": null, "ts": 1637346576.4112115}]}, "version": 297}
{"obj": {"type": "LogStrings", "path": ["monitoring", "stderr"], "values": [{"value": "\r53it [01:13, 13.39it/s]", "step": null, "ts": 1637346576.4112115}]}, "version": 298}
{"obj": {"type": "LogFloats", "path": ["ErrorPercentTrain"], "values": [{"value": 0.4343068301677704, "step": null, "ts": 1637346576.489335}]}, "version": 299}
{"obj": {"type": "LogFloats", "path": ["gold"], "values": [{"value": 133000.0, "step": null, "ts": 1637346576.489335}]}, "version": 300}
{"obj": {"type": "LogFloats", "path": ["pred"], "values": [{"value": 145409.3125, "step": null, "ts": 1637346576.489335}]}, "version": 301}
{"obj": {"type": "LogFloats", "path": ["AbsDiff"], "values": [{"value": 12409.3125, "step": null, "ts": 1637346576.489335}]}, "version": 302}
{"obj": {"type": "LogFloats", "path": ["ErrorPercentTrain"], "values": [{"value": 0.3836310803890228, "step": null, "ts": 1637346576.5674577}]}, "version": 303}
{"obj": {"type": "LogFloats", "path": ["gold"], "values": [{"value": 119500.0, "step": null, "ts": 1637346576.5674577}]}, "version": 304}
{"obj": {"type": "LogFloats", "path": ["pred"], "values": [{"value": 145589.3125, "step": null, "ts": 1637346576.5674577}]}, "version": 305}
{"obj": {"type": "LogFloats", "path": ["AbsDiff"], "values": [{"value": 26089.3125, "step": null, "ts": 1637346576.5674577}]}, "version": 306}
{"obj": {"type": "LogStrings", "path": ["monitoring", "stderr"], "values": [{"value": "\r55it [01:13, 13.20it/s]", "step": null, "ts": 1637346576.5674577}]}, "version": 307}
{"obj": {"type": "LogFloats", "path": ["ErrorPercentTrain"], "values": [{"value": 0.3511161804199219, "step": null, "ts": 1637346576.6455805}]}, "version": 308}
{"obj": {"type": "LogFloats", "path": ["gold"], "values": [{"value": 212900.0, "step": null, "ts": 1637346576.6455805}]}, "version": 309}
{"obj": {"type": "LogFloats", "path": ["pred"], "values": [{"value": 145811.875, "step": null, "ts": 1637346576.6455805}]}, "version": 310}
{"obj": {"type": "LogFloats", "path": ["AbsDiff"], "values": [{"value": 67088.125, "step": null, "ts": 1637346576.6455805}]}, "version": 311}
{"obj": {"type": "LogFloats", "path": ["ErrorPercentTrain"], "values": [{"value": 0.4150654375553131, "step": null, "ts": 1637346576.7549536}]}, "version": 312}
{"obj": {"type": "LogFloats", "path": ["gold"], "values": [{"value": 197500.0, "step": null, "ts": 1637346576.7549536}]}, "version": 313}
{"obj": {"type": "LogFloats", "path": ["pred"], "values": [{"value": 146059.75, "step": null, "ts": 1637346576.7549536}]}, "version": 314}
{"obj": {"type": "LogFloats", "path": ["AbsDiff"], "values": [{"value": 51440.25, "step": null, "ts": 1637346576.7549536}]}, "version": 315}
{"obj": {"type": "LogStrings", "path": ["monitoring", "stderr"], "values": [{"value": "\r57it [01:13, 12.32it/s]", "step": null, "ts": 1637346576.7549536}]}, "version": 316}
{"obj": {"type": "LogFloats", "path": ["ErrorPercentTrain"], "values": [{"value": 0.3130379319190979, "step": null, "ts": 1637346576.848701}]}, "version": 317}
{"obj": {"type": "LogFloats", "path": ["gold"], "values": [{"value": 224000.0, "step": null, "ts": 1637346576.848701}]}, "version": 318}
{"obj": {"type": "LogFloats", "path": ["pred"], "values": [{"value": 146369.125, "step": null, "ts": 1637346576.848701}]}, "version": 319}
{"obj": {"type": "LogFloats", "path": ["AbsDiff"], "values": [{"value": 77630.875, "step": null, "ts": 1637346576.848701}]}, "version": 320}
{"obj": {"type": "LogFloats", "path": ["ErrorPercentTrain"], "values": [{"value": 0.3742646872997284, "step": null, "ts": 1637346576.9424486}]}, "version": 321}
{"obj": {"type": "LogFloats", "path": ["gold"], "values": [{"value": 392500.0, "step": null, "ts": 1637346576.9424486}]}, "version": 322}
{"obj": {"type": "LogFloats", "path": ["pred"], "values": [{"value": 146752.1875, "step": null, "ts": 1637346576.9424486}]}, "version": 323}
{"obj": {"type": "LogFloats", "path": ["AbsDiff"], "values": [{"value": 245747.8125, "step": null, "ts": 1637346576.9424486}]}, "version": 324}
{"obj": {"type": "LogStrings", "path": ["monitoring", "stderr"], "values": [{"value": "\r59it [01:14, 11.78it/s]", "step": null, "ts": 1637346576.9424486}]}, "version": 325}
{"obj": {"type": "LogFloats", "path": ["ErrorPercentTrain"], "values": [{"value": 0.3845255374908447, "step": null, "ts": 1637346577.0205724}]}, "version": 326}
{"obj": {"type": "LogFloats", "path": ["gold"], "values": [{"value": 197900.0, "step": null, "ts": 1637346577.0205724}]}, "version": 327}
{"obj": {"type": "LogFloats", "path": ["pred"], "values": [{"value": 147164.4375, "step": null, "ts": 1637346577.0205724}]}, "version": 328}
{"obj": {"type": "LogFloats", "path": ["AbsDiff"], "values": [{"value": 50735.5625, "step": null, "ts": 1637346577.0205724}]}, "version": 329}
{"obj": {"type": "LogFloats", "path": ["ErrorPercentTrain"], "values": [{"value": 0.29412955045700073, "step": null, "ts": 1637346577.0986955}]}, "version": 330}
{"obj": {"type": "LogFloats", "path": ["gold"], "values": [{"value": 134000.0, "step": null, "ts": 1637346577.0986955}]}, "version": 331}
{"obj": {"type": "LogFloats", "path": ["pred"], "values": [{"value": 147651.0625, "step": null, "ts": 1637346577.0986955}]}, "version": 332}
{"obj": {"type": "LogFloats", "path": ["AbsDiff"], "values": [{"value": 13651.0625, "step": null, "ts": 1637346577.0986955}]}, "version": 333}
{"obj": {"type": "LogStrings", "path": ["monitoring", "stderr"], "values": [{"value": "\r61it [01:14, 12.07it/s]", "step": null, "ts": 1637346577.0986955}]}, "version": 334}
{"obj": {"type": "LogFloats", "path": ["ErrorPercentTrain"], "values": [{"value": 0.32884499430656433, "step": null, "ts": 1637346577.1768184}]}, "version": 335}
{"obj": {"type": "LogFloats", "path": ["gold"], "values": [{"value": 248328.0, "step": null, "ts": 1637346577.1768184}]}, "version": 336}
{"obj": {"type": "LogFloats", "path": ["pred"], "values": [{"value": 148212.6875, "step": null, "ts": 1637346577.1768184}]}, "version": 337}
{"obj": {"type": "LogFloats", "path": ["AbsDiff"], "values": [{"value": 100115.3125, "step": null, "ts": 1637346577.1768184}]}, "version": 338}
{"obj": {"type": "LogFloats", "path": ["ErrorPercentTrain"], "values": [{"value": 0.2723132073879242, "step": null, "ts": 1637346577.2549417}]}, "version": 339}
{"obj": {"type": "LogFloats", "path": ["gold"], "values": [{"value": 128900.0, "step": null, "ts": 1637346577.2549417}]}, "version": 340}
{"obj": {"type": "LogFloats", "path": ["pred"], "values": [{"value": 148819.1875, "step": null, "ts": 1637346577.2549417}]}, "version": 341}
{"obj": {"type": "LogFloats", "path": ["AbsDiff"], "values": [{"value": 19919.1875, "step": null, "ts": 1637346577.2549417}]}, "version": 342}
{"obj": {"type": "LogStrings", "path": ["monitoring", "stderr"], "values": [{"value": "\r63it [01:14, 12.28it/s]", "step": null, "ts": 1637346577.2549417}]}, "version": 343}
{"obj": {"type": "LogFloats", "path": ["ErrorPercentTrain"], "values": [{"value": 0.25284916162490845, "step": null, "ts": 1637346577.3330638}]}, "version": 344}
{"obj": {"type": "LogFloats", "path": ["gold"], "values": [{"value": 180000.0, "step": null, "ts": 1637346577.3330638}]}, "version": 345}
{"obj": {"type": "LogFloats", "path": ["pred"], "values": [{"value": 149452.9375, "step": null, "ts": 1637346577.3330638}]}, "version": 346}
{"obj": {"type": "LogFloats", "path": ["AbsDiff"], "values": [{"value": 30547.0625, "step": null, "ts": 1637346577.3330638}]}, "version": 347}
{"obj": {"type": "LogFloats", "path": ["ErrorPercentTrain"], "values": [{"value": 0.313637375831604, "step": null, "ts": 1637346577.3955638}]}, "version": 348}
{"obj": {"type": "LogFloats", "path": ["gold"], "values": [{"value": 177500.0, "step": null, "ts": 1637346577.3955638}]}, "version": 349}
{"obj": {"type": "LogFloats", "path": ["pred"], "values": [{"value": 150147.8125, "step": null, "ts": 1637346577.3955638}]}, "version": 350}
{"obj": {"type": "LogFloats", "path": ["AbsDiff"], "values": [{"value": 27352.1875, "step": null, "ts": 1637346577.3955638}]}, "version": 351}
{"obj": {"type": "LogStrings", "path": ["monitoring", "stderr"], "values": [{"value": "\r65it [01:14, 12.80it/s]", "step": null, "ts": 1637346577.3955638}]}, "version": 352}
{"obj": {"type": "LogFloats", "path": ["ErrorPercentTrain"], "values": [{"value": 0.5262512564659119, "step": null, "ts": 1637346577.4736865}]}, "version": 353}
{"obj": {"type": "LogFloats", "path": ["gold"], "values": [{"value": 72500.0, "step": null, "ts": 1637346577.4736865}]}, "version": 354}
{"obj": {"type": "LogFloats", "path": ["pred"], "values": [{"value": 150874.9375, "step": null, "ts": 1637346577.4736865}]}, "version": 355}
{"obj": {"type": "LogFloats", "path": ["AbsDiff"], "values": [{"value": 78374.9375, "step": null, "ts": 1637346577.4736865}]}, "version": 356}
{"obj": {"type": "LogFloats", "path": ["ErrorPercentTrain"], "values": [{"value": 0.33245226740837097, "step": null, "ts": 1637346577.5830584}]}, "version": 357}
{"obj": {"type": "LogFloats", "path": ["gold"], "values": [{"value": 155000.0, "step": null, "ts": 1637346577.5830584}]}, "version": 358}
{"obj": {"type": "LogFloats", "path": ["pred"], "values": [{"value": 151479.8125, "step": null, "ts": 1637346577.5830584}]}, "version": 359}
{"obj": {"type": "LogFloats", "path": ["AbsDiff"], "values": [{"value": 3520.1875, "step": null, "ts": 1637346577.5830584}]}, "version": 360}
{"obj": {"type": "LogStrings", "path": ["monitoring", "stderr"], "values": [{"value": "\r67it [01:14, 12.08it/s]", "step": null, "ts": 1637346577.5830584}]}, "version": 361}
{"obj": {"type": "LogFloats", "path": ["ErrorPercentTrain"], "values": [{"value": 0.443198025226593, "step": null, "ts": 1637346577.6611822}]}, "version": 362}
{"obj": {"type": "LogFloats", "path": ["gold"], "values": [{"value": 260000.0, "step": null, "ts": 1637346577.6611822}]}, "version": 363}
{"obj": {"type": "LogFloats", "path": ["pred"], "values": [{"value": 152205.375, "step": null, "ts": 1637346577.6611822}]}, "version": 364}
{"obj": {"type": "LogFloats", "path": ["AbsDiff"], "values": [{"value": 107794.625, "step": null, "ts": 1637346577.6611822}]}, "version": 365}
{"obj": {"type": "LogFloats", "path": ["ErrorPercentTrain"], "values": [{"value": 0.33880072832107544, "step": null, "ts": 1637346577.7393053}]}, "version": 366}
{"obj": {"type": "LogFloats", "path": ["gold"], "values": [{"value": 237500.0, "step": null, "ts": 1637346577.7393053}]}, "version": 367}
{"obj": {"type": "LogFloats", "path": ["pred"], "values": [{"value": 152955.25, "step": null, "ts": 1637346577.7393053}]}, "version": 368}
{"obj": {"type": "LogFloats", "path": ["AbsDiff"], "values": [{"value": 84544.75, "step": null, "ts": 1637346577.7393053}]}, "version": 369}
{"obj": {"type": "LogStrings", "path": ["monitoring", "stderr"], "values": [{"value": "\r69it [01:14, 12.29it/s]", "step": null, "ts": 1637346577.7393053}]}, "version": 370}
{"obj": {"type": "LogFloats", "path": ["ErrorPercentTrain"], "values": [{"value": 0.384107381105423, "step": null, "ts": 1637346577.8174279}]}, "version": 371}
{"obj": {"type": "LogFloats", "path": ["gold"], "values": [{"value": 193000.0, "step": null, "ts": 1637346577.8174279}]}, "version": 372}
{"obj": {"type": "LogFloats", "path": ["pred"], "values": [{"value": 153832.5625, "step": null, "ts": 1637346577.8174279}]}, "version": 373}
{"obj": {"type": "LogFloats", "path": ["AbsDiff"], "values": [{"value": 39167.4375, "step": null, "ts": 1637346577.8174279}]}, "version": 374}
{"obj": {"type": "LogFloats", "path": ["ErrorPercentTrain"], "values": [{"value": 0.3207387626171112, "step": null, "ts": 1637346577.8955507}]}, "version": 375}
{"obj": {"type": "LogFloats", "path": ["gold"], "values": [{"value": 127500.0, "step": null, "ts": 1637346577.8955507}]}, "version": 376}
{"obj": {"type": "LogFloats", "path": ["pred"], "values": [{"value": 154800.0, "step": null, "ts": 1637346577.8955507}]}, "version": 377}
{"obj": {"type": "LogFloats", "path": ["AbsDiff"], "values": [{"value": 27300.0, "step": null, "ts": 1637346577.8955507}]}, "version": 378}
{"obj": {"type": "LogStrings", "path": ["monitoring", "stderr"], "values": [{"value": "\r71it [01:15, 12.44it/s]", "step": null, "ts": 1637346577.8955507}]}, "version": 379}
{"obj": {"type": "LogStrings", "path": ["monitoring", "stderr"], "values": [{"value": "", "step": null, "ts": 1637346577.9268029}]}, "version": 380}
{"obj": {"type": "LogStrings", "path": ["monitoring", "stderr"], "values": [{"value": "\r71it [01:15,  1.06s/it]", "step": null, "ts": 1637346577.9268029}]}, "version": 381}
{"obj": {"type": "LogStrings", "path": ["monitoring", "stderr"], "values": [{"value": "\n", "step": null, "ts": 1637346577.9268029}]}, "version": 382}
{"obj": {"type": "LogStrings", "path": ["monitoring", "stdout"], "values": [{"value": "Shutting down background jobs, please wait a moment...\n", "step": null, "ts": 1637346577.9268029}]}, "version": 383}
