{"obj": {"type": "AssignString", "path": ["sys", "name"], "value": "Untitled"}, "version": 1}
{"obj": {"type": "AssignString", "path": ["sys", "description"], "value": ""}, "version": 2}
{"obj": {"type": "AssignString", "path": ["sys", "hostname"], "value": "LAPTOP-U1IJGCL4"}, "version": 3}
{"obj": {"type": "AssignBool", "path": ["sys", "failed"], "value": false}, "version": 4}
{"obj": {"type": "ClearStringLog", "path": ["monitoring", "stdout"]}, "version": 5}
{"obj": {"type": "ClearStringLog", "path": ["monitoring", "stderr"]}, "version": 6}
{"obj": {"type": "AssignString", "path": ["source_code", "entrypoint"], "value": "main.py"}, "version": 7}
{"obj": {"type": "UploadFileSet", "path": ["source_code", "files"], "file_globs": ["C:\\AttentionIsOptimalBuildingBlockArticle\\First_Experiment_Second_Trial\\main.py"], "reset": "False"}, "version": 8}
{"obj": {"type": "ConfigFloatSeries", "path": ["monitoring", "cpu"], "min": 0.0, "max": 100.0, "unit": "%"}, "version": 9}
{"obj": {"type": "ClearFloatLog", "path": ["monitoring", "cpu"]}, "version": 10}
{"obj": {"type": "ConfigFloatSeries", "path": ["monitoring", "memory"], "min": 0.0, "max": 15.43682861328125, "unit": "GB"}, "version": 11}
{"obj": {"type": "ClearFloatLog", "path": ["monitoring", "memory"]}, "version": 12}
{"obj": {"type": "ConfigFloatSeries", "path": ["monitoring", "gpu"], "min": 0.0, "max": 100.0, "unit": "%"}, "version": 13}
{"obj": {"type": "ClearFloatLog", "path": ["monitoring", "gpu"]}, "version": 14}
{"obj": {"type": "ConfigFloatSeries", "path": ["monitoring", "gpu_memory"], "min": 0.0, "max": 6.0, "unit": "GB"}, "version": 15}
{"obj": {"type": "ClearFloatLog", "path": ["monitoring", "gpu_memory"]}, "version": 16}
{"obj": {"type": "LogStrings", "path": ["monitoring", "stdout"], "values": [{"value": "", "step": null, "ts": 1637417365.5125778}]}, "version": 17}
{"obj": {"type": "LogStrings", "path": ["monitoring", "stdout"], "values": [{"value": "https://app.neptune.ai/chaimchess/AttentionIsOptimalBuildingBlockArticle/e/AT-2\n", "step": null, "ts": 1637417365.514577}]}, "version": 18}
{"obj": {"type": "LogFloats", "path": ["monitoring", "cpu"], "values": [{"value": 18.1, "step": null, "ts": 1637417365.5045764}]}, "version": 19}
{"obj": {"type": "AssignString", "path": ["parameters", "learning_rate"], "value": "None"}, "version": 20}
{"obj": {"type": "AssignString", "path": ["parameters", "optimizer"], "value": "Adam"}, "version": 21}
{"obj": {"type": "LogFloats", "path": ["monitoring", "memory"], "values": [{"value": 8.926673889160156, "step": null, "ts": 1637417365.5045764}]}, "version": 22}
{"obj": {"type": "LogFloats", "path": ["monitoring", "gpu_memory"], "values": [{"value": 0.33226776123046875, "step": null, "ts": 1637417365.5045764}]}, "version": 23}
{"obj": {"type": "LogFloats", "path": ["monitoring", "cpu"], "values": [{"value": 24.6, "step": null, "ts": 1637417375.5209024}]}, "version": 24}
{"obj": {"type": "LogFloats", "path": ["monitoring", "memory"], "values": [{"value": 10.507884979248047, "step": null, "ts": 1637417375.5209024}]}, "version": 25}
{"obj": {"type": "LogFloats", "path": ["monitoring", "gpu"], "values": [{"value": 79.0, "step": null, "ts": 1637417375.5209024}]}, "version": 26}
{"obj": {"type": "LogFloats", "path": ["monitoring", "gpu_memory"], "values": [{"value": 1.537017822265625, "step": null, "ts": 1637417375.5209024}]}, "version": 27}
{"obj": {"type": "LogStrings", "path": ["monitoring", "stdout"], "values": [{"value": "| epoch   1 |   200/ 2983 batches | lr 5.00 | ms/batch 30.27 | loss  7.57 | ppl  1932.95", "step": null, "ts": 1637417377.886082}]}, "version": 28}
{"obj": {"type": "LogStrings", "path": ["monitoring", "stdout"], "values": [{"value": "\n", "step": null, "ts": 1637417377.886082}]}, "version": 29}
{"obj": {"type": "LogFloats", "path": ["loss"], "values": [{"value": 7.566803154945373, "step": null, "ts": 1637417377.8870835}]}, "version": 30}
{"obj": {"type": "LogFloats", "path": ["ppl"], "values": [{"value": 1932.9510488195315, "step": null, "ts": 1637417377.8870835}]}, "version": 31}
{"obj": {"type": "LogStrings", "path": ["monitoring", "stdout"], "values": [{"value": "| epoch   1 |   400/ 2983 batches | lr 5.00 | ms/batch 19.04 | loss  6.79 | ppl   891.40", "step": null, "ts": 1637417381.6953702}]}, "version": 32}
{"obj": {"type": "LogStrings", "path": ["monitoring", "stdout"], "values": [{"value": "\n", "step": null, "ts": 1637417381.6953702}]}, "version": 33}
{"obj": {"type": "LogFloats", "path": ["loss"], "values": [{"value": 6.792787752151489, "step": null, "ts": 1637417381.6963701}]}, "version": 34}
{"obj": {"type": "LogFloats", "path": ["ppl"], "values": [{"value": 891.3950898605582, "step": null, "ts": 1637417381.6963701}]}, "version": 35}
{"obj": {"type": "LogStrings", "path": ["monitoring", "stdout"], "values": [{"value": "| epoch   1 |   600/ 2983 batches | lr 5.00 | ms/batch 19.02 | loss  6.50 | ppl   662.74", "step": null, "ts": 1637417385.5006585}]}, "version": 36}
{"obj": {"type": "LogStrings", "path": ["monitoring", "stdout"], "values": [{"value": "\n", "step": null, "ts": 1637417385.5006585}]}, "version": 37}
{"obj": {"type": "LogFloats", "path": ["loss"], "values": [{"value": 6.496380937099457, "step": null, "ts": 1637417385.5006585}]}, "version": 38}
{"obj": {"type": "LogFloats", "path": ["ppl"], "values": [{"value": 662.7387942715549, "step": null, "ts": 1637417385.5016587}]}, "version": 39}
{"obj": {"type": "LogFloats", "path": ["monitoring", "cpu"], "values": [{"value": 25.0, "step": null, "ts": 1637417385.5296607}]}, "version": 40}
{"obj": {"type": "LogFloats", "path": ["monitoring", "memory"], "values": [{"value": 10.495315551757812, "step": null, "ts": 1637417385.5296607}]}, "version": 41}
{"obj": {"type": "LogFloats", "path": ["monitoring", "gpu"], "values": [{"value": 79.0, "step": null, "ts": 1637417385.5296607}]}, "version": 42}
{"obj": {"type": "LogFloats", "path": ["monitoring", "gpu_memory"], "values": [{"value": 1.537017822265625, "step": null, "ts": 1637417385.5296607}]}, "version": 43}
{"obj": {"type": "LogStrings", "path": ["monitoring", "stdout"], "values": [{"value": "| epoch   1 |   800/ 2983 batches | lr 5.00 | ms/batch 19.02 | loss  6.36 | ppl   579.55", "step": null, "ts": 1637417389.3059468}]}, "version": 44}
{"obj": {"type": "LogStrings", "path": ["monitoring", "stdout"], "values": [{"value": "\n", "step": null, "ts": 1637417389.3059468}]}, "version": 45}
{"obj": {"type": "LogFloats", "path": ["loss"], "values": [{"value": 6.362258021831512, "step": null, "ts": 1637417389.306947}]}, "version": 46}
{"obj": {"type": "LogFloats", "path": ["ppl"], "values": [{"value": 579.5535245421635, "step": null, "ts": 1637417389.306947}]}, "version": 47}
{"obj": {"type": "LogStrings", "path": ["monitoring", "stdout"], "values": [{"value": "| epoch   1 |  1000/ 2983 batches | lr 5.00 | ms/batch 18.99 | loss  6.26 | ppl   524.31", "step": null, "ts": 1637417393.104235}]}, "version": 48}
{"obj": {"type": "LogStrings", "path": ["monitoring", "stdout"], "values": [{"value": "\n", "step": null, "ts": 1637417393.104235}]}, "version": 49}
{"obj": {"type": "LogFloats", "path": ["loss"], "values": [{"value": 6.262085235118866, "step": null, "ts": 1637417393.104235}]}, "version": 50}
{"obj": {"type": "LogFloats", "path": ["ppl"], "values": [{"value": 524.3111129395924, "step": null, "ts": 1637417393.1052349}]}, "version": 51}
{"obj": {"type": "LogFloats", "path": ["monitoring", "cpu"], "values": [{"value": 23.9, "step": null, "ts": 1637417395.5364192}]}, "version": 52}
{"obj": {"type": "LogFloats", "path": ["monitoring", "memory"], "values": [{"value": 10.49734115600586, "step": null, "ts": 1637417395.5364192}]}, "version": 53}
{"obj": {"type": "LogFloats", "path": ["monitoring", "gpu"], "values": [{"value": 79.0, "step": null, "ts": 1637417395.5364192}]}, "version": 54}
{"obj": {"type": "LogFloats", "path": ["monitoring", "gpu_memory"], "values": [{"value": 1.537017822265625, "step": null, "ts": 1637417395.5364192}]}, "version": 55}
{"obj": {"type": "LogStrings", "path": ["monitoring", "stdout"], "values": [{"value": "| epoch   1 |  1200/ 2983 batches | lr 5.00 | ms/batch 19.03 | loss  6.22 | ppl   503.82", "step": null, "ts": 1637417396.9115233}]}, "version": 56}
{"obj": {"type": "LogStrings", "path": ["monitoring", "stdout"], "values": [{"value": "\n", "step": null, "ts": 1637417396.9115233}]}, "version": 57}
{"obj": {"type": "LogFloats", "path": ["loss"], "values": [{"value": 6.222228679656983, "step": null, "ts": 1637417396.9115233}]}, "version": 58}
{"obj": {"type": "LogFloats", "path": ["ppl"], "values": [{"value": 503.82484588168404, "step": null, "ts": 1637417396.9125242}]}, "version": 59}
{"obj": {"type": "LogStrings", "path": ["monitoring", "stdout"], "values": [{"value": "| epoch   1 |  1400/ 2983 batches | lr 5.00 | ms/batch 19.09 | loss  6.14 | ppl   466.06", "step": null, "ts": 1637417400.7308137}]}, "version": 60}
{"obj": {"type": "LogStrings", "path": ["monitoring", "stdout"], "values": [{"value": "\n", "step": null, "ts": 1637417400.7308137}]}, "version": 61}
{"obj": {"type": "LogFloats", "path": ["loss"], "values": [{"value": 6.144309089183808, "step": null, "ts": 1637417400.7318132}]}, "version": 62}
{"obj": {"type": "LogFloats", "path": ["ppl"], "values": [{"value": 466.05753360843784, "step": null, "ts": 1637417400.7318132}]}, "version": 63}
{"obj": {"type": "LogStrings", "path": ["monitoring", "stdout"], "values": [{"value": "| epoch   1 |  1600/ 2983 batches | lr 5.00 | ms/batch 19.12 | loss  6.15 | ppl   470.86", "step": null, "ts": 1637417404.556106}]}, "version": 64}
{"obj": {"type": "LogStrings", "path": ["monitoring", "stdout"], "values": [{"value": "\n", "step": null, "ts": 1637417404.556106}]}, "version": 65}
{"obj": {"type": "LogFloats", "path": ["loss"], "values": [{"value": 6.154553360939026, "step": null, "ts": 1637417404.556106}]}, "version": 66}
{"obj": {"type": "LogFloats", "path": ["ppl"], "values": [{"value": 470.8564925873868, "step": null, "ts": 1637417404.556106}]}, "version": 67}
{"obj": {"type": "LogFloats", "path": ["monitoring", "cpu"], "values": [{"value": 24.4, "step": null, "ts": 1637417405.5441792}]}, "version": 68}
{"obj": {"type": "LogFloats", "path": ["monitoring", "memory"], "values": [{"value": 10.492084503173828, "step": null, "ts": 1637417405.5441792}]}, "version": 69}
{"obj": {"type": "LogFloats", "path": ["monitoring", "gpu"], "values": [{"value": 80.0, "step": null, "ts": 1637417405.5441792}]}, "version": 70}
{"obj": {"type": "LogFloats", "path": ["monitoring", "gpu_memory"], "values": [{"value": 1.537017822265625, "step": null, "ts": 1637417405.5441792}]}, "version": 71}
{"obj": {"type": "LogStrings", "path": ["monitoring", "stdout"], "values": [{"value": "| epoch   1 |  1800/ 2983 batches | lr 5.00 | ms/batch 19.05 | loss  6.03 | ppl   413.91", "step": null, "ts": 1637417408.3673916}]}, "version": 72}
{"obj": {"type": "LogStrings", "path": ["monitoring", "stdout"], "values": [{"value": "\n", "step": null, "ts": 1637417408.3673916}]}, "version": 73}
{"obj": {"type": "LogFloats", "path": ["loss"], "values": [{"value": 6.025637516975403, "step": null, "ts": 1637417408.3683922}]}, "version": 74}
{"obj": {"type": "LogFloats", "path": ["ppl"], "values": [{"value": 413.905429667168, "step": null, "ts": 1637417408.3683922}]}, "version": 75}
{"obj": {"type": "LogStrings", "path": ["monitoring", "stdout"], "values": [{"value": "| epoch   1 |  2000/ 2983 batches | lr 5.00 | ms/batch 19.11 | loss  6.02 | ppl   410.91", "step": null, "ts": 1637417412.1912043}]}, "version": 76}
{"obj": {"type": "LogStrings", "path": ["monitoring", "stdout"], "values": [{"value": "\n", "step": null, "ts": 1637417412.1912043}]}, "version": 77}
{"obj": {"type": "LogFloats", "path": ["loss"], "values": [{"value": 6.018381175994873, "step": null, "ts": 1637417412.1912043}]}, "version": 78}
{"obj": {"type": "LogFloats", "path": ["ppl"], "values": [{"value": 410.9128614146342, "step": null, "ts": 1637417412.1922064}]}, "version": 79}
{"obj": {"type": "LogFloats", "path": ["monitoring", "cpu"], "values": [{"value": 26.3, "step": null, "ts": 1637417415.5534625}]}, "version": 80}
{"obj": {"type": "LogFloats", "path": ["monitoring", "memory"], "values": [{"value": 10.48748779296875, "step": null, "ts": 1637417415.5534625}]}, "version": 81}
{"obj": {"type": "LogFloats", "path": ["monitoring", "gpu"], "values": [{"value": 80.0, "step": null, "ts": 1637417415.5534625}]}, "version": 82}
{"obj": {"type": "LogFloats", "path": ["monitoring", "gpu_memory"], "values": [{"value": 1.537017822265625, "step": null, "ts": 1637417415.5534625}]}, "version": 83}
{"obj": {"type": "LogStrings", "path": ["monitoring", "stdout"], "values": [{"value": "| epoch   1 |  2200/ 2983 batches | lr 5.00 | ms/batch 19.24 | loss  5.93 | ppl   374.78", "step": null, "ts": 1637417416.040496}]}, "version": 84}
{"obj": {"type": "LogStrings", "path": ["monitoring", "stdout"], "values": [{"value": "\n", "step": null, "ts": 1637417416.0414963}]}, "version": 85}
{"obj": {"type": "LogFloats", "path": ["loss"], "values": [{"value": 5.9263495397567745, "step": null, "ts": 1637417416.0414963}]}, "version": 86}
{"obj": {"type": "LogFloats", "path": ["ppl"], "values": [{"value": 374.78387997098037, "step": null, "ts": 1637417416.0414963}]}, "version": 87}
{"obj": {"type": "LogStrings", "path": ["monitoring", "stdout"], "values": [{"value": "| epoch   1 |  2400/ 2983 batches | lr 5.00 | ms/batch 19.23 | loss  5.93 | ppl   376.86", "step": null, "ts": 1637417419.8867881}]}, "version": 88}
{"obj": {"type": "LogStrings", "path": ["monitoring", "stdout"], "values": [{"value": "\n", "step": null, "ts": 1637417419.8867881}]}, "version": 89}
{"obj": {"type": "LogFloats", "path": ["loss"], "values": [{"value": 5.93187251329422, "step": null, "ts": 1637417419.8867881}]}, "version": 90}
{"obj": {"type": "LogFloats", "path": ["ppl"], "values": [{"value": 376.85952802078464, "step": null, "ts": 1637417419.8877904}]}, "version": 91}
{"obj": {"type": "LogStrings", "path": ["monitoring", "stdout"], "values": [{"value": "| epoch   1 |  2600/ 2983 batches | lr 5.00 | ms/batch 19.16 | loss  5.93 | ppl   376.23", "step": null, "ts": 1637417423.719078}]}, "version": 92}
{"obj": {"type": "LogStrings", "path": ["monitoring", "stdout"], "values": [{"value": "\n", "step": null, "ts": 1637417423.719078}]}, "version": 93}
{"obj": {"type": "LogFloats", "path": ["loss"], "values": [{"value": 5.930204465389251, "step": null, "ts": 1637417423.719078}]}, "version": 94}
{"obj": {"type": "LogFloats", "path": ["ppl"], "values": [{"value": 376.23143226713876, "step": null, "ts": 1637417423.720078}]}, "version": 95}
{"obj": {"type": "LogFloats", "path": ["monitoring", "cpu"], "values": [{"value": 25.6, "step": null, "ts": 1637417425.5612178}]}, "version": 96}
{"obj": {"type": "LogFloats", "path": ["monitoring", "memory"], "values": [{"value": 10.49111557006836, "step": null, "ts": 1637417425.5612178}]}, "version": 97}
{"obj": {"type": "LogFloats", "path": ["monitoring", "gpu"], "values": [{"value": 80.0, "step": null, "ts": 1637417425.5612178}]}, "version": 98}
{"obj": {"type": "LogFloats", "path": ["monitoring", "gpu_memory"], "values": [{"value": 1.537017822265625, "step": null, "ts": 1637417425.5612178}]}, "version": 99}
{"obj": {"type": "LogStrings", "path": ["monitoring", "stdout"], "values": [{"value": "| epoch   1 |  2800/ 2983 batches | lr 5.00 | ms/batch 19.23 | loss  5.84 | ppl   343.32", "step": null, "ts": 1637417427.5653696}]}, "version": 100}
{"obj": {"type": "LogStrings", "path": ["monitoring", "stdout"], "values": [{"value": "\n", "step": null, "ts": 1637417427.5663698}]}, "version": 101}
{"obj": {"type": "LogFloats", "path": ["loss"], "values": [{"value": 5.8386672234535215, "step": null, "ts": 1637417427.5663698}]}, "version": 102}
{"obj": {"type": "LogFloats", "path": ["ppl"], "values": [{"value": 343.3214648134393, "step": null, "ts": 1637417427.5663698}]}, "version": 103}
{"obj": {"type": "LogStrings", "path": ["monitoring", "stdout"], "values": [{"value": "-----------------------------------------------------------------------------------------", "step": null, "ts": 1637417434.0444026}]}, "version": 104}
{"obj": {"type": "LogStrings", "path": ["monitoring", "stdout"], "values": [{"value": "\n", "step": null, "ts": 1637417434.0444026}]}, "version": 105}
{"obj": {"type": "LogStrings", "path": ["monitoring", "stdout"], "values": [{"value": "| end of epoch   1 | time: 62.21s | valid loss  5.76 | valid ppl   318.13", "step": null, "ts": 1637417434.045402}]}, "version": 106}
{"obj": {"type": "LogStrings", "path": ["monitoring", "stdout"], "values": [{"value": "\n", "step": null, "ts": 1637417434.045402}]}, "version": 107}
{"obj": {"type": "LogStrings", "path": ["monitoring", "stdout"], "values": [{"value": "-----------------------------------------------------------------------------------------", "step": null, "ts": 1637417434.045402}]}, "version": 108}
{"obj": {"type": "LogStrings", "path": ["monitoring", "stdout"], "values": [{"value": "\n", "step": null, "ts": 1637417434.045402}]}, "version": 109}
{"obj": {"type": "LogFloats", "path": ["monitoring", "cpu"], "values": [{"value": 28.6, "step": null, "ts": 1637417435.5685184}]}, "version": 110}
{"obj": {"type": "LogFloats", "path": ["monitoring", "memory"], "values": [{"value": 10.53664779663086, "step": null, "ts": 1637417435.5685184}]}, "version": 111}
{"obj": {"type": "LogFloats", "path": ["monitoring", "gpu"], "values": [{"value": 58.0, "step": null, "ts": 1637417435.5685184}]}, "version": 112}
{"obj": {"type": "LogFloats", "path": ["monitoring", "gpu_memory"], "values": [{"value": 1.537017822265625, "step": null, "ts": 1637417435.5685184}]}, "version": 113}
{"obj": {"type": "LogStrings", "path": ["monitoring", "stdout"], "values": [{"value": "| epoch   2 |   200/ 2983 batches | lr 5.00 | ms/batch 19.48 | loss  5.80 | ppl   329.98", "step": null, "ts": 1637417438.0687075}]}, "version": 114}
{"obj": {"type": "LogStrings", "path": ["monitoring", "stdout"], "values": [{"value": "\n", "step": null, "ts": 1637417438.0697076}]}, "version": 115}
{"obj": {"type": "LogFloats", "path": ["loss"], "values": [{"value": 5.799042129516602, "step": null, "ts": 1637417438.0697076}]}, "version": 116}
{"obj": {"type": "LogFloats", "path": ["ppl"], "values": [{"value": 329.98332718970505, "step": null, "ts": 1637417438.0697076}]}, "version": 117}
{"obj": {"type": "LogStrings", "path": ["monitoring", "stdout"], "values": [{"value": "| epoch   2 |   400/ 2983 batches | lr 5.00 | ms/batch 19.32 | loss  5.76 | ppl   318.84", "step": null, "ts": 1637417441.934011}]}, "version": 118}
{"obj": {"type": "LogStrings", "path": ["monitoring", "stdout"], "values": [{"value": "\n", "step": null, "ts": 1637417441.934011}]}, "version": 119}
{"obj": {"type": "LogFloats", "path": ["loss"], "values": [{"value": 5.764690418243408, "step": null, "ts": 1637417441.934011}]}, "version": 120}
{"obj": {"type": "LogFloats", "path": ["ppl"], "values": [{"value": 318.8403216088684, "step": null, "ts": 1637417441.9350123}]}, "version": 121}
{"obj": {"type": "LogFloats", "path": ["monitoring", "cpu"], "values": [{"value": 24.8, "step": null, "ts": 1637417445.576661}]}, "version": 122}
{"obj": {"type": "LogFloats", "path": ["monitoring", "memory"], "values": [{"value": 10.51906967163086, "step": null, "ts": 1637417445.576661}]}, "version": 123}
{"obj": {"type": "LogFloats", "path": ["monitoring", "gpu"], "values": [{"value": 79.0, "step": null, "ts": 1637417445.576661}]}, "version": 124}
{"obj": {"type": "LogFloats", "path": ["monitoring", "gpu_memory"], "values": [{"value": 1.537017822265625, "step": null, "ts": 1637417445.576661}]}, "version": 125}
{"obj": {"type": "LogStrings", "path": ["monitoring", "stdout"], "values": [{"value": "| epoch   2 |   600/ 2983 batches | lr 5.00 | ms/batch 19.23 | loss  5.62 | ppl   274.66", "step": null, "ts": 1637417445.7820165}]}, "version": 126}
{"obj": {"type": "LogStrings", "path": ["monitoring", "stdout"], "values": [{"value": "\n", "step": null, "ts": 1637417445.7820165}]}, "version": 127}
{"obj": {"type": "LogFloats", "path": ["loss"], "values": [{"value": 5.615527594089508, "step": null, "ts": 1637417445.7820165}]}, "version": 128}
{"obj": {"type": "LogFloats", "path": ["ppl"], "values": [{"value": 274.65824904461294, "step": null, "ts": 1637417445.7820165}]}, "version": 129}
{"obj": {"type": "LogStrings", "path": ["monitoring", "stdout"], "values": [{"value": "| epoch   2 |   800/ 2983 batches | lr 5.00 | ms/batch 19.34 | loss  5.63 | ppl   277.38", "step": null, "ts": 1637417449.6503305}]}, "version": 130}
{"obj": {"type": "LogStrings", "path": ["monitoring", "stdout"], "values": [{"value": "\n", "step": null, "ts": 1637417449.6513317}]}, "version": 131}
{"obj": {"type": "LogFloats", "path": ["loss"], "values": [{"value": 5.625388224124908, "step": null, "ts": 1637417449.6513317}]}, "version": 132}
{"obj": {"type": "LogFloats", "path": ["ppl"], "values": [{"value": 277.37994921081656, "step": null, "ts": 1637417449.6513317}]}, "version": 133}
{"obj": {"type": "LogStrings", "path": ["monitoring", "stdout"], "values": [{"value": "| epoch   2 |  1000/ 2983 batches | lr 5.00 | ms/batch 19.26 | loss  5.60 | ppl   269.31", "step": null, "ts": 1637417453.5026238}]}, "version": 134}
{"obj": {"type": "LogStrings", "path": ["monitoring", "stdout"], "values": [{"value": "\n", "step": null, "ts": 1637417453.5026238}]}, "version": 135}
{"obj": {"type": "LogFloats", "path": ["loss"], "values": [{"value": 5.595877952575684, "step": null, "ts": 1637417453.5026238}]}, "version": 136}
{"obj": {"type": "LogFloats", "path": ["ppl"], "values": [{"value": 269.3139912412032, "step": null, "ts": 1637417453.5026238}]}, "version": 137}
{"obj": {"type": "LogFloats", "path": ["monitoring", "cpu"], "values": [{"value": 25.2, "step": null, "ts": 1637417455.583781}]}, "version": 138}
{"obj": {"type": "LogFloats", "path": ["monitoring", "memory"], "values": [{"value": 10.500629425048828, "step": null, "ts": 1637417455.583781}]}, "version": 139}
{"obj": {"type": "LogFloats", "path": ["monitoring", "gpu"], "values": [{"value": 79.0, "step": null, "ts": 1637417455.583781}]}, "version": 140}
{"obj": {"type": "LogFloats", "path": ["monitoring", "gpu_memory"], "values": [{"value": 1.537017822265625, "step": null, "ts": 1637417455.583781}]}, "version": 141}
{"obj": {"type": "LogStrings", "path": ["monitoring", "stdout"], "values": [{"value": "| epoch   2 |  1200/ 2983 batches | lr 5.00 | ms/batch 19.41 | loss  5.61 | ppl   273.46", "step": null, "ts": 1637417457.3864245}]}, "version": 142}
{"obj": {"type": "LogStrings", "path": ["monitoring", "stdout"], "values": [{"value": "\n", "step": null, "ts": 1637417457.3874245}]}, "version": 143}
{"obj": {"type": "LogFloats", "path": ["loss"], "values": [{"value": 5.611146893501282, "step": null, "ts": 1637417457.3874245}]}, "version": 144}
{"obj": {"type": "LogFloats", "path": ["ppl"], "values": [{"value": 273.4576850670782, "step": null, "ts": 1637417457.3874245}]}, "version": 145}
{"obj": {"type": "LogStrings", "path": ["monitoring", "stdout"], "values": [{"value": "| epoch   2 |  1400/ 2983 batches | lr 5.00 | ms/batch 19.30 | loss  5.61 | ppl   274.35", "step": null, "ts": 1637417461.2472308}]}, "version": 146}
{"obj": {"type": "LogStrings", "path": ["monitoring", "stdout"], "values": [{"value": "\n", "step": null, "ts": 1637417461.2472308}]}, "version": 147}
{"obj": {"type": "LogFloats", "path": ["loss"], "values": [{"value": 5.614394278526306, "step": null, "ts": 1637417461.2482312}]}, "version": 148}
{"obj": {"type": "LogFloats", "path": ["ppl"], "values": [{"value": 274.34715089589355, "step": null, "ts": 1637417461.2482312}]}, "version": 149}
{"obj": {"type": "LogStrings", "path": ["monitoring", "stdout"], "values": [{"value": "| epoch   2 |  1600/ 2983 batches | lr 5.00 | ms/batch 19.34 | loss  5.66 | ppl   285.82", "step": null, "ts": 1637417465.1165237}]}, "version": 150}
{"obj": {"type": "LogStrings", "path": ["monitoring", "stdout"], "values": [{"value": "\n", "step": null, "ts": 1637417465.1165237}]}, "version": 151}
{"obj": {"type": "LogFloats", "path": ["loss"], "values": [{"value": 5.6553574824333195, "step": null, "ts": 1637417465.1165237}]}, "version": 152}
{"obj": {"type": "LogFloats", "path": ["ppl"], "values": [{"value": 285.818639608555, "step": null, "ts": 1637417465.1165237}]}, "version": 153}
{"obj": {"type": "LogFloats", "path": ["monitoring", "cpu"], "values": [{"value": 25.8, "step": null, "ts": 1637417465.5915596}]}, "version": 154}
{"obj": {"type": "LogFloats", "path": ["monitoring", "memory"], "values": [{"value": 10.502166748046875, "step": null, "ts": 1637417465.5915596}]}, "version": 155}
{"obj": {"type": "LogFloats", "path": ["monitoring", "gpu"], "values": [{"value": 79.0, "step": null, "ts": 1637417465.5915596}]}, "version": 156}
{"obj": {"type": "LogFloats", "path": ["monitoring", "gpu_memory"], "values": [{"value": 1.537017822265625, "step": null, "ts": 1637417465.5915596}]}, "version": 157}
{"obj": {"type": "LogStrings", "path": ["monitoring", "stdout"], "values": [{"value": "| epoch   2 |  1800/ 2983 batches | lr 5.00 | ms/batch 19.32 | loss  5.54 | ppl   255.79", "step": null, "ts": 1637417468.982817}]}, "version": 158}
{"obj": {"type": "LogStrings", "path": ["monitoring", "stdout"], "values": [{"value": "\n", "step": null, "ts": 1637417468.982817}]}, "version": 159}
{"obj": {"type": "LogFloats", "path": ["loss"], "values": [{"value": 5.544371447563171, "step": null, "ts": 1637417468.982817}]}, "version": 160}
{"obj": {"type": "LogFloats", "path": ["ppl"], "values": [{"value": 255.79374791983983, "step": null, "ts": 1637417468.982817}]}, "version": 161}
{"obj": {"type": "LogStrings", "path": ["monitoring", "stdout"], "values": [{"value": "| epoch   2 |  2000/ 2983 batches | lr 5.00 | ms/batch 19.50 | loss  5.57 | ppl   262.86", "step": null, "ts": 1637417472.88262}]}, "version": 162}
{"obj": {"type": "LogStrings", "path": ["monitoring", "stdout"], "values": [{"value": "\n", "step": null, "ts": 1637417472.88262}]}, "version": 163}
{"obj": {"type": "LogFloats", "path": ["loss"], "values": [{"value": 5.571624753475189, "step": null, "ts": 1637417472.8836215}]}, "version": 164}
{"obj": {"type": "LogFloats", "path": ["ppl"], "values": [{"value": 262.86083653260107, "step": null, "ts": 1637417472.8836215}]}, "version": 165}
{"obj": {"type": "LogFloats", "path": ["monitoring", "cpu"], "values": [{"value": 26.4, "step": null, "ts": 1637417475.602331}]}, "version": 166}
{"obj": {"type": "LogFloats", "path": ["monitoring", "memory"], "values": [{"value": 10.480609893798828, "step": null, "ts": 1637417475.602331}]}, "version": 167}
{"obj": {"type": "LogFloats", "path": ["monitoring", "gpu"], "values": [{"value": 78.0, "step": null, "ts": 1637417475.602331}]}, "version": 168}
{"obj": {"type": "LogFloats", "path": ["monitoring", "gpu_memory"], "values": [{"value": 1.537017822265625, "step": null, "ts": 1637417475.602331}]}, "version": 169}
{"obj": {"type": "LogStrings", "path": ["monitoring", "stdout"], "values": [{"value": "| epoch   2 |  2200/ 2983 batches | lr 5.00 | ms/batch 19.53 | loss  5.48 | ppl   240.38", "step": null, "ts": 1637417476.7904203}]}, "version": 170}
{"obj": {"type": "LogStrings", "path": ["monitoring", "stdout"], "values": [{"value": "\n", "step": null, "ts": 1637417476.7904203}]}, "version": 171}
{"obj": {"type": "LogFloats", "path": ["loss"], "values": [{"value": 5.482221794128418, "step": null, "ts": 1637417476.7904203}]}, "version": 172}
{"obj": {"type": "LogFloats", "path": ["ppl"], "values": [{"value": 240.38018980503045, "step": null, "ts": 1637417476.7904203}]}, "version": 173}
{"obj": {"type": "LogStrings", "path": ["monitoring", "stdout"], "values": [{"value": "| epoch   2 |  2400/ 2983 batches | lr 5.00 | ms/batch 19.31 | loss  5.52 | ppl   248.41", "step": null, "ts": 1637417480.6517143}]}, "version": 174}
{"obj": {"type": "LogStrings", "path": ["monitoring", "stdout"], "values": [{"value": "\n", "step": null, "ts": 1637417480.6517143}]}, "version": 175}
{"obj": {"type": "LogFloats", "path": ["loss"], "values": [{"value": 5.515087339878082, "step": null, "ts": 1637417480.6527145}]}, "version": 176}
{"obj": {"type": "LogFloats", "path": ["ppl"], "values": [{"value": 248.4116725452229, "step": null, "ts": 1637417480.6527145}]}, "version": 177}
{"obj": {"type": "LogStrings", "path": ["monitoring", "stdout"], "values": [{"value": "| epoch   2 |  2600/ 2983 batches | lr 5.00 | ms/batch 19.44 | loss  5.53 | ppl   251.51", "step": null, "ts": 1637417484.5410073}]}, "version": 178}
{"obj": {"type": "LogStrings", "path": ["monitoring", "stdout"], "values": [{"value": "\n", "step": null, "ts": 1637417484.5420074}]}, "version": 179}
{"obj": {"type": "LogFloats", "path": ["loss"], "values": [{"value": 5.527501096725464, "step": null, "ts": 1637417484.5420074}]}, "version": 180}
{"obj": {"type": "LogFloats", "path": ["ppl"], "values": [{"value": 251.51461438179223, "step": null, "ts": 1637417484.5420074}]}, "version": 181}
{"obj": {"type": "LogFloats", "path": ["monitoring", "cpu"], "values": [{"value": 24.3, "step": null, "ts": 1637417485.610089}]}, "version": 182}
{"obj": {"type": "LogFloats", "path": ["monitoring", "memory"], "values": [{"value": 10.474536895751953, "step": null, "ts": 1637417485.610089}]}, "version": 183}
{"obj": {"type": "LogFloats", "path": ["monitoring", "gpu"], "values": [{"value": 78.0, "step": null, "ts": 1637417485.610089}]}, "version": 184}
{"obj": {"type": "LogFloats", "path": ["monitoring", "gpu_memory"], "values": [{"value": 1.537017822265625, "step": null, "ts": 1637417485.610089}]}, "version": 185}
{"obj": {"type": "LogStrings", "path": ["monitoring", "stdout"], "values": [{"value": "| epoch   2 |  2800/ 2983 batches | lr 5.00 | ms/batch 19.38 | loss  5.45 | ppl   233.84", "step": null, "ts": 1637417488.418301}]}, "version": 186}
{"obj": {"type": "LogStrings", "path": ["monitoring", "stdout"], "values": [{"value": "\n", "step": null, "ts": 1637417488.4193025}]}, "version": 187}
{"obj": {"type": "LogFloats", "path": ["loss"], "values": [{"value": 5.454626054763794, "step": null, "ts": 1637417488.4193025}]}, "version": 188}
{"obj": {"type": "LogFloats", "path": ["ppl"], "values": [{"value": 233.83741233171187, "step": null, "ts": 1637417488.4193025}]}, "version": 189}
{"obj": {"type": "LogStrings", "path": ["monitoring", "stdout"], "values": [{"value": "-----------------------------------------------------------------------------------------", "step": null, "ts": 1637417494.9823554}]}, "version": 190}
{"obj": {"type": "LogStrings", "path": ["monitoring", "stdout"], "values": [{"value": "\n", "step": null, "ts": 1637417494.9823554}]}, "version": 191}
{"obj": {"type": "LogStrings", "path": ["monitoring", "stdout"], "values": [{"value": "| end of epoch   2 | time: 60.81s | valid loss  5.55 | valid ppl   257.80", "step": null, "ts": 1637417494.9823554}]}, "version": 192}
{"obj": {"type": "LogStrings", "path": ["monitoring", "stdout"], "values": [{"value": "\n", "step": null, "ts": 1637417494.9823554}]}, "version": 193}
{"obj": {"type": "LogStrings", "path": ["monitoring", "stdout"], "values": [{"value": "-----------------------------------------------------------------------------------------", "step": null, "ts": 1637417494.9833572}]}, "version": 194}
{"obj": {"type": "LogStrings", "path": ["monitoring", "stdout"], "values": [{"value": "\n", "step": null, "ts": 1637417494.9833572}]}, "version": 195}
{"obj": {"type": "LogFloats", "path": ["monitoring", "cpu"], "values": [{"value": 27.7, "step": null, "ts": 1637417495.617405}]}, "version": 196}
{"obj": {"type": "LogFloats", "path": ["monitoring", "memory"], "values": [{"value": 10.521965026855469, "step": null, "ts": 1637417495.617405}]}, "version": 197}
{"obj": {"type": "LogFloats", "path": ["monitoring", "gpu"], "values": [{"value": 48.0, "step": null, "ts": 1637417495.617405}]}, "version": 198}
{"obj": {"type": "LogFloats", "path": ["monitoring", "gpu_memory"], "values": [{"value": 1.537017822265625, "step": null, "ts": 1637417495.617405}]}, "version": 199}
{"obj": {"type": "LogStrings", "path": ["monitoring", "stdout"], "values": [{"value": "| epoch   3 |   200/ 2983 batches | lr 5.00 | ms/batch 19.66 | loss  5.46 | ppl   235.64", "step": null, "ts": 1637417499.0766659}]}, "version": 200}
{"obj": {"type": "LogStrings", "path": ["monitoring", "stdout"], "values": [{"value": "\n", "step": null, "ts": 1637417499.0766659}]}, "version": 201}
{"obj": {"type": "LogFloats", "path": ["loss"], "values": [{"value": 5.462309091091156, "step": null, "ts": 1637417499.0766659}]}, "version": 202}
{"obj": {"type": "LogFloats", "path": ["ppl"], "values": [{"value": 235.6409129742611, "step": null, "ts": 1637417499.0766659}]}, "version": 203}
{"obj": {"type": "LogStrings", "path": ["monitoring", "stdout"], "values": [{"value": "| epoch   3 |   400/ 2983 batches | lr 5.00 | ms/batch 19.31 | loss  5.46 | ppl   235.08", "step": null, "ts": 1637417502.9389584}]}, "version": 204}
{"obj": {"type": "LogStrings", "path": ["monitoring", "stdout"], "values": [{"value": "\n", "step": null, "ts": 1637417502.9389584}]}, "version": 205}
{"obj": {"type": "LogFloats", "path": ["loss"], "values": [{"value": 5.459910309314727, "step": null, "ts": 1637417502.9389584}]}, "version": 206}
{"obj": {"type": "LogFloats", "path": ["ppl"], "values": [{"value": 235.07633926172426, "step": null, "ts": 1637417502.9389584}]}, "version": 207}
{"obj": {"type": "LogFloats", "path": ["monitoring", "cpu"], "values": [{"value": 22.8, "step": null, "ts": 1637417505.624685}]}, "version": 208}
{"obj": {"type": "LogFloats", "path": ["monitoring", "memory"], "values": [{"value": 10.500228881835938, "step": null, "ts": 1637417505.624685}]}, "version": 209}
{"obj": {"type": "LogFloats", "path": ["monitoring", "gpu"], "values": [{"value": 79.0, "step": null, "ts": 1637417505.624685}]}, "version": 210}
{"obj": {"type": "LogFloats", "path": ["monitoring", "gpu_memory"], "values": [{"value": 1.537017822265625, "step": null, "ts": 1637417505.624685}]}, "version": 211}
{"obj": {"type": "LogStrings", "path": ["monitoring", "stdout"], "values": [{"value": "| epoch   3 |   600/ 2983 batches | lr 5.00 | ms/batch 19.41 | loss  5.29 | ppl   197.93", "step": null, "ts": 1637417506.8228736}]}, "version": 212}
{"obj": {"type": "LogStrings", "path": ["monitoring", "stdout"], "values": [{"value": "\n", "step": null, "ts": 1637417506.8228736}]}, "version": 213}
{"obj": {"type": "LogFloats", "path": ["loss"], "values": [{"value": 5.2878930950164795, "step": null, "ts": 1637417506.823876}]}, "version": 214}
{"obj": {"type": "LogFloats", "path": ["ppl"], "values": [{"value": 197.9259745769809, "step": null, "ts": 1637417506.8248742}]}, "version": 215}
{"obj": {"type": "LogStrings", "path": ["monitoring", "stdout"], "values": [{"value": "| epoch   3 |   800/ 2983 batches | lr 5.00 | ms/batch 19.52 | loss  5.32 | ppl   205.21", "step": null, "ts": 1637417510.7284622}]}, "version": 216}
{"obj": {"type": "LogStrings", "path": ["monitoring", "stdout"], "values": [{"value": "\n", "step": null, "ts": 1637417510.7284622}]}, "version": 217}
{"obj": {"type": "LogFloats", "path": ["loss"], "values": [{"value": 5.324021937847138, "step": null, "ts": 1637417510.7294626}]}, "version": 218}
{"obj": {"type": "LogFloats", "path": ["ppl"], "values": [{"value": 205.20755653689957, "step": null, "ts": 1637417510.7294626}]}, "version": 219}
{"obj": {"type": "LogStrings", "path": ["monitoring", "stdout"], "values": [{"value": "| epoch   3 |  1000/ 2983 batches | lr 5.00 | ms/batch 19.55 | loss  5.31 | ppl   202.32", "step": null, "ts": 1637417514.6387584}]}, "version": 220}
{"obj": {"type": "LogStrings", "path": ["monitoring", "stdout"], "values": [{"value": "\n", "step": null, "ts": 1637417514.6387584}]}, "version": 221}
{"obj": {"type": "LogFloats", "path": ["loss"], "values": [{"value": 5.309847571849823, "step": null, "ts": 1637417514.6397593}]}, "version": 222}
{"obj": {"type": "LogFloats", "path": ["ppl"], "values": [{"value": 202.31938686776414, "step": null, "ts": 1637417514.6397593}]}, "version": 223}
{"obj": {"type": "LogFloats", "path": ["monitoring", "cpu"], "values": [{"value": 29.5, "step": null, "ts": 1637417515.6328375}]}, "version": 224}
{"obj": {"type": "LogFloats", "path": ["monitoring", "memory"], "values": [{"value": 10.513347625732422, "step": null, "ts": 1637417515.6328375}]}, "version": 225}
{"obj": {"type": "LogFloats", "path": ["monitoring", "gpu"], "values": [{"value": 80.0, "step": null, "ts": 1637417515.6328375}]}, "version": 226}
{"obj": {"type": "LogFloats", "path": ["monitoring", "gpu_memory"], "values": [{"value": 1.537017822265625, "step": null, "ts": 1637417515.6328375}]}, "version": 227}
{"obj": {"type": "LogStrings", "path": ["monitoring", "stdout"], "values": [{"value": "| epoch   3 |  1200/ 2983 batches | lr 5.00 | ms/batch 19.33 | loss  5.33 | ppl   205.98", "step": null, "ts": 1637417518.5060515}]}, "version": 228}
{"obj": {"type": "LogStrings", "path": ["monitoring", "stdout"], "values": [{"value": "\n", "step": null, "ts": 1637417518.5060515}]}, "version": 229}
{"obj": {"type": "LogFloats", "path": ["loss"], "values": [{"value": 5.32776891708374, "step": null, "ts": 1637417518.5060515}]}, "version": 230}
{"obj": {"type": "LogFloats", "path": ["ppl"], "values": [{"value": 205.9779073333561, "step": null, "ts": 1637417518.507052}]}, "version": 231}
{"obj": {"type": "LogStrings", "path": ["monitoring", "stdout"], "values": [{"value": "| epoch   3 |  1400/ 2983 batches | lr 5.00 | ms/batch 19.46 | loss  5.36 | ppl   212.29", "step": null, "ts": 1637417522.3998528}]}, "version": 232}
{"obj": {"type": "LogStrings", "path": ["monitoring", "stdout"], "values": [{"value": "\n", "step": null, "ts": 1637417522.3998528}]}, "version": 233}
{"obj": {"type": "LogFloats", "path": ["loss"], "values": [{"value": 5.357963252067566, "step": null, "ts": 1637417522.4008543}]}, "version": 234}
{"obj": {"type": "LogFloats", "path": ["ppl"], "values": [{"value": 212.29212028321405, "step": null, "ts": 1637417522.4008543}]}, "version": 235}
{"obj": {"type": "LogFloats", "path": ["monitoring", "cpu"], "values": [{"value": 37.6, "step": null, "ts": 1637417525.6431127}]}, "version": 236}
{"obj": {"type": "LogFloats", "path": ["monitoring", "memory"], "values": [{"value": 10.506935119628906, "step": null, "ts": 1637417525.6431127}]}, "version": 237}
{"obj": {"type": "LogFloats", "path": ["monitoring", "gpu"], "values": [{"value": 13.0, "step": null, "ts": 1637417525.6431127}]}, "version": 238}
{"obj": {"type": "LogFloats", "path": ["monitoring", "gpu_memory"], "values": [{"value": 1.537017822265625, "step": null, "ts": 1637417525.6431127}]}, "version": 239}
{"obj": {"type": "LogStrings", "path": ["monitoring", "stdout"], "values": [{"value": "| epoch   3 |  1600/ 2983 batches | lr 5.00 | ms/batch 51.77 | loss  5.40 | ppl   221.78", "step": null, "ts": 1637417532.7554007}]}, "version": 240}
{"obj": {"type": "LogStrings", "path": ["monitoring", "stdout"], "values": [{"value": "\n", "step": null, "ts": 1637417532.7554007}]}, "version": 241}
{"obj": {"type": "LogFloats", "path": ["loss"], "values": [{"value": 5.401669070720673, "step": null, "ts": 1637417532.7554007}]}, "version": 242}
{"obj": {"type": "LogFloats", "path": ["ppl"], "values": [{"value": 221.7762677391657, "step": null, "ts": 1637417532.7554007}]}, "version": 243}
{"obj": {"type": "LogFloats", "path": ["monitoring", "cpu"], "values": [{"value": 59.1, "step": null, "ts": 1637417535.7211337}]}, "version": 244}
{"obj": {"type": "LogFloats", "path": ["monitoring", "memory"], "values": [{"value": 10.540397644042969, "step": null, "ts": 1637417535.7211337}]}, "version": 245}
{"obj": {"type": "LogFloats", "path": ["monitoring", "gpu"], "values": [{"value": 79.0, "step": null, "ts": 1637417535.7211337}]}, "version": 246}
{"obj": {"type": "LogFloats", "path": ["monitoring", "gpu_memory"], "values": [{"value": 1.537017822265625, "step": null, "ts": 1637417535.7211337}]}, "version": 247}
{"obj": {"type": "LogStrings", "path": ["monitoring", "stdout"], "values": [{"value": "| epoch   3 |  1800/ 2983 batches | lr 5.00 | ms/batch 19.45 | loss  5.29 | ppl   197.62", "step": null, "ts": 1637417536.646204}]}, "version": 248}
{"obj": {"type": "LogStrings", "path": ["monitoring", "stdout"], "values": [{"value": "\n", "step": null, "ts": 1637417536.646204}]}, "version": 249}
{"obj": {"type": "LogFloats", "path": ["loss"], "values": [{"value": 5.286345641613007, "step": null, "ts": 1637417536.646204}]}, "version": 250}
{"obj": {"type": "LogFloats", "path": ["ppl"], "values": [{"value": 197.61993020975643, "step": null, "ts": 1637417536.646204}]}, "version": 251}
{"obj": {"type": "LogStrings", "path": ["monitoring", "stdout"], "values": [{"value": "| epoch   3 |  2000/ 2983 batches | lr 5.00 | ms/batch 19.29 | loss  5.33 | ppl   206.69", "step": null, "ts": 1637417540.5044763}]}, "version": 252}
{"obj": {"type": "LogStrings", "path": ["monitoring", "stdout"], "values": [{"value": "\n", "step": null, "ts": 1637417540.5044763}]}, "version": 253}
{"obj": {"type": "LogFloats", "path": ["loss"], "values": [{"value": 5.331232123374939, "step": null, "ts": 1637417540.5044763}]}, "version": 254}
{"obj": {"type": "LogFloats", "path": ["ppl"], "values": [{"value": 206.69248797375437, "step": null, "ts": 1637417540.5044763}]}, "version": 255}
{"obj": {"type": "LogStrings", "path": ["monitoring", "stdout"], "values": [{"value": "| epoch   3 |  2200/ 2983 batches | lr 5.00 | ms/batch 19.36 | loss  5.23 | ppl   187.07", "step": null, "ts": 1637417544.3787794}]}, "version": 256}
{"obj": {"type": "LogStrings", "path": ["monitoring", "stdout"], "values": [{"value": "\n", "step": null, "ts": 1637417544.3787794}]}, "version": 257}
{"obj": {"type": "LogFloats", "path": ["loss"], "values": [{"value": 5.23147198677063, "step": null, "ts": 1637417544.3787794}]}, "version": 258}
{"obj": {"type": "LogFloats", "path": ["ppl"], "values": [{"value": 187.06796252132008, "step": null, "ts": 1637417544.3787794}]}, "version": 259}
{"obj": {"type": "LogFloats", "path": ["monitoring", "cpu"], "values": [{"value": 25.7, "step": null, "ts": 1637417545.7298815}]}, "version": 260}
{"obj": {"type": "LogFloats", "path": ["monitoring", "memory"], "values": [{"value": 10.534332275390625, "step": null, "ts": 1637417545.7298815}]}, "version": 261}
{"obj": {"type": "LogFloats", "path": ["monitoring", "gpu"], "values": [{"value": 78.0, "step": null, "ts": 1637417545.7298815}]}, "version": 262}
{"obj": {"type": "LogFloats", "path": ["monitoring", "gpu_memory"], "values": [{"value": 1.537017822265625, "step": null, "ts": 1637417545.7298815}]}, "version": 263}
{"obj": {"type": "LogStrings", "path": ["monitoring", "stdout"], "values": [{"value": "| epoch   3 |  2400/ 2983 batches | lr 5.00 | ms/batch 19.53 | loss  5.27 | ppl   193.73", "step": null, "ts": 1637417548.285581}]}, "version": 264}
{"obj": {"type": "LogStrings", "path": ["monitoring", "stdout"], "values": [{"value": "\n", "step": null, "ts": 1637417548.285581}]}, "version": 265}
{"obj": {"type": "LogFloats", "path": ["loss"], "values": [{"value": 5.266486878395081, "step": null, "ts": 1637417548.2865815}]}, "version": 266}
{"obj": {"type": "LogFloats", "path": ["ppl"], "values": [{"value": 193.73415386684988, "step": null, "ts": 1637417548.2865815}]}, "version": 267}
{"obj": {"type": "LogStrings", "path": ["monitoring", "stdout"], "values": [{"value": "| epoch   3 |  2600/ 2983 batches | lr 5.00 | ms/batch 19.43 | loss  5.29 | ppl   198.95", "step": null, "ts": 1637417552.172894}]}, "version": 268}
{"obj": {"type": "LogStrings", "path": ["monitoring", "stdout"], "values": [{"value": "\n", "step": null, "ts": 1637417552.172894}]}, "version": 269}
{"obj": {"type": "LogFloats", "path": ["loss"], "values": [{"value": 5.293061227798462, "step": null, "ts": 1637417552.172894}]}, "version": 270}
{"obj": {"type": "LogFloats", "path": ["ppl"], "values": [{"value": 198.951530115517, "step": null, "ts": 1637417552.173894}]}, "version": 271}
{"obj": {"type": "LogFloats", "path": ["monitoring", "cpu"], "values": [{"value": 25.3, "step": null, "ts": 1637417555.7381644}]}, "version": 272}
{"obj": {"type": "LogFloats", "path": ["monitoring", "memory"], "values": [{"value": 10.515644073486328, "step": null, "ts": 1637417555.7381644}]}, "version": 273}
{"obj": {"type": "LogFloats", "path": ["monitoring", "gpu"], "values": [{"value": 80.0, "step": null, "ts": 1637417555.7381644}]}, "version": 274}
{"obj": {"type": "LogFloats", "path": ["monitoring", "gpu_memory"], "values": [{"value": 1.537017822265625, "step": null, "ts": 1637417555.7381644}]}, "version": 275}
{"obj": {"type": "LogStrings", "path": ["monitoring", "stdout"], "values": [{"value": "| epoch   3 |  2800/ 2983 batches | lr 5.00 | ms/batch 19.34 | loss  5.23 | ppl   185.91", "step": null, "ts": 1637417556.041187}]}, "version": 276}
{"obj": {"type": "LogStrings", "path": ["monitoring", "stdout"], "values": [{"value": "\n", "step": null, "ts": 1637417556.042187}]}, "version": 277}
{"obj": {"type": "LogFloats", "path": ["loss"], "values": [{"value": 5.225267724990845, "step": null, "ts": 1637417556.042187}]}, "version": 278}
{"obj": {"type": "LogFloats", "path": ["ppl"], "values": [{"value": 185.91093686768096, "step": null, "ts": 1637417556.0431874}]}, "version": 279}
{"obj": {"type": "LogStrings", "path": ["monitoring", "stdout"], "values": [{"value": "-----------------------------------------------------------------------------------------", "step": null, "ts": 1637417562.6434393}]}, "version": 280}
{"obj": {"type": "LogStrings", "path": ["monitoring", "stdout"], "values": [{"value": "\n", "step": null, "ts": 1637417562.6434393}]}, "version": 281}
{"obj": {"type": "LogStrings", "path": ["monitoring", "stdout"], "values": [{"value": "| end of epoch   3 | time: 67.50s | valid loss  5.45 | valid ppl   233.37", "step": null, "ts": 1637417562.6444392}]}, "version": 282}
{"obj": {"type": "LogStrings", "path": ["monitoring", "stdout"], "values": [{"value": "\n", "step": null, "ts": 1637417562.6444392}]}, "version": 283}
{"obj": {"type": "LogStrings", "path": ["monitoring", "stdout"], "values": [{"value": "-----------------------------------------------------------------------------------------", "step": null, "ts": 1637417562.6444392}]}, "version": 284}
{"obj": {"type": "LogStrings", "path": ["monitoring", "stdout"], "values": [{"value": "\n", "step": null, "ts": 1637417562.6444392}]}, "version": 285}
{"obj": {"type": "LogFloats", "path": ["monitoring", "cpu"], "values": [{"value": 27.1, "step": null, "ts": 1637417565.74648}]}, "version": 286}
{"obj": {"type": "LogFloats", "path": ["monitoring", "memory"], "values": [{"value": 10.545082092285156, "step": null, "ts": 1637417565.74648}]}, "version": 287}
{"obj": {"type": "LogFloats", "path": ["monitoring", "gpu"], "values": [{"value": 78.0, "step": null, "ts": 1637417565.74648}]}, "version": 288}
{"obj": {"type": "LogFloats", "path": ["monitoring", "gpu_memory"], "values": [{"value": 1.537017822265625, "step": null, "ts": 1637417565.74648}]}, "version": 289}
{"obj": {"type": "LogStrings", "path": ["monitoring", "stdout"], "values": [{"value": "| epoch   4 |   200/ 2983 batches | lr 5.00 | ms/batch 42.10 | loss  5.24 | ppl   189.45", "step": null, "ts": 1637417571.221063}]}, "version": 290}
{"obj": {"type": "LogStrings", "path": ["monitoring", "stdout"], "values": [{"value": "\n", "step": null, "ts": 1637417571.2250593}]}, "version": 291}
{"obj": {"type": "LogFloats", "path": ["loss"], "values": [{"value": 5.244099521636963, "step": null, "ts": 1637417571.2280653}]}, "version": 292}
{"obj": {"type": "LogFloats", "path": ["ppl"], "values": [{"value": 189.44514714360758, "step": null, "ts": 1637417571.2360618}]}, "version": 293}
{"obj": {"type": "LogFloats", "path": ["monitoring", "cpu"], "values": [{"value": 62.8, "step": null, "ts": 1637417575.7543964}]}, "version": 294}
{"obj": {"type": "LogFloats", "path": ["monitoring", "memory"], "values": [{"value": 10.523685455322266, "step": null, "ts": 1637417575.7543964}]}, "version": 295}
{"obj": {"type": "LogFloats", "path": ["monitoring", "gpu"], "values": [{"value": 78.0, "step": null, "ts": 1637417575.7543964}]}, "version": 296}
{"obj": {"type": "LogFloats", "path": ["monitoring", "gpu_memory"], "values": [{"value": 1.537017822265625, "step": null, "ts": 1637417575.7543964}]}, "version": 297}
{"obj": {"type": "LogStrings", "path": ["monitoring", "stdout"], "values": [{"value": "| epoch   4 |   400/ 2983 batches | lr 5.00 | ms/batch 24.63 | loss  5.25 | ppl   190.86", "step": null, "ts": 1637417576.1624281}]}, "version": 298}
{"obj": {"type": "LogStrings", "path": ["monitoring", "stdout"], "values": [{"value": "\n", "step": null, "ts": 1637417576.1634293}]}, "version": 299}
{"obj": {"type": "LogFloats", "path": ["loss"], "values": [{"value": 5.251539821624756, "step": null, "ts": 1637417576.1634293}]}, "version": 300}
{"obj": {"type": "LogFloats", "path": ["ppl"], "values": [{"value": 190.85993255689175, "step": null, "ts": 1637417576.1634293}]}, "version": 301}
{"obj": {"type": "LogStrings", "path": ["monitoring", "stdout"], "values": [{"value": "| epoch   4 |   600/ 2983 batches | lr 5.00 | ms/batch 19.39 | loss  5.08 | ppl   160.45", "step": null, "ts": 1637417580.0415754}]}, "version": 302}
{"obj": {"type": "LogStrings", "path": ["monitoring", "stdout"], "values": [{"value": "\n", "step": null, "ts": 1637417580.0415754}]}, "version": 303}
{"obj": {"type": "LogFloats", "path": ["loss"], "values": [{"value": 5.077961785793304, "step": null, "ts": 1637417580.0415754}]}, "version": 304}
{"obj": {"type": "LogFloats", "path": ["ppl"], "values": [{"value": 160.4466976901808, "step": null, "ts": 1637417580.042578}]}, "version": 305}
{"obj": {"type": "LogStrings", "path": ["monitoring", "stdout"], "values": [{"value": "| epoch   4 |   800/ 2983 batches | lr 5.00 | ms/batch 19.55 | loss  5.12 | ppl   167.94", "step": null, "ts": 1637417583.9518692}]}, "version": 306}
{"obj": {"type": "LogStrings", "path": ["monitoring", "stdout"], "values": [{"value": "\n", "step": null, "ts": 1637417583.9518692}]}, "version": 307}
{"obj": {"type": "LogFloats", "path": ["loss"], "values": [{"value": 5.1235977268219, "step": null, "ts": 1637417583.9528708}]}, "version": 308}
{"obj": {"type": "LogFloats", "path": ["ppl"], "values": [{"value": 167.93848083279624, "step": null, "ts": 1637417583.9528708}]}, "version": 309}
{"obj": {"type": "LogFloats", "path": ["monitoring", "cpu"], "values": [{"value": 23.8, "step": null, "ts": 1637417585.7640076}]}, "version": 310}
{"obj": {"type": "LogFloats", "path": ["monitoring", "memory"], "values": [{"value": 10.509624481201172, "step": null, "ts": 1637417585.7640076}]}, "version": 311}
{"obj": {"type": "LogFloats", "path": ["monitoring", "gpu"], "values": [{"value": 79.0, "step": null, "ts": 1637417585.7640076}]}, "version": 312}
{"obj": {"type": "LogFloats", "path": ["monitoring", "gpu_memory"], "values": [{"value": 1.537017822265625, "step": null, "ts": 1637417585.7640076}]}, "version": 313}
{"obj": {"type": "LogStrings", "path": ["monitoring", "stdout"], "values": [{"value": "| epoch   4 |  1000/ 2983 batches | lr 5.00 | ms/batch 19.49 | loss  5.11 | ppl   165.82", "step": null, "ts": 1637417587.8516722}]}, "version": 314}
{"obj": {"type": "LogStrings", "path": ["monitoring", "stdout"], "values": [{"value": "\n", "step": null, "ts": 1637417587.852673}]}, "version": 315}
{"obj": {"type": "LogFloats", "path": ["loss"], "values": [{"value": 5.1109113597869875, "step": null, "ts": 1637417587.852673}]}, "version": 316}
{"obj": {"type": "LogFloats", "path": ["ppl"], "values": [{"value": 165.82140899492825, "step": null, "ts": 1637417587.852673}]}, "version": 317}
{"obj": {"type": "LogStrings", "path": ["monitoring", "stdout"], "values": [{"value": "| epoch   4 |  1200/ 2983 batches | lr 5.00 | ms/batch 19.29 | loss  5.14 | ppl   170.43", "step": null, "ts": 1637417591.7099657}]}, "version": 318}
{"obj": {"type": "LogStrings", "path": ["monitoring", "stdout"], "values": [{"value": "\n", "step": null, "ts": 1637417591.7099657}]}, "version": 319}
{"obj": {"type": "LogFloats", "path": ["loss"], "values": [{"value": 5.138305199146271, "step": null, "ts": 1637417591.7109652}]}, "version": 320}
{"obj": {"type": "LogFloats", "path": ["ppl"], "values": [{"value": 170.42668413068932, "step": null, "ts": 1637417591.7109652}]}, "version": 321}
{"obj": {"type": "LogStrings", "path": ["monitoring", "stdout"], "values": [{"value": "| epoch   4 |  1400/ 2983 batches | lr 5.00 | ms/batch 19.48 | loss  5.18 | ppl   177.37", "step": null, "ts": 1637417595.60726}]}, "version": 322}
{"obj": {"type": "LogStrings", "path": ["monitoring", "stdout"], "values": [{"value": "\n", "step": null, "ts": 1637417595.60726}]}, "version": 323}
{"obj": {"type": "LogFloats", "path": ["loss"], "values": [{"value": 5.178227198123932, "step": null, "ts": 1637417595.60726}]}, "version": 324}
{"obj": {"type": "LogFloats", "path": ["ppl"], "values": [{"value": 177.36809362088974, "step": null, "ts": 1637417595.60726}]}, "version": 325}
{"obj": {"type": "LogFloats", "path": ["monitoring", "cpu"], "values": [{"value": 23.0, "step": null, "ts": 1637417595.7712722}]}, "version": 326}
{"obj": {"type": "LogFloats", "path": ["monitoring", "memory"], "values": [{"value": 10.505542755126953, "step": null, "ts": 1637417595.7712722}]}, "version": 327}
{"obj": {"type": "LogFloats", "path": ["monitoring", "gpu"], "values": [{"value": 77.0, "step": null, "ts": 1637417595.7712722}]}, "version": 328}
{"obj": {"type": "LogFloats", "path": ["monitoring", "gpu_memory"], "values": [{"value": 1.537017822265625, "step": null, "ts": 1637417595.7712722}]}, "version": 329}
{"obj": {"type": "LogStrings", "path": ["monitoring", "stdout"], "values": [{"value": "| epoch   4 |  1600/ 2983 batches | lr 5.00 | ms/batch 19.43 | loss  5.22 | ppl   185.19", "step": null, "ts": 1637417599.4942453}]}, "version": 330}
{"obj": {"type": "LogStrings", "path": ["monitoring", "stdout"], "values": [{"value": "\n", "step": null, "ts": 1637417599.4942453}]}, "version": 331}
{"obj": {"type": "LogFloats", "path": ["loss"], "values": [{"value": 5.221372957229614, "step": null, "ts": 1637417599.4942453}]}, "version": 332}
{"obj": {"type": "LogFloats", "path": ["ppl"], "values": [{"value": 185.1882651770399, "step": null, "ts": 1637417599.4952476}]}, "version": 333}
{"obj": {"type": "LogStrings", "path": ["monitoring", "stdout"], "values": [{"value": "| epoch   4 |  1800/ 2983 batches | lr 5.00 | ms/batch 20.39 | loss  5.11 | ppl   166.46", "step": null, "ts": 1637417603.5735598}]}, "version": 334}
{"obj": {"type": "LogStrings", "path": ["monitoring", "stdout"], "values": [{"value": "\n", "step": null, "ts": 1637417603.574563}]}, "version": 335}
{"obj": {"type": "LogFloats", "path": ["loss"], "values": [{"value": 5.114771490097046, "step": null, "ts": 1637417603.574563}]}, "version": 336}
{"obj": {"type": "LogFloats", "path": ["ppl"], "values": [{"value": 166.4627382527502, "step": null, "ts": 1637417603.574563}]}, "version": 337}
{"obj": {"type": "LogFloats", "path": ["monitoring", "cpu"], "values": [{"value": 34.4, "step": null, "ts": 1637417605.7787287}]}, "version": 338}
{"obj": {"type": "LogFloats", "path": ["monitoring", "memory"], "values": [{"value": 10.620048522949219, "step": null, "ts": 1637417605.7787287}]}, "version": 339}
{"obj": {"type": "LogFloats", "path": ["monitoring", "gpu"], "values": [{"value": 77.0, "step": null, "ts": 1637417605.7787287}]}, "version": 340}
{"obj": {"type": "LogFloats", "path": ["monitoring", "gpu_memory"], "values": [{"value": 1.537017822265625, "step": null, "ts": 1637417605.7787287}]}, "version": 341}
{"obj": {"type": "LogStrings", "path": ["monitoring", "stdout"], "values": [{"value": "| epoch   4 |  2000/ 2983 batches | lr 5.00 | ms/batch 20.12 | loss  5.15 | ppl   173.17", "step": null, "ts": 1637417607.5992756}]}, "version": 342}
{"obj": {"type": "LogStrings", "path": ["monitoring", "stdout"], "values": [{"value": "\n", "step": null, "ts": 1637417607.5992756}]}, "version": 343}
{"obj": {"type": "LogFloats", "path": ["loss"], "values": [{"value": 5.154258527755737, "step": null, "ts": 1637417607.5992756}]}, "version": 344}
{"obj": {"type": "LogFloats", "path": ["ppl"], "values": [{"value": 173.16736035373324, "step": null, "ts": 1637417607.6002767}]}, "version": 345}
{"obj": {"type": "LogStrings", "path": ["monitoring", "stdout"], "values": [{"value": "| epoch   4 |  2200/ 2983 batches | lr 5.00 | ms/batch 20.25 | loss  5.05 | ppl   156.29", "step": null, "ts": 1637417611.6495836}]}, "version": 346}
{"obj": {"type": "LogStrings", "path": ["monitoring", "stdout"], "values": [{"value": "\n", "step": null, "ts": 1637417611.6495836}]}, "version": 347}
{"obj": {"type": "LogFloats", "path": ["loss"], "values": [{"value": 5.051709358692169, "step": null, "ts": 1637417611.6505835}]}, "version": 348}
{"obj": {"type": "LogFloats", "path": ["ppl"], "values": [{"value": 156.28939091374832, "step": null, "ts": 1637417611.6505835}]}, "version": 349}
{"obj": {"type": "LogStrings", "path": ["monitoring", "stdout"], "values": [{"value": "| epoch   4 |  2400/ 2983 batches | lr 5.00 | ms/batch 19.97 | loss  5.09 | ppl   163.09", "step": null, "ts": 1637417615.6453924}]}, "version": 350}
{"obj": {"type": "LogStrings", "path": ["monitoring", "stdout"], "values": [{"value": "\n", "step": null, "ts": 1637417615.6453924}]}, "version": 351}
{"obj": {"type": "LogFloats", "path": ["loss"], "values": [{"value": 5.094290060997009, "step": null, "ts": 1637417615.6463926}]}, "version": 352}
{"obj": {"type": "LogFloats", "path": ["ppl"], "values": [{"value": 163.08802096838082, "step": null, "ts": 1637417615.6463926}]}, "version": 353}
{"obj": {"type": "LogFloats", "path": ["monitoring", "cpu"], "values": [{"value": 36.0, "step": null, "ts": 1637417615.7874036}]}, "version": 354}
{"obj": {"type": "LogFloats", "path": ["monitoring", "memory"], "values": [{"value": 10.629249572753906, "step": null, "ts": 1637417615.7874036}]}, "version": 355}
{"obj": {"type": "LogFloats", "path": ["monitoring", "gpu"], "values": [{"value": 80.0, "step": null, "ts": 1637417615.7874036}]}, "version": 356}
{"obj": {"type": "LogFloats", "path": ["monitoring", "gpu_memory"], "values": [{"value": 1.537017822265625, "step": null, "ts": 1637417615.7874036}]}, "version": 357}
{"obj": {"type": "LogStrings", "path": ["monitoring", "stdout"], "values": [{"value": "| epoch   4 |  2600/ 2983 batches | lr 5.00 | ms/batch 19.47 | loss  5.12 | ppl   167.44", "step": null, "ts": 1637417619.5404382}]}, "version": 358}
{"obj": {"type": "LogStrings", "path": ["monitoring", "stdout"], "values": [{"value": "\n", "step": null, "ts": 1637417619.5404382}]}, "version": 359}
{"obj": {"type": "LogFloats", "path": ["loss"], "values": [{"value": 5.120641951560974, "step": null, "ts": 1637417619.5404382}]}, "version": 360}
{"obj": {"type": "LogFloats", "path": ["ppl"], "values": [{"value": 167.44282530982184, "step": null, "ts": 1637417619.541438}]}, "version": 361}
{"obj": {"type": "LogStrings", "path": ["monitoring", "stdout"], "values": [{"value": "| epoch   4 |  2800/ 2983 batches | lr 5.00 | ms/batch 19.61 | loss  5.05 | ppl   156.44", "step": null, "ts": 1637417623.4627357}]}, "version": 362}
{"obj": {"type": "LogStrings", "path": ["monitoring", "stdout"], "values": [{"value": "\n", "step": null, "ts": 1637417623.4637358}]}, "version": 363}
{"obj": {"type": "LogFloats", "path": ["loss"], "values": [{"value": 5.0526908493041995, "step": null, "ts": 1637417623.4637358}]}, "version": 364}
{"obj": {"type": "LogFloats", "path": ["ppl"], "values": [{"value": 156.44286278697126, "step": null, "ts": 1637417623.4637358}]}, "version": 365}
{"obj": {"type": "LogFloats", "path": ["monitoring", "cpu"], "values": [{"value": 24.9, "step": null, "ts": 1637417625.7959127}]}, "version": 366}
{"obj": {"type": "LogFloats", "path": ["monitoring", "memory"], "values": [{"value": 10.630985260009766, "step": null, "ts": 1637417625.7959127}]}, "version": 367}
{"obj": {"type": "LogFloats", "path": ["monitoring", "gpu"], "values": [{"value": 80.0, "step": null, "ts": 1637417625.7959127}]}, "version": 368}
{"obj": {"type": "LogFloats", "path": ["monitoring", "gpu_memory"], "values": [{"value": 1.537017822265625, "step": null, "ts": 1637417625.7959127}]}, "version": 369}
{"obj": {"type": "LogStrings", "path": ["monitoring", "stdout"], "values": [{"value": "-----------------------------------------------------------------------------------------", "step": null, "ts": 1637417630.0735443}]}, "version": 370}
{"obj": {"type": "LogStrings", "path": ["monitoring", "stdout"], "values": [{"value": "\n", "step": null, "ts": 1637417630.0745451}]}, "version": 371}
{"obj": {"type": "LogStrings", "path": ["monitoring", "stdout"], "values": [{"value": "| end of epoch   4 | time: 67.28s | valid loss  5.41 | valid ppl   223.05", "step": null, "ts": 1637417630.0745451}]}, "version": 372}
{"obj": {"type": "LogStrings", "path": ["monitoring", "stdout"], "values": [{"value": "\n", "step": null, "ts": 1637417630.0745451}]}, "version": 373}
{"obj": {"type": "LogStrings", "path": ["monitoring", "stdout"], "values": [{"value": "-----------------------------------------------------------------------------------------", "step": null, "ts": 1637417630.0745451}]}, "version": 374}
{"obj": {"type": "LogStrings", "path": ["monitoring", "stdout"], "values": [{"value": "\n", "step": null, "ts": 1637417630.075545}]}, "version": 375}
{"obj": {"type": "LogStrings", "path": ["monitoring", "stdout"], "values": [{"value": "| epoch   5 |   200/ 2983 batches | lr 5.00 | ms/batch 19.79 | loss  5.09 | ppl   161.66", "step": null, "ts": 1637417634.1833613}]}, "version": 376}
{"obj": {"type": "LogStrings", "path": ["monitoring", "stdout"], "values": [{"value": "\n", "step": null, "ts": 1637417634.184362}]}, "version": 377}
{"obj": {"type": "LogFloats", "path": ["loss"], "values": [{"value": 5.085483913421631, "step": null, "ts": 1637417634.184362}]}, "version": 378}
{"obj": {"type": "LogFloats", "path": ["ppl"], "values": [{"value": 161.65814886068026, "step": null, "ts": 1637417634.184362}]}, "version": 379}
{"obj": {"type": "LogFloats", "path": ["monitoring", "cpu"], "values": [{"value": 28.3, "step": null, "ts": 1637417635.803486}]}, "version": 380}
{"obj": {"type": "LogFloats", "path": ["monitoring", "memory"], "values": [{"value": 10.586605072021484, "step": null, "ts": 1637417635.803486}]}, "version": 381}
{"obj": {"type": "LogFloats", "path": ["monitoring", "gpu"], "values": [{"value": 80.0, "step": null, "ts": 1637417635.803486}]}, "version": 382}
{"obj": {"type": "LogFloats", "path": ["monitoring", "gpu_memory"], "values": [{"value": 1.537017822265625, "step": null, "ts": 1637417635.803486}]}, "version": 383}
{"obj": {"type": "LogStrings", "path": ["monitoring", "stdout"], "values": [{"value": "| epoch   5 |   400/ 2983 batches | lr 5.00 | ms/batch 19.55 | loss  5.10 | ppl   163.31", "step": null, "ts": 1637417638.0956578}]}, "version": 384}
{"obj": {"type": "LogStrings", "path": ["monitoring", "stdout"], "values": [{"value": "\n", "step": null, "ts": 1637417638.0966587}]}, "version": 385}
{"obj": {"type": "LogFloats", "path": ["loss"], "values": [{"value": 5.095633275508881, "step": null, "ts": 1637417638.0976608}]}, "version": 386}
{"obj": {"type": "LogFloats", "path": ["ppl"], "values": [{"value": 163.30723035451368, "step": null, "ts": 1637417638.0976608}]}, "version": 387}
{"obj": {"type": "LogStrings", "path": ["monitoring", "stdout"], "values": [{"value": "| epoch   5 |   600/ 2983 batches | lr 5.00 | ms/batch 19.66 | loss  4.92 | ppl   136.70", "step": null, "ts": 1637417642.0294604}]}, "version": 388}
{"obj": {"type": "LogStrings", "path": ["monitoring", "stdout"], "values": [{"value": "\n", "step": null, "ts": 1637417642.0294604}]}, "version": 389}
{"obj": {"type": "LogFloats", "path": ["loss"], "values": [{"value": 4.917785787582398, "step": null, "ts": 1637417642.0294604}]}, "version": 390}
{"obj": {"type": "LogFloats", "path": ["ppl"], "values": [{"value": 136.69959589523322, "step": null, "ts": 1637417642.0304608}]}, "version": 391}
{"obj": {"type": "LogFloats", "path": ["monitoring", "cpu"], "values": [{"value": 26.4, "step": null, "ts": 1637417645.8117285}]}, "version": 392}
{"obj": {"type": "LogFloats", "path": ["monitoring", "memory"], "values": [{"value": 10.616172790527344, "step": null, "ts": 1637417645.8117285}]}, "version": 393}
{"obj": {"type": "LogFloats", "path": ["monitoring", "gpu"], "values": [{"value": 78.0, "step": null, "ts": 1637417645.8117285}]}, "version": 394}
{"obj": {"type": "LogFloats", "path": ["monitoring", "gpu_memory"], "values": [{"value": 1.537017822265625, "step": null, "ts": 1637417645.8117285}]}, "version": 395}
{"obj": {"type": "LogStrings", "path": ["monitoring", "stdout"], "values": [{"value": "| epoch   5 |   800/ 2983 batches | lr 5.00 | ms/batch 19.70 | loss  4.97 | ppl   144.18", "step": null, "ts": 1637417645.9707406}]}, "version": 396}
{"obj": {"type": "LogStrings", "path": ["monitoring", "stdout"], "values": [{"value": "\n", "step": null, "ts": 1637417645.9707406}]}, "version": 397}
{"obj": {"type": "LogFloats", "path": ["loss"], "values": [{"value": 4.971081066131592, "step": null, "ts": 1637417645.9707406}]}, "version": 398}
{"obj": {"type": "LogFloats", "path": ["ppl"], "values": [{"value": 144.18267415362973, "step": null, "ts": 1637417645.9707406}]}, "version": 399}
{"obj": {"type": "LogStrings", "path": ["monitoring", "stdout"], "values": [{"value": "| epoch   5 |  1000/ 2983 batches | lr 5.00 | ms/batch 19.43 | loss  4.96 | ppl   143.23", "step": null, "ts": 1637417649.85754}]}, "version": 400}
{"obj": {"type": "LogStrings", "path": ["monitoring", "stdout"], "values": [{"value": "\n", "step": null, "ts": 1637417649.85754}]}, "version": 401}
{"obj": {"type": "LogFloats", "path": ["loss"], "values": [{"value": 4.964443275928497, "step": null, "ts": 1637417649.85754}]}, "version": 402}
{"obj": {"type": "LogFloats", "path": ["ppl"], "values": [{"value": 143.22878915828105, "step": null, "ts": 1637417649.85754}]}, "version": 403}
{"obj": {"type": "LogStrings", "path": ["monitoring", "stdout"], "values": [{"value": "| epoch   5 |  1200/ 2983 batches | lr 5.00 | ms/batch 19.95 | loss  4.98 | ppl   145.75", "step": null, "ts": 1637417653.8493612}]}, "version": 404}
{"obj": {"type": "LogStrings", "path": ["monitoring", "stdout"], "values": [{"value": "\n", "step": null, "ts": 1637417653.8493612}]}, "version": 405}
{"obj": {"type": "LogFloats", "path": ["loss"], "values": [{"value": 4.9818866515159606, "step": null, "ts": 1637417653.8493612}]}, "version": 406}
{"obj": {"type": "LogFloats", "path": ["ppl"], "values": [{"value": 145.74910018386865, "step": null, "ts": 1637417653.8493612}]}, "version": 407}
{"obj": {"type": "LogFloats", "path": ["monitoring", "cpu"], "values": [{"value": 30.9, "step": null, "ts": 1637417655.820512}]}, "version": 408}
{"obj": {"type": "LogFloats", "path": ["monitoring", "memory"], "values": [{"value": 10.66579818725586, "step": null, "ts": 1637417655.820512}]}, "version": 409}
{"obj": {"type": "LogFloats", "path": ["monitoring", "gpu"], "values": [{"value": 78.0, "step": null, "ts": 1637417655.820512}]}, "version": 410}
{"obj": {"type": "LogFloats", "path": ["monitoring", "gpu_memory"], "values": [{"value": 1.537017822265625, "step": null, "ts": 1637417655.820512}]}, "version": 411}
{"obj": {"type": "LogStrings", "path": ["monitoring", "stdout"], "values": [{"value": "| epoch   5 |  1400/ 2983 batches | lr 5.00 | ms/batch 52.19 | loss  5.03 | ppl   152.72", "step": null, "ts": 1637417664.2868228}]}, "version": 412}
{"obj": {"type": "LogStrings", "path": ["monitoring", "stdout"], "values": [{"value": "\n", "step": null, "ts": 1637417664.287824}]}, "version": 413}
{"obj": {"type": "LogFloats", "path": ["loss"], "values": [{"value": 5.0285879993438725, "step": null, "ts": 1637417664.287824}]}, "version": 414}
{"obj": {"type": "LogFloats", "path": ["ppl"], "values": [{"value": 152.71722356439477, "step": null, "ts": 1637417664.287824}]}, "version": 415}
{"obj": {"type": "LogFloats", "path": ["monitoring", "cpu"], "values": [{"value": 74.5, "step": null, "ts": 1637417665.8275626}]}, "version": 416}
{"obj": {"type": "LogFloats", "path": ["monitoring", "memory"], "values": [{"value": 10.423385620117188, "step": null, "ts": 1637417665.8275626}]}, "version": 417}
{"obj": {"type": "LogFloats", "path": ["monitoring", "gpu"], "values": [{"value": 77.0, "step": null, "ts": 1637417665.8275626}]}, "version": 418}
{"obj": {"type": "LogFloats", "path": ["monitoring", "gpu_memory"], "values": [{"value": 1.537017822265625, "step": null, "ts": 1637417665.8275626}]}, "version": 419}
{"obj": {"type": "LogStrings", "path": ["monitoring", "stdout"], "values": [{"value": "| epoch   5 |  1600/ 2983 batches | lr 5.00 | ms/batch 20.00 | loss  5.08 | ppl   160.88", "step": null, "ts": 1637417668.2877488}]}, "version": 420}
{"obj": {"type": "LogStrings", "path": ["monitoring", "stdout"], "values": [{"value": "\n", "step": null, "ts": 1637417668.2877488}]}, "version": 421}
{"obj": {"type": "LogFloats", "path": ["loss"], "values": [{"value": 5.080635614395142, "step": null, "ts": 1637417668.2887506}]}, "version": 422}
{"obj": {"type": "LogFloats", "path": ["ppl"], "values": [{"value": 160.8762787166171, "step": null, "ts": 1637417668.2887506}]}, "version": 423}
{"obj": {"type": "LogStrings", "path": ["monitoring", "stdout"], "values": [{"value": "| epoch   5 |  1800/ 2983 batches | lr 5.00 | ms/batch 19.50 | loss  4.97 | ppl   144.68", "step": null, "ts": 1637417672.1890445}]}, "version": 424}
{"obj": {"type": "LogStrings", "path": ["monitoring", "stdout"], "values": [{"value": "\n", "step": null, "ts": 1637417672.1900456}]}, "version": 425}
{"obj": {"type": "LogFloats", "path": ["loss"], "values": [{"value": 4.974546480178833, "step": null, "ts": 1637417672.1900456}]}, "version": 426}
{"obj": {"type": "LogFloats", "path": ["ppl"], "values": [{"value": 144.68319357062114, "step": null, "ts": 1637417672.1900456}]}, "version": 427}
{"obj": {"type": "LogFloats", "path": ["monitoring", "cpu"], "values": [{"value": 24.6, "step": null, "ts": 1637417675.8365703}]}, "version": 428}
{"obj": {"type": "LogFloats", "path": ["monitoring", "memory"], "values": [{"value": 10.246845245361328, "step": null, "ts": 1637417675.8365703}]}, "version": 429}
{"obj": {"type": "LogFloats", "path": ["monitoring", "gpu"], "values": [{"value": 80.0, "step": null, "ts": 1637417675.8365703}]}, "version": 430}
{"obj": {"type": "LogFloats", "path": ["monitoring", "gpu_memory"], "values": [{"value": 1.537017822265625, "step": null, "ts": 1637417675.8365703}]}, "version": 431}
{"obj": {"type": "LogStrings", "path": ["monitoring", "stdout"], "values": [{"value": "| epoch   5 |  2000/ 2983 batches | lr 5.00 | ms/batch 19.44 | loss  5.02 | ppl   150.78", "step": null, "ts": 1637417676.079589}]}, "version": 432}
{"obj": {"type": "LogStrings", "path": ["monitoring", "stdout"], "values": [{"value": "\n", "step": null, "ts": 1637417676.079589}]}, "version": 433}
{"obj": {"type": "LogFloats", "path": ["loss"], "values": [{"value": 5.015824620723724, "step": null, "ts": 1637417676.0806053}]}, "version": 434}
{"obj": {"type": "LogFloats", "path": ["ppl"], "values": [{"value": 150.78042217556964, "step": null, "ts": 1637417676.0815911}]}, "version": 435}
{"obj": {"type": "LogStrings", "path": ["monitoring", "stdout"], "values": [{"value": "| epoch   5 |  2200/ 2983 batches | lr 5.00 | ms/batch 19.47 | loss  4.91 | ppl   135.17", "step": null, "ts": 1637417679.9757862}]}, "version": 436}
{"obj": {"type": "LogStrings", "path": ["monitoring", "stdout"], "values": [{"value": "\n", "step": null, "ts": 1637417679.9757862}]}, "version": 437}
{"obj": {"type": "LogFloats", "path": ["loss"], "values": [{"value": 4.906515183448792, "step": null, "ts": 1637417679.9757862}]}, "version": 438}
{"obj": {"type": "LogFloats", "path": ["ppl"], "values": [{"value": 135.16755857516316, "step": null, "ts": 1637417679.9757862}]}, "version": 439}
{"obj": {"type": "LogStrings", "path": ["monitoring", "stdout"], "values": [{"value": "| epoch   5 |  2400/ 2983 batches | lr 5.00 | ms/batch 19.41 | loss  4.96 | ppl   141.89", "step": null, "ts": 1637417683.8570802}]}, "version": 440}
{"obj": {"type": "LogStrings", "path": ["monitoring", "stdout"], "values": [{"value": "\n", "step": null, "ts": 1637417683.8570802}]}, "version": 441}
{"obj": {"type": "LogFloats", "path": ["loss"], "values": [{"value": 4.955055766105652, "step": null, "ts": 1637417683.8570802}]}, "version": 442}
{"obj": {"type": "LogFloats", "path": ["ppl"], "values": [{"value": 141.89051883399708, "step": null, "ts": 1637417683.8570802}]}, "version": 443}
{"obj": {"type": "LogFloats", "path": ["monitoring", "cpu"], "values": [{"value": 23.6, "step": null, "ts": 1637417685.846738}]}, "version": 444}
{"obj": {"type": "LogFloats", "path": ["monitoring", "memory"], "values": [{"value": 10.24801254272461, "step": null, "ts": 1637417685.846738}]}, "version": 445}
{"obj": {"type": "LogFloats", "path": ["monitoring", "gpu"], "values": [{"value": 80.0, "step": null, "ts": 1637417685.846738}]}, "version": 446}
{"obj": {"type": "LogFloats", "path": ["monitoring", "gpu_memory"], "values": [{"value": 1.537017822265625, "step": null, "ts": 1637417685.846738}]}, "version": 447}
{"obj": {"type": "LogStrings", "path": ["monitoring", "stdout"], "values": [{"value": "| epoch   5 |  2600/ 2983 batches | lr 5.00 | ms/batch 19.39 | loss  4.99 | ppl   146.63", "step": null, "ts": 1637417687.7368815}]}, "version": 448}
{"obj": {"type": "LogStrings", "path": ["monitoring", "stdout"], "values": [{"value": "\n", "step": null, "ts": 1637417687.7368815}]}, "version": 449}
{"obj": {"type": "LogFloats", "path": ["loss"], "values": [{"value": 4.987927355766296, "step": null, "ts": 1637417687.7368815}]}, "version": 450}
{"obj": {"type": "LogFloats", "path": ["ppl"], "values": [{"value": 146.63219195560023, "step": null, "ts": 1637417687.7368815}]}, "version": 451}
{"obj": {"type": "LogStrings", "path": ["monitoring", "stdout"], "values": [{"value": "| epoch   5 |  2800/ 2983 batches | lr 5.00 | ms/batch 19.51 | loss  4.91 | ppl   136.20", "step": null, "ts": 1637417691.639694}]}, "version": 452}
{"obj": {"type": "LogStrings", "path": ["monitoring", "stdout"], "values": [{"value": "\n", "step": null, "ts": 1637417691.639694}]}, "version": 453}
{"obj": {"type": "LogFloats", "path": ["loss"], "values": [{"value": 4.914098274707794, "step": null, "ts": 1637417691.639694}]}, "version": 454}
{"obj": {"type": "LogFloats", "path": ["ppl"], "values": [{"value": 136.19644263762007, "step": null, "ts": 1637417691.639694}]}, "version": 455}
{"obj": {"type": "LogFloats", "path": ["monitoring", "cpu"], "values": [{"value": 24.7, "step": null, "ts": 1637417695.8530164}]}, "version": 456}
{"obj": {"type": "LogFloats", "path": ["monitoring", "memory"], "values": [{"value": 10.244354248046875, "step": null, "ts": 1637417695.8530164}]}, "version": 457}
{"obj": {"type": "LogFloats", "path": ["monitoring", "gpu"], "values": [{"value": 80.0, "step": null, "ts": 1637417695.8530164}]}, "version": 458}
{"obj": {"type": "LogFloats", "path": ["monitoring", "gpu_memory"], "values": [{"value": 1.537017822265625, "step": null, "ts": 1637417695.8530164}]}, "version": 459}
{"obj": {"type": "LogStrings", "path": ["monitoring", "stdout"], "values": [{"value": "-----------------------------------------------------------------------------------------", "step": null, "ts": 1637417698.1741877}]}, "version": 460}
{"obj": {"type": "LogStrings", "path": ["monitoring", "stdout"], "values": [{"value": "\n", "step": null, "ts": 1637417698.1751878}]}, "version": 461}
{"obj": {"type": "LogStrings", "path": ["monitoring", "stdout"], "values": [{"value": "| end of epoch   5 | time: 67.95s | valid loss  5.38 | valid ppl   216.89", "step": null, "ts": 1637417698.1751878}]}, "version": 462}
{"obj": {"type": "LogStrings", "path": ["monitoring", "stdout"], "values": [{"value": "\n", "step": null, "ts": 1637417698.1751878}]}, "version": 463}
{"obj": {"type": "LogStrings", "path": ["monitoring", "stdout"], "values": [{"value": "-----------------------------------------------------------------------------------------", "step": null, "ts": 1637417698.1761882}]}, "version": 464}
{"obj": {"type": "LogStrings", "path": ["monitoring", "stdout"], "values": [{"value": "\n", "step": null, "ts": 1637417698.1761882}]}, "version": 465}
{"obj": {"type": "LogStrings", "path": ["monitoring", "stdout"], "values": [{"value": "| epoch   6 |   200/ 2983 batches | lr 5.00 | ms/batch 19.75 | loss  4.95 | ppl   141.36", "step": null, "ts": 1637417702.2790058}]}, "version": 466}
{"obj": {"type": "LogStrings", "path": ["monitoring", "stdout"], "values": [{"value": "\n", "step": null, "ts": 1637417702.2800057}]}, "version": 467}
{"obj": {"type": "LogFloats", "path": ["loss"], "values": [{"value": 4.951343257427215, "step": null, "ts": 1637417702.2800057}]}, "version": 468}
{"obj": {"type": "LogFloats", "path": ["ppl"], "values": [{"value": 141.36472566120145, "step": null, "ts": 1637417702.2800057}]}, "version": 469}
{"obj": {"type": "LogFloats", "path": ["monitoring", "cpu"], "values": [{"value": 25.1, "step": null, "ts": 1637417705.860277}]}, "version": 470}
{"obj": {"type": "LogFloats", "path": ["monitoring", "memory"], "values": [{"value": 10.272037506103516, "step": null, "ts": 1637417705.860277}]}, "version": 471}
{"obj": {"type": "LogFloats", "path": ["monitoring", "gpu"], "values": [{"value": 80.0, "step": null, "ts": 1637417705.860277}]}, "version": 472}
{"obj": {"type": "LogFloats", "path": ["monitoring", "gpu_memory"], "values": [{"value": 1.537017822265625, "step": null, "ts": 1637417705.860277}]}, "version": 473}
{"obj": {"type": "LogStrings", "path": ["monitoring", "stdout"], "values": [{"value": "| epoch   6 |   400/ 2983 batches | lr 5.00 | ms/batch 19.37 | loss  4.97 | ppl   143.58", "step": null, "ts": 1637417706.1532996}]}, "version": 474}
{"obj": {"type": "LogStrings", "path": ["monitoring", "stdout"], "values": [{"value": "\n", "step": null, "ts": 1637417706.1543012}]}, "version": 475}
{"obj": {"type": "LogFloats", "path": ["loss"], "values": [{"value": 4.96690911769867, "step": null, "ts": 1637417706.1543012}]}, "version": 476}
{"obj": {"type": "LogFloats", "path": ["ppl"], "values": [{"value": 143.58240448983017, "step": null, "ts": 1637417706.1543012}]}, "version": 477}
{"obj": {"type": "LogStrings", "path": ["monitoring", "stdout"], "values": [{"value": "| epoch   6 |   600/ 2983 batches | lr 5.00 | ms/batch 46.80 | loss  4.79 | ppl   120.19", "step": null, "ts": 1637417715.5149288}]}, "version": 478}
{"obj": {"type": "LogStrings", "path": ["monitoring", "stdout"], "values": [{"value": "\n", "step": null, "ts": 1637417715.5149288}]}, "version": 479}
{"obj": {"type": "LogFloats", "path": ["loss"], "values": [{"value": 4.7890615653991695, "step": null, "ts": 1637417715.51593}]}, "version": 480}
{"obj": {"type": "LogFloats", "path": ["ppl"], "values": [{"value": 120.18852665203978, "step": null, "ts": 1637417715.51593}]}, "version": 481}
{"obj": {"type": "LogFloats", "path": ["monitoring", "cpu"], "values": [{"value": 61.3, "step": null, "ts": 1637417715.8679557}]}, "version": 482}
{"obj": {"type": "LogFloats", "path": ["monitoring", "memory"], "values": [{"value": 10.247379302978516, "step": null, "ts": 1637417715.8679557}]}, "version": 483}
{"obj": {"type": "LogFloats", "path": ["monitoring", "gpu"], "values": [{"value": 80.0, "step": null, "ts": 1637417715.8679557}]}, "version": 484}
{"obj": {"type": "LogFloats", "path": ["monitoring", "gpu_memory"], "values": [{"value": 1.537017822265625, "step": null, "ts": 1637417715.8679557}]}, "version": 485}
{"obj": {"type": "LogStrings", "path": ["monitoring", "stdout"], "values": [{"value": "| epoch   6 |   800/ 2983 batches | lr 5.00 | ms/batch 19.74 | loss  4.85 | ppl   127.75", "step": null, "ts": 1637417719.4642284}]}, "version": 486}
{"obj": {"type": "LogStrings", "path": ["monitoring", "stdout"], "values": [{"value": "\n", "step": null, "ts": 1637417719.4652295}]}, "version": 487}
{"obj": {"type": "LogFloats", "path": ["loss"], "values": [{"value": 4.8500636458396915, "step": null, "ts": 1637417719.4652295}]}, "version": 488}
{"obj": {"type": "LogFloats", "path": ["ppl"], "values": [{"value": 127.74852024913355, "step": null, "ts": 1637417719.4652295}]}, "version": 489}
{"obj": {"type": "LogStrings", "path": ["monitoring", "stdout"], "values": [{"value": "| epoch   6 |  1000/ 2983 batches | lr 5.00 | ms/batch 19.35 | loss  4.84 | ppl   126.72", "step": null, "ts": 1637417723.3350296}]}, "version": 490}
{"obj": {"type": "LogStrings", "path": ["monitoring", "stdout"], "values": [{"value": "\n", "step": null, "ts": 1637417723.336028}]}, "version": 491}
{"obj": {"type": "LogFloats", "path": ["loss"], "values": [{"value": 4.841943655014038, "step": null, "ts": 1637417723.336028}]}, "version": 492}
{"obj": {"type": "LogFloats", "path": ["ppl"], "values": [{"value": 126.71540356220466, "step": null, "ts": 1637417723.336028}]}, "version": 493}
{"obj": {"type": "LogFloats", "path": ["monitoring", "cpu"], "values": [{"value": 24.3, "step": null, "ts": 1637417725.8752205}]}, "version": 494}
{"obj": {"type": "LogFloats", "path": ["monitoring", "memory"], "values": [{"value": 10.25082015991211, "step": null, "ts": 1637417725.8752205}]}, "version": 495}
{"obj": {"type": "LogFloats", "path": ["monitoring", "gpu"], "values": [{"value": 78.0, "step": null, "ts": 1637417725.8752205}]}, "version": 496}
{"obj": {"type": "LogFloats", "path": ["monitoring", "gpu_memory"], "values": [{"value": 1.537017822265625, "step": null, "ts": 1637417725.8752205}]}, "version": 497}
{"obj": {"type": "LogStrings", "path": ["monitoring", "stdout"], "values": [{"value": "| epoch   6 |  1200/ 2983 batches | lr 5.00 | ms/batch 19.48 | loss  4.87 | ppl   129.74", "step": null, "ts": 1637417727.2323234}]}, "version": 498}
{"obj": {"type": "LogStrings", "path": ["monitoring", "stdout"], "values": [{"value": "\n", "step": null, "ts": 1637417727.2333236}]}, "version": 499}
{"obj": {"type": "LogFloats", "path": ["loss"], "values": [{"value": 4.865534400939941, "step": null, "ts": 1637417727.2333236}]}, "version": 500}
{"obj": {"type": "LogFloats", "path": ["ppl"], "values": [{"value": 129.7402534025813, "step": null, "ts": 1637417727.2333236}]}, "version": 501}
{"obj": {"type": "LogStrings", "path": ["monitoring", "stdout"], "values": [{"value": "| epoch   6 |  1400/ 2983 batches | lr 5.00 | ms/batch 19.43 | loss  4.91 | ppl   136.26", "step": null, "ts": 1637417731.118622}]}, "version": 502}
{"obj": {"type": "LogStrings", "path": ["monitoring", "stdout"], "values": [{"value": "\n", "step": null, "ts": 1637417731.1196225}]}, "version": 503}
{"obj": {"type": "LogFloats", "path": ["loss"], "values": [{"value": 4.914570133686066, "step": null, "ts": 1637417731.1196225}]}, "version": 504}
{"obj": {"type": "LogFloats", "path": ["ppl"], "values": [{"value": 136.26072331640233, "step": null, "ts": 1637417731.1196225}]}, "version": 505}
{"obj": {"type": "LogFloats", "path": ["monitoring", "cpu"], "values": [{"value": 32.0, "step": null, "ts": 1637417735.8870294}]}, "version": 506}
{"obj": {"type": "LogFloats", "path": ["monitoring", "memory"], "values": [{"value": 10.260139465332031, "step": null, "ts": 1637417735.8870294}]}, "version": 507}
{"obj": {"type": "LogFloats", "path": ["monitoring", "gpu"], "values": [{"value": 9.0, "step": null, "ts": 1637417735.8870294}]}, "version": 508}
{"obj": {"type": "LogFloats", "path": ["monitoring", "gpu_memory"], "values": [{"value": 1.537017822265625, "step": null, "ts": 1637417735.8870294}]}, "version": 509}
{"obj": {"type": "LogStrings", "path": ["monitoring", "stdout"], "values": [{"value": "| epoch   6 |  1600/ 2983 batches | lr 5.00 | ms/batch 46.62 | loss  4.96 | ppl   142.89", "step": null, "ts": 1637417740.4443486}]}, "version": 510}
{"obj": {"type": "LogStrings", "path": ["monitoring", "stdout"], "values": [{"value": "\n", "step": null, "ts": 1637417740.4443486}]}, "version": 511}
{"obj": {"type": "LogFloats", "path": ["loss"], "values": [{"value": 4.962044491767883, "step": null, "ts": 1637417740.4443486}]}, "version": 512}
{"obj": {"type": "LogFloats", "path": ["ppl"], "values": [{"value": 142.88562595927883, "step": null, "ts": 1637417740.4443486}]}, "version": 513}
{"obj": {"type": "LogStrings", "path": ["monitoring", "stdout"], "values": [{"value": "| epoch   6 |  1800/ 2983 batches | lr 5.00 | ms/batch 22.10 | loss  4.87 | ppl   129.80", "step": null, "ts": 1637417744.8656814}]}, "version": 514}
{"obj": {"type": "LogStrings", "path": ["monitoring", "stdout"], "values": [{"value": "\n", "step": null, "ts": 1637417744.8656814}]}, "version": 515}
{"obj": {"type": "LogFloats", "path": ["loss"], "values": [{"value": 4.865984807014465, "step": null, "ts": 1637417744.8666813}]}, "version": 516}
{"obj": {"type": "LogFloats", "path": ["ppl"], "values": [{"value": 129.79870236271933, "step": null, "ts": 1637417744.8666813}]}, "version": 517}
{"obj": {"type": "LogFloats", "path": ["monitoring", "cpu"], "values": [{"value": 56.7, "step": null, "ts": 1637417745.978273}]}, "version": 518}
{"obj": {"type": "LogFloats", "path": ["monitoring", "memory"], "values": [{"value": 10.46792221069336, "step": null, "ts": 1637417745.978273}]}, "version": 519}
{"obj": {"type": "LogFloats", "path": ["monitoring", "gpu"], "values": [{"value": 70.0, "step": null, "ts": 1637417745.978273}]}, "version": 520}
{"obj": {"type": "LogFloats", "path": ["monitoring", "gpu_memory"], "values": [{"value": 1.600311279296875, "step": null, "ts": 1637417745.978273}]}, "version": 521}
{"obj": {"type": "LogStrings", "path": ["monitoring", "stdout"], "values": [{"value": "| epoch   6 |  2000/ 2983 batches | lr 5.00 | ms/batch 20.27 | loss  4.91 | ppl   135.33", "step": null, "ts": 1637417748.9214966}]}, "version": 522}
{"obj": {"type": "LogStrings", "path": ["monitoring", "stdout"], "values": [{"value": "\n", "step": null, "ts": 1637417748.9214966}]}, "version": 523}
{"obj": {"type": "LogFloats", "path": ["loss"], "values": [{"value": 4.907701075077057, "step": null, "ts": 1637417748.9214966}]}, "version": 524}
{"obj": {"type": "LogFloats", "path": ["ppl"], "values": [{"value": 135.32794773457437, "step": null, "ts": 1637417748.9214966}]}, "version": 525}
{"obj": {"type": "LogStrings", "path": ["monitoring", "stdout"], "values": [{"value": "| epoch   6 |  2200/ 2983 batches | lr 5.00 | ms/batch 21.23 | loss  4.79 | ppl   120.03", "step": null, "ts": 1637417753.1668189}]}, "version": 526}
{"obj": {"type": "LogStrings", "path": ["monitoring", "stdout"], "values": [{"value": "\n", "step": null, "ts": 1637417753.1668189}]}, "version": 527}
{"obj": {"type": "LogFloats", "path": ["loss"], "values": [{"value": 4.787733249664306, "step": null, "ts": 1637417753.1668189}]}, "version": 528}
{"obj": {"type": "LogFloats", "path": ["ppl"], "values": [{"value": 120.02898432568743, "step": null, "ts": 1637417753.1678212}]}, "version": 529}
{"obj": {"type": "LogFloats", "path": ["monitoring", "cpu"], "values": [{"value": 41.9, "step": null, "ts": 1637417755.9856374}]}, "version": 530}
{"obj": {"type": "LogFloats", "path": ["monitoring", "memory"], "values": [{"value": 10.651248931884766, "step": null, "ts": 1637417755.9856374}]}, "version": 531}
{"obj": {"type": "LogFloats", "path": ["monitoring", "gpu"], "values": [{"value": 77.0, "step": null, "ts": 1637417755.9856374}]}, "version": 532}
{"obj": {"type": "LogFloats", "path": ["monitoring", "gpu_memory"], "values": [{"value": 1.571807861328125, "step": null, "ts": 1637417755.9856374}]}, "version": 533}
{"obj": {"type": "LogStrings", "path": ["monitoring", "stdout"], "values": [{"value": "| epoch   6 |  2400/ 2983 batches | lr 5.00 | ms/batch 20.24 | loss  4.84 | ppl   126.69", "step": null, "ts": 1637417757.215733}]}, "version": 534}
{"obj": {"type": "LogStrings", "path": ["monitoring", "stdout"], "values": [{"value": "\n", "step": null, "ts": 1637417757.215733}]}, "version": 535}
{"obj": {"type": "LogFloats", "path": ["loss"], "values": [{"value": 4.841734139919281, "step": null, "ts": 1637417757.215733}]}, "version": 536}
{"obj": {"type": "LogFloats", "path": ["ppl"], "values": [{"value": 126.68885755341203, "step": null, "ts": 1637417757.215733}]}, "version": 537}
{"obj": {"type": "LogStrings", "path": ["monitoring", "stdout"], "values": [{"value": "| epoch   6 |  2600/ 2983 batches | lr 5.00 | ms/batch 20.01 | loss  4.87 | ppl   130.43", "step": null, "ts": 1637417761.2176106}]}, "version": 538}
{"obj": {"type": "LogStrings", "path": ["monitoring", "stdout"], "values": [{"value": "\n", "step": null, "ts": 1637417761.2176106}]}, "version": 539}
{"obj": {"type": "LogFloats", "path": ["loss"], "values": [{"value": 4.870815739631653, "step": null, "ts": 1637417761.2176106}]}, "version": 540}
{"obj": {"type": "LogFloats", "path": ["ppl"], "values": [{"value": 130.42726820479572, "step": null, "ts": 1637417761.2186103}]}, "version": 541}
{"obj": {"type": "LogStrings", "path": ["monitoring", "stdout"], "values": [{"value": "| epoch   6 |  2800/ 2983 batches | lr 5.00 | ms/batch 20.06 | loss  4.81 | ppl   122.65", "step": null, "ts": 1637417765.2306585}]}, "version": 542}
{"obj": {"type": "LogStrings", "path": ["monitoring", "stdout"], "values": [{"value": "\n", "step": null, "ts": 1637417765.2306585}]}, "version": 543}
{"obj": {"type": "LogFloats", "path": ["loss"], "values": [{"value": 4.809339730739594, "step": null, "ts": 1637417765.231658}]}, "version": 544}
{"obj": {"type": "LogFloats", "path": ["ppl"], "values": [{"value": 122.65060834981317, "step": null, "ts": 1637417765.231658}]}, "version": 545}
{"obj": {"type": "LogFloats", "path": ["monitoring", "cpu"], "values": [{"value": 33.4, "step": null, "ts": 1637417765.993303}]}, "version": 546}
{"obj": {"type": "LogFloats", "path": ["monitoring", "memory"], "values": [{"value": 10.596309661865234, "step": null, "ts": 1637417765.993303}]}, "version": 547}
{"obj": {"type": "LogFloats", "path": ["monitoring", "gpu"], "values": [{"value": 75.0, "step": null, "ts": 1637417765.993303}]}, "version": 548}
{"obj": {"type": "LogFloats", "path": ["monitoring", "gpu_memory"], "values": [{"value": 1.563385009765625, "step": null, "ts": 1637417765.993303}]}, "version": 549}
{"obj": {"type": "LogStrings", "path": ["monitoring", "stdout"], "values": [{"value": "-----------------------------------------------------------------------------------------", "step": null, "ts": 1637417772.7347658}]}, "version": 550}
{"obj": {"type": "LogStrings", "path": ["monitoring", "stdout"], "values": [{"value": "\n", "step": null, "ts": 1637417772.7347658}]}, "version": 551}
{"obj": {"type": "LogStrings", "path": ["monitoring", "stdout"], "values": [{"value": "| end of epoch   6 | time: 74.41s | valid loss  5.39 | valid ppl   218.44", "step": null, "ts": 1637417772.7347658}]}, "version": 552}
{"obj": {"type": "LogStrings", "path": ["monitoring", "stdout"], "values": [{"value": "\n", "step": null, "ts": 1637417772.7347658}]}, "version": 553}
{"obj": {"type": "LogStrings", "path": ["monitoring", "stdout"], "values": [{"value": "-----------------------------------------------------------------------------------------", "step": null, "ts": 1637417772.7347658}]}, "version": 554}
{"obj": {"type": "LogStrings", "path": ["monitoring", "stdout"], "values": [{"value": "\n", "step": null, "ts": 1637417772.7357647}]}, "version": 555}
{"obj": {"type": "LogStrings", "path": ["monitoring", "stdout"], "values": [{"value": "Shutting down background jobs, please wait a moment...\n", "step": null, "ts": 1637417772.7357647}]}, "version": 556}
