{"obj": {"type": "AssignString", "path": ["sys", "name"], "value": "Untitled"}, "version": 1}
{"obj": {"type": "AssignString", "path": ["sys", "description"], "value": ""}, "version": 2}
{"obj": {"type": "AssignString", "path": ["sys", "hostname"], "value": "LAPTOP-U1IJGCL4"}, "version": 3}
{"obj": {"type": "AssignBool", "path": ["sys", "failed"], "value": false}, "version": 4}
{"obj": {"type": "ClearStringLog", "path": ["monitoring", "stdout"]}, "version": 5}
{"obj": {"type": "ClearStringLog", "path": ["monitoring", "stderr"]}, "version": 6}
{"obj": {"type": "AssignString", "path": ["source_code", "entrypoint"], "value": "sale_prices_predictor.py"}, "version": 7}
{"obj": {"type": "UploadFileSet", "path": ["source_code", "files"], "file_globs": ["C:\\AttentionIsOptimalBuildingBlockArticle\\FirstExperimentThirdTrial\\sale_prices_predictor.py"], "reset": "False"}, "version": 8}
{"obj": {"type": "ConfigFloatSeries", "path": ["monitoring", "cpu"], "min": 0.0, "max": 100.0, "unit": "%"}, "version": 9}
{"obj": {"type": "ClearFloatLog", "path": ["monitoring", "cpu"]}, "version": 10}
{"obj": {"type": "ConfigFloatSeries", "path": ["monitoring", "memory"], "min": 0.0, "max": 15.43682861328125, "unit": "GB"}, "version": 11}
{"obj": {"type": "ClearFloatLog", "path": ["monitoring", "memory"]}, "version": 12}
{"obj": {"type": "ConfigFloatSeries", "path": ["monitoring", "gpu"], "min": 0.0, "max": 100.0, "unit": "%"}, "version": 13}
{"obj": {"type": "ClearFloatLog", "path": ["monitoring", "gpu"]}, "version": 14}
{"obj": {"type": "ConfigFloatSeries", "path": ["monitoring", "gpu_memory"], "min": 0.0, "max": 6.0, "unit": "GB"}, "version": 15}
{"obj": {"type": "ClearFloatLog", "path": ["monitoring", "gpu_memory"]}, "version": 16}
{"obj": {"type": "LogStrings", "path": ["monitoring", "stdout"], "values": [{"value": "", "step": null, "ts": 1637693573.8992841}]}, "version": 17}
{"obj": {"type": "LogStrings", "path": ["monitoring", "stdout"], "values": [{"value": "https://app.neptune.ai/dan.nav/AttentionIsOptimalBuildingBlock/e/AT-4\n", "step": null, "ts": 1637693573.8992841}]}, "version": 18}
{"obj": {"type": "AssignFloat", "path": ["parameters", "learning_rate"], "value": 0.001}, "version": 19}
{"obj": {"type": "AssignString", "path": ["parameters", "optimizer"], "value": "Adam"}, "version": 20}
{"obj": {"type": "LogFloats", "path": ["monitoring", "cpu"], "values": [{"value": 8.6, "step": null, "ts": 1637693573.8952851}]}, "version": 21}
{"obj": {"type": "LogFloats", "path": ["monitoring", "memory"], "values": [{"value": 6.294490814208984, "step": null, "ts": 1637693573.8952851}]}, "version": 22}
{"obj": {"type": "LogFloats", "path": ["monitoring", "gpu_memory"], "values": [{"value": 0.16015625, "step": null, "ts": 1637693573.8952851}]}, "version": 23}
{"obj": {"type": "LogFloats", "path": ["monitoring", "cpu"], "values": [{"value": 23.9, "step": null, "ts": 1637693583.9096181}]}, "version": 24}
{"obj": {"type": "LogFloats", "path": ["monitoring", "memory"], "values": [{"value": 6.761882781982422, "step": null, "ts": 1637693583.9096181}]}, "version": 25}
{"obj": {"type": "LogFloats", "path": ["monitoring", "gpu"], "values": [{"value": 8.0, "step": null, "ts": 1637693583.9096181}]}, "version": 26}
{"obj": {"type": "LogFloats", "path": ["monitoring", "gpu_memory"], "values": [{"value": 0.25962066650390625, "step": null, "ts": 1637693583.9096181}]}, "version": 27}
