{"obj": {"type": "AssignString", "path": ["sys", "name"], "value": "Untitled"}, "version": 1}
{"obj": {"type": "AssignString", "path": ["sys", "description"], "value": ""}, "version": 2}
{"obj": {"type": "AssignString", "path": ["sys", "hostname"], "value": "LAPTOP-U1IJGCL4"}, "version": 3}
{"obj": {"type": "AssignBool", "path": ["sys", "failed"], "value": false}, "version": 4}
{"obj": {"type": "ClearStringLog", "path": ["monitoring", "stdout"]}, "version": 5}
{"obj": {"type": "ClearStringLog", "path": ["monitoring", "stderr"]}, "version": 6}
{"obj": {"type": "AssignString", "path": ["source_code", "entrypoint"], "value": "sale_prices_predictor.py"}, "version": 7}
{"obj": {"type": "UploadFileSet", "path": ["source_code", "files"], "file_globs": ["C:\\Kaggles\\housePrices\\sale_prices_predictor.py"], "reset": "False"}, "version": 8}
{"obj": {"type": "ConfigFloatSeries", "path": ["monitoring", "cpu"], "min": 0.0, "max": 100.0, "unit": "%"}, "version": 9}
{"obj": {"type": "ClearFloatLog", "path": ["monitoring", "cpu"]}, "version": 10}
{"obj": {"type": "ConfigFloatSeries", "path": ["monitoring", "memory"], "min": 0.0, "max": 15.43682861328125, "unit": "GB"}, "version": 11}
{"obj": {"type": "ClearFloatLog", "path": ["monitoring", "memory"]}, "version": 12}
{"obj": {"type": "ConfigFloatSeries", "path": ["monitoring", "gpu"], "min": 0.0, "max": 100.0, "unit": "%"}, "version": 13}
{"obj": {"type": "ClearFloatLog", "path": ["monitoring", "gpu"]}, "version": 14}
{"obj": {"type": "ConfigFloatSeries", "path": ["monitoring", "gpu_memory"], "min": 0.0, "max": 6.0, "unit": "GB"}, "version": 15}
{"obj": {"type": "ClearFloatLog", "path": ["monitoring", "gpu_memory"]}, "version": 16}
{"obj": {"type": "LogStrings", "path": ["monitoring", "stdout"], "values": [{"value": "", "step": null, "ts": 1637324551.8187873}]}, "version": 17}
{"obj": {"type": "LogStrings", "path": ["monitoring", "stdout"], "values": [{"value": "https://app.neptune.ai/chaimchess/KaggleHousePrices/e/KAG1-32\n", "step": null, "ts": 1637324551.8207886}]}, "version": 18}
{"obj": {"type": "AssignFloat", "path": ["parameters", "learning_rate"], "value": 0.0001}, "version": 19}
{"obj": {"type": "AssignString", "path": ["parameters", "optimizer"], "value": "Adam"}, "version": 20}
{"obj": {"type": "LogFloats", "path": ["monitoring", "cpu"], "values": [{"value": 35.6, "step": null, "ts": 1637324551.8097866}]}, "version": 21}
{"obj": {"type": "LogFloats", "path": ["monitoring", "memory"], "values": [{"value": 8.10573959350586, "step": null, "ts": 1637324551.8097866}]}, "version": 22}
{"obj": {"type": "LogFloats", "path": ["monitoring", "gpu"], "values": [{"value": 37.0, "step": null, "ts": 1637324551.8097866}]}, "version": 23}
{"obj": {"type": "LogFloats", "path": ["monitoring", "gpu_memory"], "values": [{"value": 0.3990821838378906, "step": null, "ts": 1637324551.8097866}]}, "version": 24}
{"obj": {"type": "LogStrings", "path": ["monitoring", "stderr"], "values": [{"value": "\r0it [00:00, ?it/s]", "step": null, "ts": 1637324555.1173532}]}, "version": 25}
{"obj": {"type": "LogFloats", "path": ["monitoring", "cpu"], "values": [{"value": 26.4, "step": null, "ts": 1637324561.8239715}]}, "version": 26}
{"obj": {"type": "LogFloats", "path": ["monitoring", "memory"], "values": [{"value": 10.263481140136719, "step": null, "ts": 1637324561.8239715}]}, "version": 27}
{"obj": {"type": "LogFloats", "path": ["monitoring", "gpu"], "values": [{"value": 6.0, "step": null, "ts": 1637324561.8239715}]}, "version": 28}
{"obj": {"type": "LogFloats", "path": ["monitoring", "gpu_memory"], "values": [{"value": 1.3179893493652344, "step": null, "ts": 1637324561.8239715}]}, "version": 29}
{"obj": {"type": "LogFloats", "path": ["monitoring", "cpu"], "values": [{"value": 13.8, "step": null, "ts": 1637324571.8324037}]}, "version": 30}
{"obj": {"type": "LogFloats", "path": ["monitoring", "memory"], "values": [{"value": 10.324920654296875, "step": null, "ts": 1637324571.8324037}]}, "version": 31}
{"obj": {"type": "LogFloats", "path": ["monitoring", "gpu"], "values": [{"value": 1.0, "step": null, "ts": 1637324571.8324037}]}, "version": 32}
{"obj": {"type": "LogFloats", "path": ["monitoring", "gpu_memory"], "values": [{"value": 1.3340568542480469, "step": null, "ts": 1637324571.8324037}]}, "version": 33}
{"obj": {"type": "LogFloats", "path": ["monitoring", "cpu"], "values": [{"value": 10.5, "step": null, "ts": 1637324581.8395934}]}, "version": 34}
{"obj": {"type": "LogFloats", "path": ["monitoring", "memory"], "values": [{"value": 10.280567169189453, "step": null, "ts": 1637324581.8395934}]}, "version": 35}
{"obj": {"type": "LogFloats", "path": ["monitoring", "gpu"], "values": [{"value": 29.0, "step": null, "ts": 1637324581.8395934}]}, "version": 36}
{"obj": {"type": "LogFloats", "path": ["monitoring", "gpu_memory"], "values": [{"value": 1.3030509948730469, "step": null, "ts": 1637324581.8395934}]}, "version": 37}
{"obj": {"type": "LogFloats", "path": ["monitoring", "cpu"], "values": [{"value": 24.0, "step": null, "ts": 1637324591.846808}]}, "version": 38}
{"obj": {"type": "LogFloats", "path": ["monitoring", "memory"], "values": [{"value": 10.437450408935547, "step": null, "ts": 1637324591.846808}]}, "version": 39}
{"obj": {"type": "LogFloats", "path": ["monitoring", "gpu"], "values": [{"value": 22.0, "step": null, "ts": 1637324591.846808}]}, "version": 40}
{"obj": {"type": "LogFloats", "path": ["monitoring", "gpu_memory"], "values": [{"value": 1.3339958190917969, "step": null, "ts": 1637324591.846808}]}, "version": 41}
{"obj": {"type": "LogFloats", "path": ["monitoring", "cpu"], "values": [{"value": 20.9, "step": null, "ts": 1637324601.8556142}]}, "version": 42}
{"obj": {"type": "LogFloats", "path": ["monitoring", "memory"], "values": [{"value": 10.427436828613281, "step": null, "ts": 1637324601.8556142}]}, "version": 43}
{"obj": {"type": "LogFloats", "path": ["monitoring", "gpu"], "values": [{"value": 2.0, "step": null, "ts": 1637324601.8556142}]}, "version": 44}
{"obj": {"type": "LogFloats", "path": ["monitoring", "gpu_memory"], "values": [{"value": 1.3277702331542969, "step": null, "ts": 1637324601.8556142}]}, "version": 45}
{"obj": {"type": "LogFloats", "path": ["monitoring", "cpu"], "values": [{"value": 21.0, "step": null, "ts": 1637324611.8636816}]}, "version": 46}
{"obj": {"type": "LogFloats", "path": ["monitoring", "memory"], "values": [{"value": 10.513015747070312, "step": null, "ts": 1637324611.8636816}]}, "version": 47}
{"obj": {"type": "LogFloats", "path": ["monitoring", "gpu"], "values": [{"value": 7.0, "step": null, "ts": 1637324611.8636816}]}, "version": 48}
{"obj": {"type": "LogFloats", "path": ["monitoring", "gpu_memory"], "values": [{"value": 1.3212394714355469, "step": null, "ts": 1637324611.8636816}]}, "version": 49}
{"obj": {"type": "LogFloats", "path": ["monitoring", "cpu"], "values": [{"value": 20.8, "step": null, "ts": 1637324621.871465}]}, "version": 50}
{"obj": {"type": "LogFloats", "path": ["monitoring", "memory"], "values": [{"value": 10.504962921142578, "step": null, "ts": 1637324621.871465}]}, "version": 51}
{"obj": {"type": "LogFloats", "path": ["monitoring", "gpu_memory"], "values": [{"value": 1.3274040222167969, "step": null, "ts": 1637324621.871465}]}, "version": 52}
{"obj": {"type": "LogFloats", "path": ["monitoring", "cpu"], "values": [{"value": 28.5, "step": null, "ts": 1637324631.8789926}]}, "version": 53}
{"obj": {"type": "LogFloats", "path": ["monitoring", "memory"], "values": [{"value": 10.591129302978516, "step": null, "ts": 1637324631.8789926}]}, "version": 54}
{"obj": {"type": "LogFloats", "path": ["monitoring", "gpu"], "values": [{"value": 6.0, "step": null, "ts": 1637324631.8789926}]}, "version": 55}
{"obj": {"type": "LogFloats", "path": ["monitoring", "gpu_memory"], "values": [{"value": 1.3544425964355469, "step": null, "ts": 1637324631.8789926}]}, "version": 56}
{"obj": {"type": "LogFloats", "path": ["monitoring", "cpu"], "values": [{"value": 13.7, "step": null, "ts": 1637324641.8926153}]}, "version": 57}
{"obj": {"type": "LogFloats", "path": ["monitoring", "memory"], "values": [{"value": 10.367622375488281, "step": null, "ts": 1637324641.8926153}]}, "version": 58}
{"obj": {"type": "LogFloats", "path": ["monitoring", "gpu"], "values": [{"value": 8.0, "step": null, "ts": 1637324641.8926153}]}, "version": 59}
{"obj": {"type": "LogFloats", "path": ["monitoring", "gpu_memory"], "values": [{"value": 1.2764396667480469, "step": null, "ts": 1637324641.8926153}]}, "version": 60}
{"obj": {"type": "LogFloats", "path": ["monitoring", "cpu"], "values": [{"value": 5.0, "step": null, "ts": 1637324651.9015226}]}, "version": 61}
{"obj": {"type": "LogFloats", "path": ["monitoring", "memory"], "values": [{"value": 10.282695770263672, "step": null, "ts": 1637324651.9015226}]}, "version": 62}
{"obj": {"type": "LogFloats", "path": ["monitoring", "gpu_memory"], "values": [{"value": 1.2780876159667969, "step": null, "ts": 1637324651.9015226}]}, "version": 63}
{"obj": {"type": "LogFloats", "path": ["monitoring", "cpu"], "values": [{"value": 5.1, "step": null, "ts": 1637324661.908678}]}, "version": 64}
{"obj": {"type": "LogFloats", "path": ["monitoring", "memory"], "values": [{"value": 10.275344848632812, "step": null, "ts": 1637324661.908678}]}, "version": 65}
{"obj": {"type": "LogFloats", "path": ["monitoring", "gpu"], "values": [{"value": 1.0, "step": null, "ts": 1637324661.908678}]}, "version": 66}
{"obj": {"type": "LogFloats", "path": ["monitoring", "gpu_memory"], "values": [{"value": 1.2780876159667969, "step": null, "ts": 1637324661.908678}]}, "version": 67}
{"obj": {"type": "LogFloats", "path": ["monitoring", "cpu"], "values": [{"value": 7.3, "step": null, "ts": 1637324671.9167507}]}, "version": 68}
{"obj": {"type": "LogFloats", "path": ["monitoring", "memory"], "values": [{"value": 10.275562286376953, "step": null, "ts": 1637324671.9167507}]}, "version": 69}
{"obj": {"type": "LogFloats", "path": ["monitoring", "gpu_memory"], "values": [{"value": 1.2780876159667969, "step": null, "ts": 1637324671.9167507}]}, "version": 70}
{"obj": {"type": "LogFloats", "path": ["monitoring", "cpu"], "values": [{"value": 5.6, "step": null, "ts": 1637324681.9238696}]}, "version": 71}
{"obj": {"type": "LogFloats", "path": ["monitoring", "memory"], "values": [{"value": 10.276683807373047, "step": null, "ts": 1637324681.9238696}]}, "version": 72}
{"obj": {"type": "LogFloats", "path": ["monitoring", "gpu"], "values": [{"value": 1.0, "step": null, "ts": 1637324681.9238696}]}, "version": 73}
{"obj": {"type": "LogFloats", "path": ["monitoring", "gpu_memory"], "values": [{"value": 1.2780876159667969, "step": null, "ts": 1637324681.9238696}]}, "version": 74}
