{"obj": {"type": "AssignString", "path": ["sys", "name"], "value": "Untitled"}, "version": 1}
{"obj": {"type": "AssignString", "path": ["sys", "description"], "value": ""}, "version": 2}
{"obj": {"type": "AssignString", "path": ["sys", "hostname"], "value": "LAPTOP-U1IJGCL4"}, "version": 3}
{"obj": {"type": "AssignBool", "path": ["sys", "failed"], "value": false}, "version": 4}
{"obj": {"type": "ClearStringLog", "path": ["monitoring", "stdout"]}, "version": 5}
{"obj": {"type": "ClearStringLog", "path": ["monitoring", "stderr"]}, "version": 6}
{"obj": {"type": "AssignString", "path": ["source_code", "entrypoint"], "value": "sale_prices_predictor.py"}, "version": 7}
{"obj": {"type": "UploadFileSet", "path": ["source_code", "files"], "file_globs": ["C:\\Kaggles\\housePrices\\sale_prices_predictor.py"], "reset": "False"}, "version": 8}
{"obj": {"type": "ConfigFloatSeries", "path": ["monitoring", "cpu"], "min": 0.0, "max": 100.0, "unit": "%"}, "version": 9}
{"obj": {"type": "ClearFloatLog", "path": ["monitoring", "cpu"]}, "version": 10}
{"obj": {"type": "ConfigFloatSeries", "path": ["monitoring", "memory"], "min": 0.0, "max": 15.43682861328125, "unit": "GB"}, "version": 11}
{"obj": {"type": "ClearFloatLog", "path": ["monitoring", "memory"]}, "version": 12}
{"obj": {"type": "ConfigFloatSeries", "path": ["monitoring", "gpu"], "min": 0.0, "max": 100.0, "unit": "%"}, "version": 13}
{"obj": {"type": "ClearFloatLog", "path": ["monitoring", "gpu"]}, "version": 14}
{"obj": {"type": "ConfigFloatSeries", "path": ["monitoring", "gpu_memory"], "min": 0.0, "max": 6.0, "unit": "GB"}, "version": 15}
{"obj": {"type": "ClearFloatLog", "path": ["monitoring", "gpu_memory"]}, "version": 16}
{"obj": {"type": "LogFloats", "path": ["monitoring", "cpu"], "values": [{"value": 12.4, "step": null, "ts": 1637346370.5289392}]}, "version": 17}
{"obj": {"type": "LogStrings", "path": ["monitoring", "stdout"], "values": [{"value": "", "step": null, "ts": 1637346370.5445635}]}, "version": 18}
{"obj": {"type": "LogFloats", "path": ["monitoring", "memory"], "values": [{"value": 8.958728790283203, "step": null, "ts": 1637346370.5289392}]}, "version": 19}
{"obj": {"type": "LogStrings", "path": ["monitoring", "stdout"], "values": [{"value": "https://app.neptune.ai/chaimchess/KaggleHousePrices/e/KAG1-42\n", "step": null, "ts": 1637346370.5445635}]}, "version": 20}
{"obj": {"type": "LogFloats", "path": ["monitoring", "gpu"], "values": [{"value": 24.0, "step": null, "ts": 1637346370.5289392}]}, "version": 21}
{"obj": {"type": "AssignFloat", "path": ["parameters", "learning_rate"], "value": 0.0001}, "version": 22}
{"obj": {"type": "AssignString", "path": ["parameters", "optimizer"], "value": "Adam"}, "version": 23}
{"obj": {"type": "LogFloats", "path": ["monitoring", "gpu_memory"], "values": [{"value": 0.2965583801269531, "step": null, "ts": 1637346370.5289392}]}, "version": 24}
{"obj": {"type": "LogStrings", "path": ["monitoring", "stderr"], "values": [{"value": "\r0it [00:00, ?it/s]", "step": null, "ts": 1637346373.8382409}]}, "version": 25}
{"obj": {"type": "LogFloats", "path": ["ErrorPercentTrain"], "values": [{"value": 1.1494343280792236, "step": null, "ts": 1637346373.931989}]}, "version": 26}
{"obj": {"type": "LogFloats", "path": ["gold"], "values": [{"value": 139400.0, "step": null, "ts": 1637346373.931989}]}, "version": 27}
{"obj": {"type": "LogFloats", "path": ["pred"], "values": [{"value": 120770.3125, "step": null, "ts": 1637346373.931989}]}, "version": 28}
{"obj": {"type": "LogFloats", "path": ["AbsDiff"], "values": [{"value": 18629.6875, "step": null, "ts": 1637346373.931989}]}, "version": 29}
{"obj": {"type": "LogFloats", "path": ["ErrorPercentTrain"], "values": [{"value": 0.737013578414917, "step": null, "ts": 1637346374.0101135}]}, "version": 30}
{"obj": {"type": "LogFloats", "path": ["gold"], "values": [{"value": 170000.0, "step": null, "ts": 1637346374.0101135}]}, "version": 31}
{"obj": {"type": "LogFloats", "path": ["pred"], "values": [{"value": 121271.8125, "step": null, "ts": 1637346374.0101135}]}, "version": 32}
{"obj": {"type": "LogFloats", "path": ["AbsDiff"], "values": [{"value": 48728.1875, "step": null, "ts": 1637346374.0101135}]}, "version": 33}
{"obj": {"type": "LogStrings", "path": ["monitoring", "stderr"], "values": [{"value": "\r2it [00:00, 11.64it/s]", "step": null, "ts": 1637346374.0101135}]}, "version": 34}
{"obj": {"type": "LogFloats", "path": ["ErrorPercentTrain"], "values": [{"value": 0.6717381477355957, "step": null, "ts": 1637346374.1038609}]}, "version": 35}
{"obj": {"type": "LogFloats", "path": ["gold"], "values": [{"value": 101000.0, "step": null, "ts": 1637346374.1038609}]}, "version": 36}
{"obj": {"type": "LogFloats", "path": ["pred"], "values": [{"value": 121819.125, "step": null, "ts": 1637346374.1038609}]}, "version": 37}
{"obj": {"type": "LogFloats", "path": ["AbsDiff"], "values": [{"value": 20819.125, "step": null, "ts": 1637346374.1038609}]}, "version": 38}
{"obj": {"type": "LogFloats", "path": ["ErrorPercentTrain"], "values": [{"value": 0.8060398101806641, "step": null, "ts": 1637346374.181983}]}, "version": 39}
{"obj": {"type": "LogFloats", "path": ["gold"], "values": [{"value": 153500.0, "step": null, "ts": 1637346374.181983}]}, "version": 40}
{"obj": {"type": "LogFloats", "path": ["pred"], "values": [{"value": 122038.9375, "step": null, "ts": 1637346374.181983}]}, "version": 41}
{"obj": {"type": "LogFloats", "path": ["AbsDiff"], "values": [{"value": 31461.0625, "step": null, "ts": 1637346374.181983}]}, "version": 42}
{"obj": {"type": "LogStrings", "path": ["monitoring", "stderr"], "values": [{"value": "\r4it [00:00, 11.64it/s]", "step": null, "ts": 1637346374.181983}]}, "version": 43}
{"obj": {"type": "LogFloats", "path": ["ErrorPercentTrain"], "values": [{"value": 0.5553311705589294, "step": null, "ts": 1637346374.2601066}]}, "version": 44}
{"obj": {"type": "LogFloats", "path": ["gold"], "values": [{"value": 178000.0, "step": null, "ts": 1637346374.2601066}]}, "version": 45}
{"obj": {"type": "LogFloats", "path": ["pred"], "values": [{"value": 122348.6875, "step": null, "ts": 1637346374.2601066}]}, "version": 46}
{"obj": {"type": "LogFloats", "path": ["AbsDiff"], "values": [{"value": 55651.3125, "step": null, "ts": 1637346374.2601066}]}, "version": 47}
{"obj": {"type": "LogFloats", "path": ["ErrorPercentTrain"], "values": [{"value": 0.5721270442008972, "step": null, "ts": 1637346374.3226047}]}, "version": 48}
{"obj": {"type": "LogFloats", "path": ["gold"], "values": [{"value": 100000.0, "step": null, "ts": 1637346374.3226047}]}, "version": 49}
{"obj": {"type": "LogFloats", "path": ["pred"], "values": [{"value": 122725.625, "step": null, "ts": 1637346374.3226047}]}, "version": 50}
{"obj": {"type": "LogFloats", "path": ["AbsDiff"], "values": [{"value": 22725.625, "step": null, "ts": 1637346374.3226047}]}, "version": 51}
{"obj": {"type": "LogStrings", "path": ["monitoring", "stderr"], "values": [{"value": "\r6it [00:00, 12.69it/s]", "step": null, "ts": 1637346374.3226047}]}, "version": 52}
{"obj": {"type": "LogFloats", "path": ["ErrorPercentTrain"], "values": [{"value": 0.6278823614120483, "step": null, "ts": 1637346374.4007277}]}, "version": 53}
{"obj": {"type": "LogFloats", "path": ["gold"], "values": [{"value": 260000.0, "step": null, "ts": 1637346374.4007277}]}, "version": 54}
{"obj": {"type": "LogFloats", "path": ["pred"], "values": [{"value": 122947.9375, "step": null, "ts": 1637346374.4007277}]}, "version": 55}
{"obj": {"type": "LogFloats", "path": ["AbsDiff"], "values": [{"value": 137052.0625, "step": null, "ts": 1637346374.4007277}]}, "version": 56}
{"obj": {"type": "LogFloats", "path": ["ErrorPercentTrain"], "values": [{"value": 0.6808727383613586, "step": null, "ts": 1637346374.4788518}]}, "version": 57}
{"obj": {"type": "LogFloats", "path": ["gold"], "values": [{"value": 412500.0, "step": null, "ts": 1637346374.4788518}]}, "version": 58}
{"obj": {"type": "LogFloats", "path": ["pred"], "values": [{"value": 123185.0, "step": null, "ts": 1637346374.4788518}]}, "version": 59}
{"obj": {"type": "LogFloats", "path": ["AbsDiff"], "values": [{"value": 289315.0, "step": null, "ts": 1637346374.4788518}]}, "version": 60}
{"obj": {"type": "LogStrings", "path": ["monitoring", "stderr"], "values": [{"value": "\r8it [00:00, 12.73it/s]", "step": null, "ts": 1637346374.4788518}]}, "version": 61}
{"obj": {"type": "LogFloats", "path": ["ErrorPercentTrain"], "values": [{"value": 0.655026912689209, "step": null, "ts": 1637346374.5413494}]}, "version": 62}
{"obj": {"type": "LogFloats", "path": ["gold"], "values": [{"value": 200100.0, "step": null, "ts": 1637346374.5413494}]}, "version": 63}
{"obj": {"type": "LogFloats", "path": ["pred"], "values": [{"value": 123450.0, "step": null, "ts": 1637346374.5413494}]}, "version": 64}
{"obj": {"type": "LogFloats", "path": ["AbsDiff"], "values": [{"value": 76650.0, "step": null, "ts": 1637346374.5413494}]}, "version": 65}
{"obj": {"type": "LogFloats", "path": ["ErrorPercentTrain"], "values": [{"value": 0.5658890008926392, "step": null, "ts": 1637346374.6350973}]}, "version": 66}
{"obj": {"type": "LogFloats", "path": ["gold"], "values": [{"value": 171500.0, "step": null, "ts": 1637346374.6350973}]}, "version": 67}
{"obj": {"type": "LogFloats", "path": ["pred"], "values": [{"value": 123769.4375, "step": null, "ts": 1637346374.6350973}]}, "version": 68}
{"obj": {"type": "LogFloats", "path": ["AbsDiff"], "values": [{"value": 47730.5625, "step": null, "ts": 1637346374.6350973}]}, "version": 69}
{"obj": {"type": "LogStrings", "path": ["monitoring", "stderr"], "values": [{"value": "\r10it [00:00, 12.76it/s]", "step": null, "ts": 1637346374.6350973}]}, "version": 70}
{"obj": {"type": "LogFloats", "path": ["ErrorPercentTrain"], "values": [{"value": 0.7051462531089783, "step": null, "ts": 1637346374.713221}]}, "version": 71}
{"obj": {"type": "LogFloats", "path": ["gold"], "values": [{"value": 200000.0, "step": null, "ts": 1637346374.713221}]}, "version": 72}
{"obj": {"type": "LogFloats", "path": ["pred"], "values": [{"value": 124125.9375, "step": null, "ts": 1637346374.713221}]}, "version": 73}
{"obj": {"type": "LogFloats", "path": ["AbsDiff"], "values": [{"value": 75874.0625, "step": null, "ts": 1637346374.713221}]}, "version": 74}
{"obj": {"type": "LogFloats", "path": ["ErrorPercentTrain"], "values": [{"value": 0.6840092539787292, "step": null, "ts": 1637346374.775719}]}, "version": 75}
{"obj": {"type": "LogFloats", "path": ["gold"], "values": [{"value": 110500.0, "step": null, "ts": 1637346374.775719}]}, "version": 76}
{"obj": {"type": "LogFloats", "path": ["pred"], "values": [{"value": 124494.625, "step": null, "ts": 1637346374.775719}]}, "version": 77}
{"obj": {"type": "LogFloats", "path": ["AbsDiff"], "values": [{"value": 13994.625, "step": null, "ts": 1637346374.775719}]}, "version": 78}
{"obj": {"type": "LogStrings", "path": ["monitoring", "stderr"], "values": [{"value": "\r12it [00:00, 13.22it/s]", "step": null, "ts": 1637346374.775719}]}, "version": 79}
{"obj": {"type": "LogFloats", "path": ["ErrorPercentTrain"], "values": [{"value": 0.5143973231315613, "step": null, "ts": 1637346374.853842}]}, "version": 80}
{"obj": {"type": "LogFloats", "path": ["gold"], "values": [{"value": 276000.0, "step": null, "ts": 1637346374.853842}]}, "version": 81}
{"obj": {"type": "LogFloats", "path": ["pred"], "values": [{"value": 124786.25, "step": null, "ts": 1637346374.853842}]}, "version": 82}
{"obj": {"type": "LogFloats", "path": ["AbsDiff"], "values": [{"value": 151213.75, "step": null, "ts": 1637346374.853842}]}, "version": 83}
{"obj": {"type": "LogFloats", "path": ["ErrorPercentTrain"], "values": [{"value": 0.5278019905090332, "step": null, "ts": 1637346374.931965}]}, "version": 84}
{"obj": {"type": "LogFloats", "path": ["gold"], "values": [{"value": 185000.0, "step": null, "ts": 1637346374.931965}]}, "version": 85}
{"obj": {"type": "LogFloats", "path": ["pred"], "values": [{"value": 125096.0, "step": null, "ts": 1637346374.931965}]}, "version": 86}
{"obj": {"type": "LogFloats", "path": ["AbsDiff"], "values": [{"value": 59904.0, "step": null, "ts": 1637346374.931965}]}, "version": 87}
{"obj": {"type": "LogStrings", "path": ["monitoring", "stderr"], "values": [{"value": "\r14it [00:01, 13.08it/s]", "step": null, "ts": 1637346374.931965}]}, "version": 88}
{"obj": {"type": "LogFloats", "path": ["ErrorPercentTrain"], "values": [{"value": 0.5261150598526001, "step": null, "ts": 1637346374.994464}]}, "version": 89}
{"obj": {"type": "LogFloats", "path": ["gold"], "values": [{"value": 267000.0, "step": null, "ts": 1637346374.994464}]}, "version": 90}
{"obj": {"type": "LogFloats", "path": ["pred"], "values": [{"value": 125443.6875, "step": null, "ts": 1637346374.994464}]}, "version": 91}
{"obj": {"type": "LogFloats", "path": ["AbsDiff"], "values": [{"value": 141556.3125, "step": null, "ts": 1637346374.994464}]}, "version": 92}
{"obj": {"type": "LogFloats", "path": ["ErrorPercentTrain"], "values": [{"value": 0.6016101837158203, "step": null, "ts": 1637346375.0725865}]}, "version": 93}
{"obj": {"type": "LogFloats", "path": ["gold"], "values": [{"value": 354000.0, "step": null, "ts": 1637346375.0725865}]}, "version": 94}
{"obj": {"type": "LogFloats", "path": ["pred"], "values": [{"value": 125815.625, "step": null, "ts": 1637346375.0725865}]}, "version": 95}
{"obj": {"type": "LogFloats", "path": ["AbsDiff"], "values": [{"value": 228184.375, "step": null, "ts": 1637346375.0725865}]}, "version": 96}
{"obj": {"type": "LogStrings", "path": ["monitoring", "stderr"], "values": [{"value": "\r16it [00:01, 13.42it/s]", "step": null, "ts": 1637346375.0725865}]}, "version": 97}
{"obj": {"type": "LogFloats", "path": ["ErrorPercentTrain"], "values": [{"value": 0.7551363110542297, "step": null, "ts": 1637346375.135085}]}, "version": 98}
{"obj": {"type": "LogFloats", "path": ["gold"], "values": [{"value": 82000.0, "step": null, "ts": 1637346375.135085}]}, "version": 99}
{"obj": {"type": "LogFloats", "path": ["pred"], "values": [{"value": 126177.875, "step": null, "ts": 1637346375.135085}]}, "version": 100}
{"obj": {"type": "LogFloats", "path": ["AbsDiff"], "values": [{"value": 44177.875, "step": null, "ts": 1637346375.135085}]}, "version": 101}
{"obj": {"type": "LogFloats", "path": ["ErrorPercentTrain"], "values": [{"value": 0.6661775708198547, "step": null, "ts": 1637346375.2178404}]}, "version": 102}
{"obj": {"type": "LogFloats", "path": ["gold"], "values": [{"value": 145000.0, "step": null, "ts": 1637346375.2178404}]}, "version": 103}
{"obj": {"type": "LogFloats", "path": ["pred"], "values": [{"value": 126445.375, "step": null, "ts": 1637346375.2178404}]}, "version": 104}
{"obj": {"type": "LogFloats", "path": ["AbsDiff"], "values": [{"value": 18554.625, "step": null, "ts": 1637346375.2178404}]}, "version": 105}
{"obj": {"type": "LogStrings", "path": ["monitoring", "stderr"], "values": [{"value": "\r18it [00:01, 13.53it/s]", "step": null, "ts": 1637346375.2178404}]}, "version": 106}
{"obj": {"type": "LogFloats", "path": ["ErrorPercentTrain"], "values": [{"value": 0.7228714823722839, "step": null, "ts": 1637346375.2803352}]}, "version": 107}
{"obj": {"type": "LogFloats", "path": ["gold"], "values": [{"value": 187750.0, "step": null, "ts": 1637346375.2803352}]}, "version": 108}
{"obj": {"type": "LogFloats", "path": ["pred"], "values": [{"value": 126746.125, "step": null, "ts": 1637346375.2803352}]}, "version": 109}
{"obj": {"type": "LogFloats", "path": ["AbsDiff"], "values": [{"value": 61003.875, "step": null, "ts": 1637346375.2803352}]}, "version": 110}
{"obj": {"type": "LogFloats", "path": ["ErrorPercentTrain"], "values": [{"value": 0.77394038438797, "step": null, "ts": 1637346375.3584578}]}, "version": 111}
{"obj": {"type": "LogFloats", "path": ["gold"], "values": [{"value": 164990.0, "step": null, "ts": 1637346375.3584578}]}, "version": 112}
{"obj": {"type": "LogFloats", "path": ["pred"], "values": [{"value": 127060.875, "step": null, "ts": 1637346375.3584578}]}, "version": 113}
{"obj": {"type": "LogFloats", "path": ["AbsDiff"], "values": [{"value": 37929.125, "step": null, "ts": 1637346375.3584578}]}, "version": 114}
{"obj": {"type": "LogStrings", "path": ["monitoring", "stderr"], "values": [{"value": "\r20it [00:01, 13.74it/s]", "step": null, "ts": 1637346375.3584578}]}, "version": 115}
{"obj": {"type": "LogFloats", "path": ["ErrorPercentTrain"], "values": [{"value": 0.8787710070610046, "step": null, "ts": 1637346375.4365811}]}, "version": 116}
{"obj": {"type": "LogFloats", "path": ["gold"], "values": [{"value": 215000.0, "step": null, "ts": 1637346375.4365811}]}, "version": 117}
{"obj": {"type": "LogFloats", "path": ["pred"], "values": [{"value": 127414.375, "step": null, "ts": 1637346375.4365811}]}, "version": 118}
{"obj": {"type": "LogFloats", "path": ["AbsDiff"], "values": [{"value": 87585.625, "step": null, "ts": 1637346375.4365811}]}, "version": 119}
{"obj": {"type": "LogFloats", "path": ["ErrorPercentTrain"], "values": [{"value": 0.5602367520332336, "step": null, "ts": 1637346375.5147045}]}, "version": 120}
{"obj": {"type": "LogFloats", "path": ["gold"], "values": [{"value": 118000.0, "step": null, "ts": 1637346375.5147045}]}, "version": 121}
{"obj": {"type": "LogFloats", "path": ["pred"], "values": [{"value": 127784.0, "step": null, "ts": 1637346375.5147045}]}, "version": 122}
{"obj": {"type": "LogFloats", "path": ["AbsDiff"], "values": [{"value": 9784.0, "step": null, "ts": 1637346375.5147045}]}, "version": 123}
{"obj": {"type": "LogStrings", "path": ["monitoring", "stderr"], "values": [{"value": "\r22it [00:01, 13.44it/s]", "step": null, "ts": 1637346375.5147045}]}, "version": 124}
{"obj": {"type": "LogFloats", "path": ["ErrorPercentTrain"], "values": [{"value": 0.5630389451980591, "step": null, "ts": 1637346375.5772033}]}, "version": 125}
{"obj": {"type": "LogFloats", "path": ["gold"], "values": [{"value": 155000.0, "step": null, "ts": 1637346375.5772033}]}, "version": 126}
{"obj": {"type": "LogFloats", "path": ["pred"], "values": [{"value": 128085.875, "step": null, "ts": 1637346375.5772033}]}, "version": 127}
{"obj": {"type": "LogFloats", "path": ["AbsDiff"], "values": [{"value": 26914.125, "step": null, "ts": 1637346375.5772033}]}, "version": 128}
{"obj": {"type": "LogFloats", "path": ["ErrorPercentTrain"], "values": [{"value": 0.8230854272842407, "step": null, "ts": 1637346375.6553261}]}, "version": 129}
{"obj": {"type": "LogFloats", "path": ["gold"], "values": [{"value": 374000.0, "step": null, "ts": 1637346375.6553261}]}, "version": 130}
{"obj": {"type": "LogFloats", "path": ["pred"], "values": [{"value": 128443.375, "step": null, "ts": 1637346375.6553261}]}, "version": 131}
{"obj": {"type": "LogFloats", "path": ["AbsDiff"], "values": [{"value": 245556.625, "step": null, "ts": 1637346375.6553261}]}, "version": 132}
{"obj": {"type": "LogStrings", "path": ["monitoring", "stderr"], "values": [{"value": "\r24it [00:01, 13.67it/s]", "step": null, "ts": 1637346375.6553261}]}, "version": 133}
{"obj": {"type": "LogFloats", "path": ["ErrorPercentTrain"], "values": [{"value": 0.6011370420455933, "step": null, "ts": 1637346375.7334497}]}, "version": 134}
{"obj": {"type": "LogFloats", "path": ["gold"], "values": [{"value": 226700.0, "step": null, "ts": 1637346375.7334497}]}, "version": 135}
{"obj": {"type": "LogFloats", "path": ["pred"], "values": [{"value": 128769.0, "step": null, "ts": 1637346375.7334497}]}, "version": 136}
{"obj": {"type": "LogFloats", "path": ["AbsDiff"], "values": [{"value": 97931.0, "step": null, "ts": 1637346375.7334497}]}, "version": 137}
{"obj": {"type": "LogFloats", "path": ["ErrorPercentTrain"], "values": [{"value": 0.7771047949790955, "step": null, "ts": 1637346376.014695}]}, "version": 138}
{"obj": {"type": "LogFloats", "path": ["gold"], "values": [{"value": 150000.0, "step": null, "ts": 1637346376.014695}]}, "version": 139}
{"obj": {"type": "LogFloats", "path": ["pred"], "values": [{"value": 129103.75, "step": null, "ts": 1637346376.014695}]}, "version": 140}
{"obj": {"type": "LogFloats", "path": ["AbsDiff"], "values": [{"value": 20896.25, "step": null, "ts": 1637346376.014695}]}, "version": 141}
{"obj": {"type": "LogStrings", "path": ["monitoring", "stderr"], "values": [{"value": "\r26it [00:02,  9.48it/s]", "step": null, "ts": 1637346376.014695}]}, "version": 142}
{"obj": {"type": "LogFloats", "path": ["ErrorPercentTrain"], "values": [{"value": 0.54386305809021, "step": null, "ts": 1637346376.2178123}]}, "version": 143}
{"obj": {"type": "LogFloats", "path": ["gold"], "values": [{"value": 248000.0, "step": null, "ts": 1637346376.2178123}]}, "version": 144}
{"obj": {"type": "LogFloats", "path": ["pred"], "values": [{"value": 129473.375, "step": null, "ts": 1637346376.2178123}]}, "version": 145}
{"obj": {"type": "LogFloats", "path": ["AbsDiff"], "values": [{"value": 118526.625, "step": null, "ts": 1637346376.2178123}]}, "version": 146}
{"obj": {"type": "LogFloats", "path": ["ErrorPercentTrain"], "values": [{"value": 0.5275818705558777, "step": null, "ts": 1637346376.295936}]}, "version": 147}
{"obj": {"type": "LogFloats", "path": ["gold"], "values": [{"value": 170000.0, "step": null, "ts": 1637346376.295936}]}, "version": 148}
{"obj": {"type": "LogFloats", "path": ["pred"], "values": [{"value": 129854.3125, "step": null, "ts": 1637346376.295936}]}, "version": 149}
{"obj": {"type": "LogFloats", "path": ["AbsDiff"], "values": [{"value": 40145.6875, "step": null, "ts": 1637346376.295936}]}, "version": 150}
{"obj": {"type": "LogStrings", "path": ["monitoring", "stderr"], "values": [{"value": "\r28it [00:02,  8.62it/s]", "step": null, "ts": 1637346376.295936}]}, "version": 151}
{"obj": {"type": "LogFloats", "path": ["ErrorPercentTrain"], "values": [{"value": 0.5841501355171204, "step": null, "ts": 1637346376.3740594}]}, "version": 152}
{"obj": {"type": "LogFloats", "path": ["gold"], "values": [{"value": 253293.0, "step": null, "ts": 1637346376.3740594}]}, "version": 153}
{"obj": {"type": "LogFloats", "path": ["pred"], "values": [{"value": 130257.3125, "step": null, "ts": 1637346376.3740594}]}, "version": 154}
{"obj": {"type": "LogFloats", "path": ["AbsDiff"], "values": [{"value": 123035.6875, "step": null, "ts": 1637346376.3740594}]}, "version": 155}
{"obj": {"type": "LogFloats", "path": ["ErrorPercentTrain"], "values": [{"value": 0.4624989628791809, "step": null, "ts": 1637346376.452182}]}, "version": 156}
{"obj": {"type": "LogFloats", "path": ["gold"], "values": [{"value": 141000.0, "step": null, "ts": 1637346376.4678066}]}, "version": 157}
{"obj": {"type": "LogFloats", "path": ["pred"], "values": [{"value": 130677.375, "step": null, "ts": 1637346376.4678066}]}, "version": 158}
{"obj": {"type": "LogFloats", "path": ["AbsDiff"], "values": [{"value": 10322.625, "step": null, "ts": 1637346376.4678066}]}, "version": 159}
{"obj": {"type": "LogStrings", "path": ["monitoring", "stderr"], "values": [{"value": "\r30it [00:02,  9.35it/s]", "step": null, "ts": 1637346376.4678066}]}, "version": 160}
{"obj": {"type": "LogFloats", "path": ["ErrorPercentTrain"], "values": [{"value": 0.6894286274909973, "step": null, "ts": 1637346376.5303059}]}, "version": 161}
{"obj": {"type": "LogFloats", "path": ["gold"], "values": [{"value": 240000.0, "step": null, "ts": 1637346376.5303059}]}, "version": 162}
{"obj": {"type": "LogFloats", "path": ["pred"], "values": [{"value": 131111.5625, "step": null, "ts": 1637346376.5303059}]}, "version": 163}
{"obj": {"type": "LogFloats", "path": ["AbsDiff"], "values": [{"value": 108888.4375, "step": null, "ts": 1637346376.5303059}]}, "version": 164}
{"obj": {"type": "LogFloats", "path": ["ErrorPercentTrain"], "values": [{"value": 0.5378673672676086, "step": null, "ts": 1637346376.608428}]}, "version": 165}
{"obj": {"type": "LogFloats", "path": ["gold"], "values": [{"value": 226000.0, "step": null, "ts": 1637346376.608428}]}, "version": 166}
{"obj": {"type": "LogFloats", "path": ["pred"], "values": [{"value": 131568.375, "step": null, "ts": 1637346376.608428}]}, "version": 167}
{"obj": {"type": "LogFloats", "path": ["AbsDiff"], "values": [{"value": 94431.625, "step": null, "ts": 1637346376.608428}]}, "version": 168}
{"obj": {"type": "LogStrings", "path": ["monitoring", "stderr"], "values": [{"value": "\r32it [00:02, 10.42it/s]", "step": null, "ts": 1637346376.608428}]}, "version": 169}
{"obj": {"type": "LogFloats", "path": ["ErrorPercentTrain"], "values": [{"value": 0.5393308401107788, "step": null, "ts": 1637346376.6865513}]}, "version": 170}
{"obj": {"type": "LogFloats", "path": ["gold"], "values": [{"value": 402000.0, "step": null, "ts": 1637346376.6865513}]}, "version": 171}
{"obj": {"type": "LogFloats", "path": ["pred"], "values": [{"value": 132011.25, "step": null, "ts": 1637346376.6865513}]}, "version": 172}
{"obj": {"type": "LogFloats", "path": ["AbsDiff"], "values": [{"value": 269988.75, "step": null, "ts": 1637346376.6865513}]}, "version": 173}
{"obj": {"type": "LogFloats", "path": ["ErrorPercentTrain"], "values": [{"value": 0.5218487977981567, "step": null, "ts": 1637346376.7490506}]}, "version": 174}
{"obj": {"type": "LogFloats", "path": ["gold"], "values": [{"value": 159434.0, "step": null, "ts": 1637346376.7490506}]}, "version": 175}
{"obj": {"type": "LogFloats", "path": ["pred"], "values": [{"value": 132471.0625, "step": null, "ts": 1637346376.7490506}]}, "version": 176}
{"obj": {"type": "LogFloats", "path": ["AbsDiff"], "values": [{"value": 26962.9375, "step": null, "ts": 1637346376.7490506}]}, "version": 177}
{"obj": {"type": "LogStrings", "path": ["monitoring", "stderr"], "values": [{"value": "\r34it [00:02, 11.33it/s]", "step": null, "ts": 1637346376.7490506}]}, "version": 178}
{"obj": {"type": "LogFloats", "path": ["ErrorPercentTrain"], "values": [{"value": 0.7338132262229919, "step": null, "ts": 1637346376.8271735}]}, "version": 179}
{"obj": {"type": "LogFloats", "path": ["gold"], "values": [{"value": 140000.0, "step": null, "ts": 1637346376.8271735}]}, "version": 180}
{"obj": {"type": "LogFloats", "path": ["pred"], "values": [{"value": 132970.3125, "step": null, "ts": 1637346376.8271735}]}, "version": 181}
{"obj": {"type": "LogFloats", "path": ["AbsDiff"], "values": [{"value": 7029.6875, "step": null, "ts": 1637346376.8271735}]}, "version": 182}
{"obj": {"type": "LogFloats", "path": ["ErrorPercentTrain"], "values": [{"value": 0.42615529894828796, "step": null, "ts": 1637346376.9052966}]}, "version": 183}
{"obj": {"type": "LogFloats", "path": ["gold"], "values": [{"value": 143000.0, "step": null, "ts": 1637346376.9052966}]}, "version": 184}
{"obj": {"type": "LogFloats", "path": ["pred"], "values": [{"value": 133494.25, "step": null, "ts": 1637346376.9052966}]}, "version": 185}
{"obj": {"type": "LogFloats", "path": ["AbsDiff"], "values": [{"value": 9505.75, "step": null, "ts": 1637346376.9052966}]}, "version": 186}
{"obj": {"type": "LogStrings", "path": ["monitoring", "stderr"], "values": [{"value": "\r36it [00:03, 11.74it/s]", "step": null, "ts": 1637346376.9052966}]}, "version": 187}
{"obj": {"type": "LogFloats", "path": ["ErrorPercentTrain"], "values": [{"value": 0.44287872314453125, "step": null, "ts": 1637346376.983419}]}, "version": 188}
{"obj": {"type": "LogFloats", "path": ["gold"], "values": [{"value": 142000.0, "step": null, "ts": 1637346376.983419}]}, "version": 189}
{"obj": {"type": "LogFloats", "path": ["pred"], "values": [{"value": 134043.375, "step": null, "ts": 1637346376.983419}]}, "version": 190}
{"obj": {"type": "LogFloats", "path": ["AbsDiff"], "values": [{"value": 7956.625, "step": null, "ts": 1637346376.983419}]}, "version": 191}
{"obj": {"type": "LogFloats", "path": ["ErrorPercentTrain"], "values": [{"value": 0.6422885656356812, "step": null, "ts": 1637346377.0615425}]}, "version": 192}
{"obj": {"type": "LogFloats", "path": ["gold"], "values": [{"value": 100000.0, "step": null, "ts": 1637346377.0615425}]}, "version": 193}
{"obj": {"type": "LogFloats", "path": ["pred"], "values": [{"value": 134623.6875, "step": null, "ts": 1637346377.0615425}]}, "version": 194}
{"obj": {"type": "LogFloats", "path": ["AbsDiff"], "values": [{"value": 34623.6875, "step": null, "ts": 1637346377.0615425}]}, "version": 195}
{"obj": {"type": "LogStrings", "path": ["monitoring", "stderr"], "values": [{"value": "\r38it [00:03, 12.04it/s]", "step": null, "ts": 1637346377.0615425}]}, "version": 196}
{"obj": {"type": "LogFloats", "path": ["ErrorPercentTrain"], "values": [{"value": 0.36566469073295593, "step": null, "ts": 1637346377.1396656}]}, "version": 197}
{"obj": {"type": "LogFloats", "path": ["gold"], "values": [{"value": 175900.0, "step": null, "ts": 1637346377.1396656}]}, "version": 198}
{"obj": {"type": "LogFloats", "path": ["pred"], "values": [{"value": 135156.1875, "step": null, "ts": 1637346377.1396656}]}, "version": 199}
{"obj": {"type": "LogFloats", "path": ["AbsDiff"], "values": [{"value": 40743.8125, "step": null, "ts": 1637346377.1396656}]}, "version": 200}
{"obj": {"type": "LogFloats", "path": ["ErrorPercentTrain"], "values": [{"value": 0.6120353937149048, "step": null, "ts": 1637346377.2177892}]}, "version": 201}
{"obj": {"type": "LogFloats", "path": ["gold"], "values": [{"value": 109900.0, "step": null, "ts": 1637346377.2177892}]}, "version": 202}
{"obj": {"type": "LogFloats", "path": ["pred"], "values": [{"value": 135735.75, "step": null, "ts": 1637346377.2177892}]}, "version": 203}
{"obj": {"type": "LogFloats", "path": ["AbsDiff"], "values": [{"value": 25835.75, "step": null, "ts": 1637346377.2177892}]}, "version": 204}
{"obj": {"type": "LogStrings", "path": ["monitoring", "stderr"], "values": [{"value": "\r40it [00:03, 12.26it/s]", "step": null, "ts": 1637346377.2177892}]}, "version": 205}
{"obj": {"type": "LogFloats", "path": ["ErrorPercentTrain"], "values": [{"value": 0.38896676898002625, "step": null, "ts": 1637346377.2959113}]}, "version": 206}
{"obj": {"type": "LogFloats", "path": ["gold"], "values": [{"value": 93000.0, "step": null, "ts": 1637346377.3115385}]}, "version": 207}
{"obj": {"type": "LogFloats", "path": ["pred"], "values": [{"value": 136276.25, "step": null, "ts": 1637346377.3115385}]}, "version": 208}
{"obj": {"type": "LogFloats", "path": ["AbsDiff"], "values": [{"value": 43276.25, "step": null, "ts": 1637346377.3115385}]}, "version": 209}
{"obj": {"type": "LogFloats", "path": ["ErrorPercentTrain"], "values": [{"value": 0.3476899266242981, "step": null, "ts": 1637346377.4365363}]}, "version": 210}
{"obj": {"type": "LogFloats", "path": ["gold"], "values": [{"value": 157500.0, "step": null, "ts": 1637346377.4365363}]}, "version": 211}
{"obj": {"type": "LogFloats", "path": ["pred"], "values": [{"value": 136774.0, "step": null, "ts": 1637346377.4365363}]}, "version": 212}
{"obj": {"type": "LogFloats", "path": ["AbsDiff"], "values": [{"value": 20726.0, "step": null, "ts": 1637346377.4365363}]}, "version": 213}
{"obj": {"type": "LogStrings", "path": ["monitoring", "stderr"], "values": [{"value": "\r42it [00:03, 11.12it/s]", "step": null, "ts": 1637346377.4365363}]}, "version": 214}
{"obj": {"type": "LogFloats", "path": ["ErrorPercentTrain"], "values": [{"value": 0.5214927196502686, "step": null, "ts": 1637346377.6084049}]}, "version": 215}
{"obj": {"type": "LogFloats", "path": ["gold"], "values": [{"value": 131500.0, "step": null, "ts": 1637346377.6084049}]}, "version": 216}
{"obj": {"type": "LogFloats", "path": ["pred"], "values": [{"value": 137333.25, "step": null, "ts": 1637346377.6084049}]}, "version": 217}
{"obj": {"type": "LogFloats", "path": ["AbsDiff"], "values": [{"value": 5833.25, "step": null, "ts": 1637346377.6084049}]}, "version": 218}
{"obj": {"type": "LogFloats", "path": ["ErrorPercentTrain"], "values": [{"value": 0.5040459632873535, "step": null, "ts": 1637346377.733401}]}, "version": 219}
{"obj": {"type": "LogFloats", "path": ["gold"], "values": [{"value": 187500.0, "step": null, "ts": 1637346377.733401}]}, "version": 220}
{"obj": {"type": "LogFloats", "path": ["pred"], "values": [{"value": 137877.4375, "step": null, "ts": 1637346377.733401}]}, "version": 221}
{"obj": {"type": "LogFloats", "path": ["AbsDiff"], "values": [{"value": 49622.5625, "step": null, "ts": 1637346377.733401}]}, "version": 222}
{"obj": {"type": "LogStrings", "path": ["monitoring", "stderr"], "values": [{"value": "\r44it [00:03,  9.30it/s]", "step": null, "ts": 1637346377.733401}]}, "version": 223}
{"obj": {"type": "LogFloats", "path": ["ErrorPercentTrain"], "values": [{"value": 0.6747363209724426, "step": null, "ts": 1637346377.8271494}]}, "version": 224}
{"obj": {"type": "LogFloats", "path": ["gold"], "values": [{"value": 153000.0, "step": null, "ts": 1637346377.8271494}]}, "version": 225}
{"obj": {"type": "LogFloats", "path": ["pred"], "values": [{"value": 138499.5625, "step": null, "ts": 1637346377.8271494}]}, "version": 226}
{"obj": {"type": "LogFloats", "path": ["AbsDiff"], "values": [{"value": 14500.4375, "step": null, "ts": 1637346377.8271494}]}, "version": 227}
{"obj": {"type": "LogFloats", "path": ["ErrorPercentTrain"], "values": [{"value": 0.3687951862812042, "step": null, "ts": 1637346377.9052722}]}, "version": 228}
{"obj": {"type": "LogFloats", "path": ["gold"], "values": [{"value": 145900.0, "step": null, "ts": 1637346377.9052722}]}, "version": 229}
{"obj": {"type": "LogFloats", "path": ["pred"], "values": [{"value": 139183.5625, "step": null, "ts": 1637346377.9052722}]}, "version": 230}
{"obj": {"type": "LogFloats", "path": ["AbsDiff"], "values": [{"value": 6716.4375, "step": null, "ts": 1637346377.9052722}]}, "version": 231}
{"obj": {"type": "LogStrings", "path": ["monitoring", "stderr"], "values": [{"value": "\r46it [00:04,  9.90it/s]", "step": null, "ts": 1637346377.9052722}]}, "version": 232}
{"obj": {"type": "LogFloats", "path": ["ErrorPercentTrain"], "values": [{"value": 0.4267210066318512, "step": null, "ts": 1637346377.9677713}]}, "version": 233}
{"obj": {"type": "LogFloats", "path": ["gold"], "values": [{"value": 214000.0, "step": null, "ts": 1637346377.9677713}]}, "version": 234}
{"obj": {"type": "LogFloats", "path": ["pred"], "values": [{"value": 139917.3125, "step": null, "ts": 1637346377.9677713}]}, "version": 235}
{"obj": {"type": "LogFloats", "path": ["AbsDiff"], "values": [{"value": 74082.6875, "step": null, "ts": 1637346377.9677713}]}, "version": 236}
{"obj": {"type": "LogFloats", "path": ["ErrorPercentTrain"], "values": [{"value": 0.49519625306129456, "step": null, "ts": 1637346378.045894}]}, "version": 237}
{"obj": {"type": "LogFloats", "path": ["gold"], "values": [{"value": 272000.0, "step": null, "ts": 1637346378.045894}]}, "version": 238}
{"obj": {"type": "LogFloats", "path": ["pred"], "values": [{"value": 140722.375, "step": null, "ts": 1637346378.045894}]}, "version": 239}
{"obj": {"type": "LogFloats", "path": ["AbsDiff"], "values": [{"value": 131277.625, "step": null, "ts": 1637346378.045894}]}, "version": 240}
{"obj": {"type": "LogStrings", "path": ["monitoring", "stderr"], "values": [{"value": "\r48it [00:04, 10.89it/s]", "step": null, "ts": 1637346378.045894}]}, "version": 241}
{"obj": {"type": "LogFloats", "path": ["ErrorPercentTrain"], "values": [{"value": 0.45717915892601013, "step": null, "ts": 1637346378.1396413}]}, "version": 242}
{"obj": {"type": "LogFloats", "path": ["gold"], "values": [{"value": 336000.0, "step": null, "ts": 1637346378.1396413}]}, "version": 243}
{"obj": {"type": "LogFloats", "path": ["pred"], "values": [{"value": 141550.8125, "step": null, "ts": 1637346378.1396413}]}, "version": 244}
{"obj": {"type": "LogFloats", "path": ["AbsDiff"], "values": [{"value": 194449.1875, "step": null, "ts": 1637346378.1396413}]}, "version": 245}
{"obj": {"type": "LogFloats", "path": ["ErrorPercentTrain"], "values": [{"value": 0.42574912309646606, "step": null, "ts": 1637346378.2021403}]}, "version": 246}
{"obj": {"type": "LogFloats", "path": ["gold"], "values": [{"value": 86000.0, "step": null, "ts": 1637346378.2021403}]}, "version": 247}
{"obj": {"type": "LogFloats", "path": ["pred"], "values": [{"value": 142429.625, "step": null, "ts": 1637346378.2021403}]}, "version": 248}
{"obj": {"type": "LogFloats", "path": ["AbsDiff"], "values": [{"value": 56429.625, "step": null, "ts": 1637346378.2021403}]}, "version": 249}
{"obj": {"type": "LogStrings", "path": ["monitoring", "stderr"], "values": [{"value": "\r50it [00:04, 11.40it/s]", "step": null, "ts": 1637346378.2021403}]}, "version": 250}
{"obj": {"type": "LogFloats", "path": ["ErrorPercentTrain"], "values": [{"value": 0.4075639247894287, "step": null, "ts": 1637346378.2802637}]}, "version": 251}
{"obj": {"type": "LogFloats", "path": ["gold"], "values": [{"value": 194000.0, "step": null, "ts": 1637346378.2802637}]}, "version": 252}
{"obj": {"type": "LogFloats", "path": ["pred"], "values": [{"value": 143308.0625, "step": null, "ts": 1637346378.2802637}]}, "version": 253}
{"obj": {"type": "LogFloats", "path": ["AbsDiff"], "values": [{"value": 50691.9375, "step": null, "ts": 1637346378.2802637}]}, "version": 254}
{"obj": {"type": "LogFloats", "path": ["ErrorPercentTrain"], "values": [{"value": 0.36015376448631287, "step": null, "ts": 1637346378.3583868}]}, "version": 255}
{"obj": {"type": "LogFloats", "path": ["gold"], "values": [{"value": 173000.0, "step": null, "ts": 1637346378.3583868}]}, "version": 256}
{"obj": {"type": "LogFloats", "path": ["pred"], "values": [{"value": 144207.375, "step": null, "ts": 1637346378.3583868}]}, "version": 257}
{"obj": {"type": "LogFloats", "path": ["AbsDiff"], "values": [{"value": 28792.625, "step": null, "ts": 1637346378.3583868}]}, "version": 258}
{"obj": {"type": "LogStrings", "path": ["monitoring", "stderr"], "values": [{"value": "\r52it [00:04, 11.79it/s]", "step": null, "ts": 1637346378.3583868}]}, "version": 259}
{"obj": {"type": "LogFloats", "path": ["ErrorPercentTrain"], "values": [{"value": 0.4382916986942291, "step": null, "ts": 1637346378.4365091}]}, "version": 260}
{"obj": {"type": "LogFloats", "path": ["gold"], "values": [{"value": 81000.0, "step": null, "ts": 1637346378.4365091}]}, "version": 261}
{"obj": {"type": "LogFloats", "path": ["pred"], "values": [{"value": 145259.875, "step": null, "ts": 1637346378.4365091}]}, "version": 262}
{"obj": {"type": "LogFloats", "path": ["AbsDiff"], "values": [{"value": 64259.875, "step": null, "ts": 1637346378.4365091}]}, "version": 263}
{"obj": {"type": "LogFloats", "path": ["ErrorPercentTrain"], "values": [{"value": 0.45008525252342224, "step": null, "ts": 1637346378.514633}]}, "version": 264}
{"obj": {"type": "LogFloats", "path": ["gold"], "values": [{"value": 133000.0, "step": null, "ts": 1637346378.514633}]}, "version": 265}
{"obj": {"type": "LogFloats", "path": ["pred"], "values": [{"value": 146292.5625, "step": null, "ts": 1637346378.514633}]}, "version": 266}
{"obj": {"type": "LogFloats", "path": ["AbsDiff"], "values": [{"value": 13292.5625, "step": null, "ts": 1637346378.514633}]}, "version": 267}
{"obj": {"type": "LogStrings", "path": ["monitoring", "stderr"], "values": [{"value": "\r54it [00:04, 12.08it/s]", "step": null, "ts": 1637346378.514633}]}, "version": 268}
{"obj": {"type": "LogFloats", "path": ["ErrorPercentTrain"], "values": [{"value": 0.41098132729530334, "step": null, "ts": 1637346378.5771315}]}, "version": 269}
{"obj": {"type": "LogFloats", "path": ["gold"], "values": [{"value": 119500.0, "step": null, "ts": 1637346378.5771315}]}, "version": 270}
{"obj": {"type": "LogFloats", "path": ["pred"], "values": [{"value": 147414.625, "step": null, "ts": 1637346378.5771315}]}, "version": 271}
{"obj": {"type": "LogFloats", "path": ["AbsDiff"], "values": [{"value": 27914.625, "step": null, "ts": 1637346378.5771315}]}, "version": 272}
{"obj": {"type": "LogFloats", "path": ["ErrorPercentTrain"], "values": [{"value": 0.39462658762931824, "step": null, "ts": 1637346378.780257}]}, "version": 273}
{"obj": {"type": "LogFloats", "path": ["gold"], "values": [{"value": 212900.0, "step": null, "ts": 1637346378.780257}]}, "version": 274}
{"obj": {"type": "LogFloats", "path": ["pred"], "values": [{"value": 148674.1875, "step": null, "ts": 1637346378.780257}]}, "version": 275}
{"obj": {"type": "LogFloats", "path": ["AbsDiff"], "values": [{"value": 64225.8125, "step": null, "ts": 1637346378.780257}]}, "version": 276}
{"obj": {"type": "LogStrings", "path": ["monitoring", "stderr"], "values": [{"value": "\r56it [00:04, 10.22it/s]", "step": null, "ts": 1637346378.780257}]}, "version": 277}
{"obj": {"type": "LogFloats", "path": ["ErrorPercentTrain"], "values": [{"value": 0.3816024363040924, "step": null, "ts": 1637346378.8739989}]}, "version": 278}
{"obj": {"type": "LogFloats", "path": ["gold"], "values": [{"value": 197500.0, "step": null, "ts": 1637346378.8739989}]}, "version": 279}
{"obj": {"type": "LogFloats", "path": ["pred"], "values": [{"value": 149912.0, "step": null, "ts": 1637346378.8739989}]}, "version": 280}
{"obj": {"type": "LogFloats", "path": ["AbsDiff"], "values": [{"value": 47588.0, "step": null, "ts": 1637346378.8739989}]}, "version": 281}
{"obj": {"type": "LogFloats", "path": ["ErrorPercentTrain"], "values": [{"value": 0.39936304092407227, "step": null, "ts": 1637346378.9521222}]}, "version": 282}
{"obj": {"type": "LogFloats", "path": ["gold"], "values": [{"value": 224000.0, "step": null, "ts": 1637346378.9521222}]}, "version": 283}
{"obj": {"type": "LogFloats", "path": ["pred"], "values": [{"value": 151364.5625, "step": null, "ts": 1637346378.9521222}]}, "version": 284}
{"obj": {"type": "LogFloats", "path": ["AbsDiff"], "values": [{"value": 72635.4375, "step": null, "ts": 1637346378.9521222}]}, "version": 285}
{"obj": {"type": "LogStrings", "path": ["monitoring", "stderr"], "values": [{"value": "\r58it [00:05, 10.61it/s]", "step": null, "ts": 1637346378.9521222}]}, "version": 286}
{"obj": {"type": "LogFloats", "path": ["ErrorPercentTrain"], "values": [{"value": 0.3400498330593109, "step": null, "ts": 1637346379.0146213}]}, "version": 287}
{"obj": {"type": "LogFloats", "path": ["gold"], "values": [{"value": 392500.0, "step": null, "ts": 1637346379.0146213}]}, "version": 288}
{"obj": {"type": "LogFloats", "path": ["pred"], "values": [{"value": 153059.1875, "step": null, "ts": 1637346379.0146213}]}, "version": 289}
{"obj": {"type": "LogFloats", "path": ["AbsDiff"], "values": [{"value": 239440.8125, "step": null, "ts": 1637346379.0146213}]}, "version": 290}
{"obj": {"type": "LogFloats", "path": ["ErrorPercentTrain"], "values": [{"value": 0.38964301347732544, "step": null, "ts": 1637346379.092744}]}, "version": 291}
{"obj": {"type": "LogFloats", "path": ["gold"], "values": [{"value": 197900.0, "step": null, "ts": 1637346379.092744}]}, "version": 292}
{"obj": {"type": "LogFloats", "path": ["pred"], "values": [{"value": 154548.5625, "step": null, "ts": 1637346379.092744}]}, "version": 293}
{"obj": {"type": "LogFloats", "path": ["AbsDiff"], "values": [{"value": 43351.4375, "step": null, "ts": 1637346379.092744}]}, "version": 294}
{"obj": {"type": "LogStrings", "path": ["monitoring", "stderr"], "values": [{"value": "\r60it [00:05, 11.49it/s]", "step": null, "ts": 1637346379.092744}]}, "version": 295}
{"obj": {"type": "LogFloats", "path": ["ErrorPercentTrain"], "values": [{"value": 0.25573068857192993, "step": null, "ts": 1637346379.1708672}]}, "version": 296}
{"obj": {"type": "LogFloats", "path": ["gold"], "values": [{"value": 134000.0, "step": null, "ts": 1637346379.1708672}]}, "version": 297}
{"obj": {"type": "LogFloats", "path": ["pred"], "values": [{"value": 156290.25, "step": null, "ts": 1637346379.1708672}]}, "version": 298}
{"obj": {"type": "LogFloats", "path": ["AbsDiff"], "values": [{"value": 22290.25, "step": null, "ts": 1637346379.1708672}]}, "version": 299}
{"obj": {"type": "LogFloats", "path": ["ErrorPercentTrain"], "values": [{"value": 0.298627108335495, "step": null, "ts": 1637346379.2489905}]}, "version": 300}
{"obj": {"type": "LogFloats", "path": ["gold"], "values": [{"value": 248328.0, "step": null, "ts": 1637346379.2489905}]}, "version": 301}
{"obj": {"type": "LogFloats", "path": ["pred"], "values": [{"value": 158163.8125, "step": null, "ts": 1637346379.2489905}]}, "version": 302}
{"obj": {"type": "LogFloats", "path": ["AbsDiff"], "values": [{"value": 90164.1875, "step": null, "ts": 1637346379.2489905}]}, "version": 303}
{"obj": {"type": "LogStrings", "path": ["monitoring", "stderr"], "values": [{"value": "\r62it [00:05, 11.85it/s]", "step": null, "ts": 1637346379.2489905}]}, "version": 304}
{"obj": {"type": "LogFloats", "path": ["ErrorPercentTrain"], "values": [{"value": 0.335196316242218, "step": null, "ts": 1637346379.3427384}]}, "version": 305}
{"obj": {"type": "LogFloats", "path": ["gold"], "values": [{"value": 128900.0, "step": null, "ts": 1637346379.3427384}]}, "version": 306}
{"obj": {"type": "LogFloats", "path": ["pred"], "values": [{"value": 159756.75, "step": null, "ts": 1637346379.3427384}]}, "version": 307}
{"obj": {"type": "LogFloats", "path": ["AbsDiff"], "values": [{"value": 30856.75, "step": null, "ts": 1637346379.3427384}]}, "version": 308}
{"obj": {"type": "LogFloats", "path": ["ErrorPercentTrain"], "values": [{"value": 0.23893848061561584, "step": null, "ts": 1637346379.436486}]}, "version": 309}
{"obj": {"type": "LogFloats", "path": ["gold"], "values": [{"value": 180000.0, "step": null, "ts": 1637346379.436486}]}, "version": 310}
{"obj": {"type": "LogFloats", "path": ["pred"], "values": [{"value": 161518.375, "step": null, "ts": 1637346379.436486}]}, "version": 311}
{"obj": {"type": "LogFloats", "path": ["AbsDiff"], "values": [{"value": 18481.625, "step": null, "ts": 1637346379.436486}]}, "version": 312}
{"obj": {"type": "LogStrings", "path": ["monitoring", "stderr"], "values": [{"value": "\r64it [00:05, 11.47it/s]", "step": null, "ts": 1637346379.436486}]}, "version": 313}
{"obj": {"type": "LogFloats", "path": ["ErrorPercentTrain"], "values": [{"value": 0.32634255290031433, "step": null, "ts": 1637346379.5146103}]}, "version": 314}
{"obj": {"type": "LogFloats", "path": ["gold"], "values": [{"value": 177500.0, "step": null, "ts": 1637346379.5146103}]}, "version": 315}
{"obj": {"type": "LogFloats", "path": ["pred"], "values": [{"value": 163219.6875, "step": null, "ts": 1637346379.5146103}]}, "version": 316}
{"obj": {"type": "LogFloats", "path": ["AbsDiff"], "values": [{"value": 14280.3125, "step": null, "ts": 1637346379.5146103}]}, "version": 317}
{"obj": {"type": "LogFloats", "path": ["ErrorPercentTrain"], "values": [{"value": 0.5765847563743591, "step": null, "ts": 1637346379.592733}]}, "version": 318}
{"obj": {"type": "LogFloats", "path": ["gold"], "values": [{"value": 72500.0, "step": null, "ts": 1637346379.592733}]}, "version": 319}
{"obj": {"type": "LogFloats", "path": ["pred"], "values": [{"value": 164768.4375, "step": null, "ts": 1637346379.592733}]}, "version": 320}
{"obj": {"type": "LogFloats", "path": ["AbsDiff"], "values": [{"value": 92268.4375, "step": null, "ts": 1637346379.592733}]}, "version": 321}
{"obj": {"type": "LogStrings", "path": ["monitoring", "stderr"], "values": [{"value": "\r66it [00:05, 11.84it/s]", "step": null, "ts": 1637346379.592733}]}, "version": 322}
{"obj": {"type": "LogFloats", "path": ["ErrorPercentTrain"], "values": [{"value": 0.2753157317638397, "step": null, "ts": 1637346379.670858}]}, "version": 323}
{"obj": {"type": "LogFloats", "path": ["gold"], "values": [{"value": 155000.0, "step": null, "ts": 1637346379.670858}]}, "version": 324}
{"obj": {"type": "LogFloats", "path": ["pred"], "values": [{"value": 165991.875, "step": null, "ts": 1637346379.670858}]}, "version": 325}
{"obj": {"type": "LogFloats", "path": ["AbsDiff"], "values": [{"value": 10991.875, "step": null, "ts": 1637346379.670858}]}, "version": 326}
{"obj": {"type": "LogFloats", "path": ["ErrorPercentTrain"], "values": [{"value": 0.4087410867214203, "step": null, "ts": 1637346379.748979}]}, "version": 327}
{"obj": {"type": "LogFloats", "path": ["gold"], "values": [{"value": 260000.0, "step": null, "ts": 1637346379.748979}]}, "version": 328}
{"obj": {"type": "LogFloats", "path": ["pred"], "values": [{"value": 167112.9375, "step": null, "ts": 1637346379.748979}]}, "version": 329}
{"obj": {"type": "LogFloats", "path": ["AbsDiff"], "values": [{"value": 92887.0625, "step": null, "ts": 1637346379.748979}]}, "version": 330}
{"obj": {"type": "LogStrings", "path": ["monitoring", "stderr"], "values": [{"value": "\r68it [00:05, 12.11it/s]", "step": null, "ts": 1637346379.748979}]}, "version": 331}
{"obj": {"type": "LogFloats", "path": ["ErrorPercentTrain"], "values": [{"value": 0.29604828357696533, "step": null, "ts": 1637346379.8114774}]}, "version": 332}
{"obj": {"type": "LogFloats", "path": ["gold"], "values": [{"value": 237500.0, "step": null, "ts": 1637346379.8114774}]}, "version": 333}
{"obj": {"type": "LogFloats", "path": ["pred"], "values": [{"value": 168035.875, "step": null, "ts": 1637346379.8114774}]}, "version": 334}
{"obj": {"type": "LogFloats", "path": ["AbsDiff"], "values": [{"value": 69464.125, "step": null, "ts": 1637346379.8114774}]}, "version": 335}
{"obj": {"type": "LogFloats", "path": ["ErrorPercentTrain"], "values": [{"value": 0.33860379457473755, "step": null, "ts": 1637346379.8896}]}, "version": 336}
{"obj": {"type": "LogFloats", "path": ["gold"], "values": [{"value": 193000.0, "step": null, "ts": 1637346379.8896}]}, "version": 337}
{"obj": {"type": "LogFloats", "path": ["pred"], "values": [{"value": 168819.6875, "step": null, "ts": 1637346379.8896}]}, "version": 338}
{"obj": {"type": "LogFloats", "path": ["AbsDiff"], "values": [{"value": 24180.3125, "step": null, "ts": 1637346379.8896}]}, "version": 339}
{"obj": {"type": "LogStrings", "path": ["monitoring", "stderr"], "values": [{"value": "\r70it [00:06, 12.68it/s]", "step": null, "ts": 1637346379.8896}]}, "version": 340}
{"obj": {"type": "LogFloats", "path": ["ErrorPercentTrain"], "values": [{"value": 0.2809237539768219, "step": null, "ts": 1637346379.9677234}]}, "version": 341}
{"obj": {"type": "LogFloats", "path": ["gold"], "values": [{"value": 127500.0, "step": null, "ts": 1637346379.9677234}]}, "version": 342}
{"obj": {"type": "LogFloats", "path": ["pred"], "values": [{"value": 169509.0, "step": null, "ts": 1637346379.9677234}]}, "version": 343}
{"obj": {"type": "LogFloats", "path": ["AbsDiff"], "values": [{"value": 42009.0, "step": null, "ts": 1637346379.9677234}]}, "version": 344}
{"obj": {"type": "LogStrings", "path": ["monitoring", "stderr"], "values": [{"value": "", "step": null, "ts": 1637346379.9833493}]}, "version": 345}
{"obj": {"type": "LogStrings", "path": ["monitoring", "stderr"], "values": [{"value": "\r71it [00:06, 11.55it/s]", "step": null, "ts": 1637346379.9833493}]}, "version": 346}
{"obj": {"type": "LogStrings", "path": ["monitoring", "stderr"], "values": [{"value": "\n", "step": null, "ts": 1637346379.9833493}]}, "version": 347}
{"obj": {"type": "LogStrings", "path": ["monitoring", "stdout"], "values": [{"value": "Shutting down background jobs, please wait a moment...\n", "step": null, "ts": 1637346379.9833493}]}, "version": 348}
